<?xml version="1.0" encoding="UTF-8"?>
<robot generator="Robot 5.0.1 (Python 3.10.5 on win32)" generated="20220707 13:52:08.314" rpa="false" schemaversion="3">
<suite id="s1" name="Produtos Tests" source="D:\Coisas\Estudos\Compass\Robot_framework\tests\produtos_tests.robot">
<kw name="Criar Sessao" library="common" type="SETUP">
<kw name="Create Session" library="RequestsLibrary">
<arg>serverest</arg>
<arg>${BASE_URL}</arg>
<doc>Create Session: create a HTTP session to a server</doc>
<msg timestamp="20220707 13:52:08.656" level="INFO">Creating Session using : alias=serverest, url=http://localhost:3000, headers={},                     cookies={}, auth=None, timeout=None, proxies=None, verify=False,                     debug=0 </msg>
<status status="PASS" starttime="20220707 13:52:08.656" endtime="20220707 13:52:08.656"/>
</kw>
<status status="PASS" starttime="20220707 13:52:08.655" endtime="20220707 13:52:08.656"/>
</kw>
<test id="s1-t1" name="Cenário: GET Todos os Produtos 200" line="12">
<kw name="GET Endpoint /produtos" library="produtos_keywords">
<kw name="GET On Session" library="RequestsLibrary">
<var>${response}</var>
<arg>serverest</arg>
<arg>/produtos</arg>
<doc>Sends a GET request on a previously created HTTP Session.</doc>
<msg timestamp="20220707 13:52:08.671" level="INFO">GET Request : url=http://localhost:3000/produtos 
 path_url=/produtos 
 headers={'User-Agent': 'python-requests/2.28.0', 'Accept-Encoding': 'gzip, deflate', 'Accept': '*/*', 'Connection': 'keep-alive'} 
 body=None 
 </msg>
<msg timestamp="20220707 13:52:08.672" level="INFO">GET Response : url=http://localhost:3000/produtos 
 status=200, reason=OK 
 headers={'Access-Control-Allow-Origin': '*', 'x-dns-prefetch-control': 'off', 'x-frame-options': 'SAMEORIGIN', 'strict-transport-security': 'max-age=15552000; includeSubDomains', 'x-download-options': 'noopen', 'x-content-type-options': 'nosniff', 'x-xss-protection': '1; mode=block', 'x-moesif-transaction-id': 'c57f5c1a-2409-4ebf-a57e-1e23744690a0', 'Content-Type': 'application/json; charset=utf-8', 'Content-Length': '62912', 'Date': 'Thu, 07 Jul 2022 16:52:08 GMT', 'Connection': 'keep-alive', 'Keep-Alive': 'timeout=5'} 
 body={
    "quantidade": 275,
    "produtos": [
        {
            "nome": "Inside his eye help.",
            "preco": 783,
            "descricao": "Have answer provide believe. Fast class hear apply bar.",
            "quantidade": 148,
            "_id": "0B7LRkvYgRnq92ct"
        },
        {
            "nome": "Meet small total rule.",
            "preco": 432,
            "descricao": "History Mr everything lay safe.",
            "quantidade": 0,
            "_id": "0CKP2J8YNajw2inL"
        },
        {
            "nome": "Magazine sound.",
            "preco": 403,
            "descricao": "Professor that grow some here how six.",
            "quantidade": 0,
            "_id": "0D79HwssDmuBQCSE"
        },
        {
            "nome": "Him if baby mention.",
            "preco": 1039,
            "descricao": "Student meeting mouth happy some full sound.",
            "quantidade": 116,
            "_id": "0KlMdEFdcxctx5CQ"
        },
        {
            "nome": "Right arrive reason off.",
            "preco": 1243,
            "descricao": "Consider positive threat field style turn whatever.",
            "quantidade": 194,
            "_id": "0Ovx26lBdwZZMqRM"
        },
        {
            "nome": "Attack leader stop.",
            "preco": 106,
            "descricao": "Door situation everybody night stock down.",
            "quantidade": 279,
            "_id": "0sCa77xnUnEwhEom"
        },
        {
            "nome": "Now the speak.",
            "preco": 1411,
            "descricao": "Case tend offer seat sense scene science.",
            "quantidade": 354,
            "_id": "1B9DqRr8Mq5jwzrx"
        },
        {
            "nome": "Movie miss.",
            "preco": 276,
            "descricao": "Effect side for only why future case.",
            "quantidade": 0,
            "_id": "1Zr0vERPcSTm0f0T"
        },
        {
            "nome": "Church as term.",
            "preco": 1049,
            "descricao": "System bed a message. National difficult exist bar inside.",
            "quantidade": 96,
            "_id": "24RBTgxxPtZT0hSZ"
        },
        {
            "nome": "Plan itself choose mind.",
            "preco": 227,
            "descricao": "Data item bad west article perhaps save far.",
            "quantidade": 382,
            "_id": "2RD2J6PnvamuuNKm"
        },
        {
            "nome": "Ever both.",
            "preco": 862,
            "descricao": "Issue serious policy stop some understand talk although.",
            "quantidade": 267,
            "_id": "2lGzXhH4DwZWRRph"
        },
        {
            "nome": "She eye everyone.",
            "preco": 57,
            "descricao": "Pm game the concern speech table black.",
            "quantidade": 164,
            "_id": "2yGkkbESm7Ybd0Qg"
        },
        {
            "nome": "Adult pay community.",
            "preco": 1293,
            "descricao": "Dinner help PM expert surface six.",
            "quantidade": 408,
            "_id": "3R4l26gxYWqHYGWF"
        },
        {
            "nome": "Worry range visit.",
            "preco": 918,
            "descricao": "Hundred quite gun boy budget scene.",
            "quantidade": 159,
            "_id": "4QKhC2SD3nKX3MWI"
        },
        {
            "nome": "Sea phone adult.",
            "preco": 1133,
            "descricao": "Another young bad food organization high remember.",
            "quantidade": 324,
            "_id": "4hPAz5dT6Lv0KFh9"
        },
        {
            "nome": "Ground for than.",
            "preco": 45,
            "descricao": "Body coach short people hair. Kind mother contain.",
            "quantidade": 0,
            "_id": "4iJD7mmAivP48D71"
        },
        {
            "nome": "Stock blood white fight.",
            "preco": 1488,
            "descricao": "Necessary PM technology choose race analysis former.",
            "quantidade": 362,
            "_id": "5Cs5TTq2TG4kgbOK"
        },
        {
            "nome": "Reach wife meet.",
            "preco": 1440,
            "descricao": "Under lead should home. Present program over white their.",
            "quantidade": 262,
            "_id": "5G4spn0K8jjpn6ZM"
        },
        {
            "nome": "Family late scientist.",
            "preco": 1500,
            "descricao": "Edge enter show recent sure. Pick national research gun.",
            "quantidade": 447,
            "_id": "5Inn5NH4Bmfb3zB5"
        },
        {
            "nome": "Very sit yard read.",
            "preco": 1065,
            "descricao": "Front four central best maybe.",
            "quantidade": 0,
            "_id": "5wCv0gMS6AdqjYYu"
        },
        {
            "nome": "Out Mr red morning.",
            "preco": 624,
            "descricao": "Research owner hit action seem hope.",
            "quantidade": 262,
            "_id": "6I15KV14JVP33xiV"
        },
        {
            "nome": "Lead so class each.",
            "preco": 520,
            "descricao": "Again name back prepare suddenly it.",
            "quantidade": 0,
            "_id": "6rbXIX3eh2PJvOIs"
        },
        {
            "nome": "Office art goal when.",
            "preco": 1390,
            "descricao": "Field car house among. Now near list cell kid air read.",
            "quantidade": 249,
            "_id": "79sMIF6lrz3dhzoH"
        },
        {
            "nome": "Care response avoid.",
            "preco": 154,
            "descricao": "Everyone feeling important down.",
            "quantidade": 429,
            "_id": "7LFMHRoVhgOu4W1j"
        },
        {
            "nome": "Agency by it process.",
            "preco": 1223,
            "descricao": "Lose pay pull after. Republican must reach whom.",
            "quantidade": 160,
            "_id": "7iZgqLpmK7sL9XL3"
        },
        {
            "nome": "Star case top thing.",
            "preco": 1167,
            "descricao": "Suggest really seven garden. Happen news edge you term.",
            "quantidade": 242,
            "_id": "7jmMzCg2gXfbTol2"
        },
        {
            "nome": "Network skin trip send.",
            "preco": 754,
            "descricao": "Age sister glass determine.",
            "quantidade": 0,
            "_id": "8ZruIwF813nRqu7Y"
        },
        {
            "nome": "Kid rule data career.",
            "preco": 1248,
            "descricao": "Institution item medical believe.",
            "quantidade": 82,
            "_id": "8aTzA2DN2Clfnkzx"
        },
        {
            "nome": "Worry cover ready eat.",
            "preco": 1499,
            "descricao": "Computer guy best from. Report group rate.",
            "quantidade": 286,
            "_id": "9ljAHe9dcRtDquU5"
        },
        {
            "nome": "News result can be drug.",
            "preco": 1348,
            "descricao": "Chair card them get simple practice there feeling.",
            "quantidade": 425,
            "_id": "9o4kIv99UrdUqy7X"
        },
        {
            "nome": "Far thus coach indeed.",
            "preco": 879,
            "descricao": "Address really traditional security grow series still.",
            "quantidade": 363,
            "_id": "9oHUBjOj7PccYFYi"
        },
        {
            "nome": "Great including century.",
            "preco": 1331,
            "descricao": "Group summer discussion. Perhaps international whom best.",
            "quantidade": 224,
            "_id": "9oVG3ijIj77denhy"
        },
        {
            "nome": "Benefit quite none.",
            "preco": 991,
            "descricao": "Relate soldier describe show attention church.",
            "quantidade": 0,
            "_id": "A6Crr7AenbYi9l6K"
        },
        {
            "nome": "Support hot whom firm.",
            "preco": 77,
            "descricao": "Role college particular do group you energy.",
            "quantidade": 0,
            "_id": "A86CqqC8rM3nqjQK"
        },
        {
            "nome": "Yet class trouble.",
            "preco": 1223,
            "descricao": "Get marriage field him. Walk other him can attorney else.",
            "quantidade": 101,
            "_id": "ADS7tCsS70Dnb8q6"
        },
        {
            "nome": "Guess task act stay.",
            "preco": 1047,
            "descricao": "You night middle our wrong number.",
            "quantidade": 498,
            "_id": "AMKxQBE1kLzV8VME"
        },
        {
            "nome": "Himself free man.",
            "preco": 43,
            "descricao": "Interesting design write measure any.",
            "quantidade": 137,
            "_id": "ATXRjgiPw7NCmDLR"
        },
        {
            "nome": "Society base any bank.",
            "preco": 233,
            "descricao": "Team necessary view reveal difficult there.",
            "quantidade": 243,
            "_id": "AeFromEzb2AAPkVW"
        },
        {
            "nome": "Pm good nation gun.",
            "preco": 654,
            "descricao": "Ability the up attorney family voice likely American.",
            "quantidade": 23,
            "_id": "Atk2ui2ONkimNU6v"
        },
        {
            "nome": "Do card trouble rich.",
            "preco": 201,
            "descricao": "Able anything decade live.",
            "quantidade": 0,
            "_id": "BPDz1wGw7gZrJFn5"
        },
        {
            "nome": "Life phone brother fish.",
            "preco": 733,
            "descricao": "Stage deal itself leader kid onto because.",
            "quantidade": 414,
            "_id": "BVUeW7oItpoqtES4"
        },
        {
            "nome": "Mention writer thus.",
            "preco": 1303,
            "descricao": "Seem eat establish home.",
            "quantidade": 91,
            "_id": "BZSkQm10IkIboOS1"
        },
        {
            "nome": "Old difference.",
            "preco": 200,
            "descricao": "Win participant dog economic local.",
            "quantidade": 37,
            "_id": "BeeJh5lz3k6kSIzA"
        }... (set the log level to DEBUG or TRACE to see the full content) 
 </msg>
<msg timestamp="20220707 13:52:08.672" level="INFO">${response} = &lt;Response [200]&gt;</msg>
<status status="PASS" starttime="20220707 13:52:08.657" endtime="20220707 13:52:08.672"/>
</kw>
<kw name="Set Global Variable" library="BuiltIn">
<arg>${response}</arg>
<doc>Makes a variable available globally in all tests and suites.</doc>
<msg timestamp="20220707 13:52:08.672" level="INFO">${response} = &lt;Response [200]&gt;</msg>
<status status="PASS" starttime="20220707 13:52:08.672" endtime="20220707 13:52:08.672"/>
</kw>
<kw name="Log To Console" library="BuiltIn">
<arg>Response: ${response.content}</arg>
<doc>Logs the given message to the console.</doc>
<status status="PASS" starttime="20220707 13:52:08.672" endtime="20220707 13:52:08.680"/>
</kw>
<kw name="Log To Console" library="BuiltIn">
<arg>Quantidade: ${response.json()["quantidade"]}</arg>
<doc>Logs the given message to the console.</doc>
<status status="PASS" starttime="20220707 13:52:08.680" endtime="20220707 13:52:08.681"/>
</kw>
<status status="PASS" starttime="20220707 13:52:08.657" endtime="20220707 13:52:08.681"/>
</kw>
<kw name="Validar Status Code &quot;200&quot;" library="common" sourcename="Validar Status Code &quot;${statuscode}&quot;">
<kw name="Should Be True" library="BuiltIn">
<arg>${response.status_code} == ${statuscode}</arg>
<doc>Fails if the given condition is not true.</doc>
<status status="PASS" starttime="20220707 13:52:08.681" endtime="20220707 13:52:08.682"/>
</kw>
<status status="PASS" starttime="20220707 13:52:08.681" endtime="20220707 13:52:08.682"/>
</kw>
<tag>GET</tag>
<tag>GET_produtos</tag>
<status status="PASS" starttime="20220707 13:52:08.656" endtime="20220707 13:52:08.682"/>
</test>
<test id="s1-t2" name="Cenário: GET Produto Por ID 200" line="17">
<kw name="Coletar ID Produto Aleatorio" library="produtos_keywords">
<kw name="GET On Session" library="RequestsLibrary">
<var>${response}</var>
<arg>serverest</arg>
<arg>/produtos</arg>
<doc>Sends a GET request on a previously created HTTP Session.</doc>
<msg timestamp="20220707 13:52:08.686" level="INFO">GET Request : url=http://localhost:3000/produtos 
 path_url=/produtos 
 headers={'User-Agent': 'python-requests/2.28.0', 'Accept-Encoding': 'gzip, deflate', 'Accept': '*/*', 'Connection': 'keep-alive'} 
 body=None 
 </msg>
<msg timestamp="20220707 13:52:08.686" level="INFO">GET Response : url=http://localhost:3000/produtos 
 status=200, reason=OK 
 headers={'Access-Control-Allow-Origin': '*', 'x-dns-prefetch-control': 'off', 'x-frame-options': 'SAMEORIGIN', 'strict-transport-security': 'max-age=15552000; includeSubDomains', 'x-download-options': 'noopen', 'x-content-type-options': 'nosniff', 'x-xss-protection': '1; mode=block', 'x-moesif-transaction-id': '0759eee1-fa84-4da4-9cde-b5f2be32958d', 'Content-Type': 'application/json; charset=utf-8', 'Content-Length': '62912', 'Date': 'Thu, 07 Jul 2022 16:52:08 GMT', 'Connection': 'keep-alive', 'Keep-Alive': 'timeout=5'} 
 body={
    "quantidade": 275,
    "produtos": [
        {
            "nome": "Inside his eye help.",
            "preco": 783,
            "descricao": "Have answer provide believe. Fast class hear apply bar.",
            "quantidade": 148,
            "_id": "0B7LRkvYgRnq92ct"
        },
        {
            "nome": "Meet small total rule.",
            "preco": 432,
            "descricao": "History Mr everything lay safe.",
            "quantidade": 0,
            "_id": "0CKP2J8YNajw2inL"
        },
        {
            "nome": "Magazine sound.",
            "preco": 403,
            "descricao": "Professor that grow some here how six.",
            "quantidade": 0,
            "_id": "0D79HwssDmuBQCSE"
        },
        {
            "nome": "Him if baby mention.",
            "preco": 1039,
            "descricao": "Student meeting mouth happy some full sound.",
            "quantidade": 116,
            "_id": "0KlMdEFdcxctx5CQ"
        },
        {
            "nome": "Right arrive reason off.",
            "preco": 1243,
            "descricao": "Consider positive threat field style turn whatever.",
            "quantidade": 194,
            "_id": "0Ovx26lBdwZZMqRM"
        },
        {
            "nome": "Attack leader stop.",
            "preco": 106,
            "descricao": "Door situation everybody night stock down.",
            "quantidade": 279,
            "_id": "0sCa77xnUnEwhEom"
        },
        {
            "nome": "Now the speak.",
            "preco": 1411,
            "descricao": "Case tend offer seat sense scene science.",
            "quantidade": 354,
            "_id": "1B9DqRr8Mq5jwzrx"
        },
        {
            "nome": "Movie miss.",
            "preco": 276,
            "descricao": "Effect side for only why future case.",
            "quantidade": 0,
            "_id": "1Zr0vERPcSTm0f0T"
        },
        {
            "nome": "Church as term.",
            "preco": 1049,
            "descricao": "System bed a message. National difficult exist bar inside.",
            "quantidade": 96,
            "_id": "24RBTgxxPtZT0hSZ"
        },
        {
            "nome": "Plan itself choose mind.",
            "preco": 227,
            "descricao": "Data item bad west article perhaps save far.",
            "quantidade": 382,
            "_id": "2RD2J6PnvamuuNKm"
        },
        {
            "nome": "Ever both.",
            "preco": 862,
            "descricao": "Issue serious policy stop some understand talk although.",
            "quantidade": 267,
            "_id": "2lGzXhH4DwZWRRph"
        },
        {
            "nome": "She eye everyone.",
            "preco": 57,
            "descricao": "Pm game the concern speech table black.",
            "quantidade": 164,
            "_id": "2yGkkbESm7Ybd0Qg"
        },
        {
            "nome": "Adult pay community.",
            "preco": 1293,
            "descricao": "Dinner help PM expert surface six.",
            "quantidade": 408,
            "_id": "3R4l26gxYWqHYGWF"
        },
        {
            "nome": "Worry range visit.",
            "preco": 918,
            "descricao": "Hundred quite gun boy budget scene.",
            "quantidade": 159,
            "_id": "4QKhC2SD3nKX3MWI"
        },
        {
            "nome": "Sea phone adult.",
            "preco": 1133,
            "descricao": "Another young bad food organization high remember.",
            "quantidade": 324,
            "_id": "4hPAz5dT6Lv0KFh9"
        },
        {
            "nome": "Ground for than.",
            "preco": 45,
            "descricao": "Body coach short people hair. Kind mother contain.",
            "quantidade": 0,
            "_id": "4iJD7mmAivP48D71"
        },
        {
            "nome": "Stock blood white fight.",
            "preco": 1488,
            "descricao": "Necessary PM technology choose race analysis former.",
            "quantidade": 362,
            "_id": "5Cs5TTq2TG4kgbOK"
        },
        {
            "nome": "Reach wife meet.",
            "preco": 1440,
            "descricao": "Under lead should home. Present program over white their.",
            "quantidade": 262,
            "_id": "5G4spn0K8jjpn6ZM"
        },
        {
            "nome": "Family late scientist.",
            "preco": 1500,
            "descricao": "Edge enter show recent sure. Pick national research gun.",
            "quantidade": 447,
            "_id": "5Inn5NH4Bmfb3zB5"
        },
        {
            "nome": "Very sit yard read.",
            "preco": 1065,
            "descricao": "Front four central best maybe.",
            "quantidade": 0,
            "_id": "5wCv0gMS6AdqjYYu"
        },
        {
            "nome": "Out Mr red morning.",
            "preco": 624,
            "descricao": "Research owner hit action seem hope.",
            "quantidade": 262,
            "_id": "6I15KV14JVP33xiV"
        },
        {
            "nome": "Lead so class each.",
            "preco": 520,
            "descricao": "Again name back prepare suddenly it.",
            "quantidade": 0,
            "_id": "6rbXIX3eh2PJvOIs"
        },
        {
            "nome": "Office art goal when.",
            "preco": 1390,
            "descricao": "Field car house among. Now near list cell kid air read.",
            "quantidade": 249,
            "_id": "79sMIF6lrz3dhzoH"
        },
        {
            "nome": "Care response avoid.",
            "preco": 154,
            "descricao": "Everyone feeling important down.",
            "quantidade": 429,
            "_id": "7LFMHRoVhgOu4W1j"
        },
        {
            "nome": "Agency by it process.",
            "preco": 1223,
            "descricao": "Lose pay pull after. Republican must reach whom.",
            "quantidade": 160,
            "_id": "7iZgqLpmK7sL9XL3"
        },
        {
            "nome": "Star case top thing.",
            "preco": 1167,
            "descricao": "Suggest really seven garden. Happen news edge you term.",
            "quantidade": 242,
            "_id": "7jmMzCg2gXfbTol2"
        },
        {
            "nome": "Network skin trip send.",
            "preco": 754,
            "descricao": "Age sister glass determine.",
            "quantidade": 0,
            "_id": "8ZruIwF813nRqu7Y"
        },
        {
            "nome": "Kid rule data career.",
            "preco": 1248,
            "descricao": "Institution item medical believe.",
            "quantidade": 82,
            "_id": "8aTzA2DN2Clfnkzx"
        },
        {
            "nome": "Worry cover ready eat.",
            "preco": 1499,
            "descricao": "Computer guy best from. Report group rate.",
            "quantidade": 286,
            "_id": "9ljAHe9dcRtDquU5"
        },
        {
            "nome": "News result can be drug.",
            "preco": 1348,
            "descricao": "Chair card them get simple practice there feeling.",
            "quantidade": 425,
            "_id": "9o4kIv99UrdUqy7X"
        },
        {
            "nome": "Far thus coach indeed.",
            "preco": 879,
            "descricao": "Address really traditional security grow series still.",
            "quantidade": 363,
            "_id": "9oHUBjOj7PccYFYi"
        },
        {
            "nome": "Great including century.",
            "preco": 1331,
            "descricao": "Group summer discussion. Perhaps international whom best.",
            "quantidade": 224,
            "_id": "9oVG3ijIj77denhy"
        },
        {
            "nome": "Benefit quite none.",
            "preco": 991,
            "descricao": "Relate soldier describe show attention church.",
            "quantidade": 0,
            "_id": "A6Crr7AenbYi9l6K"
        },
        {
            "nome": "Support hot whom firm.",
            "preco": 77,
            "descricao": "Role college particular do group you energy.",
            "quantidade": 0,
            "_id": "A86CqqC8rM3nqjQK"
        },
        {
            "nome": "Yet class trouble.",
            "preco": 1223,
            "descricao": "Get marriage field him. Walk other him can attorney else.",
            "quantidade": 101,
            "_id": "ADS7tCsS70Dnb8q6"
        },
        {
            "nome": "Guess task act stay.",
            "preco": 1047,
            "descricao": "You night middle our wrong number.",
            "quantidade": 498,
            "_id": "AMKxQBE1kLzV8VME"
        },
        {
            "nome": "Himself free man.",
            "preco": 43,
            "descricao": "Interesting design write measure any.",
            "quantidade": 137,
            "_id": "ATXRjgiPw7NCmDLR"
        },
        {
            "nome": "Society base any bank.",
            "preco": 233,
            "descricao": "Team necessary view reveal difficult there.",
            "quantidade": 243,
            "_id": "AeFromEzb2AAPkVW"
        },
        {
            "nome": "Pm good nation gun.",
            "preco": 654,
            "descricao": "Ability the up attorney family voice likely American.",
            "quantidade": 23,
            "_id": "Atk2ui2ONkimNU6v"
        },
        {
            "nome": "Do card trouble rich.",
            "preco": 201,
            "descricao": "Able anything decade live.",
            "quantidade": 0,
            "_id": "BPDz1wGw7gZrJFn5"
        },
        {
            "nome": "Life phone brother fish.",
            "preco": 733,
            "descricao": "Stage deal itself leader kid onto because.",
            "quantidade": 414,
            "_id": "BVUeW7oItpoqtES4"
        },
        {
            "nome": "Mention writer thus.",
            "preco": 1303,
            "descricao": "Seem eat establish home.",
            "quantidade": 91,
            "_id": "BZSkQm10IkIboOS1"
        },
        {
            "nome": "Old difference.",
            "preco": 200,
            "descricao": "Win participant dog economic local.",
            "quantidade": 37,
            "_id": "BeeJh5lz3k6kSIzA"
        }... (set the log level to DEBUG or TRACE to see the full content) 
 </msg>
<msg timestamp="20220707 13:52:08.686" level="INFO">${response} = &lt;Response [200]&gt;</msg>
<status status="PASS" starttime="20220707 13:52:08.683" endtime="20220707 13:52:08.686"/>
</kw>
<kw name="Evaluate" library="BuiltIn">
<var>${numbers}</var>
<arg>random.sample(range(1, ${response.json()["quantidade"]}),1)</arg>
<arg>random</arg>
<doc>Evaluates the given expression in Python and returns the result.</doc>
<msg timestamp="20220707 13:52:08.687" level="INFO">${numbers} = [37]</msg>
<status status="PASS" starttime="20220707 13:52:08.686" endtime="20220707 13:52:08.687"/>
</kw>
<kw name="Set Variable" library="BuiltIn">
<var>${id_produto}</var>
<arg>${response.json()["produtos"][${numbers}[0]]["_id"]}</arg>
<doc>Returns the given values which can then be assigned to a variables.</doc>
<msg timestamp="20220707 13:52:08.688" level="INFO">${id_produto} = AeFromEzb2AAPkVW</msg>
<status status="PASS" starttime="20220707 13:52:08.687" endtime="20220707 13:52:08.688"/>
</kw>
<kw name="Set Global Variable" library="BuiltIn">
<arg>${id_produto}</arg>
<doc>Makes a variable available globally in all tests and suites.</doc>
<msg timestamp="20220707 13:52:08.688" level="INFO">${id_produto} = AeFromEzb2AAPkVW</msg>
<status status="PASS" starttime="20220707 13:52:08.688" endtime="20220707 13:52:08.688"/>
</kw>
<status status="PASS" starttime="20220707 13:52:08.683" endtime="20220707 13:52:08.688"/>
</kw>
<kw name="GET Endpoint /produtos por ID" library="produtos_keywords">
<kw name="GET On Session" library="RequestsLibrary">
<var>${response}</var>
<arg>serverest</arg>
<arg>/produtos/${id_produto}</arg>
<arg>expected_status=any</arg>
<doc>Sends a GET request on a previously created HTTP Session.</doc>
<msg timestamp="20220707 13:52:08.690" level="INFO">GET Request : url=http://localhost:3000/produtos/AeFromEzb2AAPkVW 
 path_url=/produtos/AeFromEzb2AAPkVW 
 headers={'User-Agent': 'python-requests/2.28.0', 'Accept-Encoding': 'gzip, deflate', 'Accept': '*/*', 'Connection': 'keep-alive'} 
 body=None 
 </msg>
<msg timestamp="20220707 13:52:08.690" level="INFO">GET Response : url=http://localhost:3000/produtos/AeFromEzb2AAPkVW 
 status=200, reason=OK 
 headers={'Access-Control-Allow-Origin': '*', 'x-dns-prefetch-control': 'off', 'x-frame-options': 'SAMEORIGIN', 'strict-transport-security': 'max-age=15552000; includeSubDomains', 'x-download-options': 'noopen', 'x-content-type-options': 'nosniff', 'x-xss-protection': '1; mode=block', 'x-moesif-transaction-id': 'b698f770-99a1-4cca-a9c2-e16aa9805785', 'Content-Type': 'application/json; charset=utf-8', 'Content-Length': '176', 'Date': 'Thu, 07 Jul 2022 16:52:08 GMT', 'Connection': 'keep-alive', 'Keep-Alive': 'timeout=5'} 
 body={
    "nome": "Society base any bank.",
    "preco": 233,
    "descricao": "Team necessary view reveal difficult there.",
    "quantidade": 243,
    "_id": "AeFromEzb2AAPkVW"
} 
 </msg>
<msg timestamp="20220707 13:52:08.690" level="INFO">${response} = &lt;Response [200]&gt;</msg>
<status status="PASS" starttime="20220707 13:52:08.688" endtime="20220707 13:52:08.690"/>
</kw>
<kw name="Set Global Variable" library="BuiltIn">
<arg>${response}</arg>
<doc>Makes a variable available globally in all tests and suites.</doc>
<msg timestamp="20220707 13:52:08.690" level="INFO">${response} = &lt;Response [200]&gt;</msg>
<status status="PASS" starttime="20220707 13:52:08.690" endtime="20220707 13:52:08.690"/>
</kw>
<kw name="Log To Console" library="BuiltIn">
<arg>Response: ${response.content}</arg>
<doc>Logs the given message to the console.</doc>
<status status="PASS" starttime="20220707 13:52:08.690" endtime="20220707 13:52:08.690"/>
</kw>
<status status="PASS" starttime="20220707 13:52:08.688" endtime="20220707 13:52:08.690"/>
</kw>
<kw name="Validar Status Code &quot;200&quot;" library="common" sourcename="Validar Status Code &quot;${statuscode}&quot;">
<kw name="Should Be True" library="BuiltIn">
<arg>${response.status_code} == ${statuscode}</arg>
<doc>Fails if the given condition is not true.</doc>
<status status="PASS" starttime="20220707 13:52:08.691" endtime="20220707 13:52:08.691"/>
</kw>
<status status="PASS" starttime="20220707 13:52:08.691" endtime="20220707 13:52:08.691"/>
</kw>
<tag>GET</tag>
<tag>GET_produto_id</tag>
<status status="PASS" starttime="20220707 13:52:08.683" endtime="20220707 13:52:08.691"/>
</test>
<test id="s1-t3" name="Cenário: GET Não Encontrar Produto Por ID 400" line="23">
<kw name="Definir ID Produto &quot;34cnrt91y234&quot;" library="produtos_keywords" sourcename="Definir ID Produto &quot;${id_produto}&quot;">
<kw name="Set Global Variable" library="BuiltIn">
<arg>${id_produto}</arg>
<doc>Makes a variable available globally in all tests and suites.</doc>
<msg timestamp="20220707 13:52:08.692" level="INFO">${id_produto} = 34cnrt91y234</msg>
<status status="PASS" starttime="20220707 13:52:08.692" endtime="20220707 13:52:08.692"/>
</kw>
<status status="PASS" starttime="20220707 13:52:08.692" endtime="20220707 13:52:08.692"/>
</kw>
<kw name="GET Endpoint /produtos por ID" library="produtos_keywords">
<kw name="GET On Session" library="RequestsLibrary">
<var>${response}</var>
<arg>serverest</arg>
<arg>/produtos/${id_produto}</arg>
<arg>expected_status=any</arg>
<doc>Sends a GET request on a previously created HTTP Session.</doc>
<msg timestamp="20220707 13:52:08.695" level="INFO">GET Request : url=http://localhost:3000/produtos/34cnrt91y234 
 path_url=/produtos/34cnrt91y234 
 headers={'User-Agent': 'python-requests/2.28.0', 'Accept-Encoding': 'gzip, deflate', 'Accept': '*/*', 'Connection': 'keep-alive'} 
 body=None 
 </msg>
<msg timestamp="20220707 13:52:08.695" level="INFO">GET Response : url=http://localhost:3000/produtos/34cnrt91y234 
 status=400, reason=Bad Request 
 headers={'Access-Control-Allow-Origin': '*', 'x-dns-prefetch-control': 'off', 'x-frame-options': 'SAMEORIGIN', 'strict-transport-security': 'max-age=15552000; includeSubDomains', 'x-download-options': 'noopen', 'x-content-type-options': 'nosniff', 'x-xss-protection': '1; mode=block', 'x-moesif-transaction-id': '9de9eda5-7257-4f08-ae89-ff83655a9cc4', 'Content-Type': 'application/json; charset=utf-8', 'Content-Length': '44', 'Date': 'Thu, 07 Jul 2022 16:52:08 GMT', 'Connection': 'keep-alive', 'Keep-Alive': 'timeout=5'} 
 body={
    "message": "Produto não encontrado"
} 
 </msg>
<msg timestamp="20220707 13:52:08.695" level="INFO">${response} = &lt;Response [400]&gt;</msg>
<status status="PASS" starttime="20220707 13:52:08.693" endtime="20220707 13:52:08.695"/>
</kw>
<kw name="Set Global Variable" library="BuiltIn">
<arg>${response}</arg>
<doc>Makes a variable available globally in all tests and suites.</doc>
<msg timestamp="20220707 13:52:08.695" level="INFO">${response} = &lt;Response [400]&gt;</msg>
<status status="PASS" starttime="20220707 13:52:08.695" endtime="20220707 13:52:08.695"/>
</kw>
<kw name="Log To Console" library="BuiltIn">
<arg>Response: ${response.content}</arg>
<doc>Logs the given message to the console.</doc>
<status status="PASS" starttime="20220707 13:52:08.695" endtime="20220707 13:52:08.696"/>
</kw>
<status status="PASS" starttime="20220707 13:52:08.693" endtime="20220707 13:52:08.696"/>
</kw>
<kw name="Validar Status Code &quot;400&quot;" library="common" sourcename="Validar Status Code &quot;${statuscode}&quot;">
<kw name="Should Be True" library="BuiltIn">
<arg>${response.status_code} == ${statuscode}</arg>
<doc>Fails if the given condition is not true.</doc>
<status status="PASS" starttime="20220707 13:52:08.696" endtime="20220707 13:52:08.696"/>
</kw>
<status status="PASS" starttime="20220707 13:52:08.696" endtime="20220707 13:52:08.696"/>
</kw>
<kw name="Validar Se &quot;message&quot; Contem &quot;Produto não encontrado&quot;" library="common" sourcename="Validar Se &quot;${chave}&quot; Contem &quot;${texto}&quot;">
<kw name="Should Contain" library="BuiltIn">
<arg>${response.json()["${chave}"]}</arg>
<arg>${texto}</arg>
<doc>Fails if ``container`` does not contain ``item`` one or more times.</doc>
<status status="PASS" starttime="20220707 13:52:08.697" endtime="20220707 13:52:08.697"/>
</kw>
<status status="PASS" starttime="20220707 13:52:08.697" endtime="20220707 13:52:08.697"/>
</kw>
<tag>GET</tag>
<tag>GET_produto_id_invalido</tag>
<status status="PASS" starttime="20220707 13:52:08.692" endtime="20220707 13:52:08.697"/>
</test>
<test id="s1-t4" name="Cenário: POST Cadastrar Produtos 201" line="31">
<kw name="Fazer Login e Armazenar Token" library="common">
<kw name="POST Endpoint /login &quot;user_valido&quot;" library="common" sourcename="POST Endpoint /login &quot;${user}&quot;">
<kw name="Importar Json Estatico" library="common">
<var>${json}</var>
<arg>json_login.json</arg>
<kw name="Get File" library="OperatingSystem">
<var>${arquivo}</var>
<arg>${EXECDIR}/support/fixtures/statics/${nome_arquivo}</arg>
<doc>Returns the contents of a specified file.</doc>
<msg timestamp="20220707 13:52:08.699" level="INFO" html="true">Getting file '&lt;a href="file://D:\Coisas\Estudos\Compass\Robot_framework\support\fixtures\statics\json_login.json"&gt;D:\Coisas\Estudos\Compass\Robot_framework\support\fixtures\statics\json_login.json&lt;/a&gt;'.</msg>
<msg timestamp="20220707 13:52:08.699" level="INFO">${arquivo} = {
    "user_valido":{
        "email":"fulano@qa.com",
        "password":"teste"
    },
    "user_invalido":{
        "email":"email_inexistente@qa.com",
        "password":"1234"
    },
    "user_se...</msg>
<status status="PASS" starttime="20220707 13:52:08.699" endtime="20220707 13:52:08.699"/>
</kw>
<kw name="Evaluate" library="BuiltIn">
<var>${data}</var>
<arg>json.loads('''${arquivo}''')</arg>
<arg>json</arg>
<doc>Evaluates the given expression in Python and returns the result.</doc>
<msg timestamp="20220707 13:52:08.700" level="INFO">${data} = {'user_valido': {'email': 'fulano@qa.com', 'password': 'teste'}, 'user_invalido': {'email': 'email_inexistente@qa.com', 'password': '1234'}, 'user_sem_senha': {'email': 'fulano@qa.com', 'password': ''...</msg>
<status status="PASS" starttime="20220707 13:52:08.699" endtime="20220707 13:52:08.700"/>
</kw>
<msg timestamp="20220707 13:52:08.700" level="INFO">${json} = {'user_valido': {'email': 'fulano@qa.com', 'password': 'teste'}, 'user_invalido': {'email': 'email_inexistente@qa.com', 'password': '1234'}, 'user_sem_senha': {'email': 'fulano@qa.com', 'password': ''...</msg>
<status status="PASS" starttime="20220707 13:52:08.699" endtime="20220707 13:52:08.700"/>
</kw>
<kw name="Set Variable" library="BuiltIn">
<var>${payload}</var>
<arg>${json["${user}"]}</arg>
<doc>Returns the given values which can then be assigned to a variables.</doc>
<msg timestamp="20220707 13:52:08.700" level="INFO">${payload} = {'email': 'fulano@qa.com', 'password': 'teste'}</msg>
<status status="PASS" starttime="20220707 13:52:08.700" endtime="20220707 13:52:08.700"/>
</kw>
<kw name="POST On Session" library="RequestsLibrary">
<var>${response}</var>
<arg>serverest</arg>
<arg>/login</arg>
<arg>data=&amp;{payload}</arg>
<arg>expected_status=any</arg>
<doc>Sends a POST request on a previously created HTTP Session.</doc>
<msg timestamp="20220707 13:52:08.702" level="INFO">POST Request : url=http://localhost:3000/login 
 path_url=/login 
 headers={'User-Agent': 'python-requests/2.28.0', 'Accept-Encoding': 'gzip, deflate', 'Accept': '*/*', 'Connection': 'keep-alive', 'Content-Length': '36', 'Content-Type': 'application/x-www-form-urlencoded'} 
 body=email=fulano%40qa.com&amp;password=teste 
 </msg>
<msg timestamp="20220707 13:52:08.702" level="INFO">POST Response : url=http://localhost:3000/login 
 status=200, reason=OK 
 headers={'Access-Control-Allow-Origin': '*', 'x-dns-prefetch-control': 'off', 'x-frame-options': 'SAMEORIGIN', 'strict-transport-security': 'max-age=15552000; includeSubDomains', 'x-download-options': 'noopen', 'x-content-type-options': 'nosniff', 'x-xss-protection': '1; mode=block', 'x-moesif-transaction-id': 'aa2f6138-a8b7-45ff-b597-3f0f3b2dc982', 'Content-Type': 'application/json; charset=utf-8', 'Content-Length': '265', 'Date': 'Thu, 07 Jul 2022 16:52:08 GMT', 'Connection': 'keep-alive', 'Keep-Alive': 'timeout=5'} 
 body={
    "message": "Login realizado com sucesso",
    "authorization": "Bearer eyJhbGciOiJIUzI1NiIsInR5cCI6IkpXVCJ9.eyJlbWFpbCI6ImZ1bGFub0BxYS5jb20iLCJwYXNzd29yZCI6InRlc3RlIiwiaWF0IjoxNjU3MjEyNzI4LCJleHAiOjE2NTcyMTMzMjh9.e0MCCtpLktd2sKv4EtAuV5OJxrejqOiKSF475HDIQLI"
} 
 </msg>
<msg timestamp="20220707 13:52:08.702" level="INFO">${response} = &lt;Response [200]&gt;</msg>
<status status="PASS" starttime="20220707 13:52:08.700" endtime="20220707 13:52:08.702"/>
</kw>
<kw name="Log To Console" library="BuiltIn">
<arg>Response: ${response.content}</arg>
<doc>Logs the given message to the console.</doc>
<status status="PASS" starttime="20220707 13:52:08.702" endtime="20220707 13:52:08.703"/>
</kw>
<kw name="Set Global Variable" library="BuiltIn">
<arg>${response}</arg>
<doc>Makes a variable available globally in all tests and suites.</doc>
<msg timestamp="20220707 13:52:08.703" level="INFO">${response} = &lt;Response [200]&gt;</msg>
<status status="PASS" starttime="20220707 13:52:08.703" endtime="20220707 13:52:08.703"/>
</kw>
<status status="PASS" starttime="20220707 13:52:08.698" endtime="20220707 13:52:08.703"/>
</kw>
<kw name="Validar ter Logado" library="common">
<kw name="Should Be Equal" library="BuiltIn">
<arg>${response.json()["message"]}</arg>
<arg>Login realizado com sucesso</arg>
<doc>Fails if the given objects are unequal.</doc>
<status status="PASS" starttime="20220707 13:52:08.703" endtime="20220707 13:52:08.703"/>
</kw>
<kw name="Should Not Be Empty" library="BuiltIn">
<arg>${response.json()["authorization"]}</arg>
<doc>Verifies that the given item is not empty.</doc>
<msg timestamp="20220707 13:52:08.704" level="INFO">Length is 192</msg>
<status status="PASS" starttime="20220707 13:52:08.704" endtime="20220707 13:52:08.704"/>
</kw>
<status status="PASS" starttime="20220707 13:52:08.703" endtime="20220707 13:52:08.704"/>
</kw>
<kw name="Set Variable" library="BuiltIn">
<var>${token_auth}</var>
<arg>${response.json()["authorization"]}</arg>
<doc>Returns the given values which can then be assigned to a variables.</doc>
<msg timestamp="20220707 13:52:08.704" level="INFO">${token_auth} = Bearer eyJhbGciOiJIUzI1NiIsInR5cCI6IkpXVCJ9.eyJlbWFpbCI6ImZ1bGFub0BxYS5jb20iLCJwYXNzd29yZCI6InRlc3RlIiwiaWF0IjoxNjU3MjEyNzI4LCJleHAiOjE2NTcyMTMzMjh9.e0MCCtpLktd2sKv4EtAuV5OJxrejqOiKSF475HDIQLI</msg>
<status status="PASS" starttime="20220707 13:52:08.704" endtime="20220707 13:52:08.704"/>
</kw>
<kw name="Set Global Variable" library="BuiltIn">
<arg>${token_auth}</arg>
<doc>Makes a variable available globally in all tests and suites.</doc>
<msg timestamp="20220707 13:52:08.705" level="INFO">${token_auth} = Bearer eyJhbGciOiJIUzI1NiIsInR5cCI6IkpXVCJ9.eyJlbWFpbCI6ImZ1bGFub0BxYS5jb20iLCJwYXNzd29yZCI6InRlc3RlIiwiaWF0IjoxNjU3MjEyNzI4LCJleHAiOjE2NTcyMTMzMjh9.e0MCCtpLktd2sKv4EtAuV5OJxrejqOiKSF475HDIQLI</msg>
<status status="PASS" starttime="20220707 13:52:08.704" endtime="20220707 13:52:08.705"/>
</kw>
<status status="PASS" starttime="20220707 13:52:08.698" endtime="20220707 13:52:08.705"/>
</kw>
<kw name="Criar Dados para Produto Dinamico Válido" library="dynamics">
<kw name="Text" library="FakerLibrary">
<var>${nome}</var>
<arg>max_nb_chars=25</arg>
<doc>Generate a text string.</doc>
<msg timestamp="20220707 13:52:08.705" level="INFO">${nome} = Risk better daughter.</msg>
<status status="PASS" starttime="20220707 13:52:08.705" endtime="20220707 13:52:08.705"/>
</kw>
<kw name="Random Int" library="FakerLibrary">
<var>${preco}</var>
<arg>min=20</arg>
<arg>max=1500</arg>
<doc>Generate a random integer between two integers ``min`` and ``max`` inclusive
while observing the provided ``step`` value.</doc>
<msg timestamp="20220707 13:52:08.705" level="INFO">${preco} = 1050</msg>
<status status="PASS" starttime="20220707 13:52:08.705" endtime="20220707 13:52:08.705"/>
</kw>
<kw name="Text" library="FakerLibrary">
<var>${descricao}</var>
<arg>max_nb_chars=60</arg>
<doc>Generate a text string.</doc>
<msg timestamp="20220707 13:52:08.706" level="INFO">${descricao} = Scene amount hundred evidence deep information some ahead.</msg>
<status status="PASS" starttime="20220707 13:52:08.705" endtime="20220707 13:52:08.706"/>
</kw>
<kw name="Random Int" library="FakerLibrary">
<var>${quantidade}</var>
<arg>min=2</arg>
<arg>max=500</arg>
<doc>Generate a random integer between two integers ``min`` and ``max`` inclusive
while observing the provided ``step`` value.</doc>
<msg timestamp="20220707 13:52:08.706" level="INFO">${quantidade} = 460</msg>
<status status="PASS" starttime="20220707 13:52:08.706" endtime="20220707 13:52:08.706"/>
</kw>
<kw name="Create Dictionary" library="BuiltIn">
<var>${payload}</var>
<arg>nome=${nome}</arg>
<arg>preco=${preco}</arg>
<arg>descricao=${descricao}</arg>
<arg>quantidade=${quantidade}</arg>
<doc>Creates and returns a dictionary based on the given ``items``.</doc>
<msg timestamp="20220707 13:52:08.706" level="INFO">${payload} = {'nome': 'Risk better daughter.', 'preco': 1050, 'descricao': 'Scene amount hundred evidence deep information some ahead.', 'quantidade': 460}</msg>
<status status="PASS" starttime="20220707 13:52:08.706" endtime="20220707 13:52:08.706"/>
</kw>
<kw name="Set Global Variable" library="BuiltIn">
<arg>${payload}</arg>
<doc>Makes a variable available globally in all tests and suites.</doc>
<msg timestamp="20220707 13:52:08.707" level="INFO">${payload} = {'nome': 'Risk better daughter.', 'preco': 1050, 'descricao': 'Scene amount hundred evidence deep information some ahead.', 'quantidade': 460}</msg>
<status status="PASS" starttime="20220707 13:52:08.706" endtime="20220707 13:52:08.707"/>
</kw>
<status status="PASS" starttime="20220707 13:52:08.705" endtime="20220707 13:52:08.707"/>
</kw>
<kw name="POST Endpoint /produtos" library="produtos_keywords">
<kw name="Create Dictionary" library="BuiltIn">
<var>&amp;{header}</var>
<arg>Authorization=${token_auth}</arg>
<doc>Creates and returns a dictionary based on the given ``items``.</doc>
<msg timestamp="20220707 13:52:08.707" level="INFO">&amp;{header} = { Authorization=Bearer eyJhbGciOiJIUzI1NiIsInR5cCI6IkpXVCJ9.eyJlbWFpbCI6ImZ1bGFub0BxYS5jb20iLCJwYXNzd29yZCI6InRlc3RlIiwiaWF0IjoxNjU3MjEyNzI4LCJleHAiOjE2NTcyMTMzMjh9.e0MCCtpLktd2sKv4EtAuV5OJxrejqOiKSF4...</msg>
<status status="PASS" starttime="20220707 13:52:08.707" endtime="20220707 13:52:08.707"/>
</kw>
<kw name="POST On Session" library="RequestsLibrary">
<var>${response}</var>
<arg>serverest</arg>
<arg>/produtos</arg>
<arg>data=&amp;{payload}</arg>
<arg>headers=${header}</arg>
<arg>expected_status=any</arg>
<doc>Sends a POST request on a previously created HTTP Session.</doc>
<msg timestamp="20220707 13:52:08.710" level="INFO">POST Request : url=http://localhost:3000/produtos 
 path_url=/produtos 
 headers={'User-Agent': 'python-requests/2.28.0', 'Accept-Encoding': 'gzip, deflate', 'Accept': '*/*', 'Connection': 'keep-alive', 'Authorization': 'Bearer eyJhbGciOiJIUzI1NiIsInR5cCI6IkpXVCJ9.eyJlbWFpbCI6ImZ1bGFub0BxYS5jb20iLCJwYXNzd29yZCI6InRlc3RlIiwiaWF0IjoxNjU3MjEyNzI4LCJleHAiOjE2NTcyMTMzMjh9.e0MCCtpLktd2sKv4EtAuV5OJxrejqOiKSF475HDIQLI', 'Content-Length': '121', 'Content-Type': 'application/x-www-form-urlencoded'} 
 body=nome=Risk+better+daughter.&amp;preco=1050&amp;descricao=Scene+amount+hundred+evidence+deep+information+some+ahead.&amp;quantidade=460 
 </msg>
<msg timestamp="20220707 13:52:08.710" level="INFO">POST Response : url=http://localhost:3000/produtos 
 status=201, reason=Created 
 headers={'Access-Control-Allow-Origin': '*', 'x-dns-prefetch-control': 'off', 'x-frame-options': 'SAMEORIGIN', 'strict-transport-security': 'max-age=15552000; includeSubDomains', 'x-download-options': 'noopen', 'x-content-type-options': 'nosniff', 'x-xss-protection': '1; mode=block', 'x-moesif-transaction-id': 'd4e9b1f4-7df4-43cd-896d-70020adeda13', 'Content-Type': 'application/json; charset=utf-8', 'Content-Length': '82', 'Date': 'Thu, 07 Jul 2022 16:52:08 GMT', 'Connection': 'keep-alive', 'Keep-Alive': 'timeout=5'} 
 body={
    "message": "Cadastro realizado com sucesso",
    "_id": "LBqkb940ujyrjX2c"
} 
 </msg>
<msg timestamp="20220707 13:52:08.710" level="INFO">${response} = &lt;Response [201]&gt;</msg>
<status status="PASS" starttime="20220707 13:52:08.707" endtime="20220707 13:52:08.710"/>
</kw>
<kw name="Log To Console" library="BuiltIn">
<arg>${payload}</arg>
<doc>Logs the given message to the console.</doc>
<status status="PASS" starttime="20220707 13:52:08.710" endtime="20220707 13:52:08.710"/>
</kw>
<kw name="Log To Console" library="BuiltIn">
<arg>Response: ${response.content}</arg>
<doc>Logs the given message to the console.</doc>
<status status="PASS" starttime="20220707 13:52:08.710" endtime="20220707 13:52:08.711"/>
</kw>
<kw name="Set Global Variable" library="BuiltIn">
<arg>${response}</arg>
<doc>Makes a variable available globally in all tests and suites.</doc>
<msg timestamp="20220707 13:52:08.711" level="INFO">${response} = &lt;Response [201]&gt;</msg>
<status status="PASS" starttime="20220707 13:52:08.711" endtime="20220707 13:52:08.711"/>
</kw>
<status status="PASS" starttime="20220707 13:52:08.707" endtime="20220707 13:52:08.711"/>
</kw>
<kw name="Validar Status Code &quot;201&quot;" library="common" sourcename="Validar Status Code &quot;${statuscode}&quot;">
<kw name="Should Be True" library="BuiltIn">
<arg>${response.status_code} == ${statuscode}</arg>
<doc>Fails if the given condition is not true.</doc>
<status status="PASS" starttime="20220707 13:52:08.711" endtime="20220707 13:52:08.712"/>
</kw>
<status status="PASS" starttime="20220707 13:52:08.711" endtime="20220707 13:52:08.712"/>
</kw>
<kw name="Validar Se &quot;message&quot; Contem &quot;Cadastro realizado com sucesso&quot;" library="common" sourcename="Validar Se &quot;${chave}&quot; Contem &quot;${texto}&quot;">
<kw name="Should Contain" library="BuiltIn">
<arg>${response.json()["${chave}"]}</arg>
<arg>${texto}</arg>
<doc>Fails if ``container`` does not contain ``item`` one or more times.</doc>
<status status="PASS" starttime="20220707 13:52:08.712" endtime="20220707 13:52:08.713"/>
</kw>
<status status="PASS" starttime="20220707 13:52:08.712" endtime="20220707 13:52:08.713"/>
</kw>
<kw name="Validar Alguma Resposta Vazia &quot;_id&quot;" library="common" sourcename="Validar Alguma Resposta Vazia &quot;${espaco}&quot;">
<kw name="Should Not Be Empty" library="BuiltIn">
<arg>${response.json()["${espaco}"]}</arg>
<doc>Verifies that the given item is not empty.</doc>
<msg timestamp="20220707 13:52:08.713" level="INFO">Length is 16</msg>
<status status="PASS" starttime="20220707 13:52:08.713" endtime="20220707 13:52:08.713"/>
</kw>
<status status="PASS" starttime="20220707 13:52:08.713" endtime="20220707 13:52:08.713"/>
</kw>
<tag>POST</tag>
<tag>POST_cadastrar_dinamico</tag>
<status status="PASS" starttime="20220707 13:52:08.698" endtime="20220707 13:52:08.713"/>
</test>
<test id="s1-t5" name="Cenário: POST Cadastrar Produto Já Existente 400" line="40">
<kw name="Fazer Login e Armazenar Token" library="common">
<kw name="POST Endpoint /login &quot;user_valido&quot;" library="common" sourcename="POST Endpoint /login &quot;${user}&quot;">
<kw name="Importar Json Estatico" library="common">
<var>${json}</var>
<arg>json_login.json</arg>
<kw name="Get File" library="OperatingSystem">
<var>${arquivo}</var>
<arg>${EXECDIR}/support/fixtures/statics/${nome_arquivo}</arg>
<doc>Returns the contents of a specified file.</doc>
<msg timestamp="20220707 13:52:08.715" level="INFO" html="true">Getting file '&lt;a href="file://D:\Coisas\Estudos\Compass\Robot_framework\support\fixtures\statics\json_login.json"&gt;D:\Coisas\Estudos\Compass\Robot_framework\support\fixtures\statics\json_login.json&lt;/a&gt;'.</msg>
<msg timestamp="20220707 13:52:08.715" level="INFO">${arquivo} = {
    "user_valido":{
        "email":"fulano@qa.com",
        "password":"teste"
    },
    "user_invalido":{
        "email":"email_inexistente@qa.com",
        "password":"1234"
    },
    "user_se...</msg>
<status status="PASS" starttime="20220707 13:52:08.714" endtime="20220707 13:52:08.715"/>
</kw>
<kw name="Evaluate" library="BuiltIn">
<var>${data}</var>
<arg>json.loads('''${arquivo}''')</arg>
<arg>json</arg>
<doc>Evaluates the given expression in Python and returns the result.</doc>
<msg timestamp="20220707 13:52:08.715" level="INFO">${data} = {'user_valido': {'email': 'fulano@qa.com', 'password': 'teste'}, 'user_invalido': {'email': 'email_inexistente@qa.com', 'password': '1234'}, 'user_sem_senha': {'email': 'fulano@qa.com', 'password': ''...</msg>
<status status="PASS" starttime="20220707 13:52:08.715" endtime="20220707 13:52:08.715"/>
</kw>
<msg timestamp="20220707 13:52:08.715" level="INFO">${json} = {'user_valido': {'email': 'fulano@qa.com', 'password': 'teste'}, 'user_invalido': {'email': 'email_inexistente@qa.com', 'password': '1234'}, 'user_sem_senha': {'email': 'fulano@qa.com', 'password': ''...</msg>
<status status="PASS" starttime="20220707 13:52:08.714" endtime="20220707 13:52:08.715"/>
</kw>
<kw name="Set Variable" library="BuiltIn">
<var>${payload}</var>
<arg>${json["${user}"]}</arg>
<doc>Returns the given values which can then be assigned to a variables.</doc>
<msg timestamp="20220707 13:52:08.715" level="INFO">${payload} = {'email': 'fulano@qa.com', 'password': 'teste'}</msg>
<status status="PASS" starttime="20220707 13:52:08.715" endtime="20220707 13:52:08.716"/>
</kw>
<kw name="POST On Session" library="RequestsLibrary">
<var>${response}</var>
<arg>serverest</arg>
<arg>/login</arg>
<arg>data=&amp;{payload}</arg>
<arg>expected_status=any</arg>
<doc>Sends a POST request on a previously created HTTP Session.</doc>
<msg timestamp="20220707 13:52:08.717" level="INFO">POST Request : url=http://localhost:3000/login 
 path_url=/login 
 headers={'User-Agent': 'python-requests/2.28.0', 'Accept-Encoding': 'gzip, deflate', 'Accept': '*/*', 'Connection': 'keep-alive', 'Content-Length': '36', 'Content-Type': 'application/x-www-form-urlencoded'} 
 body=email=fulano%40qa.com&amp;password=teste 
 </msg>
<msg timestamp="20220707 13:52:08.717" level="INFO">POST Response : url=http://localhost:3000/login 
 status=200, reason=OK 
 headers={'Access-Control-Allow-Origin': '*', 'x-dns-prefetch-control': 'off', 'x-frame-options': 'SAMEORIGIN', 'strict-transport-security': 'max-age=15552000; includeSubDomains', 'x-download-options': 'noopen', 'x-content-type-options': 'nosniff', 'x-xss-protection': '1; mode=block', 'x-moesif-transaction-id': 'cdd7305f-2282-4d32-aed4-a2ac9cfb8082', 'Content-Type': 'application/json; charset=utf-8', 'Content-Length': '265', 'Date': 'Thu, 07 Jul 2022 16:52:08 GMT', 'Connection': 'keep-alive', 'Keep-Alive': 'timeout=5'} 
 body={
    "message": "Login realizado com sucesso",
    "authorization": "Bearer eyJhbGciOiJIUzI1NiIsInR5cCI6IkpXVCJ9.eyJlbWFpbCI6ImZ1bGFub0BxYS5jb20iLCJwYXNzd29yZCI6InRlc3RlIiwiaWF0IjoxNjU3MjEyNzI4LCJleHAiOjE2NTcyMTMzMjh9.e0MCCtpLktd2sKv4EtAuV5OJxrejqOiKSF475HDIQLI"
} 
 </msg>
<msg timestamp="20220707 13:52:08.717" level="INFO">${response} = &lt;Response [200]&gt;</msg>
<status status="PASS" starttime="20220707 13:52:08.716" endtime="20220707 13:52:08.717"/>
</kw>
<kw name="Log To Console" library="BuiltIn">
<arg>Response: ${response.content}</arg>
<doc>Logs the given message to the console.</doc>
<status status="PASS" starttime="20220707 13:52:08.717" endtime="20220707 13:52:08.718"/>
</kw>
<kw name="Set Global Variable" library="BuiltIn">
<arg>${response}</arg>
<doc>Makes a variable available globally in all tests and suites.</doc>
<msg timestamp="20220707 13:52:08.718" level="INFO">${response} = &lt;Response [200]&gt;</msg>
<status status="PASS" starttime="20220707 13:52:08.718" endtime="20220707 13:52:08.718"/>
</kw>
<status status="PASS" starttime="20220707 13:52:08.714" endtime="20220707 13:52:08.718"/>
</kw>
<kw name="Validar ter Logado" library="common">
<kw name="Should Be Equal" library="BuiltIn">
<arg>${response.json()["message"]}</arg>
<arg>Login realizado com sucesso</arg>
<doc>Fails if the given objects are unequal.</doc>
<status status="PASS" starttime="20220707 13:52:08.718" endtime="20220707 13:52:08.719"/>
</kw>
<kw name="Should Not Be Empty" library="BuiltIn">
<arg>${response.json()["authorization"]}</arg>
<doc>Verifies that the given item is not empty.</doc>
<msg timestamp="20220707 13:52:08.719" level="INFO">Length is 192</msg>
<status status="PASS" starttime="20220707 13:52:08.719" endtime="20220707 13:52:08.719"/>
</kw>
<status status="PASS" starttime="20220707 13:52:08.718" endtime="20220707 13:52:08.719"/>
</kw>
<kw name="Set Variable" library="BuiltIn">
<var>${token_auth}</var>
<arg>${response.json()["authorization"]}</arg>
<doc>Returns the given values which can then be assigned to a variables.</doc>
<msg timestamp="20220707 13:52:08.719" level="INFO">${token_auth} = Bearer eyJhbGciOiJIUzI1NiIsInR5cCI6IkpXVCJ9.eyJlbWFpbCI6ImZ1bGFub0BxYS5jb20iLCJwYXNzd29yZCI6InRlc3RlIiwiaWF0IjoxNjU3MjEyNzI4LCJleHAiOjE2NTcyMTMzMjh9.e0MCCtpLktd2sKv4EtAuV5OJxrejqOiKSF475HDIQLI</msg>
<status status="PASS" starttime="20220707 13:52:08.719" endtime="20220707 13:52:08.719"/>
</kw>
<kw name="Set Global Variable" library="BuiltIn">
<arg>${token_auth}</arg>
<doc>Makes a variable available globally in all tests and suites.</doc>
<msg timestamp="20220707 13:52:08.719" level="INFO">${token_auth} = Bearer eyJhbGciOiJIUzI1NiIsInR5cCI6IkpXVCJ9.eyJlbWFpbCI6ImZ1bGFub0BxYS5jb20iLCJwYXNzd29yZCI6InRlc3RlIiwiaWF0IjoxNjU3MjEyNzI4LCJleHAiOjE2NTcyMTMzMjh9.e0MCCtpLktd2sKv4EtAuV5OJxrejqOiKSF475HDIQLI</msg>
<status status="PASS" starttime="20220707 13:52:08.719" endtime="20220707 13:52:08.720"/>
</kw>
<status status="PASS" starttime="20220707 13:52:08.714" endtime="20220707 13:52:08.720"/>
</kw>
<kw name="Pegar Dados Produtos Estatico &quot;produto_repetido&quot;" library="produtos_keywords" sourcename="Pegar Dados Produtos Estatico &quot;${produto}&quot;">
<kw name="Importar Json Estatico" library="common">
<var>${json}</var>
<arg>json_produtos.json</arg>
<kw name="Get File" library="OperatingSystem">
<var>${arquivo}</var>
<arg>${EXECDIR}/support/fixtures/statics/${nome_arquivo}</arg>
<doc>Returns the contents of a specified file.</doc>
<msg timestamp="20220707 13:52:08.720" level="INFO" html="true">Getting file '&lt;a href="file://D:\Coisas\Estudos\Compass\Robot_framework\support\fixtures\statics\json_produtos.json"&gt;D:\Coisas\Estudos\Compass\Robot_framework\support\fixtures\statics\json_produtos.json&lt;/a&gt;'.</msg>
<msg timestamp="20220707 13:52:08.721" level="INFO">${arquivo} = {
    "produto_repetido":{
        "nome": "Logitech MX Vertical",
        "preco": 200,
        "descricao": "Mouse gamer",
        "quantidade": 204
    },
    "produto_sem_nome":{
        "nome": "...</msg>
<status status="PASS" starttime="20220707 13:52:08.720" endtime="20220707 13:52:08.721"/>
</kw>
<kw name="Evaluate" library="BuiltIn">
<var>${data}</var>
<arg>json.loads('''${arquivo}''')</arg>
<arg>json</arg>
<doc>Evaluates the given expression in Python and returns the result.</doc>
<msg timestamp="20220707 13:52:08.721" level="INFO">${data} = {'produto_repetido': {'nome': 'Logitech MX Vertical', 'preco': 200, 'descricao': 'Mouse gamer', 'quantidade': 204}, 'produto_sem_nome': {'nome': '', 'preco': 470, 'descricao': 'Mouse', 'quantidade': 3...</msg>
<status status="PASS" starttime="20220707 13:52:08.721" endtime="20220707 13:52:08.721"/>
</kw>
<msg timestamp="20220707 13:52:08.721" level="INFO">${json} = {'produto_repetido': {'nome': 'Logitech MX Vertical', 'preco': 200, 'descricao': 'Mouse gamer', 'quantidade': 204}, 'produto_sem_nome': {'nome': '', 'preco': 470, 'descricao': 'Mouse', 'quantidade': 3...</msg>
<status status="PASS" starttime="20220707 13:52:08.720" endtime="20220707 13:52:08.721"/>
</kw>
<kw name="Set Variable" library="BuiltIn">
<var>${payload}</var>
<arg>${json["${produto}"]}</arg>
<doc>Returns the given values which can then be assigned to a variables.</doc>
<msg timestamp="20220707 13:52:08.722" level="INFO">${payload} = {'nome': 'Logitech MX Vertical', 'preco': 200, 'descricao': 'Mouse gamer', 'quantidade': 204}</msg>
<status status="PASS" starttime="20220707 13:52:08.721" endtime="20220707 13:52:08.722"/>
</kw>
<kw name="Log To Console" library="BuiltIn">
<arg>${payload}</arg>
<doc>Logs the given message to the console.</doc>
<status status="PASS" starttime="20220707 13:52:08.722" endtime="20220707 13:52:08.722"/>
</kw>
<kw name="Set Global Variable" library="BuiltIn">
<arg>${payload}</arg>
<doc>Makes a variable available globally in all tests and suites.</doc>
<msg timestamp="20220707 13:52:08.722" level="INFO">${payload} = {'nome': 'Logitech MX Vertical', 'preco': 200, 'descricao': 'Mouse gamer', 'quantidade': 204}</msg>
<status status="PASS" starttime="20220707 13:52:08.722" endtime="20220707 13:52:08.722"/>
</kw>
<status status="PASS" starttime="20220707 13:52:08.720" endtime="20220707 13:52:08.722"/>
</kw>
<kw name="POST Endpoint /produtos" library="produtos_keywords">
<kw name="Create Dictionary" library="BuiltIn">
<var>&amp;{header}</var>
<arg>Authorization=${token_auth}</arg>
<doc>Creates and returns a dictionary based on the given ``items``.</doc>
<msg timestamp="20220707 13:52:08.723" level="INFO">&amp;{header} = { Authorization=Bearer eyJhbGciOiJIUzI1NiIsInR5cCI6IkpXVCJ9.eyJlbWFpbCI6ImZ1bGFub0BxYS5jb20iLCJwYXNzd29yZCI6InRlc3RlIiwiaWF0IjoxNjU3MjEyNzI4LCJleHAiOjE2NTcyMTMzMjh9.e0MCCtpLktd2sKv4EtAuV5OJxrejqOiKSF4...</msg>
<status status="PASS" starttime="20220707 13:52:08.722" endtime="20220707 13:52:08.723"/>
</kw>
<kw name="POST On Session" library="RequestsLibrary">
<var>${response}</var>
<arg>serverest</arg>
<arg>/produtos</arg>
<arg>data=&amp;{payload}</arg>
<arg>headers=${header}</arg>
<arg>expected_status=any</arg>
<doc>Sends a POST request on a previously created HTTP Session.</doc>
<msg timestamp="20220707 13:52:08.724" level="INFO">POST Request : url=http://localhost:3000/produtos 
 path_url=/produtos 
 headers={'User-Agent': 'python-requests/2.28.0', 'Accept-Encoding': 'gzip, deflate', 'Accept': '*/*', 'Connection': 'keep-alive', 'Authorization': 'Bearer eyJhbGciOiJIUzI1NiIsInR5cCI6IkpXVCJ9.eyJlbWFpbCI6ImZ1bGFub0BxYS5jb20iLCJwYXNzd29yZCI6InRlc3RlIiwiaWF0IjoxNjU3MjEyNzI4LCJleHAiOjE2NTcyMTMzMjh9.e0MCCtpLktd2sKv4EtAuV5OJxrejqOiKSF475HDIQLI', 'Content-Length': '72', 'Content-Type': 'application/x-www-form-urlencoded'} 
 body=nome=Logitech+MX+Vertical&amp;preco=200&amp;descricao=Mouse+gamer&amp;quantidade=204 
 </msg>
<msg timestamp="20220707 13:52:08.724" level="INFO">POST Response : url=http://localhost:3000/produtos 
 status=400, reason=Bad Request 
 headers={'Access-Control-Allow-Origin': '*', 'x-dns-prefetch-control': 'off', 'x-frame-options': 'SAMEORIGIN', 'strict-transport-security': 'max-age=15552000; includeSubDomains', 'x-download-options': 'noopen', 'x-content-type-options': 'nosniff', 'x-xss-protection': '1; mode=block', 'x-moesif-transaction-id': 'cebdfd80-5a68-4b21-b3ed-9fa34f4f2bd6', 'Content-Type': 'application/json; charset=utf-8', 'Content-Length': '53', 'Date': 'Thu, 07 Jul 2022 16:52:08 GMT', 'Connection': 'keep-alive', 'Keep-Alive': 'timeout=5'} 
 body={
    "message": "Já existe produto com esse nome"
} 
 </msg>
<msg timestamp="20220707 13:52:08.725" level="INFO">${response} = &lt;Response [400]&gt;</msg>
<status status="PASS" starttime="20220707 13:52:08.723" endtime="20220707 13:52:08.725"/>
</kw>
<kw name="Log To Console" library="BuiltIn">
<arg>${payload}</arg>
<doc>Logs the given message to the console.</doc>
<status status="PASS" starttime="20220707 13:52:08.725" endtime="20220707 13:52:08.725"/>
</kw>
<kw name="Log To Console" library="BuiltIn">
<arg>Response: ${response.content}</arg>
<doc>Logs the given message to the console.</doc>
<status status="PASS" starttime="20220707 13:52:08.725" endtime="20220707 13:52:08.725"/>
</kw>
<kw name="Set Global Variable" library="BuiltIn">
<arg>${response}</arg>
<doc>Makes a variable available globally in all tests and suites.</doc>
<msg timestamp="20220707 13:52:08.725" level="INFO">${response} = &lt;Response [400]&gt;</msg>
<status status="PASS" starttime="20220707 13:52:08.725" endtime="20220707 13:52:08.725"/>
</kw>
<status status="PASS" starttime="20220707 13:52:08.722" endtime="20220707 13:52:08.725"/>
</kw>
<kw name="Validar Status Code &quot;400&quot;" library="common" sourcename="Validar Status Code &quot;${statuscode}&quot;">
<kw name="Should Be True" library="BuiltIn">
<arg>${response.status_code} == ${statuscode}</arg>
<doc>Fails if the given condition is not true.</doc>
<status status="PASS" starttime="20220707 13:52:08.726" endtime="20220707 13:52:08.726"/>
</kw>
<status status="PASS" starttime="20220707 13:52:08.726" endtime="20220707 13:52:08.727"/>
</kw>
<kw name="Validar Se &quot;message&quot; Contem &quot;Já existe produto com esse nome&quot;" library="common" sourcename="Validar Se &quot;${chave}&quot; Contem &quot;${texto}&quot;">
<kw name="Should Contain" library="BuiltIn">
<arg>${response.json()["${chave}"]}</arg>
<arg>${texto}</arg>
<doc>Fails if ``container`` does not contain ``item`` one or more times.</doc>
<status status="PASS" starttime="20220707 13:52:08.727" endtime="20220707 13:52:08.727"/>
</kw>
<status status="PASS" starttime="20220707 13:52:08.727" endtime="20220707 13:52:08.727"/>
</kw>
<tag>POST</tag>
<tag>POST_produto_ja_existente</tag>
<status status="PASS" starttime="20220707 13:52:08.714" endtime="20220707 13:52:08.727"/>
</test>
<test id="s1-t6" name="Cenário: POST Cadastrar Produto Com Token Inválido 401" line="48">
<kw name="Criar Dados para Produto Dinamico Válido" library="dynamics">
<kw name="Text" library="FakerLibrary">
<var>${nome}</var>
<arg>max_nb_chars=25</arg>
<doc>Generate a text string.</doc>
<msg timestamp="20220707 13:52:08.728" level="INFO">${nome} = Why respond risk hot.</msg>
<status status="PASS" starttime="20220707 13:52:08.728" endtime="20220707 13:52:08.728"/>
</kw>
<kw name="Random Int" library="FakerLibrary">
<var>${preco}</var>
<arg>min=20</arg>
<arg>max=1500</arg>
<doc>Generate a random integer between two integers ``min`` and ``max`` inclusive
while observing the provided ``step`` value.</doc>
<msg timestamp="20220707 13:52:08.729" level="INFO">${preco} = 107</msg>
<status status="PASS" starttime="20220707 13:52:08.728" endtime="20220707 13:52:08.729"/>
</kw>
<kw name="Text" library="FakerLibrary">
<var>${descricao}</var>
<arg>max_nb_chars=60</arg>
<doc>Generate a text string.</doc>
<msg timestamp="20220707 13:52:08.729" level="INFO">${descricao} = Early task keep decade quite physical ready far.</msg>
<status status="PASS" starttime="20220707 13:52:08.729" endtime="20220707 13:52:08.729"/>
</kw>
<kw name="Random Int" library="FakerLibrary">
<var>${quantidade}</var>
<arg>min=2</arg>
<arg>max=500</arg>
<doc>Generate a random integer between two integers ``min`` and ``max`` inclusive
while observing the provided ``step`` value.</doc>
<msg timestamp="20220707 13:52:08.729" level="INFO">${quantidade} = 178</msg>
<status status="PASS" starttime="20220707 13:52:08.729" endtime="20220707 13:52:08.729"/>
</kw>
<kw name="Create Dictionary" library="BuiltIn">
<var>${payload}</var>
<arg>nome=${nome}</arg>
<arg>preco=${preco}</arg>
<arg>descricao=${descricao}</arg>
<arg>quantidade=${quantidade}</arg>
<doc>Creates and returns a dictionary based on the given ``items``.</doc>
<msg timestamp="20220707 13:52:08.729" level="INFO">${payload} = {'nome': 'Why respond risk hot.', 'preco': 107, 'descricao': 'Early task keep decade quite physical ready far.', 'quantidade': 178}</msg>
<status status="PASS" starttime="20220707 13:52:08.729" endtime="20220707 13:52:08.729"/>
</kw>
<kw name="Set Global Variable" library="BuiltIn">
<arg>${payload}</arg>
<doc>Makes a variable available globally in all tests and suites.</doc>
<msg timestamp="20220707 13:52:08.730" level="INFO">${payload} = {'nome': 'Why respond risk hot.', 'preco': 107, 'descricao': 'Early task keep decade quite physical ready far.', 'quantidade': 178}</msg>
<status status="PASS" starttime="20220707 13:52:08.729" endtime="20220707 13:52:08.730"/>
</kw>
<status status="PASS" starttime="20220707 13:52:08.728" endtime="20220707 13:52:08.730"/>
</kw>
<kw name="Definir Token Invalido &quot;fhn23cn429n45c43tc&quot;" library="common" sourcename="Definir Token Invalido &quot;${token_auth}&quot;">
<kw name="Set Global Variable" library="BuiltIn">
<arg>${token_auth}</arg>
<doc>Makes a variable available globally in all tests and suites.</doc>
<msg timestamp="20220707 13:52:08.730" level="INFO">${token_auth} = fhn23cn429n45c43tc</msg>
<status status="PASS" starttime="20220707 13:52:08.730" endtime="20220707 13:52:08.730"/>
</kw>
<kw name="Log To Console" library="BuiltIn">
<arg>Token Inválido: ${token_auth}</arg>
<doc>Logs the given message to the console.</doc>
<status status="PASS" starttime="20220707 13:52:08.730" endtime="20220707 13:52:08.730"/>
</kw>
<status status="PASS" starttime="20220707 13:52:08.730" endtime="20220707 13:52:08.730"/>
</kw>
<kw name="POST Endpoint /produtos" library="produtos_keywords">
<kw name="Create Dictionary" library="BuiltIn">
<var>&amp;{header}</var>
<arg>Authorization=${token_auth}</arg>
<doc>Creates and returns a dictionary based on the given ``items``.</doc>
<msg timestamp="20220707 13:52:08.731" level="INFO">&amp;{header} = { Authorization=fhn23cn429n45c43tc }</msg>
<status status="PASS" starttime="20220707 13:52:08.731" endtime="20220707 13:52:08.731"/>
</kw>
<kw name="POST On Session" library="RequestsLibrary">
<var>${response}</var>
<arg>serverest</arg>
<arg>/produtos</arg>
<arg>data=&amp;{payload}</arg>
<arg>headers=${header}</arg>
<arg>expected_status=any</arg>
<doc>Sends a POST request on a previously created HTTP Session.</doc>
<msg timestamp="20220707 13:52:08.733" level="INFO">POST Request : url=http://localhost:3000/produtos 
 path_url=/produtos 
 headers={'User-Agent': 'python-requests/2.28.0', 'Accept-Encoding': 'gzip, deflate', 'Accept': '*/*', 'Connection': 'keep-alive', 'Authorization': 'fhn23cn429n45c43tc', 'Content-Length': '110', 'Content-Type': 'application/x-www-form-urlencoded'} 
 body=nome=Why+respond+risk+hot.&amp;preco=107&amp;descricao=Early+task+keep+decade+quite+physical+ready+far.&amp;quantidade=178 
 </msg>
<msg timestamp="20220707 13:52:08.733" level="INFO">POST Response : url=http://localhost:3000/produtos 
 status=401, reason=Unauthorized 
 headers={'Access-Control-Allow-Origin': '*', 'x-dns-prefetch-control': 'off', 'x-frame-options': 'SAMEORIGIN', 'strict-transport-security': 'max-age=15552000; includeSubDomains', 'x-download-options': 'noopen', 'x-content-type-options': 'nosniff', 'x-xss-protection': '1; mode=block', 'x-moesif-transaction-id': 'a6d6c2f7-1395-4d0d-b21b-861da88d12cf', 'Content-Type': 'application/json; charset=utf-8', 'Content-Length': '103', 'Date': 'Thu, 07 Jul 2022 16:52:08 GMT', 'Connection': 'keep-alive', 'Keep-Alive': 'timeout=5'} 
 body={
    "message": "Token de acesso ausente, inválido, expirado ou usuário do token não existe mais"
} 
 </msg>
<msg timestamp="20220707 13:52:08.733" level="INFO">${response} = &lt;Response [401]&gt;</msg>
<status status="PASS" starttime="20220707 13:52:08.731" endtime="20220707 13:52:08.733"/>
</kw>
<kw name="Log To Console" library="BuiltIn">
<arg>${payload}</arg>
<doc>Logs the given message to the console.</doc>
<status status="PASS" starttime="20220707 13:52:08.733" endtime="20220707 13:52:08.733"/>
</kw>
<kw name="Log To Console" library="BuiltIn">
<arg>Response: ${response.content}</arg>
<doc>Logs the given message to the console.</doc>
<status status="PASS" starttime="20220707 13:52:08.733" endtime="20220707 13:52:08.733"/>
</kw>
<kw name="Set Global Variable" library="BuiltIn">
<arg>${response}</arg>
<doc>Makes a variable available globally in all tests and suites.</doc>
<msg timestamp="20220707 13:52:08.734" level="INFO">${response} = &lt;Response [401]&gt;</msg>
<status status="PASS" starttime="20220707 13:52:08.734" endtime="20220707 13:52:08.734"/>
</kw>
<status status="PASS" starttime="20220707 13:52:08.730" endtime="20220707 13:52:08.734"/>
</kw>
<kw name="Validar Status Code &quot;401&quot;" library="common" sourcename="Validar Status Code &quot;${statuscode}&quot;">
<kw name="Should Be True" library="BuiltIn">
<arg>${response.status_code} == ${statuscode}</arg>
<doc>Fails if the given condition is not true.</doc>
<status status="PASS" starttime="20220707 13:52:08.735" endtime="20220707 13:52:08.735"/>
</kw>
<status status="PASS" starttime="20220707 13:52:08.734" endtime="20220707 13:52:08.735"/>
</kw>
<kw name="Validar Se &quot;message&quot; Contem &quot;Token de acesso ausente, inválido, expirado ou usuário do token não existe mais&quot;" library="common" sourcename="Validar Se &quot;${chave}&quot; Contem &quot;${texto}&quot;">
<kw name="Should Contain" library="BuiltIn">
<arg>${response.json()["${chave}"]}</arg>
<arg>${texto}</arg>
<doc>Fails if ``container`` does not contain ``item`` one or more times.</doc>
<status status="PASS" starttime="20220707 13:52:08.735" endtime="20220707 13:52:08.736"/>
</kw>
<status status="PASS" starttime="20220707 13:52:08.735" endtime="20220707 13:52:08.736"/>
</kw>
<tag>POST</tag>
<tag>POST_cadastrar_token_invalido</tag>
<status status="PASS" starttime="20220707 13:52:08.728" endtime="20220707 13:52:08.736"/>
</test>
<test id="s1-t7" name="Cenário: POST Cadastrar Produto Sem Adm 403" line="56">
<kw name="Fazer Login Sem Adm e Armazenar Token" library="common">
<kw name="POST Endpoint /login &quot;user_sem_adm&quot;" library="common" sourcename="POST Endpoint /login &quot;${user}&quot;">
<kw name="Importar Json Estatico" library="common">
<var>${json}</var>
<arg>json_login.json</arg>
<kw name="Get File" library="OperatingSystem">
<var>${arquivo}</var>
<arg>${EXECDIR}/support/fixtures/statics/${nome_arquivo}</arg>
<doc>Returns the contents of a specified file.</doc>
<msg timestamp="20220707 13:52:08.737" level="INFO" html="true">Getting file '&lt;a href="file://D:\Coisas\Estudos\Compass\Robot_framework\support\fixtures\statics\json_login.json"&gt;D:\Coisas\Estudos\Compass\Robot_framework\support\fixtures\statics\json_login.json&lt;/a&gt;'.</msg>
<msg timestamp="20220707 13:52:08.737" level="INFO">${arquivo} = {
    "user_valido":{
        "email":"fulano@qa.com",
        "password":"teste"
    },
    "user_invalido":{
        "email":"email_inexistente@qa.com",
        "password":"1234"
    },
    "user_se...</msg>
<status status="PASS" starttime="20220707 13:52:08.737" endtime="20220707 13:52:08.737"/>
</kw>
<kw name="Evaluate" library="BuiltIn">
<var>${data}</var>
<arg>json.loads('''${arquivo}''')</arg>
<arg>json</arg>
<doc>Evaluates the given expression in Python and returns the result.</doc>
<msg timestamp="20220707 13:52:08.738" level="INFO">${data} = {'user_valido': {'email': 'fulano@qa.com', 'password': 'teste'}, 'user_invalido': {'email': 'email_inexistente@qa.com', 'password': '1234'}, 'user_sem_senha': {'email': 'fulano@qa.com', 'password': ''...</msg>
<status status="PASS" starttime="20220707 13:52:08.737" endtime="20220707 13:52:08.738"/>
</kw>
<msg timestamp="20220707 13:52:08.738" level="INFO">${json} = {'user_valido': {'email': 'fulano@qa.com', 'password': 'teste'}, 'user_invalido': {'email': 'email_inexistente@qa.com', 'password': '1234'}, 'user_sem_senha': {'email': 'fulano@qa.com', 'password': ''...</msg>
<status status="PASS" starttime="20220707 13:52:08.737" endtime="20220707 13:52:08.738"/>
</kw>
<kw name="Set Variable" library="BuiltIn">
<var>${payload}</var>
<arg>${json["${user}"]}</arg>
<doc>Returns the given values which can then be assigned to a variables.</doc>
<msg timestamp="20220707 13:52:08.738" level="INFO">${payload} = {'email': 'Sophia_@qa.com', 'password': 'teste'}</msg>
<status status="PASS" starttime="20220707 13:52:08.738" endtime="20220707 13:52:08.738"/>
</kw>
<kw name="POST On Session" library="RequestsLibrary">
<var>${response}</var>
<arg>serverest</arg>
<arg>/login</arg>
<arg>data=&amp;{payload}</arg>
<arg>expected_status=any</arg>
<doc>Sends a POST request on a previously created HTTP Session.</doc>
<msg timestamp="20220707 13:52:08.740" level="INFO">POST Request : url=http://localhost:3000/login 
 path_url=/login 
 headers={'User-Agent': 'python-requests/2.28.0', 'Accept-Encoding': 'gzip, deflate', 'Accept': '*/*', 'Connection': 'keep-alive', 'Content-Length': '37', 'Content-Type': 'application/x-www-form-urlencoded'} 
 body=email=Sophia_%40qa.com&amp;password=teste 
 </msg>
<msg timestamp="20220707 13:52:08.740" level="INFO">POST Response : url=http://localhost:3000/login 
 status=200, reason=OK 
 headers={'Access-Control-Allow-Origin': '*', 'x-dns-prefetch-control': 'off', 'x-frame-options': 'SAMEORIGIN', 'strict-transport-security': 'max-age=15552000; includeSubDomains', 'x-download-options': 'noopen', 'x-content-type-options': 'nosniff', 'x-xss-protection': '1; mode=block', 'x-moesif-transaction-id': '8960ceda-fff1-436c-bb32-84577d5004b0', 'Content-Type': 'application/json; charset=utf-8', 'Content-Length': '267', 'Date': 'Thu, 07 Jul 2022 16:52:08 GMT', 'Connection': 'keep-alive', 'Keep-Alive': 'timeout=5'} 
 body={
    "message": "Login realizado com sucesso",
    "authorization": "Bearer eyJhbGciOiJIUzI1NiIsInR5cCI6IkpXVCJ9.eyJlbWFpbCI6IlNvcGhpYV9AcWEuY29tIiwicGFzc3dvcmQiOiJ0ZXN0ZSIsImlhdCI6MTY1NzIxMjcyOCwiZXhwIjoxNjU3MjEzMzI4fQ.G5bhsZMvCt-6zFNGNzFZkpNfZ5o1mJOdmr7oT1fwcIk"
} 
 </msg>
<msg timestamp="20220707 13:52:08.741" level="INFO">${response} = &lt;Response [200]&gt;</msg>
<status status="PASS" starttime="20220707 13:52:08.738" endtime="20220707 13:52:08.741"/>
</kw>
<kw name="Log To Console" library="BuiltIn">
<arg>Response: ${response.content}</arg>
<doc>Logs the given message to the console.</doc>
<status status="PASS" starttime="20220707 13:52:08.741" endtime="20220707 13:52:08.741"/>
</kw>
<kw name="Set Global Variable" library="BuiltIn">
<arg>${response}</arg>
<doc>Makes a variable available globally in all tests and suites.</doc>
<msg timestamp="20220707 13:52:08.741" level="INFO">${response} = &lt;Response [200]&gt;</msg>
<status status="PASS" starttime="20220707 13:52:08.741" endtime="20220707 13:52:08.741"/>
</kw>
<status status="PASS" starttime="20220707 13:52:08.737" endtime="20220707 13:52:08.741"/>
</kw>
<kw name="Set Variable" library="BuiltIn">
<var>${token_auth}</var>
<arg>${response.json()["authorization"]}</arg>
<doc>Returns the given values which can then be assigned to a variables.</doc>
<msg timestamp="20220707 13:52:08.742" level="INFO">${token_auth} = Bearer eyJhbGciOiJIUzI1NiIsInR5cCI6IkpXVCJ9.eyJlbWFpbCI6IlNvcGhpYV9AcWEuY29tIiwicGFzc3dvcmQiOiJ0ZXN0ZSIsImlhdCI6MTY1NzIxMjcyOCwiZXhwIjoxNjU3MjEzMzI4fQ.G5bhsZMvCt-6zFNGNzFZkpNfZ5o1mJOdmr7oT1fwcIk</msg>
<status status="PASS" starttime="20220707 13:52:08.741" endtime="20220707 13:52:08.742"/>
</kw>
<kw name="Set Global Variable" library="BuiltIn">
<arg>${token_auth}</arg>
<doc>Makes a variable available globally in all tests and suites.</doc>
<msg timestamp="20220707 13:52:08.742" level="INFO">${token_auth} = Bearer eyJhbGciOiJIUzI1NiIsInR5cCI6IkpXVCJ9.eyJlbWFpbCI6IlNvcGhpYV9AcWEuY29tIiwicGFzc3dvcmQiOiJ0ZXN0ZSIsImlhdCI6MTY1NzIxMjcyOCwiZXhwIjoxNjU3MjEzMzI4fQ.G5bhsZMvCt-6zFNGNzFZkpNfZ5o1mJOdmr7oT1fwcIk</msg>
<status status="PASS" starttime="20220707 13:52:08.742" endtime="20220707 13:52:08.742"/>
</kw>
<status status="PASS" starttime="20220707 13:52:08.737" endtime="20220707 13:52:08.742"/>
</kw>
<kw name="Criar Dados para Produto Dinamico Válido" library="dynamics">
<kw name="Text" library="FakerLibrary">
<var>${nome}</var>
<arg>max_nb_chars=25</arg>
<doc>Generate a text string.</doc>
<msg timestamp="20220707 13:52:08.742" level="INFO">${nome} = Real main wrong.</msg>
<status status="PASS" starttime="20220707 13:52:08.742" endtime="20220707 13:52:08.742"/>
</kw>
<kw name="Random Int" library="FakerLibrary">
<var>${preco}</var>
<arg>min=20</arg>
<arg>max=1500</arg>
<doc>Generate a random integer between two integers ``min`` and ``max`` inclusive
while observing the provided ``step`` value.</doc>
<msg timestamp="20220707 13:52:08.743" level="INFO">${preco} = 566</msg>
<status status="PASS" starttime="20220707 13:52:08.742" endtime="20220707 13:52:08.743"/>
</kw>
<kw name="Text" library="FakerLibrary">
<var>${descricao}</var>
<arg>max_nb_chars=60</arg>
<doc>Generate a text string.</doc>
<msg timestamp="20220707 13:52:08.743" level="INFO">${descricao} = Evening memory teach growth coach. Young store general PM.</msg>
<status status="PASS" starttime="20220707 13:52:08.743" endtime="20220707 13:52:08.743"/>
</kw>
<kw name="Random Int" library="FakerLibrary">
<var>${quantidade}</var>
<arg>min=2</arg>
<arg>max=500</arg>
<doc>Generate a random integer between two integers ``min`` and ``max`` inclusive
while observing the provided ``step`` value.</doc>
<msg timestamp="20220707 13:52:08.743" level="INFO">${quantidade} = 281</msg>
<status status="PASS" starttime="20220707 13:52:08.743" endtime="20220707 13:52:08.743"/>
</kw>
<kw name="Create Dictionary" library="BuiltIn">
<var>${payload}</var>
<arg>nome=${nome}</arg>
<arg>preco=${preco}</arg>
<arg>descricao=${descricao}</arg>
<arg>quantidade=${quantidade}</arg>
<doc>Creates and returns a dictionary based on the given ``items``.</doc>
<msg timestamp="20220707 13:52:08.743" level="INFO">${payload} = {'nome': 'Real main wrong.', 'preco': 566, 'descricao': 'Evening memory teach growth coach. Young store general PM.', 'quantidade': 281}</msg>
<status status="PASS" starttime="20220707 13:52:08.743" endtime="20220707 13:52:08.743"/>
</kw>
<kw name="Set Global Variable" library="BuiltIn">
<arg>${payload}</arg>
<doc>Makes a variable available globally in all tests and suites.</doc>
<msg timestamp="20220707 13:52:08.744" level="INFO">${payload} = {'nome': 'Real main wrong.', 'preco': 566, 'descricao': 'Evening memory teach growth coach. Young store general PM.', 'quantidade': 281}</msg>
<status status="PASS" starttime="20220707 13:52:08.743" endtime="20220707 13:52:08.744"/>
</kw>
<status status="PASS" starttime="20220707 13:52:08.742" endtime="20220707 13:52:08.744"/>
</kw>
<kw name="POST Endpoint /produtos" library="produtos_keywords">
<kw name="Create Dictionary" library="BuiltIn">
<var>&amp;{header}</var>
<arg>Authorization=${token_auth}</arg>
<doc>Creates and returns a dictionary based on the given ``items``.</doc>
[...]
<status status="PASS" starttime="20220707 13:52:09.202" endtime="20220707 13:52:09.202"/>
</kw>
<status status="PASS" starttime="20220707 13:52:09.198" endtime="20220707 13:52:09.202"/>
</kw>
<kw name="Coletar ID Produto Aleatorio" library="produtos_keywords">
<kw name="GET On Session" library="RequestsLibrary">
<var>${response}</var>
<arg>serverest</arg>
<arg>/produtos</arg>
<doc>Sends a GET request on a previously created HTTP Session.</doc>
<msg timestamp="20220707 13:52:09.205" level="INFO">GET Request : url=http://localhost:3000/produtos 
 path_url=/produtos 
 headers={'User-Agent': 'python-requests/2.28.0', 'Accept-Encoding': 'gzip, deflate', 'Accept': '*/*', 'Connection': 'keep-alive'} 
 body=None 
 </msg>
<msg timestamp="20220707 13:52:09.205" level="INFO">GET Response : url=http://localhost:3000/produtos 
 status=200, reason=OK 
 headers={'Access-Control-Allow-Origin': '*', 'x-dns-prefetch-control': 'off', 'x-frame-options': 'SAMEORIGIN', 'strict-transport-security': 'max-age=15552000; includeSubDomains', 'x-download-options': 'noopen', 'x-content-type-options': 'nosniff', 'x-xss-protection': '1; mode=block', 'x-moesif-transaction-id': '14806df0-10f8-40ab-8453-9796a9578d46', 'Content-Type': 'application/json; charset=utf-8', 'Content-Length': '63450', 'Date': 'Thu, 07 Jul 2022 16:52:09 GMT', 'Connection': 'keep-alive', 'Keep-Alive': 'timeout=5'} 
 body={
    "quantidade": 277,
    "produtos": [
        {
            "nome": "Inside his eye help.",
            "preco": 783,
            "descricao": "Have answer provide believe. Fast class hear apply bar.",
            "quantidade": 148,
            "_id": "0B7LRkvYgRnq92ct"
        },
        {
            "nome": "Meet small total rule.",
            "preco": 432,
            "descricao": "History Mr everything lay safe.",
            "quantidade": 0,
            "_id": "0CKP2J8YNajw2inL"
        },
        {
            "nome": "Magazine sound.",
            "preco": 403,
            "descricao": "Professor that grow some here how six.",
            "quantidade": 0,
            "_id": "0D79HwssDmuBQCSE"
        },
        {
            "nome": "Him if baby mention.",
            "preco": 1039,
            "descricao": "Student meeting mouth happy some full sound.",
            "quantidade": 116,
            "_id": "0KlMdEFdcxctx5CQ"
        },
        {
            "nome": "Right arrive reason off.",
            "preco": 1243,
            "descricao": "Consider positive threat field style turn whatever.",
            "quantidade": 194,
            "_id": "0Ovx26lBdwZZMqRM"
        },
        {
            "nome": "Attack leader stop.",
            "preco": 106,
            "descricao": "Door situation everybody night stock down.",
            "quantidade": 279,
            "_id": "0sCa77xnUnEwhEom"
        },
        {
            "nome": "Now the speak.",
            "preco": 1411,
            "descricao": "Case tend offer seat sense scene science.",
            "quantidade": 354,
            "_id": "1B9DqRr8Mq5jwzrx"
        },
        {
            "nome": "Movie miss.",
            "preco": 276,
            "descricao": "Effect side for only why future case.",
            "quantidade": 0,
            "_id": "1Zr0vERPcSTm0f0T"
        },
        {
            "nome": "Church as term.",
            "preco": 1049,
            "descricao": "System bed a message. National difficult exist bar inside.",
            "quantidade": 96,
            "_id": "24RBTgxxPtZT0hSZ"
        },
        {
            "nome": "Plan itself choose mind.",
            "preco": 227,
            "descricao": "Data item bad west article perhaps save far.",
            "quantidade": 382,
            "_id": "2RD2J6PnvamuuNKm"
        },
        {
            "nome": "Ever both.",
            "preco": 862,
            "descricao": "Issue serious policy stop some understand talk although.",
            "quantidade": 267,
            "_id": "2lGzXhH4DwZWRRph"
        },
        {
            "nome": "She eye everyone.",
            "preco": 57,
            "descricao": "Pm game the concern speech table black.",
            "quantidade": 164,
            "_id": "2yGkkbESm7Ybd0Qg"
        },
        {
            "nome": "Adult pay community.",
            "preco": 1293,
            "descricao": "Dinner help PM expert surface six.",
            "quantidade": 408,
            "_id": "3R4l26gxYWqHYGWF"
        },
        {
            "nome": "Worry range visit.",
            "preco": 918,
            "descricao": "Hundred quite gun boy budget scene.",
            "quantidade": 159,
            "_id": "4QKhC2SD3nKX3MWI"
        },
        {
            "nome": "Sea phone adult.",
            "preco": 1133,
            "descricao": "Another young bad food organization high remember.",
            "quantidade": 324,
            "_id": "4hPAz5dT6Lv0KFh9"
        },
        {
            "nome": "Ground for than.",
            "preco": 45,
            "descricao": "Body coach short people hair. Kind mother contain.",
            "quantidade": 0,
            "_id": "4iJD7mmAivP48D71"
        },
        {
            "nome": "Stock blood white fight.",
            "preco": 1488,
            "descricao": "Necessary PM technology choose race analysis former.",
            "quantidade": 362,
            "_id": "5Cs5TTq2TG4kgbOK"
        },
        {
            "nome": "Reach wife meet.",
            "preco": 1440,
            "descricao": "Under lead should home. Present program over white their.",
            "quantidade": 262,
            "_id": "5G4spn0K8jjpn6ZM"
        },
        {
            "nome": "Family late scientist.",
            "preco": 1500,
            "descricao": "Edge enter show recent sure. Pick national research gun.",
            "quantidade": 447,
            "_id": "5Inn5NH4Bmfb3zB5"
        },
        {
            "nome": "Very sit yard read.",
            "preco": 1065,
            "descricao": "Front four central best maybe.",
            "quantidade": 0,
            "_id": "5wCv0gMS6AdqjYYu"
        },
        {
            "nome": "Out Mr red morning.",
            "preco": 624,
            "descricao": "Research owner hit action seem hope.",
            "quantidade": 262,
            "_id": "6I15KV14JVP33xiV"
        },
        {
            "nome": "Lead so class each.",
            "preco": 520,
            "descricao": "Again name back prepare suddenly it.",
            "quantidade": 0,
            "_id": "6rbXIX3eh2PJvOIs"
        },
        {
            "nome": "Office art goal when.",
            "preco": 1390,
            "descricao": "Field car house among. Now near list cell kid air read.",
            "quantidade": 249,
            "_id": "79sMIF6lrz3dhzoH"
        },
        {
            "nome": "Care response avoid.",
            "preco": 154,
            "descricao": "Everyone feeling important down.",
            "quantidade": 429,
            "_id": "7LFMHRoVhgOu4W1j"
        },
        {
            "nome": "Agency by it process.",
            "preco": 1223,
            "descricao": "Lose pay pull after. Republican must reach whom.",
            "quantidade": 160,
            "_id": "7iZgqLpmK7sL9XL3"
        },
        {
            "nome": "Star case top thing.",
            "preco": 1167,
            "descricao": "Suggest really seven garden. Happen news edge you term.",
            "quantidade": 242,
            "_id": "7jmMzCg2gXfbTol2"
        },
        {
            "nome": "Network skin trip send.",
            "preco": 754,
            "descricao": "Age sister glass determine.",
            "quantidade": 0,
            "_id": "8ZruIwF813nRqu7Y"
        },
        {
            "nome": "Kid rule data career.",
            "preco": 1248,
            "descricao": "Institution item medical believe.",
            "quantidade": 82,
            "_id": "8aTzA2DN2Clfnkzx"
        },
        {
            "nome": "Worry cover ready eat.",
            "preco": 1499,
            "descricao": "Computer guy best from. Report group rate.",
            "quantidade": 286,
            "_id": "9ljAHe9dcRtDquU5"
        },
        {
            "nome": "News result can be drug.",
            "preco": 1348,
            "descricao": "Chair card them get simple practice there feeling.",
            "quantidade": 425,
            "_id": "9o4kIv99UrdUqy7X"
        },
        {
            "nome": "Far thus coach indeed.",
            "preco": 879,
            "descricao": "Address really traditional security grow series still.",
            "quantidade": 363,
            "_id": "9oHUBjOj7PccYFYi"
        },
        {
            "nome": "Great including century.",
            "preco": 1331,
            "descricao": "Group summer discussion. Perhaps international whom best.",
            "quantidade": 224,
            "_id": "9oVG3ijIj77denhy"
        },
        {
            "nome": "Benefit quite none.",
            "preco": 991,
            "descricao": "Relate soldier describe show attention church.",
            "quantidade": 0,
            "_id": "A6Crr7AenbYi9l6K"
        },
        {
            "nome": "Support hot whom firm.",
            "preco": 77,
            "descricao": "Role college particular do group you energy.",
            "quantidade": 0,
            "_id": "A86CqqC8rM3nqjQK"
        },
        {
            "nome": "Yet class trouble.",
            "preco": 1223,
            "descricao": "Get marriage field him. Walk other him can attorney else.",
            "quantidade": 101,
            "_id": "ADS7tCsS70Dnb8q6"
        },
        {
            "nome": "Guess task act stay.",
            "preco": 1047,
            "descricao": "You night middle our wrong number.",
            "quantidade": 498,
            "_id": "AMKxQBE1kLzV8VME"
        },
        {
            "nome": "Himself free man.",
            "preco": 43,
            "descricao": "Interesting design write measure any.",
            "quantidade": 137,
            "_id": "ATXRjgiPw7NCmDLR"
        },
        {
            "nome": "Society base any bank.",
            "preco": 233,
            "descricao": "Team necessary view reveal difficult there.",
            "quantidade": 243,
            "_id": "AeFromEzb2AAPkVW"
        },
        {
            "nome": "Pm good nation gun.",
            "preco": 654,
            "descricao": "Ability the up attorney family voice likely American.",
            "quantidade": 23,
            "_id": "Atk2ui2ONkimNU6v"
        },
        {
            "nome": "Do card trouble rich.",
            "preco": 201,
            "descricao": "Able anything decade live.",
            "quantidade": 0,
            "_id": "BPDz1wGw7gZrJFn5"
        },
        {
            "nome": "Life phone brother fish.",
            "preco": 733,
            "descricao": "Stage deal itself leader kid onto because.",
            "quantidade": 414,
            "_id": "BVUeW7oItpoqtES4"
        },
        {
            "nome": "Mention writer thus.",
            "preco": 1303,
            "descricao": "Seem eat establish home.",
            "quantidade": 91,
            "_id": "BZSkQm10IkIboOS1"
        },
        {
            "nome": "Old difference.",
            "preco": 200,
            "descricao": "Win participant dog economic local.",
            "quantidade": 37,
            "_id": "BeeJh5lz3k6kSIzA"
        }... (set the log level to DEBUG or TRACE to see the full content) 
 </msg>
<msg timestamp="20220707 13:52:09.205" level="INFO">${response} = &lt;Response [200]&gt;</msg>
<status status="PASS" starttime="20220707 13:52:09.203" endtime="20220707 13:52:09.205"/>
</kw>
<kw name="Evaluate" library="BuiltIn">
<var>${numbers}</var>
<arg>random.sample(range(1, ${response.json()["quantidade"]}),1)</arg>
<arg>random</arg>
<doc>Evaluates the given expression in Python and returns the result.</doc>
<msg timestamp="20220707 13:52:09.206" level="INFO">${numbers} = [55]</msg>
<status status="PASS" starttime="20220707 13:52:09.205" endtime="20220707 13:52:09.206"/>
</kw>
<kw name="Set Variable" library="BuiltIn">
<var>${id_produto}</var>
<arg>${response.json()["produtos"][${numbers}[0]]["_id"]}</arg>
<doc>Returns the given values which can then be assigned to a variables.</doc>
<msg timestamp="20220707 13:52:09.207" level="INFO">${id_produto} = ECm95xQmelBb9xlD</msg>
<status status="PASS" starttime="20220707 13:52:09.206" endtime="20220707 13:52:09.207"/>
</kw>
<kw name="Set Global Variable" library="BuiltIn">
<arg>${id_produto}</arg>
<doc>Makes a variable available globally in all tests and suites.</doc>
<msg timestamp="20220707 13:52:09.208" level="INFO">${id_produto} = ECm95xQmelBb9xlD</msg>
<status status="PASS" starttime="20220707 13:52:09.207" endtime="20220707 13:52:09.208"/>
</kw>
<status status="PASS" starttime="20220707 13:52:09.202" endtime="20220707 13:52:09.208"/>
</kw>
<kw name="DELETE Endpoint /produtos" library="produtos_keywords">
<kw name="Create Dictionary" library="BuiltIn">
<var>&amp;{header}</var>
<arg>Authorization=${token_auth}</arg>
<doc>Creates and returns a dictionary based on the given ``items``.</doc>
<msg timestamp="20220707 13:52:09.208" level="INFO">&amp;{header} = { Authorization=Bearer eyJhbGciOiJIUzI1NiIsInR5cCI6IkpXVCJ9.eyJlbWFpbCI6IlNvcGhpYV9AcWEuY29tIiwicGFzc3dvcmQiOiJ0ZXN0ZSIsImlhdCI6MTY1NzIxMjcyOSwiZXhwIjoxNjU3MjEzMzI5fQ.ZzzG6cQBHXtzHx-elrd4c05oteAWq-h1e...</msg>
<status status="PASS" starttime="20220707 13:52:09.208" endtime="20220707 13:52:09.208"/>
</kw>
<kw name="DELETE On Session" library="RequestsLibrary">
<var>${response}</var>
<arg>serverest</arg>
<arg>/produtos/${id_produto}</arg>
<arg>headers=${header}</arg>
<arg>expected_status=any</arg>
<doc>Sends a DELETE request on a previously created HTTP Session.</doc>
<msg timestamp="20220707 13:52:09.210" level="INFO">DELETE Request : url=http://localhost:3000/produtos/ECm95xQmelBb9xlD 
 path_url=/produtos/ECm95xQmelBb9xlD 
 headers={'User-Agent': 'python-requests/2.28.0', 'Accept-Encoding': 'gzip, deflate', 'Accept': '*/*', 'Connection': 'keep-alive', 'Authorization': 'Bearer eyJhbGciOiJIUzI1NiIsInR5cCI6IkpXVCJ9.eyJlbWFpbCI6IlNvcGhpYV9AcWEuY29tIiwicGFzc3dvcmQiOiJ0ZXN0ZSIsImlhdCI6MTY1NzIxMjcyOSwiZXhwIjoxNjU3MjEzMzI5fQ.ZzzG6cQBHXtzHx-elrd4c05oteAWq-h1eimiVr_MWJ0', 'Content-Length': '0'} 
 body=None 
 </msg>
<msg timestamp="20220707 13:52:09.210" level="INFO">DELETE Response : url=http://localhost:3000/produtos/ECm95xQmelBb9xlD 
 status=403, reason=Forbidden 
 headers={'Access-Control-Allow-Origin': '*', 'x-dns-prefetch-control': 'off', 'x-frame-options': 'SAMEORIGIN', 'strict-transport-security': 'max-age=15552000; includeSubDomains', 'x-download-options': 'noopen', 'x-content-type-options': 'nosniff', 'x-xss-protection': '1; mode=block', 'x-moesif-transaction-id': 'a22edccd-2fa3-409a-8ba7-e155baa42497', 'Content-Type': 'application/json; charset=utf-8', 'Content-Length': '56', 'Date': 'Thu, 07 Jul 2022 16:52:09 GMT', 'Connection': 'keep-alive', 'Keep-Alive': 'timeout=5'} 
 body={
    "message": "Rota exclusiva para administradores"
} 
 </msg>
<msg timestamp="20220707 13:52:09.210" level="INFO">${response} = &lt;Response [403]&gt;</msg>
<status status="PASS" starttime="20220707 13:52:09.208" endtime="20220707 13:52:09.210"/>
</kw>
<kw name="Log To Console" library="BuiltIn">
<arg>Response: ${response.content}</arg>
<doc>Logs the given message to the console.</doc>
<status status="PASS" starttime="20220707 13:52:09.210" endtime="20220707 13:52:09.210"/>
</kw>
<kw name="Set Global Variable" library="BuiltIn">
<arg>${response}</arg>
<doc>Makes a variable available globally in all tests and suites.</doc>
<msg timestamp="20220707 13:52:09.211" level="INFO">${response} = &lt;Response [403]&gt;</msg>
<status status="PASS" starttime="20220707 13:52:09.211" endtime="20220707 13:52:09.211"/>
</kw>
<status status="PASS" starttime="20220707 13:52:09.208" endtime="20220707 13:52:09.211"/>
</kw>
<kw name="Validar Status Code &quot;403&quot;" library="common" sourcename="Validar Status Code &quot;${statuscode}&quot;">
<kw name="Should Be True" library="BuiltIn">
<arg>${response.status_code} == ${statuscode}</arg>
<doc>Fails if the given condition is not true.</doc>
<status status="PASS" starttime="20220707 13:52:09.211" endtime="20220707 13:52:09.212"/>
</kw>
<status status="PASS" starttime="20220707 13:52:09.211" endtime="20220707 13:52:09.212"/>
</kw>
<kw name="Validar Se &quot;message&quot; Contem &quot;Rota exclusiva para administradores&quot;" library="common" sourcename="Validar Se &quot;${chave}&quot; Contem &quot;${texto}&quot;">
<kw name="Should Contain" library="BuiltIn">
<arg>${response.json()["${chave}"]}</arg>
<arg>${texto}</arg>
<doc>Fails if ``container`` does not contain ``item`` one or more times.</doc>
<status status="PASS" starttime="20220707 13:52:09.212" endtime="20220707 13:52:09.212"/>
</kw>
<status status="PASS" starttime="20220707 13:52:09.212" endtime="20220707 13:52:09.212"/>
</kw>
<tag>DELETE</tag>
<tag>DELETE_produto_sem_adm</tag>
<status status="PASS" starttime="20220707 13:52:09.197" endtime="20220707 13:52:09.212"/>
</test>
<doc>Arquivo de Testes para o endpoint /produtos</doc>
<status status="PASS" starttime="20220707 13:52:08.315" endtime="20220707 13:52:09.213"/>
</suite>
<statistics>
<total>
<stat pass="32" fail="0" skip="0">All Tests</stat>
</total>
<tag>
<stat pass="4" fail="0" skip="0">DELETE</stat>
<stat pass="1" fail="0" skip="0">DELETE_produto</stat>
<stat pass="1" fail="0" skip="0">DELETE_produto_id_invalido</stat>
<stat pass="1" fail="0" skip="0">DELETE_produto_sem_adm</stat>
<stat pass="1" fail="0" skip="0">DELETE_produto_token_invalido</stat>
<stat pass="3" fail="0" skip="0">GET</stat>
<stat pass="1" fail="0" skip="0">GET_produto_id</stat>
<stat pass="1" fail="0" skip="0">GET_produto_id_invalido</stat>
<stat pass="1" fail="0" skip="0">GET_produtos</stat>
<stat pass="12" fail="0" skip="0">POST</stat>
<stat pass="1" fail="0" skip="0">POST_cadastrar_dinamico</stat>
<stat pass="1" fail="0" skip="0">POST_cadastrar_preco_invalido</stat>
<stat pass="1" fail="0" skip="0">POST_cadastrar_preco_negativo</stat>
<stat pass="1" fail="0" skip="0">POST_cadastrar_preco_zero</stat>
<stat pass="1" fail="0" skip="0">POST_cadastrar_quantidade_invalida</stat>
<stat pass="1" fail="0" skip="0">POST_cadastrar_quantidade_negativa</stat>
<stat pass="1" fail="0" skip="0">POST_cadastrar_quantidade_zero</stat>
<stat pass="1" fail="0" skip="0">POST_cadastrar_sem_adm</stat>
<stat pass="1" fail="0" skip="0">POST_cadastrar_sem_descricao</stat>
<stat pass="1" fail="0" skip="0">POST_cadastrar_sem_nome</stat>
<stat pass="1" fail="0" skip="0">POST_cadastrar_token_invalido</stat>
<stat pass="1" fail="0" skip="0">POST_produto_ja_existente</stat>
<stat pass="13" fail="0" skip="0">PUT</stat>
<stat pass="1" fail="0" skip="0">PUT_cadastrar_produto</stat>
<stat pass="1" fail="0" skip="0">PUT_editar_descricao</stat>
<stat pass="1" fail="0" skip="0">PUT_editar_nome</stat>
<stat pass="1" fail="0" skip="0">PUT_editar_preco</stat>
<stat pass="1" fail="0" skip="0">PUT_editar_preco_invalido</stat>
<stat pass="1" fail="0" skip="0">PUT_editar_quantidade</stat>
<stat pass="1" fail="0" skip="0">PUT_editar_quantidade_invalida</stat>
<stat pass="1" fail="0" skip="0">PUT_editar_sem_adm</stat>
<stat pass="1" fail="0" skip="0">PUT_editar_sem_descricao</stat>
<stat pass="1" fail="0" skip="0">PUT_editar_sem_nome</stat>
<stat pass="1" fail="0" skip="0">PUT_editar_todos_dados</stat>
<stat pass="1" fail="0" skip="0">PUT_editar_token_invalido</stat>
<stat pass="1" fail="0" skip="0">PUT_nome_ja_usado</stat>
</tag>
<suite>
<stat pass="32" fail="0" skip="0" id="s1" name="Produtos Tests">Produtos Tests</stat>
</suite>
</statistics>
<errors>
</errors>
</robot>
