<?xml version="1.0" encoding="UTF-8"?>
<robot generator="Robot 5.0.1 (Python 3.10.5 on win32)" generated="20220709 17:32:28.429" rpa="false" schemaversion="3">
<suite id="s1" name="Carrinhos Tests" source="D:\Coisas\Estudos\Compass\Robot_framework\tests\carrinhos_tests.robot">
<kw name="Criar Sessao" library="common" type="SETUP">
<kw name="Create Session" library="RequestsLibrary">
<arg>serverest</arg>
<arg>${BASE_URL}</arg>
<doc>Create Session: create a HTTP session to a server</doc>
<msg timestamp="20220709 17:32:28.761" level="INFO">Creating Session using : alias=serverest, url=http://localhost:3000, headers={},                     cookies={}, auth=None, timeout=None, proxies=None, verify=False,                     debug=0 </msg>
<status status="PASS" starttime="20220709 17:32:28.761" endtime="20220709 17:32:28.761"/>
</kw>
<status status="PASS" starttime="20220709 17:32:28.761" endtime="20220709 17:32:28.761"/>
</kw>
<test id="s1-t1" name="Cenário: GET Todos Carrinhos 200" line="12">
<kw name="GET Endpoint /carrinhos" library="carrinhos_keywords">
<kw name="GET On Session" library="RequestsLibrary">
<var>${response}</var>
<arg>serverest</arg>
<arg>/carrinhos</arg>
<doc>Sends a GET request on a previously created HTTP Session.</doc>
<msg timestamp="20220709 17:32:28.773" level="INFO">GET Request : url=http://localhost:3000/carrinhos 
 path_url=/carrinhos 
 headers={'User-Agent': 'python-requests/2.28.0', 'Accept-Encoding': 'gzip, deflate', 'Accept': '*/*', 'Connection': 'keep-alive'} 
 body=None 
 </msg>
<msg timestamp="20220709 17:32:28.773" level="INFO">GET Response : url=http://localhost:3000/carrinhos 
 status=200, reason=OK 
 headers={'Access-Control-Allow-Origin': '*', 'x-dns-prefetch-control': 'off', 'x-frame-options': 'SAMEORIGIN', 'strict-transport-security': 'max-age=15552000; includeSubDomains', 'x-download-options': 'noopen', 'x-content-type-options': 'nosniff', 'x-xss-protection': '1; mode=block', 'x-moesif-transaction-id': 'b192be83-e19f-4e3c-8367-7723f454241b', 'Content-Type': 'application/json; charset=utf-8', 'Content-Length': '49661', 'Date': 'Sat, 09 Jul 2022 20:32:28 GMT', 'Connection': 'keep-alive', 'Keep-Alive': 'timeout=5'} 
 body={
    "quantidade": 87,
    "carrinhos": [
        {
            "produtos": [
                {
                    "idProduto": "Gz46AdnCSWlIWAQ6",
                    "quantidade": 9,
                    "precoUnitario": 536
                },
                {
                    "idProduto": "5rjiR19GnVPyHuoC",
                    "quantidade": 7,
                    "precoUnitario": 725
                }
            ],
            "precoTotal": 9899,
            "quantidadeTotal": 16,
            "idUsuario": "VdJPj5kakjOqMLdn",
            "_id": "0WgBK5VS1gr38bR5"
        },
        {
            "produtos": [
                {
                    "idProduto": "1OFx9bLLTkhgiYJa",
                    "quantidade": 5,
                    "precoUnitario": 939
                },
                {
                    "idProduto": "5IB7bIL7NQw1cS7l",
                    "quantidade": 1,
                    "precoUnitario": 1376
                },
                {
                    "idProduto": "AbPxTfheokX9IIWa",
                    "quantidade": 2,
                    "precoUnitario": 887
                }
            ],
            "precoTotal": 7845,
            "quantidadeTotal": 8,
            "idUsuario": "ZgIlCBf00tEqkDKI",
            "_id": "0YDjo63aXx6rDdv4"
        },
        {
            "produtos": [
                {
                    "idProduto": "XmyZ4BtcUjZJapHm",
                    "quantidade": 2,
                    "precoUnitario": 1026
                },
                {
                    "idProduto": "I3pu0Twdi1al8ZlJ",
                    "quantidade": 3,
                    "precoUnitario": 916
                },
                {
                    "idProduto": "3Zig7B3sCICcVmwT",
                    "quantidade": 4,
                    "precoUnitario": 973
                }
            ],
            "precoTotal": 8692,
            "quantidadeTotal": 9,
            "idUsuario": "VftT9KC86fLWPSwE",
            "_id": "1yTYNOPI4Z8ygp9V"
        },
        {
            "produtos": [
                {
                    "idProduto": "igKBnET30mNwMnOc",
                    "quantidade": 11,
                    "precoUnitario": 278
                }
            ],
            "precoTotal": 3058,
            "quantidadeTotal": 11,
            "idUsuario": "NsMOrz4zVrhV88tT",
            "_id": "20ZttOEAfU480E0T"
        },
        {
            "produtos": [
                {
                    "idProduto": "LcpLEvZswtqDf72W",
                    "quantidade": 4,
                    "precoUnitario": 473
                },
                {
                    "idProduto": "zEIsLlg47llHoJwR",
                    "quantidade": 2,
                    "precoUnitario": 169
                },
                {
                    "idProduto": "6GwHdWPlhvpUOaVe",
                    "quantidade": 3,
                    "precoUnitario": 668
                },
                {
                    "idProduto": "SanqzJrRiIQJfXe5",
                    "quantidade": 2,
                    "precoUnitario": 698
                }
            ],
            "precoTotal": 5630,
            "quantidadeTotal": 11,
            "idUsuario": "kJQGtEhgUTpbYxr1",
            "_id": "2CVVWZXiBRaqpXLU"
        },
        {
            "produtos": [
                {
                    "idProduto": "nvLCaiylj4ldXLKS",
                    "quantidade": 3,
                    "precoUnitario": 676
                },
                {
                    "idProduto": "sf6zhbUEXq5SRqcN",
                    "quantidade": 4,
                    "precoUnitario": 536
                },
                {
                    "idProduto": "l1DVTQ9FIYu5ixMJ",
                    "quantidade": 4,
                    "precoUnitario": 98
                },
                {
                    "idProduto": "19sbmTUSGGugOiIe",
                    "quantidade": 3,
                    "precoUnitario": 1121
                }
            ],
            "precoTotal": 7927,
            "quantidadeTotal": 14,
            "idUsuario": "Rh3Cfjzg39xnbxdO",
            "_id": "2UPS6eLW8EwOvBt6"
        },
        {
            "produtos": [
                {
                    "idProduto": "TTFL5HrHqdEzQ4sB",
                    "quantidade": 4,
                    "precoUnitario": 416
                }
            ],
            "precoTotal": 1664,
            "quantidadeTotal": 4,
            "idUsuario": "oUFXwFnegTfLFI5x",
            "_id": "2oeTfVjkxRB0Jidn"
        },
        {
            "produtos": [
                {
                    "idProduto": "lRehXePdVVlMUTPU",
                    "quantidade": 2,
                    "precoUnitario": 1206
                },
                {
                    "idProduto": "PnNxCazmTOFbMBQs",
                    "quantidade": 4,
                    "precoUnitario": 520
                }
            ],
            "precoTotal": 4492,
            "quantidadeTotal": 6,
            "idUsuario": "vfM0F0MFF7kuLrMP",
            "_id": "3SHdf1lF5WCLW6il"
        },
        {
            "produtos": [
                {
                    "idProduto": "Z0UNzNStpJpM2IKL",
                    "quantidade": 4,
                    "precoUnitario": 206
                }
            ],
            "precoTotal": 824,
            "quantidadeTotal": 4,
            "idUsuario": "EMvO5kWKaHzmfqkT",
            "_id": "48GGfECQwRErxPJl"
        },
        {
            "produtos": [
                {
                    "idProduto": "jtR5YFmpbUktDWG7",
                    "quantidade": 3,
                    "precoUnitario": 272
                },
                {
                    "idProduto": "sWvGkArOHyUAXRv2",
                    "quantidade": 2,
                    "precoUnitario": 682
                }
            ],
            "precoTotal": 2180,
            "quantidadeTotal": 5,
            "idUsuario": "ndtbaAHXhGRTggyw",
            "_id": "4CYw8VML28THpmcU"
        },
        {
            "produtos": [
                {
                    "idProduto": "udYCTZFjvH10TSaF",
                    "quantidade": 3,
                    "precoUnitario": 744
                },
                {
                    "idProduto": "It9qiTyvwOJVinbf",
                    "quantidade": 3,
                    "precoUnitario": 377
                }
            ],
            "precoTotal": 3363,
            "quantidadeTotal": 6,
            "idUsuario": "DBjMDIuk1aRGfuKx",
            "_id": "4bRsXel4zk0GBrZS"
        },
        {
            "produtos": [
                {
                    "idProduto": "2GzFwdItGqbq27VG",
                    "quantidade": 2,
                    "precoUnitario": 886
                },
                {
                    "idProduto": "3JtnsShErftbdEYs",
                    "quantidade": 2,
                    "precoUnitario": 72
                },
                {
                    "idProduto": "EfmbkwyQTZ8Z4qc2",
                    "quantidade": 2,
                    "precoUnitario": 1458
                }
            ],
            "precoTotal": 4832,
            "quantidadeTotal": 6,
            "idUsuario": "jxkTOw2C4sHncRee",
            "_id": "4xo6Rx07M3m1k2IR"
        },
        {
            "produtos": [
                {
                    "idProduto": "DkzSDLTgyczoH3ze",
                    "quantidade": 2,
                    "precoUnitario": 174
                }
            ],
            "precoTotal": 348,
            "quantidadeTotal": 2,
            "idUsuario": "DXRaIHxjbU1lF79Z",
            "_id": "5UNz3ivE4zQCQjAM"
        },
        {
            "produtos": [
                {
                    "idProduto": "hL09oepr3xbz6UwC",
                    "quantidade": 2,
                    "precoUnitario": 529
                },
                {
                    "idProduto": "fsRipiuJtHa53xMS",
                    "quantidade": 2,
                    "precoUnitario": 806
                }
            ],
            "precoTotal": 2670,
            "quantidadeTotal": 4,
            "idUsuario": "yGdfcdTPm28EQYs8",
            "_id": "6YEDYWn1368UumgX"
        },
        {
            "produtos": [
                {
                    "idProduto": "fj2C6uIhWWU0fxIi",
                    "quantidade": 3,
                    "precoUnitario": 667
                },
                {
                    "idProduto": "bDM236wDvHqD93Lb",
                    "quantidade": 2,
                    "precoUnitario": 1227
                },
                {
                    "idProduto": "THxMVQpDLEjv3DyV",
                    "quantidade": 3,
                    "precoUnitario": 1394
                }
            ],
            "precoTotal": 8637,
            "quantidadeTotal": 8,
            "idUsuario": "oCjRD9kuQXsaJPuO",
            "_id": "6dQ08V42zHxSpiP5"
        },
        {
            "produtos": [
                {
                    "idProduto": "MVL9p4H5e1eLOVZX",
                    "quantidade": 4,
                    "precoUnitario": 1335
                },
                {
                    "idProduto": "r25DBInTziUGHAc1",
                    "quantidade": 4,
                    "precoUnitario": 1325
                },
                {
                    "idProduto": "7dFXXQuXhpwr9gY7",
                    "quantidade": 2,
                    "precoUnitario": 273
                }
            ],
            "precoTotal": 11186,
            "quantidadeTotal": 10,
            "idUsuario": "kvvrYr8bRSECitVn",
            "_id": "79FFUszpIW77LTVJ"
        },
        {
            "produtos": [
                {
                    "idProduto": "YCqCpwgs7Rv57zZH",
                    "quantidade": 2,
                    "precoUnitario": 136
                }
            ],
            "precoTotal": 272,
            "quantidadeTotal": 2,
            "idUsuario": "mjDOVsknjZNAhpSr",
            "_id": "7WgoFUMZz9ZU3ess"
   ... (set the log level to DEBUG or TRACE to see the full content) 
 </msg>
<msg timestamp="20220709 17:32:28.773" level="INFO">${response} = &lt;Response [200]&gt;</msg>
<status status="PASS" starttime="20220709 17:32:28.762" endtime="20220709 17:32:28.774"/>
</kw>
<kw name="Set Global Variable" library="BuiltIn">
<arg>${response}</arg>
<doc>Makes a variable available globally in all tests and suites.</doc>
<msg timestamp="20220709 17:32:28.774" level="INFO">${response} = &lt;Response [200]&gt;</msg>
<status status="PASS" starttime="20220709 17:32:28.774" endtime="20220709 17:32:28.774"/>
</kw>
<kw name="Log To Console" library="BuiltIn">
<arg>Response: ${response.content}</arg>
<doc>Logs the given message to the console.</doc>
<status status="PASS" starttime="20220709 17:32:28.774" endtime="20220709 17:32:28.779"/>
</kw>
<status status="PASS" starttime="20220709 17:32:28.762" endtime="20220709 17:32:28.780"/>
</kw>
<kw name="Validar Status Code &quot;200&quot;" library="common" sourcename="Validar Status Code &quot;${statuscode}&quot;">
<kw name="Should Be True" library="BuiltIn">
<arg>${response.status_code} == ${statuscode}</arg>
<doc>Fails if the given condition is not true.</doc>
<status status="PASS" starttime="20220709 17:32:28.780" endtime="20220709 17:32:28.781"/>
</kw>
<status status="PASS" starttime="20220709 17:32:28.780" endtime="20220709 17:32:28.781"/>
</kw>
<tag>GET</tag>
<tag>GET_carrinhos</tag>
<status status="PASS" starttime="20220709 17:32:28.762" endtime="20220709 17:32:28.782"/>
</test>
<test id="s1-t2" name="Cenário: GET Carrinho por ID 200" line="17">
<kw name="Coletar ID Carrinho Aleatorio" library="carrinhos_keywords">
<kw name="GET On Session" library="RequestsLibrary">
<var>${response}</var>
<arg>serverest</arg>
<arg>/carrinhos</arg>
<doc>Sends a GET request on a previously created HTTP Session.</doc>
<msg timestamp="20220709 17:32:28.784" level="INFO">GET Request : url=http://localhost:3000/carrinhos 
 path_url=/carrinhos 
 headers={'User-Agent': 'python-requests/2.28.0', 'Accept-Encoding': 'gzip, deflate', 'Accept': '*/*', 'Connection': 'keep-alive'} 
 body=None 
 </msg>
<msg timestamp="20220709 17:32:28.784" level="INFO">GET Response : url=http://localhost:3000/carrinhos 
 status=200, reason=OK 
 headers={'Access-Control-Allow-Origin': '*', 'x-dns-prefetch-control': 'off', 'x-frame-options': 'SAMEORIGIN', 'strict-transport-security': 'max-age=15552000; includeSubDomains', 'x-download-options': 'noopen', 'x-content-type-options': 'nosniff', 'x-xss-protection': '1; mode=block', 'x-moesif-transaction-id': 'dbcdb020-2f3b-4d7c-84f7-54e2c2778029', 'Content-Type': 'application/json; charset=utf-8', 'Content-Length': '49661', 'Date': 'Sat, 09 Jul 2022 20:32:28 GMT', 'Connection': 'keep-alive', 'Keep-Alive': 'timeout=5'} 
 body={
    "quantidade": 87,
    "carrinhos": [
        {
            "produtos": [
                {
                    "idProduto": "Gz46AdnCSWlIWAQ6",
                    "quantidade": 9,
                    "precoUnitario": 536
                },
                {
                    "idProduto": "5rjiR19GnVPyHuoC",
                    "quantidade": 7,
                    "precoUnitario": 725
                }
            ],
            "precoTotal": 9899,
            "quantidadeTotal": 16,
            "idUsuario": "VdJPj5kakjOqMLdn",
            "_id": "0WgBK5VS1gr38bR5"
        },
        {
            "produtos": [
                {
                    "idProduto": "1OFx9bLLTkhgiYJa",
                    "quantidade": 5,
                    "precoUnitario": 939
                },
                {
                    "idProduto": "5IB7bIL7NQw1cS7l",
                    "quantidade": 1,
                    "precoUnitario": 1376
                },
                {
                    "idProduto": "AbPxTfheokX9IIWa",
                    "quantidade": 2,
                    "precoUnitario": 887
                }
            ],
            "precoTotal": 7845,
            "quantidadeTotal": 8,
            "idUsuario": "ZgIlCBf00tEqkDKI",
            "_id": "0YDjo63aXx6rDdv4"
        },
        {
            "produtos": [
                {
                    "idProduto": "XmyZ4BtcUjZJapHm",
                    "quantidade": 2,
                    "precoUnitario": 1026
                },
                {
                    "idProduto": "I3pu0Twdi1al8ZlJ",
                    "quantidade": 3,
                    "precoUnitario": 916
                },
                {
                    "idProduto": "3Zig7B3sCICcVmwT",
                    "quantidade": 4,
                    "precoUnitario": 973
                }
            ],
            "precoTotal": 8692,
            "quantidadeTotal": 9,
            "idUsuario": "VftT9KC86fLWPSwE",
            "_id": "1yTYNOPI4Z8ygp9V"
        },
        {
            "produtos": [
                {
                    "idProduto": "igKBnET30mNwMnOc",
                    "quantidade": 11,
                    "precoUnitario": 278
                }
            ],
            "precoTotal": 3058,
            "quantidadeTotal": 11,
            "idUsuario": "NsMOrz4zVrhV88tT",
            "_id": "20ZttOEAfU480E0T"
        },
        {
            "produtos": [
                {
                    "idProduto": "LcpLEvZswtqDf72W",
                    "quantidade": 4,
                    "precoUnitario": 473
                },
                {
                    "idProduto": "zEIsLlg47llHoJwR",
                    "quantidade": 2,
                    "precoUnitario": 169
                },
                {
                    "idProduto": "6GwHdWPlhvpUOaVe",
                    "quantidade": 3,
                    "precoUnitario": 668
                },
                {
                    "idProduto": "SanqzJrRiIQJfXe5",
                    "quantidade": 2,
                    "precoUnitario": 698
                }
            ],
            "precoTotal": 5630,
            "quantidadeTotal": 11,
            "idUsuario": "kJQGtEhgUTpbYxr1",
            "_id": "2CVVWZXiBRaqpXLU"
        },
        {
            "produtos": [
                {
                    "idProduto": "nvLCaiylj4ldXLKS",
                    "quantidade": 3,
                    "precoUnitario": 676
                },
                {
                    "idProduto": "sf6zhbUEXq5SRqcN",
                    "quantidade": 4,
                    "precoUnitario": 536
                },
                {
                    "idProduto": "l1DVTQ9FIYu5ixMJ",
                    "quantidade": 4,
                    "precoUnitario": 98
                },
                {
                    "idProduto": "19sbmTUSGGugOiIe",
                    "quantidade": 3,
                    "precoUnitario": 1121
                }
            ],
            "precoTotal": 7927,
            "quantidadeTotal": 14,
            "idUsuario": "Rh3Cfjzg39xnbxdO",
            "_id": "2UPS6eLW8EwOvBt6"
        },
        {
            "produtos": [
                {
                    "idProduto": "TTFL5HrHqdEzQ4sB",
                    "quantidade": 4,
                    "precoUnitario": 416
                }
            ],
            "precoTotal": 1664,
            "quantidadeTotal": 4,
            "idUsuario": "oUFXwFnegTfLFI5x",
            "_id": "2oeTfVjkxRB0Jidn"
        },
        {
            "produtos": [
                {
                    "idProduto": "lRehXePdVVlMUTPU",
                    "quantidade": 2,
                    "precoUnitario": 1206
                },
                {
                    "idProduto": "PnNxCazmTOFbMBQs",
                    "quantidade": 4,
                    "precoUnitario": 520
                }
            ],
            "precoTotal": 4492,
            "quantidadeTotal": 6,
            "idUsuario": "vfM0F0MFF7kuLrMP",
            "_id": "3SHdf1lF5WCLW6il"
        },
        {
            "produtos": [
                {
                    "idProduto": "Z0UNzNStpJpM2IKL",
                    "quantidade": 4,
                    "precoUnitario": 206
                }
            ],
            "precoTotal": 824,
            "quantidadeTotal": 4,
            "idUsuario": "EMvO5kWKaHzmfqkT",
            "_id": "48GGfECQwRErxPJl"
        },
        {
            "produtos": [
                {
                    "idProduto": "jtR5YFmpbUktDWG7",
                    "quantidade": 3,
                    "precoUnitario": 272
                },
                {
                    "idProduto": "sWvGkArOHyUAXRv2",
                    "quantidade": 2,
                    "precoUnitario": 682
                }
            ],
            "precoTotal": 2180,
            "quantidadeTotal": 5,
            "idUsuario": "ndtbaAHXhGRTggyw",
            "_id": "4CYw8VML28THpmcU"
        },
        {
            "produtos": [
                {
                    "idProduto": "udYCTZFjvH10TSaF",
                    "quantidade": 3,
                    "precoUnitario": 744
                },
                {
                    "idProduto": "It9qiTyvwOJVinbf",
                    "quantidade": 3,
                    "precoUnitario": 377
                }
            ],
            "precoTotal": 3363,
            "quantidadeTotal": 6,
            "idUsuario": "DBjMDIuk1aRGfuKx",
            "_id": "4bRsXel4zk0GBrZS"
        },
        {
            "produtos": [
                {
                    "idProduto": "2GzFwdItGqbq27VG",
                    "quantidade": 2,
                    "precoUnitario": 886
                },
                {
                    "idProduto": "3JtnsShErftbdEYs",
                    "quantidade": 2,
                    "precoUnitario": 72
                },
                {
                    "idProduto": "EfmbkwyQTZ8Z4qc2",
                    "quantidade": 2,
                    "precoUnitario": 1458
                }
            ],
            "precoTotal": 4832,
            "quantidadeTotal": 6,
            "idUsuario": "jxkTOw2C4sHncRee",
            "_id": "4xo6Rx07M3m1k2IR"
        },
        {
            "produtos": [
                {
                    "idProduto": "DkzSDLTgyczoH3ze",
                    "quantidade": 2,
                    "precoUnitario": 174
                }
            ],
            "precoTotal": 348,
            "quantidadeTotal": 2,
            "idUsuario": "DXRaIHxjbU1lF79Z",
            "_id": "5UNz3ivE4zQCQjAM"
        },
        {
            "produtos": [
                {
                    "idProduto": "hL09oepr3xbz6UwC",
                    "quantidade": 2,
                    "precoUnitario": 529
                },
                {
                    "idProduto": "fsRipiuJtHa53xMS",
                    "quantidade": 2,
                    "precoUnitario": 806
                }
            ],
            "precoTotal": 2670,
            "quantidadeTotal": 4,
            "idUsuario": "yGdfcdTPm28EQYs8",
            "_id": "6YEDYWn1368UumgX"
        },
        {
            "produtos": [
                {
                    "idProduto": "fj2C6uIhWWU0fxIi",
                    "quantidade": 3,
                    "precoUnitario": 667
                },
                {
                    "idProduto": "bDM236wDvHqD93Lb",
                    "quantidade": 2,
                    "precoUnitario": 1227
                },
                {
                    "idProduto": "THxMVQpDLEjv3DyV",
                    "quantidade": 3,
                    "precoUnitario": 1394
                }
            ],
            "precoTotal": 8637,
            "quantidadeTotal": 8,
            "idUsuario": "oCjRD9kuQXsaJPuO",
            "_id": "6dQ08V42zHxSpiP5"
        },
        {
            "produtos": [
                {
                    "idProduto": "MVL9p4H5e1eLOVZX",
                    "quantidade": 4,
                    "precoUnitario": 1335
                },
                {
                    "idProduto": "r25DBInTziUGHAc1",
                    "quantidade": 4,
                    "precoUnitario": 1325
                },
                {
                    "idProduto": "7dFXXQuXhpwr9gY7",
                    "quantidade": 2,
                    "precoUnitario": 273
                }
            ],
            "precoTotal": 11186,
            "quantidadeTotal": 10,
            "idUsuario": "kvvrYr8bRSECitVn",
            "_id": "79FFUszpIW77LTVJ"
        },
        {
            "produtos": [
                {
                    "idProduto": "YCqCpwgs7Rv57zZH",
                    "quantidade": 2,
                    "precoUnitario": 136
                }
            ],
            "precoTotal": 272,
            "quantidadeTotal": 2,
            "idUsuario": "mjDOVsknjZNAhpSr",
            "_id": "7WgoFUMZz9ZU3ess"
   ... (set the log level to DEBUG or TRACE to see the full content) 
 </msg>
<msg timestamp="20220709 17:32:28.785" level="INFO">${response} = &lt;Response [200]&gt;</msg>
<status status="PASS" starttime="20220709 17:32:28.782" endtime="20220709 17:32:28.785"/>
</kw>
<kw name="Evaluate" library="BuiltIn">
<var>${numbers}</var>
<arg>random.sample(range(0, ${response.json()["quantidade"]}),1)</arg>
<arg>random</arg>
<doc>Evaluates the given expression in Python and returns the result.</doc>
<msg timestamp="20220709 17:32:28.785" level="INFO">${numbers} = [81]</msg>
<status status="PASS" starttime="20220709 17:32:28.785" endtime="20220709 17:32:28.785"/>
</kw>
<kw name="Set Variable" library="BuiltIn">
<var>${id_carrinho}</var>
<arg>${response.json()["carrinhos"][${numbers}[0]]["_id"]}</arg>
<doc>Returns the given values which can then be assigned to a variables.</doc>
<msg timestamp="20220709 17:32:28.786" level="INFO">${id_carrinho} = ubaJybGI0Ob8wlsN</msg>
<status status="PASS" starttime="20220709 17:32:28.786" endtime="20220709 17:32:28.786"/>
</kw>
<kw name="Set Global Variable" library="BuiltIn">
<arg>${id_carrinho}</arg>
<doc>Makes a variable available globally in all tests and suites.</doc>
<msg timestamp="20220709 17:32:28.786" level="INFO">${id_carrinho} = ubaJybGI0Ob8wlsN</msg>
<status status="PASS" starttime="20220709 17:32:28.786" endtime="20220709 17:32:28.786"/>
</kw>
<status status="PASS" starttime="20220709 17:32:28.782" endtime="20220709 17:32:28.786"/>
</kw>
<kw name="GET Endpoint /carrinhos por ID" library="carrinhos_keywords">
<kw name="GET On Session" library="RequestsLibrary">
<var>${response}</var>
<arg>serverest</arg>
<arg>/carrinhos/${id_carrinho}</arg>
<arg>expected_status=any</arg>
<doc>Sends a GET request on a previously created HTTP Session.</doc>
<msg timestamp="20220709 17:32:28.788" level="INFO">GET Request : url=http://localhost:3000/carrinhos/ubaJybGI0Ob8wlsN 
 path_url=/carrinhos/ubaJybGI0Ob8wlsN 
 headers={'User-Agent': 'python-requests/2.28.0', 'Accept-Encoding': 'gzip, deflate', 'Accept': '*/*', 'Connection': 'keep-alive'} 
 body=None 
 </msg>
<msg timestamp="20220709 17:32:28.788" level="INFO">GET Response : url=http://localhost:3000/carrinhos/ubaJybGI0Ob8wlsN 
 status=200, reason=OK 
 headers={'Access-Control-Allow-Origin': '*', 'x-dns-prefetch-control': 'off', 'x-frame-options': 'SAMEORIGIN', 'strict-transport-security': 'max-age=15552000; includeSubDomains', 'x-download-options': 'noopen', 'x-content-type-options': 'nosniff', 'x-xss-protection': '1; mode=block', 'x-moesif-transaction-id': '494dbc1f-6520-406b-b79a-2cea85b62e9d', 'Content-Type': 'application/json; charset=utf-8', 'Content-Length': '273', 'Date': 'Sat, 09 Jul 2022 20:32:28 GMT', 'Connection': 'keep-alive', 'Keep-Alive': 'timeout=5'} 
 body={
    "produtos": [
        {
            "idProduto": "RiZDyPIkpfuzrzeb",
            "quantidade": 6,
            "precoUnitario": 1122
        }
    ],
    "precoTotal": 6732,
    "quantidadeTotal": 6,
    "idUsuario": "e6iLLIHwSCxLmEkZ",
    "_id": "ubaJybGI0Ob8wlsN"
} 
 </msg>
<msg timestamp="20220709 17:32:28.788" level="INFO">${response} = &lt;Response [200]&gt;</msg>
<status status="PASS" starttime="20220709 17:32:28.787" endtime="20220709 17:32:28.788"/>
</kw>
<kw name="Set Global Variable" library="BuiltIn">
<arg>${response}</arg>
<doc>Makes a variable available globally in all tests and suites.</doc>
<msg timestamp="20220709 17:32:28.788" level="INFO">${response} = &lt;Response [200]&gt;</msg>
<status status="PASS" starttime="20220709 17:32:28.788" endtime="20220709 17:32:28.788"/>
</kw>
<kw name="Log To Console" library="BuiltIn">
<arg>Response: ${response.content}</arg>
<doc>Logs the given message to the console.</doc>
<status status="PASS" starttime="20220709 17:32:28.789" endtime="20220709 17:32:28.789"/>
</kw>
<status status="PASS" starttime="20220709 17:32:28.786" endtime="20220709 17:32:28.789"/>
</kw>
<kw name="Validar Status Code &quot;200&quot;" library="common" sourcename="Validar Status Code &quot;${statuscode}&quot;">
<kw name="Should Be True" library="BuiltIn">
<arg>${response.status_code} == ${statuscode}</arg>
<doc>Fails if the given condition is not true.</doc>
<status status="PASS" starttime="20220709 17:32:28.789" endtime="20220709 17:32:28.790"/>
</kw>
<status status="PASS" starttime="20220709 17:32:28.789" endtime="20220709 17:32:28.790"/>
</kw>
<tag>GET</tag>
<tag>GET_carrinho_id</tag>
<status status="PASS" starttime="20220709 17:32:28.782" endtime="20220709 17:32:28.790"/>
</test>
<test id="s1-t3" name="Cenário: GET Não Encontrar Carrinho Por ID 400" line="23">
<kw name="Definir Id Carrinho &quot;2cn9r8y29cn&quot;" library="carrinhos_keywords" sourcename="Definir Id Carrinho &quot;${id_carrinho}&quot;">
<kw name="Set Global Variable" library="BuiltIn">
<arg>${id_carrinho}</arg>
<doc>Makes a variable available globally in all tests and suites.</doc>
<msg timestamp="20220709 17:32:28.791" level="INFO">${id_carrinho} = 2cn9r8y29cn</msg>
<status status="PASS" starttime="20220709 17:32:28.791" endtime="20220709 17:32:28.791"/>
</kw>
<status status="PASS" starttime="20220709 17:32:28.790" endtime="20220709 17:32:28.791"/>
</kw>
<kw name="GET Endpoint /carrinhos por ID" library="carrinhos_keywords">
<kw name="GET On Session" library="RequestsLibrary">
<var>${response}</var>
<arg>serverest</arg>
<arg>/carrinhos/${id_carrinho}</arg>
<arg>expected_status=any</arg>
<doc>Sends a GET request on a previously created HTTP Session.</doc>
<msg timestamp="20220709 17:32:28.792" level="INFO">GET Request : url=http://localhost:3000/carrinhos/2cn9r8y29cn 
 path_url=/carrinhos/2cn9r8y29cn 
 headers={'User-Agent': 'python-requests/2.28.0', 'Accept-Encoding': 'gzip, deflate', 'Accept': '*/*', 'Connection': 'keep-alive'} 
 body=None 
 </msg>
<msg timestamp="20220709 17:32:28.792" level="INFO">GET Response : url=http://localhost:3000/carrinhos/2cn9r8y29cn 
 status=400, reason=Bad Request 
 headers={'Access-Control-Allow-Origin': '*', 'x-dns-prefetch-control': 'off', 'x-frame-options': 'SAMEORIGIN', 'strict-transport-security': 'max-age=15552000; includeSubDomains', 'x-download-options': 'noopen', 'x-content-type-options': 'nosniff', 'x-xss-protection': '1; mode=block', 'x-moesif-transaction-id': 'a1522a76-93fd-4490-884b-f51d5624461a', 'Content-Type': 'application/json; charset=utf-8', 'Content-Length': '45', 'Date': 'Sat, 09 Jul 2022 20:32:28 GMT', 'Connection': 'keep-alive', 'Keep-Alive': 'timeout=5'} 
 body={
    "message": "Carrinho não encontrado"
} 
 </msg>
<msg timestamp="20220709 17:32:28.793" level="INFO">${response} = &lt;Response [400]&gt;</msg>
<status status="PASS" starttime="20220709 17:32:28.791" endtime="20220709 17:32:28.793"/>
</kw>
<kw name="Set Global Variable" library="BuiltIn">
<arg>${response}</arg>
<doc>Makes a variable available globally in all tests and suites.</doc>
<msg timestamp="20220709 17:32:28.793" level="INFO">${response} = &lt;Response [400]&gt;</msg>
<status status="PASS" starttime="20220709 17:32:28.793" endtime="20220709 17:32:28.793"/>
</kw>
<kw name="Log To Console" library="BuiltIn">
<arg>Response: ${response.content}</arg>
<doc>Logs the given message to the console.</doc>
<status status="PASS" starttime="20220709 17:32:28.793" endtime="20220709 17:32:28.793"/>
</kw>
<status status="PASS" starttime="20220709 17:32:28.791" endtime="20220709 17:32:28.793"/>
</kw>
<kw name="Validar Status Code &quot;400&quot;" library="common" sourcename="Validar Status Code &quot;${statuscode}&quot;">
<kw name="Should Be True" library="BuiltIn">
<arg>${response.status_code} == ${statuscode}</arg>
<doc>Fails if the given condition is not true.</doc>
<status status="PASS" starttime="20220709 17:32:28.793" endtime="20220709 17:32:28.794"/>
</kw>
<status status="PASS" starttime="20220709 17:32:28.793" endtime="20220709 17:32:28.794"/>
</kw>
<kw name="Validar Se &quot;message&quot; Contem &quot;Carrinho não encontrado&quot;" library="common" sourcename="Validar Se &quot;${chave}&quot; Contem &quot;${texto}&quot;">
<kw name="Should Contain" library="BuiltIn">
<arg>${response.json()["${chave}"]}</arg>
<arg>${texto}</arg>
<doc>Fails if ``container`` does not contain ``item`` one or more times.</doc>
<status status="PASS" starttime="20220709 17:32:28.794" endtime="20220709 17:32:28.795"/>
</kw>
<status status="PASS" starttime="20220709 17:32:28.794" endtime="20220709 17:32:28.795"/>
</kw>
<tag>GET</tag>
<tag>GET_carrinho_id_invalido</tag>
<status status="PASS" starttime="20220709 17:32:28.790" endtime="20220709 17:32:28.795"/>
</test>
<test id="s1-t4" name="Cenário: POST Cadastrar Carrinho Dinamico 200" line="31">
<kw name="Fazer Login e Armazenar Token Adm &quot;true&quot;" library="common" sourcename="Fazer Login e Armazenar Token Adm &quot;${boolean}&quot;">
<kw name="Criar Dados para Usuario Válido" library="dynamics">
<kw name="Name" library="FakerLibrary">
<var>${nome}</var>
<doc>:example 'John Doe'</doc>
<msg timestamp="20220709 17:32:28.796" level="INFO">${nome} = Patrick Gray</msg>
<status status="PASS" starttime="20220709 17:32:28.796" endtime="20220709 17:32:28.796"/>
</kw>
<kw name="Email" library="FakerLibrary">
<var>${email}</var>
<msg timestamp="20220709 17:32:28.796" level="INFO">${email} = ymclaughlin@example.com</msg>
<status status="PASS" starttime="20220709 17:32:28.796" endtime="20220709 17:32:28.796"/>
</kw>
<kw name="Password" library="FakerLibrary">
<var>${senha}</var>
<arg>length=5</arg>
<arg>special_chars=False</arg>
<arg>digits=True</arg>
<arg>upper_case=True</arg>
<arg>lower_case=True</arg>
<doc>Generate a random password of the specified ``length``.</doc>
<msg timestamp="20220709 17:32:28.797" level="INFO">${senha} = h86Zk</msg>
<status status="PASS" starttime="20220709 17:32:28.796" endtime="20220709 17:32:28.797"/>
</kw>
<kw name="Set Global Variable" library="BuiltIn">
<arg>${senha}</arg>
<doc>Makes a variable available globally in all tests and suites.</doc>
<msg timestamp="20220709 17:32:28.797" level="INFO">${senha} = h86Zk</msg>
<status status="PASS" starttime="20220709 17:32:28.797" endtime="20220709 17:32:28.797"/>
</kw>
<kw name="Set Global Variable" library="BuiltIn">
<arg>${email}</arg>
<doc>Makes a variable available globally in all tests and suites.</doc>
<msg timestamp="20220709 17:32:28.797" level="INFO">${email} = ymclaughlin@example.com</msg>
<status status="PASS" starttime="20220709 17:32:28.797" endtime="20220709 17:32:28.797"/>
</kw>
<kw name="Create Dictionary" library="BuiltIn">
<var>${payload}</var>
<arg>nome=${nome}</arg>
<arg>email=${email}</arg>
<arg>password=${senha}</arg>
<arg>administrador=true</arg>
<doc>Creates and returns a dictionary based on the given ``items``.</doc>
<msg timestamp="20220709 17:32:28.798" level="INFO">${payload} = {'nome': 'Patrick Gray', 'email': 'ymclaughlin@example.com', 'password': 'h86Zk', 'administrador': 'true'}</msg>
<status status="PASS" starttime="20220709 17:32:28.797" endtime="20220709 17:32:28.798"/>
</kw>
<kw name="Log To Console" library="BuiltIn">
<arg>${payload}</arg>
<doc>Logs the given message to the console.</doc>
<status status="PASS" starttime="20220709 17:32:28.798" endtime="20220709 17:32:28.798"/>
</kw>
<kw name="Set Global Variable" library="BuiltIn">
<arg>${payload}</arg>
<doc>Makes a variable available globally in all tests and suites.</doc>
<msg timestamp="20220709 17:32:28.798" level="INFO">${payload} = {'nome': 'Patrick Gray', 'email': 'ymclaughlin@example.com', 'password': 'h86Zk', 'administrador': 'true'}</msg>
<status status="PASS" starttime="20220709 17:32:28.798" endtime="20220709 17:32:28.798"/>
</kw>
<status status="PASS" starttime="20220709 17:32:28.796" endtime="20220709 17:32:28.798"/>
</kw>
<kw name="Set To Dictionary" library="Collections">
<arg>${payload}</arg>
<arg>administrador=${boolean}</arg>
<doc>Adds the given ``key_value_pairs`` and ``items`` to the ``dictionary``.</doc>
<status status="PASS" starttime="20220709 17:32:28.798" endtime="20220709 17:32:28.798"/>
</kw>
<kw name="POST Endpoint /usuarios" library="usuarios_keywords">
<kw name="POST On Session" library="RequestsLibrary">
<var>${response}</var>
<arg>serverest</arg>
<arg>/usuarios</arg>
<arg>data=&amp;{payload}</arg>
<arg>expected_status=any</arg>
<doc>Sends a POST request on a previously created HTTP Session.</doc>
<msg timestamp="20220709 17:32:28.801" level="INFO">POST Request : url=http://localhost:3000/usuarios 
 path_url=/usuarios 
 headers={'User-Agent': 'python-requests/2.28.0', 'Accept-Encoding': 'gzip, deflate', 'Accept': '*/*', 'Connection': 'keep-alive', 'Content-Length': '83', 'Content-Type': 'application/x-www-form-urlencoded'} 
 body=nome=Patrick+Gray&amp;email=ymclaughlin%40example.com&amp;password=h86Zk&amp;administrador=true 
 </msg>
<msg timestamp="20220709 17:32:28.801" level="INFO">POST Response : url=http://localhost:3000/usuarios 
 status=201, reason=Created 
 headers={'Access-Control-Allow-Origin': '*', 'x-dns-prefetch-control': 'off', 'x-frame-options': 'SAMEORIGIN', 'strict-transport-security': 'max-age=15552000; includeSubDomains', 'x-download-options': 'noopen', 'x-content-type-options': 'nosniff', 'x-xss-protection': '1; mode=block', 'x-moesif-transaction-id': '02de7113-d4a3-4bd3-910c-e02a0b5bebd3', 'Content-Type': 'application/json; charset=utf-8', 'Content-Length': '82', 'Date': 'Sat, 09 Jul 2022 20:32:28 GMT', 'Connection': 'keep-alive', 'Keep-Alive': 'timeout=5'} 
 body={
    "message": "Cadastro realizado com sucesso",
    "_id": "50lRR5ZL7tQF9SPO"
} 
 </msg>
<msg timestamp="20220709 17:32:28.801" level="INFO">${response} = &lt;Response [201]&gt;</msg>
<status status="PASS" starttime="20220709 17:32:28.799" endtime="20220709 17:32:28.801"/>
</kw>
<kw name="Log To Console" library="BuiltIn">
<arg>Response: ${response.content}</arg>
<doc>Logs the given message to the console.</doc>
<status status="PASS" starttime="20220709 17:32:28.801" endtime="20220709 17:32:28.802"/>
</kw>
<kw name="Set Global Variable" library="BuiltIn">
<arg>${response}</arg>
<doc>Makes a variable available globally in all tests and suites.</doc>
<msg timestamp="20220709 17:32:28.802" level="INFO">${response} = &lt;Response [201]&gt;</msg>
<status status="PASS" starttime="20220709 17:32:28.802" endtime="20220709 17:32:28.802"/>
</kw>
<status status="PASS" starttime="20220709 17:32:28.798" endtime="20220709 17:32:28.802"/>
</kw>
<kw name="Coletar ID Usuario" library="usuarios_keywords">
<kw name="Set Variable" library="BuiltIn">
<var>${id_usuario}</var>
<arg>${response.json()["_id"]}</arg>
<doc>Returns the given values which can then be assigned to a variables.</doc>
<msg timestamp="20220709 17:32:28.803" level="INFO">${id_usuario} = 50lRR5ZL7tQF9SPO</msg>
<status status="PASS" starttime="20220709 17:32:28.802" endtime="20220709 17:32:28.803"/>
</kw>
<kw name="Set Global Variable" library="BuiltIn">
<arg>${id_usuario}</arg>
<doc>Makes a variable available globally in all tests and suites.</doc>
<msg timestamp="20220709 17:32:28.803" level="INFO">${id_usuario} = 50lRR5ZL7tQF9SPO</msg>
<status status="PASS" starttime="20220709 17:32:28.803" endtime="20220709 17:32:28.803"/>
</kw>
<status status="PASS" starttime="20220709 17:32:28.802" endtime="20220709 17:32:28.803"/>
</kw>
<kw name="Create Dictionary" library="BuiltIn">
<var>${payload}</var>
<arg>email=${email}</arg>
<arg>password=${senha}</arg>
<doc>Creates and returns a dictionary based on the given ``items``.</doc>
<msg timestamp="20220709 17:32:28.803" level="INFO">${payload} = {'email': 'ymclaughlin@example.com', 'password': 'h86Zk'}</msg>
<status status="PASS" starttime="20220709 17:32:28.803" endtime="20220709 17:32:28.803"/>
</kw>
<kw name="Set Global Variable" library="BuiltIn">
<arg>${payload}</arg>
<doc>Makes a variable available globally in all tests and suites.</doc>
<msg timestamp="20220709 17:32:28.803" level="INFO">${payload} = {'email': 'ymclaughlin@example.com', 'password': 'h86Zk'}</msg>
<status status="PASS" starttime="20220709 17:32:28.803" endtime="20220709 17:32:28.803"/>
</kw>
<kw name="POST Endpoint /login Dinamico" library="login_keywords">
<kw name="POST On Session" library="RequestsLibrary">
<var>${response}</var>
<arg>serverest</arg>
<arg>/login</arg>
<arg>data=&amp;{payload}</arg>
<arg>expected_status=any</arg>
<doc>Sends a POST request on a previously created HTTP Session.</doc>
<msg timestamp="20220709 17:32:28.806" level="INFO">POST Request : url=http://localhost:3000/login 
 path_url=/login 
 headers={'User-Agent': 'python-requests/2.28.0', 'Accept-Encoding': 'gzip, deflate', 'Accept': '*/*', 'Connection': 'keep-alive', 'Content-Length': '46', 'Content-Type': 'application/x-www-form-urlencoded'} 
 body=email=ymclaughlin%40example.com&amp;password=h86Zk 
 </msg>
<msg timestamp="20220709 17:32:28.806" level="INFO">POST Response : url=http://localhost:3000/login 
 status=200, reason=OK 
 headers={'Access-Control-Allow-Origin': '*', 'x-dns-prefetch-control': 'off', 'x-frame-options': 'SAMEORIGIN', 'strict-transport-security': 'max-age=15552000; includeSubDomains', 'x-download-options': 'noopen', 'x-content-type-options': 'nosniff', 'x-xss-protection': '1; mode=block', 'x-moesif-transaction-id': 'ddbde2a3-fc59-4578-8aa2-ef1a1212b6d6', 'Content-Type': 'application/json; charset=utf-8', 'Content-Length': '279', 'Date': 'Sat, 09 Jul 2022 20:32:28 GMT', 'Connection': 'keep-alive', 'Keep-Alive': 'timeout=5'} 
 body={
    "message": "Login realizado com sucesso",
    "authorization": "Bearer eyJhbGciOiJIUzI1NiIsInR5cCI6IkpXVCJ9.eyJlbWFpbCI6InltY2xhdWdobGluQGV4YW1wbGUuY29tIiwicGFzc3dvcmQiOiJoODZaayIsImlhdCI6MTY1NzM5ODc0OCwiZXhwIjoxNjU3Mzk5MzQ4fQ.Inu9dEu7v_JKT1LauyhChX6futuawMp1WabIY4aAlXQ"
} 
 </msg>
<msg timestamp="20220709 17:32:28.806" level="INFO">${response} = &lt;Response [200]&gt;</msg>
<status status="PASS" starttime="20220709 17:32:28.804" endtime="20220709 17:32:28.806"/>
</kw>
<kw name="Log To Console" library="BuiltIn">
<arg>Response: ${response.content}</arg>
<doc>Logs the given message to the console.</doc>
<status status="PASS" starttime="20220709 17:32:28.806" endtime="20220709 17:32:28.807"/>
</kw>
<kw name="Set Global Variable" library="BuiltIn">
<arg>${response}</arg>
<doc>Makes a variable available globally in all tests and suites.</doc>
<msg timestamp="20220709 17:32:28.807" level="INFO">${response} = &lt;Response [200]&gt;</msg>
<status status="PASS" starttime="20220709 17:32:28.807" endtime="20220709 17:32:28.807"/>
</kw>
<status status="PASS" starttime="20220709 17:32:28.803" endtime="20220709 17:32:28.807"/>
</kw>
<kw name="Set Variable" library="BuiltIn">
<var>${token_auth}</var>
<arg>${response.json()["authorization"]}</arg>
<doc>Returns the given values which can then be assigned to a variables.</doc>
<msg timestamp="20220709 17:32:28.808" level="INFO">${token_auth} = Bearer eyJhbGciOiJIUzI1NiIsInR5cCI6IkpXVCJ9.eyJlbWFpbCI6InltY2xhdWdobGluQGV4YW1wbGUuY29tIiwicGFzc3dvcmQiOiJoODZaayIsImlhdCI6MTY1NzM5ODc0OCwiZXhwIjoxNjU3Mzk5MzQ4fQ.Inu9dEu7v_JKT1LauyhChX6futuawMp1WabIY...</msg>
<status status="PASS" starttime="20220709 17:32:28.807" endtime="20220709 17:32:28.808"/>
</kw>
<kw name="Set Global Variable" library="BuiltIn">
<arg>${token_auth}</arg>
<doc>Makes a variable available globally in all tests and suites.</doc>
<msg timestamp="20220709 17:32:28.808" level="INFO">${token_auth} = Bearer eyJhbGciOiJIUzI1NiIsInR5cCI6IkpXVCJ9.eyJlbWFpbCI6InltY2xhdWdobGluQGV4YW1wbGUuY29tIiwicGFzc3dvcmQiOiJoODZaayIsImlhdCI6MTY1NzM5ODc0OCwiZXhwIjoxNjU3Mzk5MzQ4fQ.Inu9dEu7v_JKT1LauyhChX6futuawMp1WabIY...</msg>
<status status="PASS" starttime="20220709 17:32:28.808" endtime="20220709 17:32:28.808"/>
</kw>
<status status="PASS" starttime="20220709 17:32:28.795" endtime="20220709 17:32:28.808"/>
</kw>
<kw name="Criar Carrinho Dinamico Valido" library="dynamics">
<kw name="Evaluate" library="BuiltIn">
<var>${quant_produtos}</var>
<arg>random.sample(range(1, 5),1)</arg>
<arg>random</arg>
<doc>Evaluates the given expression in Python and returns the result.</doc>
<msg timestamp="20220709 17:32:28.808" level="INFO">${quant_produtos} = [4]</msg>
<status status="PASS" starttime="20220709 17:32:28.808" endtime="20220709 17:32:28.808"/>
</kw>
<kw name="Create List" library="BuiltIn">
<var>@{lista}</var>
<doc>Returns a list containing given items.</doc>
<msg timestamp="20220709 17:32:28.808" level="INFO">@{lista} = [ ]</msg>
<status status="PASS" starttime="20220709 17:32:28.808" endtime="20220709 17:32:28.808"/>
</kw>
<for flavor="IN RANGE">
<var>${C}</var>
<value>${quant_produtos[0]}</value>
<iter>
<var name="${C}">0</var>
<kw name="GET On Session" library="RequestsLibrary">
<var>${response}</var>
<arg>serverest</arg>
<arg>/produtos</arg>
<doc>Sends a GET request on a previously created HTTP Session.</doc>
<msg timestamp="20220709 17:32:28.813" level="INFO">GET Request : url=http://localhost:3000/produtos 
 path_url=/produtos 
 headers={'User-Agent': 'python-requests/2.28.0', 'Accept-Encoding': 'gzip, deflate', 'Accept': '*/*', 'Connection': 'keep-alive'} 
 body=None 
 </msg>
<msg timestamp="20220709 17:32:28.813" level="INFO">GET Response : url=http://localhost:3000/produtos 
 status=200, reason=OK 
 headers={'Access-Control-Allow-Origin': '*', 'x-dns-prefetch-control': 'off', 'x-frame-options': 'SAMEORIGIN', 'strict-transport-security': 'max-age=15552000; includeSubDomains', 'x-download-options': 'noopen', 'x-content-type-options': 'nosniff', 'x-xss-protection': '1; mode=block', 'x-moesif-transaction-id': '0904aa3d-3d41-4a41-8097-4d846235321b', 'Content-Type': 'application/json; charset=utf-8', 'Content-Length': '341196', 'Date': 'Sat, 09 Jul 2022 20:32:28 GMT', 'Connection': 'keep-alive', 'Keep-Alive': 'timeout=5'} 
 body={
    "quantidade": 1474,
    "produtos": [
        {
            "nome": "Gun hope opportunity.",
            "preco": 655,
            "descricao": "Yourself sister painting ago.",
            "quantidade": 4066,
            "_id": "00JgOldHnOiRZLP9"
        },
        {
            "nome": "Point field age open.",
            "preco": 619,
            "descricao": "Loss buy include build. Reach film force discover.",
            "quantidade": 4692,
            "_id": "01g26wNFqx0FFLaj"
        },
        {
            "nome": "Pretty during drug.",
            "preco": 1222,
            "descricao": "Article hold give their lead summer walk.",
            "quantidade": 0,
            "_id": "0348G6IpV5024M6q"
        },
        {
            "nome": "It source old.",
            "preco": 1146,
            "descricao": "Last spend speak news. If station before.",
            "quantidade": 2868,
            "_id": "0EJMdeQ5mCcI5Isl"
        },
        {
            "nome": "Above room ok life.",
            "preco": 911,
            "descricao": "Door out everything kitchen order.",
            "quantidade": 2881,
            "_id": "0HqgqAXfSEHrTUve"
        },
        {
            "nome": "City body particular.",
            "preco": 883,
            "descricao": "Land film present church me because individual.",
            "quantidade": 0,
            "_id": "0QhsrSYwq9jkz9uG"
        },
        {
            "nome": "Find away marriage.",
            "preco": 1247,
            "descricao": "Turn although news various everything process.",
            "quantidade": 4176,
            "_id": "0Ra12hnvaEzS0YTl"
        },
        {
            "nome": "Account Mrs stand house.",
            "preco": 33,
            "descricao": "Discover wide exist.",
            "quantidade": 4014,
            "_id": "0SdsdIXHzPKE5n3K"
        },
        {
            "nome": "Fine name short vote.",
            "preco": 408,
            "descricao": "Figure follow prepare floor have particularly sort.",
            "quantidade": 2301,
            "_id": "0TK4zArMcUVB1Ybk"
        },
        {
            "nome": "Voice box decide mind.",
            "preco": 278,
            "descricao": "They bag task order maybe explain including from.",
            "quantidade": 4612,
            "_id": "0TvtGSEQArpvWuRI"
        },
        {
            "nome": "Knowledge be dream our.",
            "preco": 88,
            "descricao": "Include board city me join seat political.",
            "quantidade": 504,
            "_id": "0X1Z5H7qxdN505Vf"
        },
        {
            "nome": "Dinner anyone image we.",
            "preco": 842,
            "descricao": "Enjoy others public management ever son require.",
            "quantidade": 4671,
            "_id": "0eunSpUVhxtfdgpO"
        },
        {
            "nome": "Event amount follow cut.",
            "preco": 1385,
            "descricao": "Thing author talk western. By police majority feeling.",
            "quantidade": 3752,
            "_id": "0gOhAoZ6rbzMJGqX"
        },
        {
            "nome": "Add child customer.",
            "preco": 34,
            "descricao": "Action design how better.",
            "quantidade": 950,
            "_id": "0ip1uHgj9OVq3UqM"
        },
        {
            "nome": "That in baby it six.",
            "preco": 851,
            "descricao": "Speak power health story open. Air another safe human.",
            "quantidade": 1291,
            "_id": "0isseSxgJODyWv3R"
        },
        {
            "nome": "Base fine dog line per.",
            "preco": 1392,
            "descricao": "Another reflect phone perform Republican.",
            "quantidade": 4431,
            "_id": "0jyOyqSEvdsImxsK"
        },
        {
            "nome": "Event long during.",
            "preco": 348,
            "descricao": "Want meeting property.",
            "quantidade": 2951,
            "_id": "0kaE92Xn7IGWYqMb"
        },
        {
            "nome": "Hair with total.",
            "preco": 494,
            "descricao": "Score myself light clearly. Cover watch six significant.",
            "quantidade": 3489,
            "_id": "0ma8NNLgwDQ2xeQ3"
        },
        {
            "nome": "Bank figure if reveal.",
            "preco": 493,
            "descricao": "Town vote offer teach drive defense as.",
            "quantidade": 4203,
            "_id": "0nQmnIuNrn8rjlbH"
        },
        {
            "nome": "A clearly open radio or.",
            "preco": 1283,
            "descricao": "Her cold maintain appear similar.",
            "quantidade": 2608,
            "_id": "0oefzzcWbPksDwGc"
        },
        {
            "nome": "Around form star.",
            "preco": 455,
            "descricao": "Who lead forget actually.",
            "quantidade": 1144,
            "_id": "0pcmANI5yuFbLSCT"
        },
        {
            "nome": "Before sign lawyer when.",
            "preco": 170,
            "descricao": "Father yeah all top carry range.",
            "quantidade": 3508,
            "_id": "0ql9cvyJvt8frHfM"
        },
        {
            "nome": "Race nice hand.",
            "preco": 1301,
            "descricao": "Culture mission yeah affect miss arrive home next.",
            "quantidade": 2537,
            "_id": "0rOZYQ0kN7e5stpN"
        },
        {
            "nome": "Walk them attack.",
            "preco": 1200,
            "descricao": "Arrive employee outside audience me general physical.",
            "quantidade": 820,
            "_id": "0rdWIuG6Ey56SUhf"
        },
        {
            "nome": "His onto return church.",
            "preco": 1146,
            "descricao": "Over magazine challenge stock.",
            "quantidade": 91,
            "_id": "0sDwNzcObBurNr1n"
        },
        {
            "nome": "Must poor dream.",
            "preco": 749,
            "descricao": "Teach interesting ok. Deal deep east certainly.",
            "quantidade": 2792,
            "_id": "0yC2QollrNTMR0TO"
        },
        {
            "nome": "Someone ready price cup.",
            "preco": 900,
            "descricao": "Me leader per yet available set toward somebody.",
            "quantidade": 645,
            "_id": "0yaOMWsWju8roN2e"
        },
        {
            "nome": "Page nice blue guy.",
            "preco": 256,
            "descricao": "Follow could executive pressure.",
            "quantidade": 2292,
            "_id": "0z4vgulILuycmMX5"
        },
        {
            "nome": "Deal see its great.",
            "preco": 553,
            "descricao": "Fall series effect teach man.",
            "quantidade": 3835,
            "_id": "108R22hChta0CHkV"
        },
        {
            "nome": "Her west see.",
            "preco": 1063,
            "descricao": "Beautiful treatment house threat direction.",
            "quantidade": 658,
            "_id": "11shZChh6K4IxMuT"
        },
        {
            "nome": "Health physical involve.",
            "preco": 704,
            "descricao": "Draw cost certainly opportunity try difficult.",
            "quantidade": 4335,
            "_id": "14PC43RjMo4kLyrw"
        },
        {
            "nome": "Director eye green.",
            "preco": 820,
            "descricao": "Any need everybody sister actually marriage seat.",
            "quantidade": 4370,
            "_id": "14RjE6bcZsCff3gD"
        },
        {
            "nome": "Well state hour put.",
            "preco": 1187,
            "descricao": "Imagine last include level than.",
            "quantidade": 3898,
            "_id": "16s1fYw5hgfE8vyO"
        },
        {
            "nome": "Check wish news.",
            "preco": 1121,
            "descricao": "Oil scene you indeed partner administration reality.",
            "quantidade": 1133,
            "_id": "19sbmTUSGGugOiIe"
        },
        {
            "nome": "Today budget nice today.",
            "preco": 796,
            "descricao": "Draw choice federal girl.",
            "quantidade": 2614,
            "_id": "1DN1fYXIbMlHYvwK"
        },
        {
            "nome": "Receive table from.",
            "preco": 920,
            "descricao": "Structure hear design act. Common outside church war.",
            "quantidade": 4544,
            "_id": "1IAtq3E9DtdDfZo1"
        },
        {
            "nome": "Player cut play.",
            "preco": 400,
            "descricao": "Condition someone treatment. Address major expert.",
            "quantidade": 4471,
            "_id": "1IVgZLlVjudC2p7H"
        },
        {
            "nome": "Under trip but never.",
            "preco": 939,
            "descricao": "Option receive dog always me daughter table.",
            "quantidade": 20,
            "_id": "1OFx9bLLTkhgiYJa"
        },
        {
            "nome": "Safe word strong card.",
            "preco": 720,
            "descricao": "Over firm behavior key occur particularly.",
            "quantidade": 3965,
            "_id": "1S75cX0q7RIflMws"
        },
        {
            "nome": "True believe old rate.",
            "preco": 1260,
            "descricao": "Laugh entire everybody among west.",
            "quantidade": 1714,
            "_id": "1U1SAX5KuPuL8Co1"
        },
        {
            "nome": "Imagine late two other.",
            "preco": 1219,
            "descricao": "Issue truth continue physical meeting authority want.",
            "quantidade": 2916,
            "_id": "1VyVpg6ZtrBxuJNr"
        },
        {
            "nome": "Final part into others.",
            "preco": 1209,
            "descricao": "Benefit forward deep accept back set appear.",
            "quantidade": 4655,
            "_id": "1Xgh5nskTxaQGTaX"
        },
        {
            "nome": "Away few return expect.",
            "preco": 1297,
            "descricao": "Teach citizen his. Population central discussion office.",
            "quantidade": 2505,
            "_id": "1ZFyIkYgRh6qrQ... (set the log level to DEBUG or TRACE to see the full content) 
 </msg>
<msg timestamp="20220709 17:32:28.813" level="INFO">${response} = &lt;Response [200]&gt;</msg>
<status status="PASS" starttime="20220709 17:32:28.809" endtime="20220709 17:32:28.813"/>
</kw>
<kw name="Evaluate" library="BuiltIn">
<var>${numbers}</var>
<arg>random.sample(range(0, ${response.json()["quantidade"]}),1)</arg>
<arg>random</arg>
<doc>Evaluates the given expression in Python and returns the result.</doc>
<msg timestamp="20220709 17:32:28.815" level="INFO">${numbers} = [1167]</msg>
<status status="PASS" starttime="20220709 17:32:28.813" endtime="20220709 17:32:28.815"/>
</kw>
<kw name="Set Variable" library="BuiltIn">
<var>${id}</var>
<arg>${response.json()["produtos"][${numbers}[0]]["_id"]}</arg>
<doc>Returns the given values which can then be assigned to a variables.</doc>
<msg timestamp="20220709 17:32:28.816" level="INFO">${id} = mp87SDK7Wo5IRy6k</msg>
<status status="PASS" starttime="20220709 17:32:28.815" endtime="20220709 17:32:28.816"/>
</kw>
<kw name="Random Int" library="FakerLibrary">
<var>${quantidade}</var>
<arg>min=2</arg>
<arg>max=4</arg>
<doc>Generate a random integer between two integers ``min`` and ``max`` inclusive
while observing the provided ``step`` value.</doc>
<msg timestamp="20220709 17:32:28.816" level="INFO">${quantidade} = 2</msg>
<status status="PASS" starttime="20220709 17:32:28.816" endtime="20220709 17:32:28.816"/>
</kw>
<kw name="Create Dictionary" library="BuiltIn">
<var>${pedido}</var>
<arg>idProduto=${id}</arg>
<arg>quantidade=${quantidade}</arg>
<doc>Creates and returns a dictionary based on the given ``items``.</doc>
<msg timestamp="20220709 17:32:28.817" level="INFO">${pedido} = {'idProduto': 'mp87SDK7Wo5IRy6k', 'quantidade': 2}</msg>
<status status="PASS" starttime="20220709 17:32:28.816" endtime="20220709 17:32:28.817"/>
</kw>
<kw name="Append To List" library="Collections">
<arg>${lista}</arg>
<arg>${pedido}</arg>
<doc>Adds ``values`` to the end of ``list``.</doc>
<status status="PASS" starttime="20220709 17:32:28.817" endtime="20220709 17:32:28.817"/>
</kw>
<status status="PASS" starttime="20220709 17:32:28.809" endtime="20220709 17:32:28.817"/>
</iter>
<iter>
<var name="${C}">1</var>
<kw name="GET On Session" library="RequestsLibrary">
<var>${response}</var>
<arg>serverest</arg>
<arg>/produtos</arg>
<doc>Sends a GET request on a previously created HTTP Session.</doc>
<msg timestamp="20220709 17:32:28.820" level="INFO">GET Request : url=http://localhost:3000/produtos 
 path_url=/produtos 
 headers={'User-Agent': 'python-requests/2.28.0', 'Accept-Encoding': 'gzip, deflate', 'Accept': '*/*', 'Connection': 'keep-alive'} 
 body=None 
 </msg>
<msg timestamp="20220709 17:32:28.820" level="INFO">GET Response : url=http://localhost:3000/produtos 
 status=200, reason=OK 
 headers={'Access-Control-Allow-Origin': '*', 'x-dns-prefetch-control': 'off', 'x-frame-options': 'SAMEORIGIN', 'strict-transport-security': 'max-age=15552000; includeSubDomains', 'x-download-options': 'noopen', 'x-content-type-options': 'nosniff', 'x-xss-protection': '1; mode=block', 'x-moesif-transaction-id': '92904f12-c130-47b4-a462-fdeacc37fcc8', 'Content-Type': 'application/json; charset=utf-8', 'Content-Length': '341196', 'Date': 'Sat, 09 Jul 2022 20:32:28 GMT', 'Connection': 'keep-alive', 'Keep-Alive': 'timeout=5'} 
 body={
    "quantidade": 1474,
    "produtos": [
        {
            "nome": "Gun hope opportunity.",
            "preco": 655,
            "descricao": "Yourself sister painting ago.",
            "quantidade": 4066,
            "_id": "00JgOldHnOiRZLP9"
        },
        {
            "nome": "Point field age open.",
            "preco": 619,
            "descricao": "Loss buy include build. Reach film force discover.",
            "quantidade": 4692,
            "_id": "01g26wNFqx0FFLaj"
        },
        {
            "nome": "Pretty during drug.",
            "preco": 1222,
            "descricao": "Article hold give their lead summer walk.",
            "quantidade": 0,
            "_id": "0348G6IpV5024M6q"
        },
        {
            "nome": "It source old.",
            "preco": 1146,
            "descricao": "Last spend speak news. If station before.",
            "quantidade": 2868,
            "_id": "0EJMdeQ5mCcI5Isl"
        },
        {
            "nome": "Above room ok life.",
            "preco": 911,
            "descricao": "Door out everything kitchen order.",
            "quantidade": 2881,
            "_id": "0HqgqAXfSEHrTUve"
        },
        {
            "nome": "City body particular.",
            "preco": 883,
            "descricao": "Land film present church me because individual.",
            "quantidade": 0,
            "_id": "0QhsrSYwq9jkz9uG"
        },
        {
            "nome": "Find away marriage.",
            "preco": 1247,
            "descricao": "Turn although news various everything process.",
            "quantidade": 4176,
            "_id": "0Ra12hnvaEzS0YTl"
        },
        {
            "nome": "Account Mrs stand house.",
            "preco": 33,
            "descricao": "Discover wide exist.",
            "quantidade": 4014,
            "_id": "0SdsdIXHzPKE5n3K"
        },
        {
            "nome": "Fine name short vote.",
            "preco": 408,
            "descricao": "Figure follow prepare floor have particularly sort.",
            "quantidade": 2301,
            "_id": "0TK4zArMcUVB1Ybk"
        },
        {
            "nome": "Voice box decide mind.",
            "preco": 278,
            "descricao": "They bag task order maybe explain including from.",
            "quantidade": 4612,
            "_id": "0TvtGSEQArpvWuRI"
        },
        {
            "nome": "Knowledge be dream our.",
            "preco": 88,
            "descricao": "Include board city me join seat political.",
            "quantidade": 504,
            "_id": "0X1Z5H7qxdN505Vf"
        },
        {
            "nome": "Dinner anyone image we.",
            "preco": 842,
            "descricao": "Enjoy others public management ever son require.",
            "quantidade": 4671,
            "_id": "0eunSpUVhxtfdgpO"
        },
        {
            "nome": "Event amount follow cut.",
            "preco": 1385,
            "descricao": "Thing author talk western. By police majority feeling.",
            "quantidade": 3752,
            "_id": "0gOhAoZ6rbzMJGqX"
        },
        {
            "nome": "Add child customer.",
            "preco": 34,
            "descricao": "Action design how better.",
            "quantidade": 950,
            "_id": "0ip1uHgj9OVq3UqM"
        },
        {
            "nome": "That in baby it six.",
            "preco": 851,
            "descricao": "Speak power health story open. Air another safe human.",
            "quantidade": 1291,
            "_id": "0isseSxgJODyWv3R"
        },
        {
            "nome": "Base fine dog line per.",
            "preco": 1392,
            "descricao": "Another reflect phone perform Republican.",
            "quantidade": 4431,
            "_id": "0jyOyqSEvdsImxsK"
        },
        {
            "nome": "Event long during.",
            "preco": 348,
            "descricao": "Want meeting property.",
            "quantidade": 2951,
            "_id": "0kaE92Xn7IGWYqMb"
        },
        {
            "nome": "Hair with total.",
            "preco": 494,
            "descricao": "Score myself light clearly. Cover watch six significant.",
            "quantidade": 3489,
            "_id": "0ma8NNLgwDQ2xeQ3"
        },
        {
            "nome": "Bank figure if reveal.",
            "preco": 493,
            "descricao": "Town vote offer teach drive defense as.",
            "quantidade": 4203,
            "_id": "0nQmnIuNrn8rjlbH"
        },
        {
            "nome": "A clearly open radio or.",
            "preco": 1283,
            "descricao": "Her cold maintain appear similar.",
            "quantidade": 2608,
            "_id": "0oefzzcWbPksDwGc"
        },
        {
            "nome": "Around form star.",
            "preco": 455,
            "descricao": "Who lead forget actually.",
            "quantidade": 1144,
            "_id": "0pcmANI5yuFbLSCT"
        },
        {
            "nome": "Before sign lawyer when.",
            "preco": 170,
            "descricao": "Father yeah all top carry range.",
            "quantidade": 3508,
            "_id": "0ql9cvyJvt8frHfM"
        },
        {
            "nome": "Race nice hand.",
            "preco": 1301,
            "descricao": "Culture mission yeah affect miss arrive home next.",
            "quantidade": 2537,
            "_id": "0rOZYQ0kN7e5stpN"
        },
        {
            "nome": "Walk them attack.",
            "preco": 1200,
            "descricao": "Arrive employee outside audience me general physical.",
            "quantidade": 820,
            "_id": "0rdWIuG6Ey56SUhf"
        },
        {
            "nome": "His onto return church.",
            "preco": 1146,
            "descricao": "Over magazine challenge stock.",
            "quantidade": 91,
            "_id": "0sDwNzcObBurNr1n"
        },
        {
            "nome": "Must poor dream.",
            "preco": 749,
            "descricao": "Teach interesting ok. Deal deep east certainly.",
            "quantidade": 2792,
            "_id": "0yC2QollrNTMR0TO"
        },
        {
            "nome": "Someone ready price cup.",
            "preco": 900,
            "descricao": "Me leader per yet available set toward somebody.",
            "quantidade": 645,
            "_id": "0yaOMWsWju8roN2e"
        },
        {
            "nome": "Page nice blue guy.",
            "preco": 256,
            "descricao": "Follow could executive pressure.",
            "quantidade": 2292,
            "_id": "0z4vgulILuycmMX5"
        },
        {
            "nome": "Deal see its great.",
            "preco": 553,
            "descricao": "Fall series effect teach man.",
            "quantidade": 3835,
            "_id": "108R22hChta0CHkV"
        },
        {
            "nome": "Her west see.",
            "preco": 1063,
            "descricao": "Beautiful treatment house threat direction.",
            "quantidade": 658,
            "_id": "11shZChh6K4IxMuT"
        },
        {
            "nome": "Health physical involve.",
            "preco": 704,
            "descricao": "Draw cost certainly opportunity try difficult.",
            "quantidade": 4335,
            "_id": "14PC43RjMo4kLyrw"
        },
        {
            "nome": "Director eye green.",
            "preco": 820,
            "descricao": "Any need everybody sister actually marriage seat.",
            "quantidade": 4370,
            "_id": "14RjE6bcZsCff3gD"
        },
        {
            "nome": "Well state hour put.",
            "preco": 1187,
            "descricao": "Imagine last include level than.",
            "quantidade": 3898,
            "_id": "16s1fYw5hgfE8vyO"
        },
        {
            "nome": "Check wish news.",
            "preco": 1121,
            "descricao": "Oil scene you indeed partner administration reality.",
            "quantidade": 1133,
            "_id": "19sbmTUSGGugOiIe"
        },
        {
            "nome": "Today budget nice today.",
            "preco": 796,
            "descricao": "Draw choice federal girl.",
            "quantidade": 2614,
            "_id": "1DN1fYXIbMlHYvwK"
        },
        {
            "nome": "Receive table from.",
            "preco": 920,
            "descricao": "Structure hear design act. Common outside church war.",
            "quantidade": 4544,
            "_id": "1IAtq3E9DtdDfZo1"
        },
        {
            "nome": "Player cut play.",
            "preco": 400,
            "descricao": "Condition someone treatment. Address major expert.",
            "quantidade": 4471,
            "_id": "1IVgZLlVjudC2p7H"
        },
        {
            "nome": "Under trip but never.",
            "preco": 939,
            "descricao": "Option receive dog always me daughter table.",
            "quantidade": 20,
            "_id": "1OFx9bLLTkhgiYJa"
        },
        {
            "nome": "Safe word strong card.",
            "preco": 720,
            "descricao": "Over firm behavior key occur particularly.",
            "quantidade": 3965,
            "_id": "1S75cX0q7RIflMws"
        },
        {
            "nome": "True believe old rate.",
            "preco": 1260,
            "descricao": "Laugh entire everybody among west.",
            "quantidade": 1714,
            "_id": "1U1SAX5KuPuL8Co1"
        },
        {
            "nome": "Imagine late two other.",
            "preco": 1219,
            "descricao": "Issue truth continue physical meeting authority want.",
            "quantidade": 2916,
            "_id": "1VyVpg6ZtrBxuJNr"
        },
        {
            "nome": "Final part into others.",
            "preco": 1209,
            "descricao": "Benefit forward deep accept back set appear.",
            "quantidade": 4655,
            "_id": "1Xgh5nskTxaQGTaX"
        },
        {
            "nome": "Away few return expect.",
            "preco": 1297,
            "descricao": "Teach citizen his. Population central discussion office.",
            "quantidade": 2505,
            "_id": "1ZFyIkYgRh6qrQ... (set the log level to DEBUG or TRACE to see the full content) 
 </msg>
<msg timestamp="20220709 17:32:28.821" level="INFO">${response} = &lt;Response [200]&gt;</msg>
<status status="PASS" starttime="20220709 17:32:28.817" endtime="20220709 17:32:28.821"/>
</kw>
<kw name="Evaluate" library="BuiltIn">
<var>${numbers}</var>
<arg>random.sample(range(0, ${response.json()["quantidade"]}),1)</arg>
<arg>random</arg>
<doc>Evaluates the given expression in Python and returns the result.</doc>
<msg timestamp="20220709 17:32:28.822" level="INFO">${numbers} = [916]</msg>
<status status="PASS" starttime="20220709 17:32:28.821" endtime="20220709 17:32:28.822"/>
</kw>
<kw name="Set Variable" library="BuiltIn">
<var>${id}</var>
<arg>${response.json()["produtos"][${numbers}[0]]["_id"]}</arg>
<doc>Returns the given values which can then be assigned to a variables.</doc>
<msg timestamp="20220709 17:32:28.824" level="INFO">${id} = bhEJF94rCvXgZzoV</msg>
<status status="PASS" starttime="20220709 17:32:28.822" endtime="20220709 17:32:28.824"/>
</kw>
<kw name="Random Int" library="FakerLibrary">
<var>${quantidade}</var>
<arg>min=2</arg>
<arg>max=4</arg>
<doc>Generate a random integer between two integers ``min`` and ``max`` inclusive
while observing the provided ``step`` value.</doc>
<msg timestamp="20220709 17:32:28.824" level="INFO">${quantidade} = 3</msg>
<status status="PASS" starttime="20220709 17:32:28.824" endtime="20220709 17:32:28.824"/>
</kw>
<kw name="Create Dictionary" library="BuiltIn">
<var>${pedido}</var>
<arg>idProduto=${id}</arg>
<arg>quantidade=${quantidade}</arg>
<doc>Creates and returns a dictionary based on the given ``items``.</doc>
<msg timestamp="20220709 17:32:28.824" level="INFO">${pedido} = {'idProduto': 'bhEJF94rCvXgZzoV', 'quantidade': 3}</msg>
<status status="PASS" starttime="20220709 17:32:28.824" endtime="20220709 17:32:28.824"/>
</kw>
<kw name="Append To List" library="Collections">
<arg>${lista}</arg>
<arg>${pedido}</arg>
<doc>Adds ``values`` to the end of ``list``.</doc>
<status status="PASS" starttime="20220709 17:32:28.824" endtime="20220709 17:32:28.824"/>
</kw>
<status status="PASS" starttime="20220709 17:32:28.817" endtime="20220709 17:32:28.824"/>
</iter>
<iter>
<var name="${C}">2</var>
<kw name="GET On Session" library="RequestsLibrary">
<var>${response}</var>
<arg>serverest</arg>
<arg>/produtos</arg>
<doc>Sends a GET request on a previously created HTTP Session.</doc>
<msg timestamp="20220709 17:32:28.828" level="INFO">GET Request : url=http://localhost:3000/produtos 
 path_url=/produtos 
 headers={'User-Agent': 'python-requests/2.28.0', 'Accept-Encoding': 'gzip, deflate', 'Accept': '*/*', 'Connection': 'keep-alive'} 
 body=None 
 </msg>
<msg timestamp="20220709 17:32:28.828" level="INFO">GET Response : url=http://localhost:3000/produtos 
 status=200, reason=OK 
 headers={'Access-Control-Allow-Origin': '*', 'x-dns-prefetch-control': 'off', 'x-frame-options': 'SAMEORIGIN', 'strict-transport-security': 'max-age=15552000; includeSubDomains', 'x-download-options': 'noopen', 'x-content-type-options': 'nosniff', 'x-xss-protection': '1; mode=block', 'x-moesif-transaction-id': 'b337b4c2-0e16-4b04-8107-487997108e8a', 'Content-Type': 'application/json; charset=utf-8', 'Content-Length': '341196', 'Date': 'Sat, 09 Jul 2022 20:32:28 GMT', 'Connection': 'keep-alive', 'Keep-Alive': 'timeout=5'} 
 body={
    "quantidade": 1474,
    "produtos": [
        {
            "nome": "Gun hope opportunity.",
            "preco": 655,
            "descricao": "Yourself sister painting ago.",
            "quantidade": 4066,
            "_id": "00JgOldHnOiRZLP9"
        },
        {
            "nome": "Point field age open.",
            "preco": 619,
            "descricao": "Loss buy include build. Reach film force discover.",
            "quantidade": 4692,
            "_id": "01g26wNFqx0FFLaj"
        },
        {
            "nome": "Pretty during drug.",
            "preco": 1222,
            "descricao": "Article hold give their lead summer walk.",
            "quantidade": 0,
            "_id": "0348G6IpV5024M6q"
        },
        {
            "nome": "It source old.",
            "preco": 1146,
            "descricao": "Last spend speak news. If station before.",
            "quantidade": 2868,
            "_id": "0EJMdeQ5mCcI5Isl"
        },
        {
            "nome": "Above room ok life.",
            "preco": 911,
            "descricao": "Door out everything kitchen order.",
            "quantidade": 2881,
            "_id": "0HqgqAXfSEHrTUve"
        },
        {
            "nome": "City body particular.",
            "preco": 883,
            "descricao": "Land film present church me because individual.",
            "quantidade": 0,
            "_id": "0QhsrSYwq9jkz9uG"
        },
        {
            "nome": "Find away marriage.",
            "preco": 1247,
            "descricao": "Turn although news various everything process.",
            "quantidade": 4176,
            "_id": "0Ra12hnvaEzS0YTl"
        },
        {
            "nome": "Account Mrs stand house.",
            "preco": 33,
            "descricao": "Discover wide exist.",
            "quantidade": 4014,
            "_id": "0SdsdIXHzPKE5n3K"
        },
        {
            "nome": "Fine name short vote.",
            "preco": 408,
            "descricao": "Figure follow prepare floor have particularly sort.",
            "quantidade": 2301,
            "_id": "0TK4zArMcUVB1Ybk"
        },
        {
            "nome": "Voice box decide mind.",
            "preco": 278,
            "descricao": "They bag task order maybe explain including from.",
            "quantidade": 4612,
            "_id": "0TvtGSEQArpvWuRI"
        },
        {
            "nome": "Knowledge be dream our.",
            "preco": 88,
            "descricao": "Include board city me join seat political.",
            "quantidade": 504,
            "_id": "0X1Z5H7qxdN505Vf"
        },
        {
            "nome": "Dinner anyone image we.",
            "preco": 842,
            "descricao": "Enjoy others public management ever son require.",
            "quantidade": 4671,
            "_id": "0eunSpUVhxtfdgpO"
        },
        {
            "nome": "Event amount follow cut.",
            "preco": 1385,
            "descricao": "Thing author talk western. By police majority feeling.",
            "quantidade": 3752,
            "_id": "0gOhAoZ6rbzMJGqX"
        },
        {
            "nome": "Add child customer.",
            "preco": 34,
            "descricao": "Action design how better.",
            "quantidade": 950,
            "_id": "0ip1uHgj9OVq3UqM"
        },
        {
            "nome": "That in baby it six.",
            "preco": 851,
            "descricao": "Speak power health story open. Air another safe human.",
            "quantidade": 1291,
            "_id": "0isseSxgJODyWv3R"
        },
        {
            "nome": "Base fine dog line per.",
            "preco": 1392,
            "descricao": "Another reflect phone perform Republican.",
            "quantidade": 4431,
            "_id": "0jyOyqSEvdsImxsK"
        },
        {
            "nome": "Event long during.",
            "preco": 348,
            "descricao": "Want meeting property.",
            "quantidade": 2951,
            "_id": "0kaE92Xn7IGWYqMb"
        },
        {
            "nome": "Hair with total.",
            "preco": 494,
            "descricao": "Score myself light clearly. Cover watch six significant.",
            "quantidade": 3489,
            "_id": "0ma8NNLgwDQ2xeQ3"
        },
        {
            "nome": "Bank figure if reveal.",
            "preco": 493,
            "descricao": "Town vote offer teach drive defense as.",
            "quantidade": 4203,
            "_id": "0nQmnIuNrn8rjlbH"
        },
        {
            "nome": "A clearly open radio or.",
            "preco": 1283,
            "descricao": "Her cold maintain appear similar.",
            "quantidade": 2608,
            "_id": "0oefzzcWbPksDwGc"
        },
        {
            "nome": "Around form star.",
            "preco": 455,
            "descricao": "Who lead forget actually.",
            "quantidade": 1144,
            "_id": "0pcmANI5yuFbLSCT"
        },
        {
            "nome": "Before sign lawyer when.",
            "preco": 170,
            "descricao": "Father yeah all top carry range.",
            "quantidade": 3508,
            "_id": "0ql9cvyJvt8frHfM"
        },
        {
            "nome": "Race nice hand.",
            "preco": 1301,
            "descricao": "Culture mission yeah affect miss arrive home next.",
            "quantidade": 2537,
            "_id": "0rOZYQ0kN7e5stpN"
        },
        {
            "nome": "Walk them attack.",
            "preco": 1200,
            "descricao": "Arrive employee outside audience me general physical.",
            "quantidade": 820,
            "_id": "0rdWIuG6Ey56SUhf"
        },
        {
            "nome": "His onto return church.",
            "preco": 1146,
            "descricao": "Over magazine challenge stock.",
            "quantidade": 91,
            "_id": "0sDwNzcObBurNr1n"
        },
        {
            "nome": "Must poor dream.",
            "preco": 749,
            "descricao": "Teach interesting ok. Deal deep east certainly.",
            "quantidade": 2792,
            "_id": "0yC2QollrNTMR0TO"
        },
        {
            "nome": "Someone ready price cup.",
            "preco": 900,
            "descricao": "Me leader per yet available set toward somebody.",
            "quantidade": 645,
            "_id": "0yaOMWsWju8roN2e"
        },
        {
            "nome": "Page nice blue guy.",
            "preco": 256,
            "descricao": "Follow could executive pressure.",
            "quantidade": 2292,
            "_id": "0z4vgulILuycmMX5"
        },
        {
            "nome": "Deal see its great.",
            "preco": 553,
[...]
            "_id": "0kaE92Xn7IGWYqMb"
        },
        {
            "nome": "Hair with total.",
            "preco": 494,
            "descricao": "Score myself light clearly. Cover watch six significant.",
            "quantidade": 3489,
            "_id": "0ma8NNLgwDQ2xeQ3"
        },
        {
            "nome": "Bank figure if reveal.",
            "preco": 493,
            "descricao": "Town vote offer teach drive defense as.",
            "quantidade": 4203,
            "_id": "0nQmnIuNrn8rjlbH"
        },
        {
            "nome": "A clearly open radio or.",
            "preco": 1283,
            "descricao": "Her cold maintain appear similar.",
            "quantidade": 2608,
            "_id": "0oefzzcWbPksDwGc"
        },
        {
            "nome": "Around form star.",
            "preco": 455,
            "descricao": "Who lead forget actually.",
            "quantidade": 1144,
            "_id": "0pcmANI5yuFbLSCT"
        },
        {
            "nome": "Before sign lawyer when.",
            "preco": 170,
            "descricao": "Father yeah all top carry range.",
            "quantidade": 3508,
            "_id": "0ql9cvyJvt8frHfM"
        },
        {
            "nome": "Race nice hand.",
            "preco": 1301,
            "descricao": "Culture mission yeah affect miss arrive home next.",
            "quantidade": 2537,
            "_id": "0rOZYQ0kN7e5stpN"
        },
        {
            "nome": "Walk them attack.",
            "preco": 1200,
            "descricao": "Arrive employee outside audience me general physical.",
            "quantidade": 820,
            "_id": "0rdWIuG6Ey56SUhf"
        },
        {
            "nome": "His onto return church.",
            "preco": 1146,
            "descricao": "Over magazine challenge stock.",
            "quantidade": 91,
            "_id": "0sDwNzcObBurNr1n"
        },
        {
            "nome": "Must poor dream.",
            "preco": 749,
            "descricao": "Teach interesting ok. Deal deep east certainly.",
            "quantidade": 2792,
            "_id": "0yC2QollrNTMR0TO"
        },
        {
            "nome": "Someone ready price cup.",
            "preco": 900,
            "descricao": "Me leader per yet available set toward somebody.",
            "quantidade": 645,
            "_id": "0yaOMWsWju8roN2e"
        },
        {
            "nome": "Page nice blue guy.",
            "preco": 256,
            "descricao": "Follow could executive pressure.",
            "quantidade": 2292,
            "_id": "0z4vgulILuycmMX5"
        },
        {
            "nome": "Deal see its great.",
            "preco": 553,
            "descricao": "Fall series effect teach man.",
            "quantidade": 3835,
            "_id": "108R22hChta0CHkV"
        },
        {
            "nome": "Her west see.",
            "preco": 1063,
            "descricao": "Beautiful treatment house threat direction.",
            "quantidade": 658,
            "_id": "11shZChh6K4IxMuT"
        },
        {
            "nome": "Health physical involve.",
            "preco": 704,
            "descricao": "Draw cost certainly opportunity try difficult.",
            "quantidade": 4335,
            "_id": "14PC43RjMo4kLyrw"
        },
        {
            "nome": "Director eye green.",
            "preco": 820,
            "descricao": "Any need everybody sister actually marriage seat.",
            "quantidade": 4370,
            "_id": "14RjE6bcZsCff3gD"
        },
        {
            "nome": "Well state hour put.",
            "preco": 1187,
            "descricao": "Imagine last include level than.",
            "quantidade": 3898,
            "_id": "16s1fYw5hgfE8vyO"
        },
        {
            "nome": "Check wish news.",
            "preco": 1121,
            "descricao": "Oil scene you indeed partner administration reality.",
            "quantidade": 1133,
            "_id": "19sbmTUSGGugOiIe"
        },
        {
            "nome": "Today budget nice today.",
            "preco": 796,
            "descricao": "Draw choice federal girl.",
            "quantidade": 2614,
            "_id": "1DN1fYXIbMlHYvwK"
        },
        {
            "nome": "Receive table from.",
            "preco": 920,
            "descricao": "Structure hear design act. Common outside church war.",
            "quantidade": 4544,
            "_id": "1IAtq3E9DtdDfZo1"
        },
        {
            "nome": "Player cut play.",
            "preco": 400,
            "descricao": "Condition someone treatment. Address major expert.",
            "quantidade": 4471,
            "_id": "1IVgZLlVjudC2p7H"
        },
        {
            "nome": "Under trip but never.",
            "preco": 939,
            "descricao": "Option receive dog always me daughter table.",
            "quantidade": 20,
            "_id": "1OFx9bLLTkhgiYJa"
        },
        {
            "nome": "Safe word strong card.",
            "preco": 720,
            "descricao": "Over firm behavior key occur particularly.",
            "quantidade": 3965,
            "_id": "1S75cX0q7RIflMws"
        },
        {
            "nome": "True believe old rate.",
            "preco": 1260,
            "descricao": "Laugh entire everybody among west.",
            "quantidade": 1714,
            "_id": "1U1SAX5KuPuL8Co1"
        },
        {
            "nome": "Imagine late two other.",
            "preco": 1219,
            "descricao": "Issue truth continue physical meeting authority want.",
            "quantidade": 2916,
            "_id": "1VyVpg6ZtrBxuJNr"
        },
        {
            "nome": "Final part into others.",
            "preco": 1209,
            "descricao": "Benefit forward deep accept back set appear.",
            "quantidade": 4655,
            "_id": "1Xgh5nskTxaQGTaX"
        },
        {
            "nome": "Away few return expect.",
            "preco": 1297,
            "descricao": "Teach citizen his. Population central discussion office.",
            "quantidade": 2505,
            "_id": "1ZFyIkYgRh6qrQ... (set the log level to DEBUG or TRACE to see the full content) 
 </msg>
<msg timestamp="20220709 17:32:29.258" level="INFO">${response} = &lt;Response [200]&gt;</msg>
<status status="PASS" starttime="20220709 17:32:29.254" endtime="20220709 17:32:29.258"/>
</kw>
<kw name="Evaluate" library="BuiltIn">
<var>${numbers}</var>
<arg>random.sample(range(0, ${response.json()["quantidade"]}),1)</arg>
<arg>random</arg>
<doc>Evaluates the given expression in Python and returns the result.</doc>
<msg timestamp="20220709 17:32:29.260" level="INFO">${numbers} = [892]</msg>
<status status="PASS" starttime="20220709 17:32:29.258" endtime="20220709 17:32:29.260"/>
</kw>
<kw name="Set Variable" library="BuiltIn">
<var>${id}</var>
<arg>${response.json()["produtos"][${numbers}[0]]["_id"]}</arg>
<doc>Returns the given values which can then be assigned to a variables.</doc>
<msg timestamp="20220709 17:32:29.261" level="INFO">${id} = akfRBGZICoI10mVi</msg>
<status status="PASS" starttime="20220709 17:32:29.260" endtime="20220709 17:32:29.261"/>
</kw>
<kw name="Random Int" library="FakerLibrary">
<var>${quantidade}</var>
<arg>min=2</arg>
<arg>max=4</arg>
<doc>Generate a random integer between two integers ``min`` and ``max`` inclusive
while observing the provided ``step`` value.</doc>
<msg timestamp="20220709 17:32:29.261" level="INFO">${quantidade} = 4</msg>
<status status="PASS" starttime="20220709 17:32:29.261" endtime="20220709 17:32:29.261"/>
</kw>
<kw name="Create Dictionary" library="BuiltIn">
<var>${pedido}</var>
<arg>idProduto=${id}</arg>
<arg>quantidade=${quantidade}</arg>
<doc>Creates and returns a dictionary based on the given ``items``.</doc>
<msg timestamp="20220709 17:32:29.262" level="INFO">${pedido} = {'idProduto': 'akfRBGZICoI10mVi', 'quantidade': 4}</msg>
<status status="PASS" starttime="20220709 17:32:29.261" endtime="20220709 17:32:29.262"/>
</kw>
<kw name="Append To List" library="Collections">
<arg>${lista}</arg>
<arg>${pedido}</arg>
<doc>Adds ``values`` to the end of ``list``.</doc>
<status status="PASS" starttime="20220709 17:32:29.262" endtime="20220709 17:32:29.262"/>
</kw>
<status status="PASS" starttime="20220709 17:32:29.254" endtime="20220709 17:32:29.262"/>
</iter>
<status status="PASS" starttime="20220709 17:32:29.246" endtime="20220709 17:32:29.262"/>
</for>
<kw name="Create Dictionary" library="BuiltIn">
<var>${payload}</var>
<arg>produtos=${lista}</arg>
<doc>Creates and returns a dictionary based on the given ``items``.</doc>
<msg timestamp="20220709 17:32:29.262" level="INFO">${payload} = {'produtos': [{'idProduto': '4GLAUYWCIJ8eLOFT', 'quantidade': 4}, {'idProduto': 'akfRBGZICoI10mVi', 'quantidade': 4}]}</msg>
<status status="PASS" starttime="20220709 17:32:29.262" endtime="20220709 17:32:29.262"/>
</kw>
<kw name="Set Global Variable" library="BuiltIn">
<arg>${payload}</arg>
<doc>Makes a variable available globally in all tests and suites.</doc>
<msg timestamp="20220709 17:32:29.262" level="INFO">${payload} = {'produtos': [{'idProduto': '4GLAUYWCIJ8eLOFT', 'quantidade': 4}, {'idProduto': 'akfRBGZICoI10mVi', 'quantidade': 4}]}</msg>
<status status="PASS" starttime="20220709 17:32:29.262" endtime="20220709 17:32:29.262"/>
</kw>
<status status="PASS" starttime="20220709 17:32:29.246" endtime="20220709 17:32:29.262"/>
</kw>
<kw name="POST Endpoint /carrinhos" library="carrinhos_keywords">
<kw name="Create Dictionary" library="BuiltIn">
<var>&amp;{header}</var>
<arg>Authorization=${token_auth}</arg>
<doc>Creates and returns a dictionary based on the given ``items``.</doc>
<msg timestamp="20220709 17:32:29.263" level="INFO">&amp;{header} = { Authorization=Bearer eyJhbGciOiJIUzI1NiIsInR5cCI6IkpXVCJ9.eyJlbWFpbCI6ImNoYXJsZXNtdW5vekBleGFtcGxlLm9yZyIsInBhc3N3b3JkIjoiVjc3Q3MiLCJpYXQiOjE2NTczOTg3NDksImV4cCI6MTY1NzM5OTM0OX0.kbrsL6-1OczgNATeylHw...</msg>
<status status="PASS" starttime="20220709 17:32:29.263" endtime="20220709 17:32:29.263"/>
</kw>
<kw name="Set To Dictionary" library="Collections">
<arg>${header}</arg>
<arg>Content-Type=application/json</arg>
<doc>Adds the given ``key_value_pairs`` and ``items`` to the ``dictionary``.</doc>
<status status="PASS" starttime="20220709 17:32:29.263" endtime="20220709 17:32:29.263"/>
</kw>
<kw name="Evaluate" library="BuiltIn">
<var>${payload}</var>
<arg>json.dumps(${payload})</arg>
<arg>json</arg>
<doc>Evaluates the given expression in Python and returns the result.</doc>
<msg timestamp="20220709 17:32:29.263" level="INFO">${payload} = {"produtos": [{"idProduto": "4GLAUYWCIJ8eLOFT", "quantidade": 4}, {"idProduto": "akfRBGZICoI10mVi", "quantidade": 4}]}</msg>
<status status="PASS" starttime="20220709 17:32:29.263" endtime="20220709 17:32:29.263"/>
</kw>
<kw name="Log To Console" library="BuiltIn">
<arg>${payload}</arg>
<doc>Logs the given message to the console.</doc>
<status status="PASS" starttime="20220709 17:32:29.263" endtime="20220709 17:32:29.264"/>
</kw>
<kw name="POST On Session" library="RequestsLibrary">
<var>${response}</var>
<arg>serverest</arg>
<arg>/carrinhos</arg>
<arg>data=${payload}</arg>
<arg>headers=${header}</arg>
<arg>expected_status=any</arg>
<doc>Sends a POST request on a previously created HTTP Session.</doc>
<msg timestamp="20220709 17:32:29.268" level="INFO">POST Request : url=http://localhost:3000/carrinhos 
 path_url=/carrinhos 
 headers={'User-Agent': 'python-requests/2.28.0', 'Accept-Encoding': 'gzip, deflate', 'Accept': '*/*', 'Connection': 'keep-alive', 'Authorization': 'Bearer eyJhbGciOiJIUzI1NiIsInR5cCI6IkpXVCJ9.eyJlbWFpbCI6ImNoYXJsZXNtdW5vekBleGFtcGxlLm9yZyIsInBhc3N3b3JkIjoiVjc3Q3MiLCJpYXQiOjE2NTczOTg3NDksImV4cCI6MTY1NzM5OTM0OX0.kbrsL6-1OczgNATeylHw7tOH85sN7qcyjfslEAJNkfU', 'Content-Type': 'application/json', 'Content-Length': '118'} 
 body={"produtos": [{"idProduto": "4GLAUYWCIJ8eLOFT", "quantidade": 4}, {"idProduto": "akfRBGZICoI10mVi", "quantidade": 4}]} 
 </msg>
<msg timestamp="20220709 17:32:29.268" level="INFO">POST Response : url=http://localhost:3000/carrinhos 
 status=201, reason=Created 
 headers={'Access-Control-Allow-Origin': '*', 'x-dns-prefetch-control': 'off', 'x-frame-options': 'SAMEORIGIN', 'strict-transport-security': 'max-age=15552000; includeSubDomains', 'x-download-options': 'noopen', 'x-content-type-options': 'nosniff', 'x-xss-protection': '1; mode=block', 'x-moesif-transaction-id': 'dfb6bd74-37b4-44a2-add8-43991201352c', 'Content-Type': 'application/json; charset=utf-8', 'Content-Length': '82', 'Date': 'Sat, 09 Jul 2022 20:32:29 GMT', 'Connection': 'keep-alive', 'Keep-Alive': 'timeout=5'} 
 body={
    "message": "Cadastro realizado com sucesso",
    "_id": "kkXbZaYUMe60sbmD"
} 
 </msg>
<msg timestamp="20220709 17:32:29.268" level="INFO">${response} = &lt;Response [201]&gt;</msg>
<status status="PASS" starttime="20220709 17:32:29.264" endtime="20220709 17:32:29.268"/>
</kw>
<kw name="Log To Console" library="BuiltIn">
<arg>Response: ${response.content}</arg>
<doc>Logs the given message to the console.</doc>
<status status="PASS" starttime="20220709 17:32:29.268" endtime="20220709 17:32:29.268"/>
</kw>
<kw name="Set Global Variable" library="BuiltIn">
<arg>${response}</arg>
<doc>Makes a variable available globally in all tests and suites.</doc>
<msg timestamp="20220709 17:32:29.269" level="INFO">${response} = &lt;Response [201]&gt;</msg>
<status status="PASS" starttime="20220709 17:32:29.268" endtime="20220709 17:32:29.269"/>
</kw>
<status status="PASS" starttime="20220709 17:32:29.263" endtime="20220709 17:32:29.269"/>
</kw>
<kw name="Definir Token Invalido &quot;2c03r2nvt02hhhfwo&quot;" library="common" sourcename="Definir Token Invalido &quot;${token_auth}&quot;">
<kw name="Set Global Variable" library="BuiltIn">
<arg>${token_auth}</arg>
<doc>Makes a variable available globally in all tests and suites.</doc>
<msg timestamp="20220709 17:32:29.269" level="INFO">${token_auth} = 2c03r2nvt02hhhfwo</msg>
<status status="PASS" starttime="20220709 17:32:29.269" endtime="20220709 17:32:29.269"/>
</kw>
<kw name="Log To Console" library="BuiltIn">
<arg>Token Inválido: ${token_auth}</arg>
<doc>Logs the given message to the console.</doc>
<status status="PASS" starttime="20220709 17:32:29.269" endtime="20220709 17:32:29.269"/>
</kw>
<status status="PASS" starttime="20220709 17:32:29.269" endtime="20220709 17:32:29.269"/>
</kw>
<kw name="DELETE Endpoint /carrinhos Cancelar Compra" library="carrinhos_keywords">
<kw name="Create Dictionary" library="BuiltIn">
<var>&amp;{header}</var>
<arg>Authorization=${token_auth}</arg>
<doc>Creates and returns a dictionary based on the given ``items``.</doc>
<msg timestamp="20220709 17:32:29.270" level="INFO">&amp;{header} = { Authorization=2c03r2nvt02hhhfwo }</msg>
<status status="PASS" starttime="20220709 17:32:29.270" endtime="20220709 17:32:29.270"/>
</kw>
<kw name="DELETE On Session" library="RequestsLibrary">
<var>${response}</var>
<arg>serverest</arg>
<arg>/carrinhos/cancelar-compra</arg>
<arg>headers=${header}</arg>
<arg>expected_status=any</arg>
<doc>Sends a DELETE request on a previously created HTTP Session.</doc>
<msg timestamp="20220709 17:32:29.271" level="INFO">DELETE Request : url=http://localhost:3000/carrinhos/cancelar-compra 
 path_url=/carrinhos/cancelar-compra 
 headers={'User-Agent': 'python-requests/2.28.0', 'Accept-Encoding': 'gzip, deflate', 'Accept': '*/*', 'Connection': 'keep-alive', 'Authorization': '2c03r2nvt02hhhfwo', 'Content-Length': '0'} 
 body=None 
 </msg>
<msg timestamp="20220709 17:32:29.271" level="INFO">DELETE Response : url=http://localhost:3000/carrinhos/cancelar-compra 
 status=401, reason=Unauthorized 
 headers={'Access-Control-Allow-Origin': '*', 'x-dns-prefetch-control': 'off', 'x-frame-options': 'SAMEORIGIN', 'strict-transport-security': 'max-age=15552000; includeSubDomains', 'x-download-options': 'noopen', 'x-content-type-options': 'nosniff', 'x-xss-protection': '1; mode=block', 'x-moesif-transaction-id': '4b8b80ae-4b54-4477-9cc0-e9e2f3aec670', 'Content-Type': 'application/json; charset=utf-8', 'Content-Length': '103', 'Date': 'Sat, 09 Jul 2022 20:32:29 GMT', 'Connection': 'keep-alive', 'Keep-Alive': 'timeout=5'} 
 body={
    "message": "Token de acesso ausente, inválido, expirado ou usuário do token não existe mais"
} 
 </msg>
<msg timestamp="20220709 17:32:29.271" level="INFO">${response} = &lt;Response [401]&gt;</msg>
<status status="PASS" starttime="20220709 17:32:29.270" endtime="20220709 17:32:29.271"/>
</kw>
<kw name="Set Global Variable" library="BuiltIn">
<arg>${response}</arg>
<doc>Makes a variable available globally in all tests and suites.</doc>
<msg timestamp="20220709 17:32:29.271" level="INFO">${response} = &lt;Response [401]&gt;</msg>
<status status="PASS" starttime="20220709 17:32:29.271" endtime="20220709 17:32:29.271"/>
</kw>
<kw name="Log To Console" library="BuiltIn">
<arg>Response: ${response.content}</arg>
<doc>Logs the given message to the console.</doc>
<status status="PASS" starttime="20220709 17:32:29.271" endtime="20220709 17:32:29.272"/>
</kw>
<status status="PASS" starttime="20220709 17:32:29.269" endtime="20220709 17:32:29.272"/>
</kw>
<kw name="Validar Status Code &quot;401&quot;" library="common" sourcename="Validar Status Code &quot;${statuscode}&quot;">
<kw name="Should Be True" library="BuiltIn">
<arg>${response.status_code} == ${statuscode}</arg>
<doc>Fails if the given condition is not true.</doc>
<status status="PASS" starttime="20220709 17:32:29.272" endtime="20220709 17:32:29.273"/>
</kw>
<status status="PASS" starttime="20220709 17:32:29.272" endtime="20220709 17:32:29.273"/>
</kw>
<kw name="Validar Se &quot;message&quot; Contem &quot;Token de acesso ausente, inválido, expirado ou usuário do token não existe mais&quot;" library="common" sourcename="Validar Se &quot;${chave}&quot; Contem &quot;${texto}&quot;">
<kw name="Should Contain" library="BuiltIn">
<arg>${response.json()["${chave}"]}</arg>
<arg>${texto}</arg>
<doc>Fails if ``container`` does not contain ``item`` one or more times.</doc>
<status status="PASS" starttime="20220709 17:32:29.273" endtime="20220709 17:32:29.273"/>
</kw>
<status status="PASS" starttime="20220709 17:32:29.273" endtime="20220709 17:32:29.273"/>
</kw>
<tag>DELETE</tag>
<tag>DELETE_cancelar_token_invalido</tag>
<status status="PASS" starttime="20220709 17:32:29.234" endtime="20220709 17:32:29.274"/>
</test>
<doc>Arquivo de Testes para o endpoint /carrinhos</doc>
<status status="PASS" starttime="20220709 17:32:28.430" endtime="20220709 17:32:29.274"/>
</suite>
<statistics>
<total>
<stat pass="17" fail="0" skip="0">All Tests</stat>
</total>
<tag>
<stat pass="6" fail="0" skip="0">DELETE</stat>
<stat pass="1" fail="0" skip="0">DELETE_cancelar_compra</stat>
<stat pass="1" fail="0" skip="0">DELETE_cancelar_sem_carrinho</stat>
<stat pass="1" fail="0" skip="0">DELETE_cancelar_token_invalido</stat>
<stat pass="1" fail="0" skip="0">DELETE_concluir_compra</stat>
<stat pass="1" fail="0" skip="0">DELETE_excluir_sem_carrinho</stat>
<stat pass="1" fail="0" skip="0">DELETE_token_invalido</stat>
<stat pass="3" fail="0" skip="0">GET</stat>
<stat pass="1" fail="0" skip="0">GET_carrinho_id</stat>
<stat pass="1" fail="0" skip="0">GET_carrinho_id_invalido</stat>
<stat pass="1" fail="0" skip="0">GET_carrinhos</stat>
<stat pass="8" fail="0" skip="0">POST</stat>
<stat pass="1" fail="0" skip="0">POST_carrinho_dinamico</stat>
<stat pass="1" fail="0" skip="0">POST_carrinho_produto_insuficiente</stat>
<stat pass="1" fail="0" skip="0">POST_carrinho_produto_invalido</stat>
<stat pass="1" fail="0" skip="0">POST_carrinho_quantidade_zero</stat>
<stat pass="1" fail="0" skip="0">POST_carrinho_sem_id</stat>
<stat pass="1" fail="0" skip="0">POST_carrinho_token_invalido</stat>
<stat pass="1" fail="0" skip="0">POST_dois_carrinhos</stat>
<stat pass="1" fail="0" skip="0">POST_produto_repetido</stat>
</tag>
<suite>
<stat pass="17" fail="0" skip="0" id="s1" name="Carrinhos Tests">Carrinhos Tests</stat>
</suite>
</statistics>
<errors>
</errors>
</robot>
