<?xml version="1.0" encoding="UTF-8"?>
<robot generator="Robot 5.0.1 (Python 3.10.5 on win32)" generated="20220712 12:21:17.692" rpa="false" schemaversion="3">
<suite id="s1" name="Carrinhos Tests" source="D:\Coisas\Estudos\Compass\Robot_framework\tests\carrinhos_tests.robot">
<kw name="Criar Sessao" library="common" type="SETUP">
<kw name="Create Session" library="RequestsLibrary">
<arg>serverest</arg>
<arg>${BASE_URL}</arg>
<doc>Create Session: create a HTTP session to a server</doc>
<msg timestamp="20220712 12:21:18.027" level="INFO">Creating Session using : alias=serverest, url=http://localhost:3000, headers={},                     cookies={}, auth=None, timeout=None, proxies=None, verify=False,                     debug=0 </msg>
<status status="PASS" starttime="20220712 12:21:18.022" endtime="20220712 12:21:18.027"/>
</kw>
<status status="PASS" starttime="20220712 12:21:18.021" endtime="20220712 12:21:18.027"/>
</kw>
<test id="s1-t1" name="Cenário: GET Retornar Todos Carrinhos 200" line="11">
<kw name="GET Endpoint /carrinhos" library="carrinhos_keywords">
<kw name="GET On Session" library="RequestsLibrary">
<var>${response}</var>
<arg>serverest</arg>
<arg>/carrinhos</arg>
<doc>Sends a GET request on a previously created HTTP Session.</doc>
<msg timestamp="20220712 12:21:18.036" level="INFO">GET Request : url=http://localhost:3000/carrinhos 
 path_url=/carrinhos 
 headers={'User-Agent': 'python-requests/2.28.0', 'Accept-Encoding': 'gzip, deflate', 'Accept': '*/*', 'Connection': 'keep-alive'} 
 body=None 
 </msg>
<msg timestamp="20220712 12:21:18.036" level="INFO">GET Response : url=http://localhost:3000/carrinhos 
 status=200, reason=OK 
 headers={'Access-Control-Allow-Origin': '*', 'x-dns-prefetch-control': 'off', 'x-frame-options': 'SAMEORIGIN', 'strict-transport-security': 'max-age=15552000; includeSubDomains', 'x-download-options': 'noopen', 'x-content-type-options': 'nosniff', 'x-xss-protection': '1; mode=block', 'x-moesif-transaction-id': 'b6a9ea13-c1b4-49fa-8794-e4ce58fecc1d', 'Content-Type': 'application/json; charset=utf-8', 'Content-Length': '406743', 'Date': 'Tue, 12 Jul 2022 15:21:18 GMT', 'Connection': 'keep-alive', 'Keep-Alive': 'timeout=5'} 
 body={
    "quantidade": 633,
    "carrinhos": [
        {
            "produtos": [
                {
                    "idProduto": "I0BIeKRsYmjorg1M",
                    "quantidade": 4,
                    "precoUnitario": 395
                },
                {
                    "idProduto": "cucVZhCEtjj9ow8J",
                    "quantidade": 3,
                    "precoUnitario": 321
                },
                {
                    "idProduto": "qv65rK28vnUQ31dW",
                    "quantidade": 3,
                    "precoUnitario": 852
                },
                {
                    "idProduto": "vxMEG53do7wv1a3o",
                    "quantidade": 4,
                    "precoUnitario": 654
                }
            ],
            "precoTotal": 7715,
            "quantidadeTotal": 14,
            "idUsuario": "SW5MM36OvF7dSMru",
            "_id": "03BSCbLssR0K1wBg"
        },
        {
            "produtos": [
                {
                    "idProduto": "OmsX9J5LIdcqgte9",
                    "quantidade": 3,
                    "precoUnitario": 39
                }
            ],
            "precoTotal": 117,
            "quantidadeTotal": 3,
            "idUsuario": "sOqHYyI62cQNLteE",
            "_id": "07Duv3PyNO0Dy82v"
        },
        {
            "produtos": [
                {
                    "idProduto": "BQZFWg2UCZf5vWSz",
                    "quantidade": 3,
                    "precoUnitario": 406
                },
                {
                    "idProduto": "0TO2xep6lcHQ8V09",
                    "quantidade": 4,
                    "precoUnitario": 765
                },
                {
                    "idProduto": "AjXQ6ji6arfD5qHN",
                    "quantidade": 3,
                    "precoUnitario": 753
                },
                {
                    "idProduto": "cFfgDy0RJTA2D5hm",
                    "quantidade": 4,
                    "precoUnitario": 516
                }
            ],
            "precoTotal": 8601,
            "quantidadeTotal": 14,
            "idUsuario": "N1TP2CQWHuKVxcKb",
            "_id": "09mQBWrhasx1AZzO"
        },
        {
            "produtos": [
                {
                    "idProduto": "jaTJM2bZP4L9N57N",
                    "quantidade": 2,
                    "precoUnitario": 549
                },
                {
                    "idProduto": "chwwZ3GwA3h4CFTW",
                    "quantidade": 2,
                    "precoUnitario": 978
                },
                {
                    "idProduto": "2XP2IkwMLw8iWRZu",
                    "quantidade": 3,
                    "precoUnitario": 1418
                }
            ],
            "precoTotal": 7308,
            "quantidadeTotal": 7,
            "idUsuario": "jjeDYLOhVirzjlnB",
            "_id": "0FAXcIeyppB6wDHk"
        },
        {
            "produtos": [
                {
                    "idProduto": "irzSoEbx4AcW0B1J",
                    "quantidade": 4,
                    "precoUnitario": 1167
                },
                {
                    "idProduto": "HWAmqGjRrQSv5jeB",
                    "quantidade": 4,
                    "precoUnitario": 1244
                },
                {
                    "idProduto": "O64oFsHVKNXYdCxc",
                    "quantidade": 3,
                    "precoUnitario": 1232
                }
            ],
            "precoTotal": 13340,
            "quantidadeTotal": 11,
            "idUsuario": "YZIUXDJ8WG0GSg0r",
            "_id": "0IlKAyWbOctYOhai"
        },
        {
            "produtos": [
                {
                    "idProduto": "CDSnyej4X1Azf4di",
                    "quantidade": 3,
                    "precoUnitario": 588
                },
                {
                    "idProduto": "uTzpQyJULeUKQK7D",
                    "quantidade": 4,
                    "precoUnitario": 1396
                },
                {
                    "idProduto": "7BYBvsPQY2EnGwBB",
                    "quantidade": 2,
                    "precoUnitario": 1446
                },
                {
                    "idProduto": "4tNToR0REg1YX03s",
                    "quantidade": 3,
                    "precoUnitario": 180
                }
            ],
            "precoTotal": 10780,
            "quantidadeTotal": 12,
            "idUsuario": "Kc2bcV0ZnmSlmKr7",
            "_id": "0WShz3OSQ5ROLZQ2"
        },
        {
            "produtos": [
                {
                    "idProduto": "5yXYcT8ipj899Yc2",
                    "quantidade": 2,
                    "precoUnitario": 204
                },
                {
                    "idProduto": "prDRSiQmSkhVqs9C",
                    "quantidade": 4,
                    "precoUnitario": 566
                },
                {
                    "idProduto": "xZLA4WMH0Z1wgL0e",
                    "quantidade": 4,
                    "precoUnitario": 21
                },
                {
                    "idProduto": "aGGsWn4RfYcN3NFA",
                    "quantidade": 4,
                    "precoUnitario": 907
                }
            ],
            "precoTotal": 6384,
            "quantidadeTotal": 14,
            "idUsuario": "xnjRBbo1yoOYhRbN",
            "_id": "0eBxwxppYz6L5Z6E"
        },
        {
            "produtos": [
                {
                    "idProduto": "rXLwRM76ueJUuakx",
                    "quantidade": 2,
                    "precoUnitario": 1406
                },
                {
                    "idProduto": "RlxYjVcNNfpomB7f",
                    "quantidade": 3,
                    "precoUnitario": 97
                }
            ],
            "precoTotal": 3103,
            "quantidadeTotal": 5,
            "idUsuario": "18E8KIUcVViEXQH9",
            "_id": "0mfydILFkJKYQdWf"
        },
        {
            "produtos": [
                {
                    "idProduto": "xbBdIpkvXZbmPYkk",
                    "quantidade": 4,
                    "precoUnitario": 900
                },
                {
                    "idProduto": "yNJAtU83OKToFRgP",
                    "quantidade": 4,
                    "precoUnitario": 1025
                },
                {
                    "idProduto": "NLPMDbYxW1xPiYpb",
                    "quantidade": 2,
                    "precoUnitario": 1473
                }
            ],
            "precoTotal": 10646,
            "quantidadeTotal": 10,
            "idUsuario": "HaFVBarcc4qEHPFq",
            "_id": "0udRHu6fszer262p"
        },
        {
            "produtos": [
                {
                    "idProduto": "asPCPHerAOgN2Qcw",
                    "quantidade": 3,
                    "precoUnitario": 494
                }
            ],
            "precoTotal": 1482,
            "quantidadeTotal": 3,
            "idUsuario": "GOODRzZbGA1OvOZf",
            "_id": "10OlzRkCPqBSyljw"
        },
        {
            "produtos": [
                {
                    "idProduto": "LtBi23CtsFfjGhcp",
                    "quantidade": 4,
                    "precoUnitario": 365
                },
                {
                    "idProduto": "4z1HADzZvZS8rfHn",
                    "quantidade": 2,
                    "precoUnitario": 1271
                },
                {
                    "idProduto": "UZnHmKAnu5kTEncD",
                    "quantidade": 4,
                    "precoUnitario": 1202
                },
                {
                    "idProduto": "nbCbSh8r5LrF5V3C",
                    "quantidade": 3,
                    "precoUnitario": 237
                }
            ],
            "precoTotal": 9521,
            "quantidadeTotal": 13,
            "idUsuario": "b7jYzaxo8K4mpnUJ",
            "_id": "15UENgbM6oiVBRFa"
        },
        {
            "produtos": [
                {
                    "idProduto": "5wg1Pj50mbRNaV2s",
                    "quantidade": 3,
                    "precoUnitario": 1184
                },
                {
                    "idProduto": "gYm37dHi9JncfrzF",
                    "quantidade": 4,
                    "precoUnitario": 374
                },
                {
                    "idProduto": "4tNToR0REg1YX03s",
                    "quantidade": 4,
                    "precoUnitario": 180
                },
                {
                    "idProduto": "uRsGkvx6o3lF0T96",
                    "quantidade": 4,
                    "precoUnitario": 183
                }
            ],
            "precoTotal": 6500,
            "quantidadeTotal": 15,
            "idUsuario": "PDP1fZsDZ8vdOidR",
            "_id": "1V7WtssGoaR68yqw"
        },
        {
            "produtos": [
                {
                    "idProduto": "JSHNhTe73OQgTPJQ",
                    "quantidade": 2,
                    "precoUnitario": 488
                }
            ],
            "precoTotal": 976,
            "quantidadeTotal": 2,
            "idUsuario": "BmWfbwx7dHkup7NR",
            "_id": "1gzmpJzpot4cBnKb"
        },
        {
            "produtos": [
                {
                    "idProduto": "DjgFOEamntNqrNIO",
                    "quantidade": 4,
                    "precoUnitario": 1122
                },
                {
                    "idProduto": "59DYYHyVgQmLoXUy",
                    "quantidade": 2,
                    "precoUnitario": 1432
                }
            ],
            "precoTotal": 7352,
            "quantidadeTotal": 6,
            "idUsuario": "TYhsjQJrlIJMF4ul",
            "_id": "28jxrQHCsJFofikW"
        },
        {
            "produtos": [
                {
                    "idProduto": "neVnQmwgRkyY4Syl",
                    "quantidade": 2,
                    "precoUnitario": 1321
                },
                {
                    "idProduto": "ZnqA7wkva6c3Eom0",
... (set the log level to DEBUG or TRACE to see the full content) 
 </msg>
<msg timestamp="20220712 12:21:18.036" level="INFO">${response} = &lt;Response [200]&gt;</msg>
<status status="PASS" starttime="20220712 12:21:18.028" endtime="20220712 12:21:18.036"/>
</kw>
<kw name="Set Global Variable" library="BuiltIn">
<arg>${response}</arg>
<doc>Makes a variable available globally in all tests and suites.</doc>
<msg timestamp="20220712 12:21:18.037" level="INFO">${response} = &lt;Response [200]&gt;</msg>
<status status="PASS" starttime="20220712 12:21:18.037" endtime="20220712 12:21:18.037"/>
</kw>
<kw name="Log To Console" library="BuiltIn">
<arg>Response: ${response.content}</arg>
<doc>Logs the given message to the console.</doc>
<status status="PASS" starttime="20220712 12:21:18.037" endtime="20220712 12:21:18.084"/>
</kw>
<status status="PASS" starttime="20220712 12:21:18.028" endtime="20220712 12:21:18.084"/>
</kw>
<kw name="Validar Status Code &quot;200&quot;" library="common" sourcename="Validar Status Code &quot;${statuscode}&quot;">
<kw name="Should Be True" library="BuiltIn">
<arg>${response.status_code} == ${statuscode}</arg>
<doc>Fails if the given condition is not true.</doc>
<status status="PASS" starttime="20220712 12:21:18.085" endtime="20220712 12:21:18.085"/>
</kw>
<status status="PASS" starttime="20220712 12:21:18.085" endtime="20220712 12:21:18.085"/>
</kw>
<tag>GET</tag>
<tag>GET_carrinhos</tag>
<status status="PASS" starttime="20220712 12:21:18.027" endtime="20220712 12:21:18.086"/>
</test>
<test id="s1-t2" name="Cenário: GET Retornar Carrinho por ID 200" line="16">
<kw name="Coletar ID Carrinho Aleatorio" library="carrinhos_keywords">
<kw name="GET On Session" library="RequestsLibrary">
<var>${response}</var>
<arg>serverest</arg>
<arg>/carrinhos</arg>
<doc>Sends a GET request on a previously created HTTP Session.</doc>
<msg timestamp="20220712 12:21:18.091" level="INFO">GET Request : url=http://localhost:3000/carrinhos 
 path_url=/carrinhos 
 headers={'User-Agent': 'python-requests/2.28.0', 'Accept-Encoding': 'gzip, deflate', 'Accept': '*/*', 'Connection': 'keep-alive'} 
 body=None 
 </msg>
<msg timestamp="20220712 12:21:18.091" level="INFO">GET Response : url=http://localhost:3000/carrinhos 
 status=200, reason=OK 
 headers={'Access-Control-Allow-Origin': '*', 'x-dns-prefetch-control': 'off', 'x-frame-options': 'SAMEORIGIN', 'strict-transport-security': 'max-age=15552000; includeSubDomains', 'x-download-options': 'noopen', 'x-content-type-options': 'nosniff', 'x-xss-protection': '1; mode=block', 'x-moesif-transaction-id': 'ce700053-882a-470d-b2a9-d491b4ffbeb4', 'Content-Type': 'application/json; charset=utf-8', 'Content-Length': '406743', 'Date': 'Tue, 12 Jul 2022 15:21:18 GMT', 'Connection': 'keep-alive', 'Keep-Alive': 'timeout=5'} 
 body={
    "quantidade": 633,
    "carrinhos": [
        {
            "produtos": [
                {
                    "idProduto": "I0BIeKRsYmjorg1M",
                    "quantidade": 4,
                    "precoUnitario": 395
                },
                {
                    "idProduto": "cucVZhCEtjj9ow8J",
                    "quantidade": 3,
                    "precoUnitario": 321
                },
                {
                    "idProduto": "qv65rK28vnUQ31dW",
                    "quantidade": 3,
                    "precoUnitario": 852
                },
                {
                    "idProduto": "vxMEG53do7wv1a3o",
                    "quantidade": 4,
                    "precoUnitario": 654
                }
            ],
            "precoTotal": 7715,
            "quantidadeTotal": 14,
            "idUsuario": "SW5MM36OvF7dSMru",
            "_id": "03BSCbLssR0K1wBg"
        },
        {
            "produtos": [
                {
                    "idProduto": "OmsX9J5LIdcqgte9",
                    "quantidade": 3,
                    "precoUnitario": 39
                }
            ],
            "precoTotal": 117,
            "quantidadeTotal": 3,
            "idUsuario": "sOqHYyI62cQNLteE",
            "_id": "07Duv3PyNO0Dy82v"
        },
        {
            "produtos": [
                {
                    "idProduto": "BQZFWg2UCZf5vWSz",
                    "quantidade": 3,
                    "precoUnitario": 406
                },
                {
                    "idProduto": "0TO2xep6lcHQ8V09",
                    "quantidade": 4,
                    "precoUnitario": 765
                },
                {
                    "idProduto": "AjXQ6ji6arfD5qHN",
                    "quantidade": 3,
                    "precoUnitario": 753
                },
                {
                    "idProduto": "cFfgDy0RJTA2D5hm",
                    "quantidade": 4,
                    "precoUnitario": 516
                }
            ],
            "precoTotal": 8601,
            "quantidadeTotal": 14,
            "idUsuario": "N1TP2CQWHuKVxcKb",
            "_id": "09mQBWrhasx1AZzO"
        },
        {
            "produtos": [
                {
                    "idProduto": "jaTJM2bZP4L9N57N",
                    "quantidade": 2,
                    "precoUnitario": 549
                },
                {
                    "idProduto": "chwwZ3GwA3h4CFTW",
                    "quantidade": 2,
                    "precoUnitario": 978
                },
                {
                    "idProduto": "2XP2IkwMLw8iWRZu",
                    "quantidade": 3,
                    "precoUnitario": 1418
                }
            ],
            "precoTotal": 7308,
            "quantidadeTotal": 7,
            "idUsuario": "jjeDYLOhVirzjlnB",
            "_id": "0FAXcIeyppB6wDHk"
        },
        {
            "produtos": [
                {
                    "idProduto": "irzSoEbx4AcW0B1J",
                    "quantidade": 4,
                    "precoUnitario": 1167
                },
                {
                    "idProduto": "HWAmqGjRrQSv5jeB",
                    "quantidade": 4,
                    "precoUnitario": 1244
                },
                {
                    "idProduto": "O64oFsHVKNXYdCxc",
                    "quantidade": 3,
                    "precoUnitario": 1232
                }
            ],
            "precoTotal": 13340,
            "quantidadeTotal": 11,
            "idUsuario": "YZIUXDJ8WG0GSg0r",
            "_id": "0IlKAyWbOctYOhai"
        },
        {
            "produtos": [
                {
                    "idProduto": "CDSnyej4X1Azf4di",
                    "quantidade": 3,
                    "precoUnitario": 588
                },
                {
                    "idProduto": "uTzpQyJULeUKQK7D",
                    "quantidade": 4,
                    "precoUnitario": 1396
                },
                {
                    "idProduto": "7BYBvsPQY2EnGwBB",
                    "quantidade": 2,
                    "precoUnitario": 1446
                },
                {
                    "idProduto": "4tNToR0REg1YX03s",
                    "quantidade": 3,
                    "precoUnitario": 180
                }
            ],
            "precoTotal": 10780,
            "quantidadeTotal": 12,
            "idUsuario": "Kc2bcV0ZnmSlmKr7",
            "_id": "0WShz3OSQ5ROLZQ2"
        },
        {
            "produtos": [
                {
                    "idProduto": "5yXYcT8ipj899Yc2",
                    "quantidade": 2,
                    "precoUnitario": 204
                },
                {
                    "idProduto": "prDRSiQmSkhVqs9C",
                    "quantidade": 4,
                    "precoUnitario": 566
                },
                {
                    "idProduto": "xZLA4WMH0Z1wgL0e",
                    "quantidade": 4,
                    "precoUnitario": 21
                },
                {
                    "idProduto": "aGGsWn4RfYcN3NFA",
                    "quantidade": 4,
                    "precoUnitario": 907
                }
            ],
            "precoTotal": 6384,
            "quantidadeTotal": 14,
            "idUsuario": "xnjRBbo1yoOYhRbN",
            "_id": "0eBxwxppYz6L5Z6E"
        },
        {
            "produtos": [
                {
                    "idProduto": "rXLwRM76ueJUuakx",
                    "quantidade": 2,
                    "precoUnitario": 1406
                },
                {
                    "idProduto": "RlxYjVcNNfpomB7f",
                    "quantidade": 3,
                    "precoUnitario": 97
                }
            ],
            "precoTotal": 3103,
            "quantidadeTotal": 5,
            "idUsuario": "18E8KIUcVViEXQH9",
            "_id": "0mfydILFkJKYQdWf"
        },
        {
            "produtos": [
                {
                    "idProduto": "xbBdIpkvXZbmPYkk",
                    "quantidade": 4,
                    "precoUnitario": 900
                },
                {
                    "idProduto": "yNJAtU83OKToFRgP",
                    "quantidade": 4,
                    "precoUnitario": 1025
                },
                {
                    "idProduto": "NLPMDbYxW1xPiYpb",
                    "quantidade": 2,
                    "precoUnitario": 1473
                }
            ],
            "precoTotal": 10646,
            "quantidadeTotal": 10,
            "idUsuario": "HaFVBarcc4qEHPFq",
            "_id": "0udRHu6fszer262p"
        },
        {
            "produtos": [
                {
                    "idProduto": "asPCPHerAOgN2Qcw",
                    "quantidade": 3,
                    "precoUnitario": 494
                }
            ],
            "precoTotal": 1482,
            "quantidadeTotal": 3,
            "idUsuario": "GOODRzZbGA1OvOZf",
            "_id": "10OlzRkCPqBSyljw"
        },
        {
            "produtos": [
                {
                    "idProduto": "LtBi23CtsFfjGhcp",
                    "quantidade": 4,
                    "precoUnitario": 365
                },
                {
                    "idProduto": "4z1HADzZvZS8rfHn",
                    "quantidade": 2,
                    "precoUnitario": 1271
                },
                {
                    "idProduto": "UZnHmKAnu5kTEncD",
                    "quantidade": 4,
                    "precoUnitario": 1202
                },
                {
                    "idProduto": "nbCbSh8r5LrF5V3C",
                    "quantidade": 3,
                    "precoUnitario": 237
                }
            ],
            "precoTotal": 9521,
            "quantidadeTotal": 13,
            "idUsuario": "b7jYzaxo8K4mpnUJ",
            "_id": "15UENgbM6oiVBRFa"
        },
        {
            "produtos": [
                {
                    "idProduto": "5wg1Pj50mbRNaV2s",
                    "quantidade": 3,
                    "precoUnitario": 1184
                },
                {
                    "idProduto": "gYm37dHi9JncfrzF",
                    "quantidade": 4,
                    "precoUnitario": 374
                },
                {
                    "idProduto": "4tNToR0REg1YX03s",
                    "quantidade": 4,
                    "precoUnitario": 180
                },
                {
                    "idProduto": "uRsGkvx6o3lF0T96",
                    "quantidade": 4,
                    "precoUnitario": 183
                }
            ],
            "precoTotal": 6500,
            "quantidadeTotal": 15,
            "idUsuario": "PDP1fZsDZ8vdOidR",
            "_id": "1V7WtssGoaR68yqw"
        },
        {
            "produtos": [
                {
                    "idProduto": "JSHNhTe73OQgTPJQ",
                    "quantidade": 2,
                    "precoUnitario": 488
                }
            ],
            "precoTotal": 976,
            "quantidadeTotal": 2,
            "idUsuario": "BmWfbwx7dHkup7NR",
            "_id": "1gzmpJzpot4cBnKb"
        },
        {
            "produtos": [
                {
                    "idProduto": "DjgFOEamntNqrNIO",
                    "quantidade": 4,
                    "precoUnitario": 1122
                },
                {
                    "idProduto": "59DYYHyVgQmLoXUy",
                    "quantidade": 2,
                    "precoUnitario": 1432
                }
            ],
            "precoTotal": 7352,
            "quantidadeTotal": 6,
            "idUsuario": "TYhsjQJrlIJMF4ul",
            "_id": "28jxrQHCsJFofikW"
        },
        {
            "produtos": [
                {
                    "idProduto": "neVnQmwgRkyY4Syl",
                    "quantidade": 2,
                    "precoUnitario": 1321
                },
                {
                    "idProduto": "ZnqA7wkva6c3Eom0",
... (set the log level to DEBUG or TRACE to see the full content) 
 </msg>
<msg timestamp="20220712 12:21:18.091" level="INFO">${response} = &lt;Response [200]&gt;</msg>
<status status="PASS" starttime="20220712 12:21:18.086" endtime="20220712 12:21:18.091"/>
</kw>
<kw name="Evaluate" library="BuiltIn">
<var>${numbers}</var>
<arg>random.sample(range(0, ${response.json()["quantidade"]}),1)</arg>
<arg>random</arg>
<doc>Evaluates the given expression in Python and returns the result.</doc>
<msg timestamp="20220712 12:21:18.093" level="INFO">${numbers} = [497]</msg>
<status status="PASS" starttime="20220712 12:21:18.091" endtime="20220712 12:21:18.093"/>
</kw>
<kw name="Set Variable" library="BuiltIn">
<var>${id_carrinho}</var>
<arg>${response.json()["carrinhos"][${numbers}[0]]["_id"]}</arg>
<doc>Returns the given values which can then be assigned to a variables.</doc>
<msg timestamp="20220712 12:21:18.095" level="INFO">${id_carrinho} = lqnspK3ZwvArOJav</msg>
<status status="PASS" starttime="20220712 12:21:18.093" endtime="20220712 12:21:18.095"/>
</kw>
<kw name="Set Global Variable" library="BuiltIn">
<arg>${id_carrinho}</arg>
<doc>Makes a variable available globally in all tests and suites.</doc>
<msg timestamp="20220712 12:21:18.095" level="INFO">${id_carrinho} = lqnspK3ZwvArOJav</msg>
<status status="PASS" starttime="20220712 12:21:18.095" endtime="20220712 12:21:18.095"/>
</kw>
<status status="PASS" starttime="20220712 12:21:18.086" endtime="20220712 12:21:18.095"/>
</kw>
<kw name="GET Endpoint /carrinhos por ID" library="carrinhos_keywords">
<kw name="GET On Session" library="RequestsLibrary">
<var>${response}</var>
<arg>serverest</arg>
<arg>/carrinhos/${id_carrinho}</arg>
<arg>expected_status=any</arg>
<doc>Sends a GET request on a previously created HTTP Session.</doc>
<msg timestamp="20220712 12:21:18.097" level="INFO">GET Request : url=http://localhost:3000/carrinhos/lqnspK3ZwvArOJav 
 path_url=/carrinhos/lqnspK3ZwvArOJav 
 headers={'User-Agent': 'python-requests/2.28.0', 'Accept-Encoding': 'gzip, deflate', 'Accept': '*/*', 'Connection': 'keep-alive'} 
 body=None 
 </msg>
<msg timestamp="20220712 12:21:18.097" level="INFO">GET Response : url=http://localhost:3000/carrinhos/lqnspK3ZwvArOJav 
 status=200, reason=OK 
 headers={'Access-Control-Allow-Origin': '*', 'x-dns-prefetch-control': 'off', 'x-frame-options': 'SAMEORIGIN', 'strict-transport-security': 'max-age=15552000; includeSubDomains', 'x-download-options': 'noopen', 'x-content-type-options': 'nosniff', 'x-xss-protection': '1; mode=block', 'x-moesif-transaction-id': '3be4bd8a-9002-4e91-9dfa-f72efbce5588', 'Content-Type': 'application/json; charset=utf-8', 'Content-Length': '657', 'Date': 'Tue, 12 Jul 2022 15:21:18 GMT', 'Connection': 'keep-alive', 'Keep-Alive': 'timeout=5'} 
 body={
    "produtos": [
        {
            "idProduto": "donUZeXpyV1r7qFT",
            "quantidade": 3,
            "precoUnitario": 1078
        },
        {
            "idProduto": "35QpT0u588vna7IQ",
            "quantidade": 2,
            "precoUnitario": 853
        },
        {
            "idProduto": "0nPWfa98cM9qq16q",
            "quantidade": 2,
            "precoUnitario": 479
        },
        {
            "idProduto": "xZLA4WMH0Z1wgL0e",
            "quantidade": 4,
            "precoUnitario": 21
        }
    ],
    "precoTotal": 5982,
    "quantidadeTotal": 11,
    "idUsuario": "LSYTBYBTvoUWsddh",
    "_id": "lqnspK3ZwvArOJav"
} 
 </msg>
<msg timestamp="20220712 12:21:18.097" level="INFO">${response} = &lt;Response [200]&gt;</msg>
<status status="PASS" starttime="20220712 12:21:18.096" endtime="20220712 12:21:18.097"/>
</kw>
<kw name="Set Global Variable" library="BuiltIn">
<arg>${response}</arg>
<doc>Makes a variable available globally in all tests and suites.</doc>
<msg timestamp="20220712 12:21:18.098" level="INFO">${response} = &lt;Response [200]&gt;</msg>
<status status="PASS" starttime="20220712 12:21:18.097" endtime="20220712 12:21:18.098"/>
</kw>
<kw name="Log To Console" library="BuiltIn">
<arg>Response: ${response.content}</arg>
<doc>Logs the given message to the console.</doc>
<status status="PASS" starttime="20220712 12:21:18.098" endtime="20220712 12:21:18.098"/>
</kw>
<status status="PASS" starttime="20220712 12:21:18.095" endtime="20220712 12:21:18.098"/>
</kw>
<kw name="Validar Status Code &quot;200&quot;" library="common" sourcename="Validar Status Code &quot;${statuscode}&quot;">
<kw name="Should Be True" library="BuiltIn">
<arg>${response.status_code} == ${statuscode}</arg>
<doc>Fails if the given condition is not true.</doc>
<status status="PASS" starttime="20220712 12:21:18.098" endtime="20220712 12:21:18.099"/>
</kw>
<status status="PASS" starttime="20220712 12:21:18.098" endtime="20220712 12:21:18.099"/>
</kw>
<tag>GET</tag>
<tag>GET_carrinho_id</tag>
<status status="PASS" starttime="20220712 12:21:18.086" endtime="20220712 12:21:18.099"/>
</test>
<test id="s1-t3" name="Cenário: GET Não Encontrar Carrinho Por ID 400" line="22">
<kw name="Definir Id Carrinho &quot;2cn9r8y29cn&quot;" library="carrinhos_keywords" sourcename="Definir Id Carrinho &quot;${id_carrinho}&quot;">
<kw name="Set Global Variable" library="BuiltIn">
<arg>${id_carrinho}</arg>
<doc>Makes a variable available globally in all tests and suites.</doc>
<msg timestamp="20220712 12:21:18.100" level="INFO">${id_carrinho} = 2cn9r8y29cn</msg>
<status status="PASS" starttime="20220712 12:21:18.100" endtime="20220712 12:21:18.100"/>
</kw>
<status status="PASS" starttime="20220712 12:21:18.100" endtime="20220712 12:21:18.100"/>
</kw>
<kw name="GET Endpoint /carrinhos por ID" library="carrinhos_keywords">
<kw name="GET On Session" library="RequestsLibrary">
<var>${response}</var>
<arg>serverest</arg>
<arg>/carrinhos/${id_carrinho}</arg>
<arg>expected_status=any</arg>
<doc>Sends a GET request on a previously created HTTP Session.</doc>
<msg timestamp="20220712 12:21:18.102" level="INFO">GET Request : url=http://localhost:3000/carrinhos/2cn9r8y29cn 
 path_url=/carrinhos/2cn9r8y29cn 
 headers={'User-Agent': 'python-requests/2.28.0', 'Accept-Encoding': 'gzip, deflate', 'Accept': '*/*', 'Connection': 'keep-alive'} 
 body=None 
 </msg>
<msg timestamp="20220712 12:21:18.102" level="INFO">GET Response : url=http://localhost:3000/carrinhos/2cn9r8y29cn 
 status=400, reason=Bad Request 
 headers={'Access-Control-Allow-Origin': '*', 'x-dns-prefetch-control': 'off', 'x-frame-options': 'SAMEORIGIN', 'strict-transport-security': 'max-age=15552000; includeSubDomains', 'x-download-options': 'noopen', 'x-content-type-options': 'nosniff', 'x-xss-protection': '1; mode=block', 'x-moesif-transaction-id': '276b5d8e-2d60-4196-a233-ed4d92c61900', 'Content-Type': 'application/json; charset=utf-8', 'Content-Length': '45', 'Date': 'Tue, 12 Jul 2022 15:21:18 GMT', 'Connection': 'keep-alive', 'Keep-Alive': 'timeout=5'} 
 body={
    "message": "Carrinho não encontrado"
} 
 </msg>
<msg timestamp="20220712 12:21:18.102" level="INFO">${response} = &lt;Response [400]&gt;</msg>
<status status="PASS" starttime="20220712 12:21:18.100" endtime="20220712 12:21:18.102"/>
</kw>
<kw name="Set Global Variable" library="BuiltIn">
<arg>${response}</arg>
<doc>Makes a variable available globally in all tests and suites.</doc>
<msg timestamp="20220712 12:21:18.102" level="INFO">${response} = &lt;Response [400]&gt;</msg>
<status status="PASS" starttime="20220712 12:21:18.102" endtime="20220712 12:21:18.102"/>
</kw>
<kw name="Log To Console" library="BuiltIn">
<arg>Response: ${response.content}</arg>
<doc>Logs the given message to the console.</doc>
<status status="PASS" starttime="20220712 12:21:18.102" endtime="20220712 12:21:18.102"/>
</kw>
<status status="PASS" starttime="20220712 12:21:18.100" endtime="20220712 12:21:18.103"/>
</kw>
<kw name="Validar Status Code &quot;400&quot;" library="common" sourcename="Validar Status Code &quot;${statuscode}&quot;">
<kw name="Should Be True" library="BuiltIn">
<arg>${response.status_code} == ${statuscode}</arg>
<doc>Fails if the given condition is not true.</doc>
<status status="PASS" starttime="20220712 12:21:18.103" endtime="20220712 12:21:18.103"/>
</kw>
<status status="PASS" starttime="20220712 12:21:18.103" endtime="20220712 12:21:18.103"/>
</kw>
<kw name="Validar Se &quot;message&quot; Contem &quot;Carrinho não encontrado&quot;" library="common" sourcename="Validar Se &quot;${chave}&quot; Contem &quot;${texto}&quot;">
<kw name="Should Contain" library="BuiltIn">
<arg>${response.json()["${chave}"]}</arg>
<arg>${texto}</arg>
<doc>Fails if ``container`` does not contain ``item`` one or more times.</doc>
<status status="PASS" starttime="20220712 12:21:18.104" endtime="20220712 12:21:18.104"/>
</kw>
<status status="PASS" starttime="20220712 12:21:18.104" endtime="20220712 12:21:18.104"/>
</kw>
<tag>GET</tag>
<tag>GET_carrinho_id_invalido</tag>
<status status="PASS" starttime="20220712 12:21:18.099" endtime="20220712 12:21:18.104"/>
</test>
<test id="s1-t4" name="Cenário: POST Cadastrar Carrinho Dinamico 200" line="30">
<kw name="Fazer Login e Armazenar Token Adm &quot;true&quot;" library="common" sourcename="Fazer Login e Armazenar Token Adm &quot;${boolean}&quot;">
<kw name="Criar Dados para Usuario Válido" library="dynamics">
<kw name="Name" library="FakerLibrary">
<var>${nome}</var>
<doc>:example 'John Doe'</doc>
<msg timestamp="20220712 12:21:18.105" level="INFO">${nome} = Chloe Smith</msg>
<status status="PASS" starttime="20220712 12:21:18.105" endtime="20220712 12:21:18.105"/>
</kw>
<kw name="Email" library="FakerLibrary">
<var>${email}</var>
<msg timestamp="20220712 12:21:18.106" level="INFO">${email} = canderson@example.net</msg>
<status status="PASS" starttime="20220712 12:21:18.105" endtime="20220712 12:21:18.106"/>
</kw>
<kw name="Random Int" library="FakerLibrary">
<var>${num}</var>
<arg>min=0</arg>
<arg>max=1000</arg>
<doc>Generate a random integer between two integers ``min`` and ``max`` inclusive
while observing the provided ``step`` value.</doc>
<msg timestamp="20220712 12:21:18.106" level="INFO">${num} = 576</msg>
<status status="PASS" starttime="20220712 12:21:18.106" endtime="20220712 12:21:18.106"/>
</kw>
<kw name="Catenate" library="BuiltIn">
<var>${email}</var>
<arg>SEPARATOR=</arg>
<arg>${num}</arg>
<arg>${email}</arg>
<doc>Catenates the given items together and returns the resulted string.</doc>
<msg timestamp="20220712 12:21:18.106" level="INFO">${email} = 576canderson@example.net</msg>
<status status="PASS" starttime="20220712 12:21:18.106" endtime="20220712 12:21:18.106"/>
</kw>
<kw name="Password" library="FakerLibrary">
<var>${senha}</var>
<arg>length=5</arg>
<arg>special_chars=False</arg>
<arg>digits=True</arg>
<arg>upper_case=True</arg>
<arg>lower_case=True</arg>
<doc>Generate a random password of the specified ``length``.</doc>
<msg timestamp="20220712 12:21:18.106" level="INFO">${senha} = 0SQpO</msg>
<status status="PASS" starttime="20220712 12:21:18.106" endtime="20220712 12:21:18.106"/>
</kw>
<kw name="Set Global Variable" library="BuiltIn">
<arg>${senha}</arg>
<doc>Makes a variable available globally in all tests and suites.</doc>
<msg timestamp="20220712 12:21:18.107" level="INFO">${senha} = 0SQpO</msg>
<status status="PASS" starttime="20220712 12:21:18.106" endtime="20220712 12:21:18.107"/>
</kw>
<kw name="Set Global Variable" library="BuiltIn">
<arg>${email}</arg>
<doc>Makes a variable available globally in all tests and suites.</doc>
<msg timestamp="20220712 12:21:18.107" level="INFO">${email} = 576canderson@example.net</msg>
<status status="PASS" starttime="20220712 12:21:18.107" endtime="20220712 12:21:18.107"/>
</kw>
<kw name="Create Dictionary" library="BuiltIn">
<var>${payload}</var>
<arg>nome=${nome}</arg>
<arg>email=${email}</arg>
<arg>password=${senha}</arg>
<arg>administrador=true</arg>
<doc>Creates and returns a dictionary based on the given ``items``.</doc>
<msg timestamp="20220712 12:21:18.107" level="INFO">${payload} = {'nome': 'Chloe Smith', 'email': '576canderson@example.net', 'password': '0SQpO', 'administrador': 'true'}</msg>
<status status="PASS" starttime="20220712 12:21:18.107" endtime="20220712 12:21:18.107"/>
</kw>
<kw name="Log To Console" library="BuiltIn">
<arg>${payload}</arg>
<doc>Logs the given message to the console.</doc>
<status status="PASS" starttime="20220712 12:21:18.107" endtime="20220712 12:21:18.107"/>
</kw>
<kw name="Set Global Variable" library="BuiltIn">
<arg>${payload}</arg>
<doc>Makes a variable available globally in all tests and suites.</doc>
<msg timestamp="20220712 12:21:18.108" level="INFO">${payload} = {'nome': 'Chloe Smith', 'email': '576canderson@example.net', 'password': '0SQpO', 'administrador': 'true'}</msg>
<status status="PASS" starttime="20220712 12:21:18.107" endtime="20220712 12:21:18.108"/>
</kw>
<status status="PASS" starttime="20220712 12:21:18.105" endtime="20220712 12:21:18.108"/>
</kw>
<kw name="Set To Dictionary" library="Collections">
<arg>${payload}</arg>
<arg>administrador=${boolean}</arg>
<doc>Adds the given ``key_value_pairs`` and ``items`` to the ``dictionary``.</doc>
<status status="PASS" starttime="20220712 12:21:18.108" endtime="20220712 12:21:18.108"/>
</kw>
<kw name="POST Endpoint /usuarios" library="usuarios_keywords">
<kw name="POST On Session" library="RequestsLibrary">
<var>${response}</var>
<arg>serverest</arg>
<arg>/usuarios</arg>
<arg>data=&amp;{payload}</arg>
<arg>expected_status=any</arg>
<doc>Sends a POST request on a previously created HTTP Session.</doc>
<msg timestamp="20220712 12:21:18.112" level="INFO">POST Request : url=http://localhost:3000/usuarios 
 path_url=/usuarios 
 headers={'User-Agent': 'python-requests/2.28.0', 'Accept-Encoding': 'gzip, deflate', 'Accept': '*/*', 'Connection': 'keep-alive', 'Content-Length': '83', 'Content-Type': 'application/x-www-form-urlencoded'} 
 body=nome=Chloe+Smith&amp;email=576canderson%40example.net&amp;password=0SQpO&amp;administrador=true 
 </msg>
<msg timestamp="20220712 12:21:18.112" level="INFO">POST Response : url=http://localhost:3000/usuarios 
 status=201, reason=Created 
 headers={'Access-Control-Allow-Origin': '*', 'x-dns-prefetch-control': 'off', 'x-frame-options': 'SAMEORIGIN', 'strict-transport-security': 'max-age=15552000; includeSubDomains', 'x-download-options': 'noopen', 'x-content-type-options': 'nosniff', 'x-xss-protection': '1; mode=block', 'x-moesif-transaction-id': '4036dca6-56d8-4d65-8416-36ffdcd46ca0', 'Content-Type': 'application/json; charset=utf-8', 'Content-Length': '82', 'Date': 'Tue, 12 Jul 2022 15:21:18 GMT', 'Connection': 'keep-alive', 'Keep-Alive': 'timeout=5'} 
 body={
    "message": "Cadastro realizado com sucesso",
    "_id": "meXsTVwgD0fyWXSC"
} 
 </msg>
<msg timestamp="20220712 12:21:18.112" level="INFO">${response} = &lt;Response [201]&gt;</msg>
<status status="PASS" starttime="20220712 12:21:18.108" endtime="20220712 12:21:18.112"/>
</kw>
<kw name="Log To Console" library="BuiltIn">
<arg>Response: ${response.content}</arg>
<doc>Logs the given message to the console.</doc>
<status status="PASS" starttime="20220712 12:21:18.112" endtime="20220712 12:21:18.112"/>
</kw>
<kw name="Set Global Variable" library="BuiltIn">
<arg>${response}</arg>
<doc>Makes a variable available globally in all tests and suites.</doc>
<msg timestamp="20220712 12:21:18.113" level="INFO">${response} = &lt;Response [201]&gt;</msg>
<status status="PASS" starttime="20220712 12:21:18.112" endtime="20220712 12:21:18.113"/>
</kw>
<status status="PASS" starttime="20220712 12:21:18.108" endtime="20220712 12:21:18.113"/>
</kw>
<kw name="Coletar ID Usuario" library="usuarios_keywords">
<kw name="Set Variable" library="BuiltIn">
<var>${id_usuario}</var>
<arg>${response.json()["_id"]}</arg>
<doc>Returns the given values which can then be assigned to a variables.</doc>
<msg timestamp="20220712 12:21:18.113" level="INFO">${id_usuario} = meXsTVwgD0fyWXSC</msg>
<status status="PASS" starttime="20220712 12:21:18.113" endtime="20220712 12:21:18.113"/>
</kw>
<kw name="Set Global Variable" library="BuiltIn">
<arg>${id_usuario}</arg>
<doc>Makes a variable available globally in all tests and suites.</doc>
<msg timestamp="20220712 12:21:18.114" level="INFO">${id_usuario} = meXsTVwgD0fyWXSC</msg>
<status status="PASS" starttime="20220712 12:21:18.113" endtime="20220712 12:21:18.114"/>
</kw>
<status status="PASS" starttime="20220712 12:21:18.113" endtime="20220712 12:21:18.114"/>
</kw>
<kw name="Create Dictionary" library="BuiltIn">
<var>${payload}</var>
<arg>email=${email}</arg>
<arg>password=${senha}</arg>
<doc>Creates and returns a dictionary based on the given ``items``.</doc>
<msg timestamp="20220712 12:21:18.114" level="INFO">${payload} = {'email': '576canderson@example.net', 'password': '0SQpO'}</msg>
<status status="PASS" starttime="20220712 12:21:18.114" endtime="20220712 12:21:18.114"/>
</kw>
<kw name="Set Global Variable" library="BuiltIn">
<arg>${payload}</arg>
<doc>Makes a variable available globally in all tests and suites.</doc>
<msg timestamp="20220712 12:21:18.114" level="INFO">${payload} = {'email': '576canderson@example.net', 'password': '0SQpO'}</msg>
<status status="PASS" starttime="20220712 12:21:18.114" endtime="20220712 12:21:18.114"/>
</kw>
<kw name="POST Endpoint /login Dinamico" library="login_keywords">
<kw name="POST On Session" library="RequestsLibrary">
<var>${response}</var>
<arg>serverest</arg>
<arg>/login</arg>
<arg>data=&amp;{payload}</arg>
<arg>expected_status=any</arg>
<doc>Sends a POST request on a previously created HTTP Session.</doc>
<msg timestamp="20220712 12:21:18.118" level="INFO">POST Request : url=http://localhost:3000/login 
 path_url=/login 
 headers={'User-Agent': 'python-requests/2.28.0', 'Accept-Encoding': 'gzip, deflate', 'Accept': '*/*', 'Connection': 'keep-alive', 'Content-Length': '47', 'Content-Type': 'application/x-www-form-urlencoded'} 
 body=email=576canderson%40example.net&amp;password=0SQpO 
 </msg>
<msg timestamp="20220712 12:21:18.118" level="INFO">POST Response : url=http://localhost:3000/login 
 status=200, reason=OK 
 headers={'Access-Control-Allow-Origin': '*', 'x-dns-prefetch-control': 'off', 'x-frame-options': 'SAMEORIGIN', 'strict-transport-security': 'max-age=15552000; includeSubDomains', 'x-download-options': 'noopen', 'x-content-type-options': 'nosniff', 'x-xss-protection': '1; mode=block', 'x-moesif-transaction-id': 'c28b2d8a-67dd-4e15-8e44-83517383e010', 'Content-Type': 'application/json; charset=utf-8', 'Content-Length': '280', 'Date': 'Tue, 12 Jul 2022 15:21:18 GMT', 'Connection': 'keep-alive', 'Keep-Alive': 'timeout=5'} 
 body={
    "message": "Login realizado com sucesso",
    "authorization": "Bearer eyJhbGciOiJIUzI1NiIsInR5cCI6IkpXVCJ9.eyJlbWFpbCI6IjU3NmNhbmRlcnNvbkBleGFtcGxlLm5ldCIsInBhc3N3b3JkIjoiMFNRcE8iLCJpYXQiOjE2NTc2MzkyNzgsImV4cCI6MTY1NzYzOTg3OH0.fNxchLENfuZQQh6-FSiYwPlbBddq1991s3rCBTWecAg"
} 
 </msg>
<msg timestamp="20220712 12:21:18.118" level="INFO">${response} = &lt;Response [200]&gt;</msg>
<status status="PASS" starttime="20220712 12:21:18.114" endtime="20220712 12:21:18.118"/>
</kw>
<kw name="Log To Console" library="BuiltIn">
<arg>Response: ${response.content}</arg>
<doc>Logs the given message to the console.</doc>
<status status="PASS" starttime="20220712 12:21:18.118" endtime="20220712 12:21:18.118"/>
</kw>
<kw name="Set Global Variable" library="BuiltIn">
<arg>${response}</arg>
<doc>Makes a variable available globally in all tests and suites.</doc>
<msg timestamp="20220712 12:21:18.118" level="INFO">${response} = &lt;Response [200]&gt;</msg>
<status status="PASS" starttime="20220712 12:21:18.118" endtime="20220712 12:21:18.118"/>
</kw>
<status status="PASS" starttime="20220712 12:21:18.114" endtime="20220712 12:21:18.118"/>
</kw>
<kw name="Set Variable" library="BuiltIn">
<var>${token_auth}</var>
<arg>${response.json()["authorization"]}</arg>
<doc>Returns the given values which can then be assigned to a variables.</doc>
<msg timestamp="20220712 12:21:18.119" level="INFO">${token_auth} = Bearer eyJhbGciOiJIUzI1NiIsInR5cCI6IkpXVCJ9.eyJlbWFpbCI6IjU3NmNhbmRlcnNvbkBleGFtcGxlLm5ldCIsInBhc3N3b3JkIjoiMFNRcE8iLCJpYXQiOjE2NTc2MzkyNzgsImV4cCI6MTY1NzYzOTg3OH0.fNxchLENfuZQQh6-FSiYwPlbBddq1991s3rC...</msg>
<status status="PASS" starttime="20220712 12:21:18.118" endtime="20220712 12:21:18.119"/>
</kw>
<kw name="Set Global Variable" library="BuiltIn">
<arg>${token_auth}</arg>
<doc>Makes a variable available globally in all tests and suites.</doc>
<msg timestamp="20220712 12:21:18.119" level="INFO">${token_auth} = Bearer eyJhbGciOiJIUzI1NiIsInR5cCI6IkpXVCJ9.eyJlbWFpbCI6IjU3NmNhbmRlcnNvbkBleGFtcGxlLm5ldCIsInBhc3N3b3JkIjoiMFNRcE8iLCJpYXQiOjE2NTc2MzkyNzgsImV4cCI6MTY1NzYzOTg3OH0.fNxchLENfuZQQh6-FSiYwPlbBddq1991s3rC...</msg>
<status status="PASS" starttime="20220712 12:21:18.119" endtime="20220712 12:21:18.119"/>
</kw>
<status status="PASS" starttime="20220712 12:21:18.105" endtime="20220712 12:21:18.119"/>
</kw>
<kw name="Criar Carrinho Dinamico Valido" library="dynamics">
<kw name="Evaluate" library="BuiltIn">
<var>${quant_produtos}</var>
<arg>random.sample(range(1, 5),1)</arg>
<arg>random</arg>
<doc>Evaluates the given expression in Python and returns the result.</doc>
<msg timestamp="20220712 12:21:18.120" level="INFO">${quant_produtos} = [1]</msg>
<status status="PASS" starttime="20220712 12:21:18.119" endtime="20220712 12:21:18.120"/>
</kw>
<kw name="Create List" library="BuiltIn">
<var>@{lista}</var>
<doc>Returns a list containing given items.</doc>
<msg timestamp="20220712 12:21:18.120" level="INFO">@{lista} = [ ]</msg>
<status status="PASS" starttime="20220712 12:21:18.120" endtime="20220712 12:21:18.120"/>
</kw>
<for flavor="IN RANGE">
<var>${C}</var>
<value>${quant_produtos[0]}</value>
<iter>
<var name="${C}">0</var>
<kw name="GET On Session" library="RequestsLibrary">
<var>${response}</var>
<arg>serverest</arg>
<arg>/produtos</arg>
<doc>Sends a GET request on a previously created HTTP Session.</doc>
<msg timestamp="20220712 12:21:18.124" level="INFO">GET Request : url=http://localhost:3000/produtos 
 path_url=/produtos 
 headers={'User-Agent': 'python-requests/2.28.0', 'Accept-Encoding': 'gzip, deflate', 'Accept': '*/*', 'Connection': 'keep-alive'} 
 body=None 
 </msg>
<msg timestamp="20220712 12:21:18.125" level="INFO">GET Response : url=http://localhost:3000/produtos 
 status=200, reason=OK 
 headers={'Access-Control-Allow-Origin': '*', 'x-dns-prefetch-control': 'off', 'x-frame-options': 'SAMEORIGIN', 'strict-transport-security': 'max-age=15552000; includeSubDomains', 'x-download-options': 'noopen', 'x-content-type-options': 'nosniff', 'x-xss-protection': '1; mode=block', 'x-moesif-transaction-id': '3fa56399-fd6e-4362-afc8-c47839dc6da1', 'Content-Type': 'application/json; charset=utf-8', 'Content-Length': '372859', 'Date': 'Tue, 12 Jul 2022 15:21:18 GMT', 'Connection': 'keep-alive', 'Keep-Alive': 'timeout=5'} 
 body={
    "quantidade": 1612,
    "produtos": [
        {
            "nome": "Risk Mrs kind my.",
            "preco": 226,
            "descricao": "Say support paper star quickly contain prevent.",
            "quantidade": 3586,
            "_id": "0A96Up933APFT1gg"
        },
        {
            "nome": "Skill operation mean.",
            "preco": 841,
            "descricao": "Knowledge but situation ready quality each.",
            "quantidade": 2886,
            "_id": "0IZ8JBQ7byDt2f2Q"
        },
        {
            "nome": "My stage model oil.",
            "preco": 35,
            "descricao": "Hard item structure close network final investment.",
            "quantidade": 3483,
            "_id": "0JtZUaBC9kx4TRV7"
        },
        {
            "nome": "Write clear point law.",
            "preco": 62,
            "descricao": "Baby its thing ground end letter suffer.",
            "quantidade": 4532,
            "_id": "0L9zYXpcscU5kYaQ"
        },
        {
            "nome": "Despite beat scene push.",
            "preco": 855,
            "descricao": "Goal show campaign still move poor growth.",
            "quantidade": 3622,
            "_id": "0MxItRe009xE0zqO"
        },
        {
            "nome": "Blood born chance.",
            "preco": 1219,
            "descricao": "Defense north early mention culture successful.",
            "quantidade": 2237,
            "_id": "0OwsQpu3nfZSlKB6"
        },
        {
            "nome": "Mission art debate goal.",
            "preco": 666,
            "descricao": "Feel pretty same expect. Alone together a compare history.",
            "quantidade": 2314,
            "_id": "0SRvyRRQxAU4NqnS"
        },
        {
            "nome": "Month decide look ever.",
            "preco": 765,
            "descricao": "Your matter bill rule reality.",
            "quantidade": 3903,
            "_id": "0TO2xep6lcHQ8V09"
        },
        {
            "nome": "Time cause world just.",
            "preco": 698,
            "descricao": "Experience can office give understand pay.",
            "quantidade": 2177,
            "_id": "0TijlsYyfqgPPWMs"
        },
        {
            "nome": "Tend recognize beat.",
            "preco": 386,
            "descricao": "Couple easy person hold few art. Another compare computer.",
            "quantidade": 3954,
            "_id": "0U18kPFO6mdbkous"
        },
        {
            "nome": "Land team family.",
            "preco": 919,
            "descricao": "Two represent family last.",
            "quantidade": 3884,
            "_id": "0Ul8RbKIfQaWznI8"
        },
        {
            "nome": "Drive guess visit.",
            "preco": 959,
            "descricao": "Build ground hard air relationship. Model law stay.",
            "quantidade": 2027,
            "_id": "0WaQiKV4ItYax4qR"
        },
        {
            "nome": "Next affect agent tax.",
            "preco": 398,
            "descricao": "Account five work charge keep spend.",
            "quantidade": 3290,
            "_id": "0Z0TkcQxd6yHPi0k"
        },
        {
            "nome": "Too natural all.",
            "preco": 454,
            "descricao": "May company plan somebody soldier.",
            "quantidade": 4801,
            "_id": "0dKjtpcGBRdcVDl9"
        },
        {
            "nome": "Body thus nearly.",
            "preco": 1475,
            "descricao": "Owner create business leader analysis.",
            "quantidade": 3652,
            "_id": "0i5WsonvCpUvHZZU"
        },
        {
            "nome": "One notice those page.",
            "preco": 309,
            "descricao": "Notice guess writer degree.",
            "quantidade": 2090,
            "_id": "0iqJNtm7rtTaiEgU"
        },
        {
            "nome": "Market cover shake.",
            "preco": 1070,
            "descricao": "Attorney drug among call second and answer hold.",
            "quantidade": 3124,
            "_id": "0jRjMqdlWpzQYfMk"
        },
        {
            "nome": "Again action door.",
            "preco": 1191,
            "descricao": "Conference among her bed cut. Challenge language religious.",
            "quantidade": 2094,
            "_id": "0jZMyulfWqbSnuQ8"
        },
        {
            "nome": "My together road fine.",
            "preco": 482,
            "descricao": "Coach PM help security born to way you.",
            "quantidade": 2895,
            "_id": "0krUfdlUdU5WNWct"
        },
        {
            "nome": "Away improve seat.",
            "preco": 479,
            "descricao": "Floor put religious finish speak change.",
            "quantidade": 3455,
            "_id": "0nPWfa98cM9qq16q"
        },
        {
            "nome": "Owner fear if finish.",
            "preco": 1087,
            "descricao": "Manager data mother resource series talk.",
            "quantidade": 4474,
            "_id": "0oLTo0V317iNuu8B"
        },
        {
            "nome": "Will term special.",
            "preco": 1253,
            "descricao": "Some reveal drug nature per occur.",
            "quantidade": 4901,
            "_id": "0xKv3YohVgKeHyga"
        },
        {
            "nome": "Far painting hot.",
            "preco": 952,
            "descricao": "Policy likely however week town onto from born.",
            "quantidade": 2024,
            "_id": "0xkZONmW9JGgx8rs"
        },
        {
            "nome": "Green hair land.",
            "preco": 1285,
            "descricao": "Property condition red hard account. That phone civil rest.",
            "quantidade": 2098,
            "_id": "0zF6fTsLsmzZ4eGG"
        },
        {
            "nome": "Glass parent note.",
            "preco": 86,
            "descricao": "Glass five want meet watch hope.",
            "quantidade": 3733,
            "_id": "100EGXfji8OPW68i"
        },
        {
            "nome": "Up because perform.",
            "preco": 455,
            "descricao": "Together cause certainly enough can.",
            "quantidade": 4773,
            "_id": "15aLweMAjqQi9hV1"
        },
        {
            "nome": "Data white market.",
            "preco": 1283,
            "descricao": "American keep computer president.",
            "quantidade": 3042,
            "_id": "1AxyBBi5WRhzeMQx"
        },
        {
            "nome": "Them learn large.",
            "preco": 1494,
            "descricao": "Tonight cold form best. Bring onto relate question.",
            "quantidade": 2001,
            "_id": "1BxaPHNm1skHvAVi"
        },
        {
            "nome": "As effect help wall.",
            "preco": 857,
            "descricao": "Event international investment.",
            "quantidade": 4216,
            "_id": "1HILhdBeJTfa04dL"
        },
        {
            "nome": "Story member factor boy.",
            "preco": 468,
            "descricao": "Authority hear guy if contain top.",
            "quantidade": 2463,
            "_id": "1LdqYrhMYKEAlwqB"
        },
        {
            "nome": "Test only can thought.",
            "preco": 686,
            "descricao": "Determine visit skill. Surface government dark.",
            "quantidade": 2579,
            "_id": "1RXAkflrJmxeto3r"
        },
        {
            "nome": "Stop Congress item even.",
            "preco": 759,
            "descricao": "Everyone listen discussion tax. Can well feel seem car.",
            "quantidade": 2871,
            "_id": "1SuiKJJnEVTs2UPf"
        },
        {
            "nome": "Logitech MX Vertical",
            "preco": 200,
            "descricao": "Mouse gamer",
            "quantidade": 201,
            "_id": "1Uq9MeuyzPwRvkrt"
        },
        {
            "nome": "Physical drug to even.",
            "preco": 1206,
            "descricao": "Also mind remember fill lot.",
            "quantidade": 4279,
            "_id": "1WTkQJrWP4CwJGaU"
        },
        {
            "nome": "Will key cup throw one.",
            "preco": 652,
            "descricao": "Age reason economy floor air begin effect.",
            "quantidade": 3352,
            "_id": "1WZoYgkrOYGTKyX8"
        },
        {
            "nome": "Very ready street but.",
            "preco": 228,
            "descricao": "Writer opportunity front.",
            "quantidade": 2817,
            "_id": "1WgywGhAj4Ib1FpT"
        },
        {
            "nome": "Prove two health always.",
            "preco": 620,
            "descricao": "Store college already side cut land.",
            "quantidade": 4935,
            "_id": "1ZVmyuQ1owHLBOlu"
        },
        {
            "nome": "Drug rise or.",
            "preco": 195,
            "descricao": "Act front next be friend.",
            "quantidade": 4814,
            "_id": "1buxWMDnPLdBixO3"
        },
        {
            "nome": "Cost significant build.",
            "preco": 1452,
            "descricao": "Number field source whole. Right marriage food case near.",
            "quantidade": 4614,
            "_id": "1e89ANv6KtjNZfPD"
        },
        {
            "nome": "Still try project start.",
            "preco": 1154,
            "descricao": "Later senior go. Man reveal matter ball part eye certainly.",
            "quantidade": 2296,
            "_id": "1erkEkTMbsC2xb3N"
        },
        {
            "nome": "Realize quite most.",
            "preco": 859,
            "descricao": "Despite particular we require house.",
            "quantidade": 4407,
            "_id": "1fEythLljwAemV06"
        },
        {
            "nome": "Position fly real.",
            "preco": 272,
            "descricao": "Blue medical you language. Recognize off measure dark do.",
            "quantidade": 4840,
            "_id": "1hJIl5kNwEW1UMvs"
        },
        {
            "nome": "Popular and different.",
            "preco": 58,
            "descricao": "Policy song trip agency their democratic mind.",
            "quantidade": 3733,
            "_id": "1jAbWGv0OemPzjMg"
        }... (set the log level to DEBUG or TRACE to see the full content) 
 </msg>
<msg timestamp="20220712 12:21:18.125" level="INFO">${response} = &lt;Response [200]&gt;</msg>
<status status="PASS" starttime="20220712 12:21:18.120" endtime="20220712 12:21:18.125"/>
</kw>
<kw name="Evaluate" library="BuiltIn">
<var>${numbers}</var>
<arg>random.sample(range(0, ${response.json()["quantidade"]}),1)</arg>
<arg>random</arg>
<doc>Evaluates the given expression in Python and returns the result.</doc>
<msg timestamp="20220712 12:21:18.127" level="INFO">${numbers} = [442]</msg>
<status status="PASS" starttime="20220712 12:21:18.125" endtime="20220712 12:21:18.127"/>
</kw>
<kw name="Set Variable" library="BuiltIn">
<var>${id}</var>
<arg>${response.json()["produtos"][${numbers}[0]]["_id"]}</arg>
<doc>Returns the given values which can then be assigned to a variables.</doc>
<msg timestamp="20220712 12:21:18.128" level="INFO">${id} = HULQhljaSs9OkpOR</msg>
<status status="PASS" starttime="20220712 12:21:18.127" endtime="20220712 12:21:18.128"/>
</kw>
<kw name="Random Int" library="FakerLibrary">
<var>${quantidade}</var>
<arg>min=2</arg>
<arg>max=4</arg>
<doc>Generate a random integer between two integers ``min`` and ``max`` inclusive
while observing the provided ``step`` value.</doc>
<msg timestamp="20220712 12:21:18.128" level="INFO">${quantidade} = 3</msg>
<status status="PASS" starttime="20220712 12:21:18.128" endtime="20220712 12:21:18.128"/>
</kw>
<kw name="Create Dictionary" library="BuiltIn">
<var>${pedido}</var>
<arg>idProduto=${id}</arg>
<arg>quantidade=${quantidade}</arg>
<doc>Creates and returns a dictionary based on the given ``items``.</doc>
<msg timestamp="20220712 12:21:18.129" level="INFO">${pedido} = {'idProduto': 'HULQhljaSs9OkpOR', 'quantidade': 3}</msg>
<status status="PASS" starttime="20220712 12:21:18.128" endtime="20220712 12:21:18.129"/>
</kw>
<kw name="Append To List" library="Collections">
<arg>${lista}</arg>
<arg>${pedido}</arg>
<doc>Adds ``values`` to the end of ``list``.</doc>
<status status="PASS" starttime="20220712 12:21:18.129" endtime="20220712 12:21:18.129"/>
</kw>
<status status="PASS" starttime="20220712 12:21:18.120" endtime="20220712 12:21:18.129"/>
</iter>
<status status="PASS" starttime="20220712 12:21:18.120" endtime="20220712 12:21:18.129"/>
</for>
<kw name="Create Dictionary" library="BuiltIn">
<var>${payload}</var>
<arg>produtos=${lista}</arg>
<doc>Creates and returns a dictionary based on the given ``items``.</doc>
<msg timestamp="20220712 12:21:18.129" level="INFO">${payload} = {'produtos': [{'idProduto': 'HULQhljaSs9OkpOR', 'quantidade': 3}]}</msg>
<status status="PASS" starttime="20220712 12:21:18.129" endtime="20220712 12:21:18.129"/>
</kw>
<kw name="Set Global Variable" library="BuiltIn">
<arg>${payload}</arg>
<doc>Makes a variable available globally in all tests and suites.</doc>
<msg timestamp="20220712 12:21:18.129" level="INFO">${payload} = {'produtos': [{'idProduto': 'HULQhljaSs9OkpOR', 'quantidade': 3}]}</msg>
<status status="PASS" starttime="20220712 12:21:18.129" endtime="20220712 12:21:18.129"/>
</kw>
<status status="PASS" starttime="20220712 12:21:18.119" endtime="20220712 12:21:18.129"/>
</kw>
<kw name="POST Endpoint /carrinhos" library="carrinhos_keywords">
<kw name="Create Dictionary" library="BuiltIn">
<var>&amp;{header}</var>
<arg>Authorization=${token_auth}</arg>
<doc>Creates and returns a dictionary based on the given ``items``.</doc>
<msg timestamp="20220712 12:21:18.130" level="INFO">&amp;{header} = { Authorization=Bearer eyJhbGciOiJIUzI1NiIsInR5cCI6IkpXVCJ9.eyJlbWFpbCI6IjU3NmNhbmRlcnNvbkBleGFtcGxlLm5ldCIsInBhc3N3b3JkIjoiMFNRcE8iLCJpYXQiOjE2NTc2MzkyNzgsImV4cCI6MTY1NzYzOTg3OH0.fNxchLENfuZQQh6-FSiY...</msg>
<status status="PASS" starttime="20220712 12:21:18.130" endtime="20220712 12:21:18.130"/>
</kw>
<kw name="Set To Dictionary" library="Collections">
<arg>${header}</arg>
<arg>Content-Type=application/json</arg>
<doc>Adds the given ``key_value_pairs`` and ``items`` to the ``dictionary``.</doc>
<status status="PASS" starttime="20220712 12:21:18.130" endtime="20220712 12:21:18.130"/>
</kw>
<kw name="Evaluate" library="BuiltIn">
<var>${payload}</var>
<arg>json.dumps(${payload})</arg>
<arg>json</arg>
<doc>Evaluates the given expression in Python and returns the result.</doc>
<msg timestamp="20220712 12:21:18.130" level="INFO">${payload} = {"produtos": [{"idProduto": "HULQhljaSs9OkpOR", "quantidade": 3}]}</msg>
<status status="PASS" starttime="20220712 12:21:18.130" endtime="20220712 12:21:18.130"/>
</kw>
<kw name="Log To Console" library="BuiltIn">
<arg>${payload}</arg>
<doc>Logs the given message to the console.</doc>
<status status="PASS" starttime="20220712 12:21:18.130" endtime="20220712 12:21:18.130"/>
</kw>
<kw name="POST On Session" library="RequestsLibrary">
<var>${response}</var>
<arg>serverest</arg>
<arg>/carrinhos</arg>
<arg>data=${payload}</arg>
<arg>headers=${header}</arg>
<arg>expected_status=any</arg>
<doc>Sends a POST request on a previously created HTTP Session.</doc>
<msg timestamp="20220712 12:21:18.137" level="INFO">POST Request : url=http://localhost:3000/carrinhos 
 path_url=/carrinhos 
 headers={'User-Agent': 'python-requests/2.28.0', 'Accept-Encoding': 'gzip, deflate', 'Accept': '*/*', 'Connection': 'keep-alive', 'Authorization': 'Bearer eyJhbGciOiJIUzI1NiIsInR5cCI6IkpXVCJ9.eyJlbWFpbCI6IjU3NmNhbmRlcnNvbkBleGFtcGxlLm5ldCIsInBhc3N3b3JkIjoiMFNRcE8iLCJpYXQiOjE2NTc2MzkyNzgsImV4cCI6MTY1NzYzOTg3OH0.fNxchLENfuZQQh6-FSiYwPlbBddq1991s3rCBTWecAg', 'Content-Type': 'application/json', 'Content-Length': '66'} 
 body={"produtos": [{"idProduto": "HULQhljaSs9OkpOR", "quantidade": 3}]} 
 </msg>
<msg timestamp="20220712 12:21:18.137" level="INFO">POST Response : url=http://localhost:3000/carrinhos 
 status=201, reason=Created 
 headers={'Access-Control-Allow-Origin': '*', 'x-dns-prefetch-control': 'off', 'x-frame-options': 'SAMEORIGIN', 'strict-transport-security': 'max-age=15552000; includeSubDomains', 'x-download-options': 'noopen', 'x-content-type-options': 'nosniff', 'x-xss-protection': '1; mode=block', 'x-moesif-transaction-id': '96146bcb-c74e-4c6a-acf6-f788f790182c', 'Content-Type': 'application/json; charset=utf-8', 'Content-Length': '82', 'Date': 'Tue, 12 Jul 2022 15:21:18 GMT', 'Connection': 'keep-alive', 'Keep-Alive': 'timeout=5'} 
 body={
    "message": "Cadastro realizado com sucesso",
    "_id": "bm3fatH7n2a9Regc"
} 
 </msg>
<msg timestamp="20220712 12:21:18.137" level="INFO">${response} = &lt;Response [201]&gt;</msg>
<status status="PASS" starttime="20220712 12:21:18.131" endtime="20220712 12:21:18.137"/>
</kw>
<kw name="Log To Console" library="BuiltIn">
<arg>Response: ${response.content}</arg>
<doc>Logs the given message to the console.</doc>
<status status="PASS" starttime="20220712 12:21:18.137" endtime="20220712 12:21:18.137"/>
</kw>
<kw name="Set Global Variable" library="BuiltIn">
<arg>${response}</arg>
<doc>Makes a variable available globally in all tests and suites.</doc>
<msg timestamp="20220712 12:21:18.137" level="INFO">${response} = &lt;Response [201]&gt;</msg>
<status status="PASS" starttime="20220712 12:21:18.137" endtime="20220712 12:21:18.137"/>
</kw>
<status status="PASS" starttime="20220712 12:21:18.129" endtime="20220712 12:21:18.137"/>
</kw>
<kw name="Validar Status Code &quot;201&quot;" library="common" sourcename="Validar Status Code &quot;${statuscode}&quot;">
<kw name="Should Be True" library="BuiltIn">
<arg>${response.status_code} == ${statuscode}</arg>
<doc>Fails if the given condition is not true.</doc>
<status status="PASS" starttime="20220712 12:21:18.138" endtime="20220712 12:21:18.138"/>
</kw>
<status status="PASS" starttime="20220712 12:21:18.138" endtime="20220712 12:21:18.138"/>
</kw>
<kw name="Validar Se &quot;message&quot; Contem &quot;Cadastro realizado com sucesso&quot;" library="common" sourcename="Validar Se &quot;${chave}&quot; Contem &quot;${texto}&quot;">
<kw name="Should Contain" library="BuiltIn">
<arg>${response.json()["${chave}"]}</arg>
<arg>${texto}</arg>
<doc>Fails if ``container`` does not contain ``item`` one or more times.</doc>
<status status="PASS" starttime="20220712 12:21:18.139" endtime="20220712 12:21:18.139"/>
</kw>
<status status="PASS" starttime="20220712 12:21:18.138" endtime="20220712 12:21:18.139"/>
</kw>
<tag>POST</tag>
<tag>POST_carrinho_dinamico</tag>
<status status="PASS" starttime="20220712 12:21:18.105" endtime="20220712 12:21:18.140"/>
</test>
<test id="s1-t5" name="Cenário: POST Cadastrar Carrinho Com Produtos Repetidos 400" line="38">
<kw name="Fazer Login e Armazenar Token Adm &quot;true&quot;" library="common" sourcename="Fazer Login e Armazenar Token Adm &quot;${boolean}&quot;">
<kw name="Criar Dados para Usuario Válido" library="dynamics">
<kw name="Name" library="FakerLibrary">
<var>${nome}</var>
<doc>:example 'John Doe'</doc>
<msg timestamp="20220712 12:21:18.141" level="INFO">${nome} = Felicia Parker</msg>
<status status="PASS" starttime="20220712 12:21:18.141" endtime="20220712 12:21:18.141"/>
</kw>
<kw name="Email" library="FakerLibrary">
<var>${email}</var>
<msg timestamp="20220712 12:21:18.141" level="INFO">${email} = tsanchez@example.com</msg>
<status status="PASS" starttime="20220712 12:21:18.141" endtime="20220712 12:21:18.141"/>
</kw>
<kw name="Random Int" library="FakerLibrary">
<var>${num}</var>
<arg>min=0</arg>
<arg>max=1000</arg>
<doc>Generate a random integer between two integers ``min`` and ``max`` inclusive
while observing the provided ``step`` value.</doc>
<msg timestamp="20220712 12:21:18.141" level="INFO">${num} = 711</msg>
<status status="PASS" starttime="20220712 12:21:18.141" endtime="20220712 12:21:18.141"/>
</kw>
<kw name="Catenate" library="BuiltIn">
<var>${email}</var>
<arg>SEPARATOR=</arg>
<arg>${num}</arg>
<arg>${email}</arg>
<doc>Catenates the given items together and returns the resulted string.</doc>
<msg timestamp="20220712 12:21:18.141" level="INFO">${email} = 711tsanchez@example.com</msg>
<status status="PASS" starttime="20220712 12:21:18.141" endtime="20220712 12:21:18.141"/>
</kw>
<kw name="Password" library="FakerLibrary">
<var>${senha}</var>
<arg>length=5</arg>
<arg>special_chars=False</arg>
<arg>digits=True</arg>
<arg>upper_case=True</arg>
<arg>lower_case=True</arg>
<doc>Generate a random password of the specified ``length``.</doc>
<msg timestamp="20220712 12:21:18.142" level="INFO">${senha} = 32MIg</msg>
<status status="PASS" starttime="20220712 12:21:18.142" endtime="20220712 12:21:18.142"/>
</kw>
<kw name="Set Global Variable" library="BuiltIn">
<arg>${senha}</arg>
<doc>Makes a variable available globally in all tests and suites.</doc>
<msg timestamp="20220712 12:21:18.142" level="INFO">${senha} = 32MIg</msg>
<status status="PASS" starttime="20220712 12:21:18.142" endtime="20220712 12:21:18.142"/>
</kw>
<kw name="Set Global Variable" library="BuiltIn">
<arg>${email}</arg>
<doc>Makes a variable available globally in all tests and suites.</doc>
<msg timestamp="20220712 12:21:18.142" level="INFO">${email} = 711tsanchez@example.com</msg>
<status status="PASS" starttime="20220712 12:21:18.142" endtime="20220712 12:21:18.142"/>
</kw>
<kw name="Create Dictionary" library="BuiltIn">
<var>${payload}</var>
<arg>nome=${nome}</arg>
<arg>email=${email}</arg>
<arg>password=${senha}</arg>
<arg>administrador=true</arg>
<doc>Creates and returns a dictionary based on the given ``items``.</doc>
<msg timestamp="20220712 12:21:18.143" level="INFO">${payload} = {'nome': 'Felicia Parker', 'email': '711tsanchez@example.com', 'password': '32MIg', 'administrador': 'true'}</msg>
<status status="PASS" starttime="20220712 12:21:18.142" endtime="20220712 12:21:18.143"/>
</kw>
<kw name="Log To Console" library="BuiltIn">
<arg>${payload}</arg>
<doc>Logs the given message to the console.</doc>
<status status="PASS" starttime="20220712 12:21:18.143" endtime="20220712 12:21:18.143"/>
</kw>
<kw name="Set Global Variable" library="BuiltIn">
<arg>${payload}</arg>
<doc>Makes a variable available globally in all tests and suites.</doc>
<msg timestamp="20220712 12:21:18.143" level="INFO">${payload} = {'nome': 'Felicia Parker', 'email': '711tsanchez@example.com', 'password': '32MIg', 'administrador': 'true'}</msg>
<status status="PASS" starttime="20220712 12:21:18.143" endtime="20220712 12:21:18.143"/>
</kw>
<status status="PASS" starttime="20220712 12:21:18.141" endtime="20220712 12:21:18.143"/>
</kw>
<kw name="Set To Dictionary" library="Collections">
<arg>${payload}</arg>
<arg>administrador=${boolean}</arg>
<doc>Adds the given ``key_value_pairs`` and ``items`` to the ``dictionary``.</doc>
<status status="PASS" starttime="20220712 12:21:18.143" endtime="20220712 12:21:18.143"/>
</kw>
<kw name="POST Endpoint /usuarios" library="usuarios_keywords">
<kw name="POST On Session" library="RequestsLibrary">
<var>${response}</var>
<arg>serverest</arg>
<arg>/usuarios</arg>
<arg>data=&amp;{payload}</arg>
<arg>expected_status=any</arg>
<doc>Sends a POST request on a previously created HTTP Session.</doc>
<msg timestamp="20220712 12:21:18.146" level="INFO">POST Request : url=http://localhost:3000/usuarios 
 path_url=/usuarios 
 headers={'User-Agent': 'python-requests/2.28.0', 'Accept-Encoding': 'gzip, deflate', 'Accept': '*/*', 'Connection': 'keep-alive', 'Content-Length': '85', 'Content-Type': 'application/x-www-form-urlencoded'} 
 body=nome=Felicia+Parker&amp;email=711tsanchez%40example.com&amp;password=32MIg&amp;administrador=true 
 </msg>
<msg timestamp="20220712 12:21:18.146" level="INFO">POST Response : url=http://localhost:3000/usuarios 
 status=201, reason=Created 
 headers={'Access-Control-Allow-Origin': '*', 'x-dns-prefetch-control': 'off', 'x-frame-options': 'SAMEORIGIN', 'strict-transport-security': 'max-age=15552000; includeSubDomains', 'x-download-options': 'noopen', 'x-content-type-options': 'nosniff', 'x-xss-protection': '1; mode=block', 'x-moesif-transaction-id': '85fb0399-8f57-439a-8cce-444177660483', 'Content-Type': 'application/json; charset=utf-8', 'Content-Length': '82', 'Date': 'Tue, 12 Jul 2022 15:21:18 GMT', 'Connection': 'keep-alive', 'Keep-Alive': 'timeout=5'} 
 body={
    "message": "Cadastro realizado com sucesso",
    "_id": "aAfikqdYJb2gv4HW"
} 
 </msg>
<msg timestamp="20220712 12:21:18.146" level="INFO">${response} = &lt;Response [201]&gt;</msg>
<status status="PASS" starttime="20220712 12:21:18.143" endtime="20220712 12:21:18.146"/>
</kw>
<kw name="Log To Console" library="BuiltIn">
<arg>Response: ${response.content}</arg>
<doc>Logs the given message to the console.</doc>
<status status="PASS" starttime="20220712 12:21:18.147" endtime="20220712 12:21:18.147"/>
</kw>
<kw name="Set Global Variable" library="BuiltIn">
<arg>${response}</arg>
<doc>Makes a variable available globally in all tests and suites.</doc>
<msg timestamp="20220712 12:21:18.147" level="INFO">${response} = &lt;Response [201]&gt;</msg>
<status status="PASS" starttime="20220712 12:21:18.147" endtime="20220712 12:21:18.147"/>
</kw>
<status status="PASS" starttime="20220712 12:21:18.143" endtime="20220712 12:21:18.147"/>
</kw>
<kw name="Coletar ID Usuario" library="usuarios_keywords">
<kw name="Set Variable" library="BuiltIn">
<var>${id_usuario}</var>
<arg>${response.json()["_id"]}</arg>
<doc>Returns the given values which can then be assigned to a variables.</doc>
<msg timestamp="20220712 12:21:18.148" level="INFO">${id_usuario} = aAfikqdYJb2gv4HW</msg>
<status status="PASS" starttime="20220712 12:21:18.147" endtime="20220712 12:21:18.148"/>
</kw>
<kw name="Set Global Variable" library="BuiltIn">
<arg>${id_usuario}</arg>
<doc>Makes a variable available globally in all tests and suites.</doc>
<msg timestamp="20220712 12:21:18.148" level="INFO">${id_usuario} = aAfikqdYJb2gv4HW</msg>
<status status="PASS" starttime="20220712 12:21:18.148" endtime="20220712 12:21:18.148"/>
</kw>
<status status="PASS" starttime="20220712 12:21:18.147" endtime="20220712 12:21:18.148"/>
</kw>
<kw name="Create Dictionary" library="BuiltIn">
<var>${payload}</var>
<arg>email=${email}</arg>
<arg>password=${senha}</arg>
<doc>Creates and returns a dictionary based on the given ``items``.</doc>
<msg timestamp="20220712 12:21:18.148" level="INFO">${payload} = {'email': '711tsanchez@example.com', 'password': '32MIg'}</msg>
<status status="PASS" starttime="20220712 12:21:18.148" endtime="20220712 12:21:18.148"/>
</kw>
<kw name="Set Global Variable" library="BuiltIn">
<arg>${payload}</arg>
<doc>Makes a variable available globally in all tests and suites.</doc>
<msg timestamp="20220712 12:21:18.149" level="INFO">${payload} = {'email': '711tsanchez@example.com', 'password': '32MIg'}</msg>
<status status="PASS" starttime="20220712 12:21:18.148" endtime="20220712 12:21:18.149"/>
</kw>
<kw name="POST Endpoint /login Dinamico" library="login_keywords">
<kw name="POST On Session" library="RequestsLibrary">
<var>${response}</var>
<arg>serverest</arg>
<arg>/login</arg>
<arg>data=&amp;{payload}</arg>
<arg>expected_status=any</arg>
<doc>Sends a POST request on a previously created HTTP Session.</doc>
<msg timestamp="20220712 12:21:18.152" level="INFO">POST Request : url=http://localhost:3000/login 
 path_url=/login 
 headers={'User-Agent': 'python-requests/2.28.0', 'Accept-Encoding': 'gzip, deflate', 'Accept': '*/*', 'Connection': 'keep-alive', 'Content-Length': '46', 'Content-Type': 'application/x-www-form-urlencoded'} 
 body=email=711tsanchez%40example.com&amp;password=32MIg 
 </msg>
<msg timestamp="20220712 12:21:18.152" level="INFO">POST Response : url=http://localhost:3000/login 
 status=200, reason=OK 
 headers={'Access-Control-Allow-Origin': '*', 'x-dns-prefetch-control': 'off', 'x-frame-options': 'SAMEORIGIN', 'strict-transport-security': 'max-age=15552000; includeSubDomains', 'x-download-options': 'noopen', 'x-content-type-options': 'nosniff', 'x-xss-protection': '1; mode=block', 'x-moesif-transaction-id': 'd132ab8d-06a2-426d-9a65-96b549590238', 'Content-Type': 'application/json; charset=utf-8', 'Content-Length': '279', 'Date': 'Tue, 12 Jul 2022 15:21:18 GMT', 'Connection': 'keep-alive', 'Keep-Alive': 'timeout=5'} 
 body={
    "message": "Login realizado com sucesso",
    "authorization": "Bearer eyJhbGciOiJIUzI1NiIsInR5cCI6IkpXVCJ9.eyJlbWFpbCI6IjcxMXRzYW5jaGV6QGV4YW1wbGUuY29tIiwicGFzc3dvcmQiOiIzMk1JZyIsImlhdCI6MTY1NzYzOTI3OCwiZXhwIjoxNjU3NjM5ODc4fQ.D_RlSlNjVMjiHzNaOUjHpiJtNzk9OaO4wY7CKPWgFgo"
} 
 </msg>
<msg timestamp="20220712 12:21:18.152" level="INFO">${response} = &lt;Response [200]&gt;</msg>
<status status="PASS" starttime="20220712 12:21:18.149" endtime="20220712 12:21:18.152"/>
</kw>
<kw name="Log To Console" library="BuiltIn">
<arg>Response: ${response.content}</arg>
<doc>Logs the given message to the console.</doc>
<status status="PASS" starttime="20220712 12:21:18.152" endtime="20220712 12:21:18.152"/>
</kw>
<kw name="Set Global Variable" library="BuiltIn">
<arg>${response}</arg>
<doc>Makes a variable available globally in all tests and suites.</doc>
<msg timestamp="20220712 12:21:18.153" level="INFO">${response} = &lt;Response [200]&gt;</msg>
<status status="PASS" starttime="20220712 12:21:18.153" endtime="20220712 12:21:18.153"/>
</kw>
<status status="PASS" starttime="20220712 12:21:18.149" endtime="20220712 12:21:18.153"/>
</kw>
<kw name="Set Variable" library="BuiltIn">
<var>${token_auth}</var>
<arg>${response.json()["authorization"]}</arg>
<doc>Returns the given values which can then be assigned to a variables.</doc>
<msg timestamp="20220712 12:21:18.153" level="INFO">${token_auth} = Bearer eyJhbGciOiJIUzI1NiIsInR5cCI6IkpXVCJ9.eyJlbWFpbCI6IjcxMXRzYW5jaGV6QGV4YW1wbGUuY29tIiwicGFzc3dvcmQiOiIzMk1JZyIsImlhdCI6MTY1NzYzOTI3OCwiZXhwIjoxNjU3NjM5ODc4fQ.D_RlSlNjVMjiHzNaOUjHpiJtNzk9OaO4wY7CK...</msg>
<status status="PASS" starttime="20220712 12:21:18.153" endtime="20220712 12:21:18.153"/>
</kw>
<kw name="Set Global Variable" library="BuiltIn">
<arg>${token_auth}</arg>
<doc>Makes a variable available globally in all tests and suites.</doc>
<msg timestamp="20220712 12:21:18.153" level="INFO">${token_auth} = Bearer eyJhbGciOiJIUzI1NiIsInR5cCI6IkpXVCJ9.eyJlbWFpbCI6IjcxMXRzYW5jaGV6QGV4YW1wbGUuY29tIiwicGFzc3dvcmQiOiIzMk1JZyIsImlhdCI6MTY1NzYzOTI3OCwiZXhwIjoxNjU3NjM5ODc4fQ.D_RlSlNjVMjiHzNaOUjHpiJtNzk9OaO4wY7CK...</msg>
<status status="PASS" starttime="20220712 12:21:18.153" endtime="20220712 12:21:18.153"/>
</kw>
<status status="PASS" starttime="20220712 12:21:18.140" endtime="20220712 12:21:18.153"/>
</kw>
<kw name="Criar Carrinho Estatico &quot;carrinho_repetido&quot;" library="carrinhos_keywords" sourcename="Criar Carrinho Estatico &quot;${carrinho}&quot;">
<kw name="Importar Json Estatico" library="common">
<var>${json}</var>
<arg>json_carrinhos.json</arg>
<kw name="Get File" library="OperatingSystem">
<var>${arquivo}</var>
<arg>${EXECDIR}/support/fixtures/statics/${nome_arquivo}</arg>
<doc>Returns the contents of a specified file.</doc>
<msg timestamp="20220712 12:21:18.154" level="INFO" html="true">Getting file '&lt;a href="file://D:\Coisas\Estudos\Compass\Robot_framework\support\fixtures\statics\json_carrinhos.json"&gt;D:\Coisas\Estudos\Compass\Robot_framework\support\fixtures\statics\json_carrinhos.json&lt;/a&gt;'.</msg>
<msg timestamp="20220712 12:21:18.154" level="INFO">${arquivo} = {
  "carrinho_repetido":
  {
    "produtos": [
      {
        "idProduto": "0SdsdIXHzPKE5n3K",
        "quantidade": 5
      },
      {
        "idProduto": "0SdsdIXHzPKE5n3K",
        "quantidade": ...</msg>
<status status="PASS" starttime="20220712 12:21:18.154" endtime="20220712 12:21:18.154"/>
</kw>
<kw name="Evaluate" library="BuiltIn">
<var>${data}</var>
<arg>json.loads('''${arquivo}''')</arg>
<arg>json</arg>
<doc>Evaluates the given expression in Python and returns the result.</doc>
<msg timestamp="20220712 12:21:18.154" level="INFO">${data} = {'carrinho_repetido': {'produtos': [{'idProduto': '0SdsdIXHzPKE5n3K', 'quantidade': 5}, {'idProduto': '0SdsdIXHzPKE5n3K', 'quantidade': 1}, {'idProduto': 'AbPxTfheokX9IIWa', 'quantidade': 2}]}, 'carri...</msg>
<status status="PASS" starttime="20220712 12:21:18.154" endtime="20220712 12:21:18.155"/>
</kw>
[...]
        },
        {
            "nome": "Market cover shake.",
            "preco": 1070,
            "descricao": "Attorney drug among call second and answer hold.",
            "quantidade": 3124,
            "_id": "0jRjMqdlWpzQYfMk"
        },
        {
            "nome": "Again action door.",
            "preco": 1191,
            "descricao": "Conference among her bed cut. Challenge language religious.",
            "quantidade": 2094,
            "_id": "0jZMyulfWqbSnuQ8"
        },
        {
            "nome": "My together road fine.",
            "preco": 482,
            "descricao": "Coach PM help security born to way you.",
            "quantidade": 2895,
            "_id": "0krUfdlUdU5WNWct"
        },
        {
            "nome": "Away improve seat.",
            "preco": 479,
            "descricao": "Floor put religious finish speak change.",
            "quantidade": 3455,
            "_id": "0nPWfa98cM9qq16q"
        },
        {
            "nome": "Owner fear if finish.",
            "preco": 1087,
            "descricao": "Manager data mother resource series talk.",
            "quantidade": 4474,
            "_id": "0oLTo0V317iNuu8B"
        },
        {
            "nome": "Will term special.",
            "preco": 1253,
            "descricao": "Some reveal drug nature per occur.",
            "quantidade": 4901,
            "_id": "0xKv3YohVgKeHyga"
        },
        {
            "nome": "Far painting hot.",
            "preco": 952,
            "descricao": "Policy likely however week town onto from born.",
            "quantidade": 2024,
            "_id": "0xkZONmW9JGgx8rs"
        },
        {
            "nome": "Green hair land.",
            "preco": 1285,
            "descricao": "Property condition red hard account. That phone civil rest.",
            "quantidade": 2098,
            "_id": "0zF6fTsLsmzZ4eGG"
        },
        {
            "nome": "Glass parent note.",
            "preco": 86,
            "descricao": "Glass five want meet watch hope.",
            "quantidade": 3733,
            "_id": "100EGXfji8OPW68i"
        },
        {
            "nome": "Up because perform.",
            "preco": 455,
            "descricao": "Together cause certainly enough can.",
            "quantidade": 4773,
            "_id": "15aLweMAjqQi9hV1"
        },
        {
            "nome": "Data white market.",
            "preco": 1283,
            "descricao": "American keep computer president.",
            "quantidade": 3042,
            "_id": "1AxyBBi5WRhzeMQx"
        },
        {
            "nome": "Them learn large.",
            "preco": 1494,
            "descricao": "Tonight cold form best. Bring onto relate question.",
            "quantidade": 2001,
            "_id": "1BxaPHNm1skHvAVi"
        },
        {
            "nome": "As effect help wall.",
            "preco": 857,
            "descricao": "Event international investment.",
            "quantidade": 4216,
            "_id": "1HILhdBeJTfa04dL"
        },
        {
            "nome": "Story member factor boy.",
            "preco": 468,
            "descricao": "Authority hear guy if contain top.",
            "quantidade": 2463,
            "_id": "1LdqYrhMYKEAlwqB"
        },
        {
            "nome": "Test only can thought.",
            "preco": 686,
            "descricao": "Determine visit skill. Surface government dark.",
            "quantidade": 2579,
            "_id": "1RXAkflrJmxeto3r"
        },
        {
            "nome": "Stop Congress item even.",
            "preco": 759,
            "descricao": "Everyone listen discussion tax. Can well feel seem car.",
            "quantidade": 2871,
            "_id": "1SuiKJJnEVTs2UPf"
        },
        {
            "nome": "Logitech MX Vertical",
            "preco": 200,
            "descricao": "Mouse gamer",
            "quantidade": 201,
            "_id": "1Uq9MeuyzPwRvkrt"
        },
        {
            "nome": "Physical drug to even.",
            "preco": 1206,
            "descricao": "Also mind remember fill lot.",
            "quantidade": 4279,
            "_id": "1WTkQJrWP4CwJGaU"
        },
        {
            "nome": "Will key cup throw one.",
            "preco": 652,
            "descricao": "Age reason economy floor air begin effect.",
            "quantidade": 3352,
            "_id": "1WZoYgkrOYGTKyX8"
        },
        {
            "nome": "Very ready street but.",
            "preco": 228,
            "descricao": "Writer opportunity front.",
            "quantidade": 2817,
            "_id": "1WgywGhAj4Ib1FpT"
        },
        {
            "nome": "Prove two health always.",
            "preco": 620,
            "descricao": "Store college already side cut land.",
            "quantidade": 4935,
            "_id": "1ZVmyuQ1owHLBOlu"
        },
        {
            "nome": "Drug rise or.",
            "preco": 195,
            "descricao": "Act front next be friend.",
            "quantidade": 4814,
            "_id": "1buxWMDnPLdBixO3"
        },
        {
            "nome": "Cost significant build.",
            "preco": 1452,
            "descricao": "Number field source whole. Right marriage food case near.",
            "quantidade": 4614,
            "_id": "1e89ANv6KtjNZfPD"
        },
        {
            "nome": "Still try project start.",
            "preco": 1154,
            "descricao": "Later senior go. Man reveal matter ball part eye certainly.",
            "quantidade": 2296,
            "_id": "1erkEkTMbsC2xb3N"
        },
        {
            "nome": "Realize quite most.",
            "preco": 859,
            "descricao": "Despite particular we require house.",
            "quantidade": 4407,
            "_id": "1fEythLljwAemV06"
        },
        {
            "nome": "Position fly real.",
            "preco": 272,
            "descricao": "Blue medical you language. Recognize off measure dark do.",
            "quantidade": 4840,
            "_id": "1hJIl5kNwEW1UMvs"
        },
        {
            "nome": "Popular and different.",
            "preco": 58,
            "descricao": "Policy song trip agency their democratic mind.",
            "quantidade": 3733,
            "_id": "1jAbWGv0OemPzjMg"
        }... (set the log level to DEBUG or TRACE to see the full content) 
 </msg>
<msg timestamp="20220712 12:21:18.513" level="INFO">${response} = &lt;Response [200]&gt;</msg>
<status status="PASS" starttime="20220712 12:21:18.509" endtime="20220712 12:21:18.513"/>
</kw>
<kw name="Evaluate" library="BuiltIn">
<var>${numbers}</var>
<arg>random.sample(range(0, ${response.json()["quantidade"]}),1)</arg>
<arg>random</arg>
<doc>Evaluates the given expression in Python and returns the result.</doc>
<msg timestamp="20220712 12:21:18.515" level="INFO">${numbers} = [385]</msg>
<status status="PASS" starttime="20220712 12:21:18.513" endtime="20220712 12:21:18.515"/>
</kw>
<kw name="Set Variable" library="BuiltIn">
<var>${id}</var>
<arg>${response.json()["produtos"][${numbers}[0]]["_id"]}</arg>
<doc>Returns the given values which can then be assigned to a variables.</doc>
<msg timestamp="20220712 12:21:18.516" level="INFO">${id} = FEW6yWqOYOjhyFpa</msg>
<status status="PASS" starttime="20220712 12:21:18.515" endtime="20220712 12:21:18.516"/>
</kw>
<kw name="Random Int" library="FakerLibrary">
<var>${quantidade}</var>
<arg>min=2</arg>
<arg>max=4</arg>
<doc>Generate a random integer between two integers ``min`` and ``max`` inclusive
while observing the provided ``step`` value.</doc>
<msg timestamp="20220712 12:21:18.517" level="INFO">${quantidade} = 4</msg>
<status status="PASS" starttime="20220712 12:21:18.516" endtime="20220712 12:21:18.517"/>
</kw>
<kw name="Create Dictionary" library="BuiltIn">
<var>${pedido}</var>
<arg>idProduto=${id}</arg>
<arg>quantidade=${quantidade}</arg>
<doc>Creates and returns a dictionary based on the given ``items``.</doc>
<msg timestamp="20220712 12:21:18.517" level="INFO">${pedido} = {'idProduto': 'FEW6yWqOYOjhyFpa', 'quantidade': 4}</msg>
<status status="PASS" starttime="20220712 12:21:18.517" endtime="20220712 12:21:18.517"/>
</kw>
<kw name="Append To List" library="Collections">
<arg>${lista}</arg>
<arg>${pedido}</arg>
<doc>Adds ``values`` to the end of ``list``.</doc>
<status status="PASS" starttime="20220712 12:21:18.517" endtime="20220712 12:21:18.517"/>
</kw>
<status status="PASS" starttime="20220712 12:21:18.509" endtime="20220712 12:21:18.517"/>
</iter>
<status status="PASS" starttime="20220712 12:21:18.509" endtime="20220712 12:21:18.517"/>
</for>
<kw name="Create Dictionary" library="BuiltIn">
<var>${payload}</var>
<arg>produtos=${lista}</arg>
<doc>Creates and returns a dictionary based on the given ``items``.</doc>
<msg timestamp="20220712 12:21:18.517" level="INFO">${payload} = {'produtos': [{'idProduto': 'FEW6yWqOYOjhyFpa', 'quantidade': 4}]}</msg>
<status status="PASS" starttime="20220712 12:21:18.517" endtime="20220712 12:21:18.517"/>
</kw>
<kw name="Set Global Variable" library="BuiltIn">
<arg>${payload}</arg>
<doc>Makes a variable available globally in all tests and suites.</doc>
<msg timestamp="20220712 12:21:18.518" level="INFO">${payload} = {'produtos': [{'idProduto': 'FEW6yWqOYOjhyFpa', 'quantidade': 4}]}</msg>
<status status="PASS" starttime="20220712 12:21:18.517" endtime="20220712 12:21:18.518"/>
</kw>
<status status="PASS" starttime="20220712 12:21:18.508" endtime="20220712 12:21:18.518"/>
</kw>
<kw name="POST Endpoint /carrinhos" library="carrinhos_keywords">
<kw name="Create Dictionary" library="BuiltIn">
<var>&amp;{header}</var>
<arg>Authorization=${token_auth}</arg>
<doc>Creates and returns a dictionary based on the given ``items``.</doc>
<msg timestamp="20220712 12:21:18.518" level="INFO">&amp;{header} = { Authorization=Bearer eyJhbGciOiJIUzI1NiIsInR5cCI6IkpXVCJ9.eyJlbWFpbCI6IjU5NndhbHRlcmNvb2tAZXhhbXBsZS5uZXQiLCJwYXNzd29yZCI6IjREcGNPIiwiaWF0IjoxNjU3NjM5Mjc4LCJleHAiOjE2NTc2Mzk4Nzh9.qix2Vc9Zm80UXvZjL__...</msg>
<status status="PASS" starttime="20220712 12:21:18.518" endtime="20220712 12:21:18.518"/>
</kw>
<kw name="Set To Dictionary" library="Collections">
<arg>${header}</arg>
<arg>Content-Type=application/json</arg>
<doc>Adds the given ``key_value_pairs`` and ``items`` to the ``dictionary``.</doc>
<status status="PASS" starttime="20220712 12:21:18.518" endtime="20220712 12:21:18.518"/>
</kw>
<kw name="Evaluate" library="BuiltIn">
<var>${payload}</var>
<arg>json.dumps(${payload})</arg>
<arg>json</arg>
<doc>Evaluates the given expression in Python and returns the result.</doc>
<msg timestamp="20220712 12:21:18.518" level="INFO">${payload} = {"produtos": [{"idProduto": "FEW6yWqOYOjhyFpa", "quantidade": 4}]}</msg>
<status status="PASS" starttime="20220712 12:21:18.518" endtime="20220712 12:21:18.518"/>
</kw>
<kw name="Log To Console" library="BuiltIn">
<arg>${payload}</arg>
<doc>Logs the given message to the console.</doc>
<status status="PASS" starttime="20220712 12:21:18.519" endtime="20220712 12:21:18.519"/>
</kw>
<kw name="POST On Session" library="RequestsLibrary">
<var>${response}</var>
<arg>serverest</arg>
<arg>/carrinhos</arg>
<arg>data=${payload}</arg>
<arg>headers=${header}</arg>
<arg>expected_status=any</arg>
<doc>Sends a POST request on a previously created HTTP Session.</doc>
<msg timestamp="20220712 12:21:18.523" level="INFO">POST Request : url=http://localhost:3000/carrinhos 
 path_url=/carrinhos 
 headers={'User-Agent': 'python-requests/2.28.0', 'Accept-Encoding': 'gzip, deflate', 'Accept': '*/*', 'Connection': 'keep-alive', 'Authorization': 'Bearer eyJhbGciOiJIUzI1NiIsInR5cCI6IkpXVCJ9.eyJlbWFpbCI6IjU5NndhbHRlcmNvb2tAZXhhbXBsZS5uZXQiLCJwYXNzd29yZCI6IjREcGNPIiwiaWF0IjoxNjU3NjM5Mjc4LCJleHAiOjE2NTc2Mzk4Nzh9.qix2Vc9Zm80UXvZjL__ucM_sNQBLgStlrn-o-7KoLTo', 'Content-Type': 'application/json', 'Content-Length': '66'} 
 body={"produtos": [{"idProduto": "FEW6yWqOYOjhyFpa", "quantidade": 4}]} 
 </msg>
<msg timestamp="20220712 12:21:18.523" level="INFO">POST Response : url=http://localhost:3000/carrinhos 
 status=201, reason=Created 
 headers={'Access-Control-Allow-Origin': '*', 'x-dns-prefetch-control': 'off', 'x-frame-options': 'SAMEORIGIN', 'strict-transport-security': 'max-age=15552000; includeSubDomains', 'x-download-options': 'noopen', 'x-content-type-options': 'nosniff', 'x-xss-protection': '1; mode=block', 'x-moesif-transaction-id': '33a277f3-6dc3-4958-9bf1-a458608673d7', 'Content-Type': 'application/json; charset=utf-8', 'Content-Length': '82', 'Date': 'Tue, 12 Jul 2022 15:21:18 GMT', 'Connection': 'keep-alive', 'Keep-Alive': 'timeout=5'} 
 body={
    "message": "Cadastro realizado com sucesso",
    "_id": "xCCuaniUtnmcKf0e"
} 
 </msg>
<msg timestamp="20220712 12:21:18.523" level="INFO">${response} = &lt;Response [201]&gt;</msg>
<status status="PASS" starttime="20220712 12:21:18.519" endtime="20220712 12:21:18.523"/>
</kw>
<kw name="Log To Console" library="BuiltIn">
<arg>Response: ${response.content}</arg>
<doc>Logs the given message to the console.</doc>
<status status="PASS" starttime="20220712 12:21:18.524" endtime="20220712 12:21:18.524"/>
</kw>
<kw name="Set Global Variable" library="BuiltIn">
<arg>${response}</arg>
<doc>Makes a variable available globally in all tests and suites.</doc>
<msg timestamp="20220712 12:21:18.524" level="INFO">${response} = &lt;Response [201]&gt;</msg>
<status status="PASS" starttime="20220712 12:21:18.524" endtime="20220712 12:21:18.524"/>
</kw>
<status status="PASS" starttime="20220712 12:21:18.518" endtime="20220712 12:21:18.524"/>
</kw>
<kw name="Definir Token Invalido &quot;2c03r2nvt02hhhfwo&quot;" library="common" sourcename="Definir Token Invalido &quot;${token_auth}&quot;">
<kw name="Set Global Variable" library="BuiltIn">
<arg>${token_auth}</arg>
<doc>Makes a variable available globally in all tests and suites.</doc>
<msg timestamp="20220712 12:21:18.525" level="INFO">${token_auth} = 2c03r2nvt02hhhfwo</msg>
<status status="PASS" starttime="20220712 12:21:18.525" endtime="20220712 12:21:18.525"/>
</kw>
<kw name="Log To Console" library="BuiltIn">
<arg>Token Inválido: ${token_auth}</arg>
<doc>Logs the given message to the console.</doc>
<status status="PASS" starttime="20220712 12:21:18.525" endtime="20220712 12:21:18.525"/>
</kw>
<status status="PASS" starttime="20220712 12:21:18.524" endtime="20220712 12:21:18.525"/>
</kw>
<kw name="DELETE Endpoint /carrinhos Cancelar Compra" library="carrinhos_keywords">
<kw name="Create Dictionary" library="BuiltIn">
<var>&amp;{header}</var>
<arg>Authorization=${token_auth}</arg>
<doc>Creates and returns a dictionary based on the given ``items``.</doc>
<msg timestamp="20220712 12:21:18.525" level="INFO">&amp;{header} = { Authorization=2c03r2nvt02hhhfwo }</msg>
<status status="PASS" starttime="20220712 12:21:18.525" endtime="20220712 12:21:18.525"/>
</kw>
<kw name="DELETE On Session" library="RequestsLibrary">
<var>${response}</var>
<arg>serverest</arg>
<arg>/carrinhos/cancelar-compra</arg>
<arg>headers=${header}</arg>
<arg>expected_status=any</arg>
<doc>Sends a DELETE request on a previously created HTTP Session.</doc>
<msg timestamp="20220712 12:21:18.527" level="INFO">DELETE Request : url=http://localhost:3000/carrinhos/cancelar-compra 
 path_url=/carrinhos/cancelar-compra 
 headers={'User-Agent': 'python-requests/2.28.0', 'Accept-Encoding': 'gzip, deflate', 'Accept': '*/*', 'Connection': 'keep-alive', 'Authorization': '2c03r2nvt02hhhfwo', 'Content-Length': '0'} 
 body=None 
 </msg>
<msg timestamp="20220712 12:21:18.527" level="INFO">DELETE Response : url=http://localhost:3000/carrinhos/cancelar-compra 
 status=401, reason=Unauthorized 
 headers={'Access-Control-Allow-Origin': '*', 'x-dns-prefetch-control': 'off', 'x-frame-options': 'SAMEORIGIN', 'strict-transport-security': 'max-age=15552000; includeSubDomains', 'x-download-options': 'noopen', 'x-content-type-options': 'nosniff', 'x-xss-protection': '1; mode=block', 'x-moesif-transaction-id': '9bb2b5d9-747d-4df2-9c29-593662162695', 'Content-Type': 'application/json; charset=utf-8', 'Content-Length': '103', 'Date': 'Tue, 12 Jul 2022 15:21:18 GMT', 'Connection': 'keep-alive', 'Keep-Alive': 'timeout=5'} 
 body={
    "message": "Token de acesso ausente, inválido, expirado ou usuário do token não existe mais"
} 
 </msg>
<msg timestamp="20220712 12:21:18.527" level="INFO">${response} = &lt;Response [401]&gt;</msg>
<status status="PASS" starttime="20220712 12:21:18.525" endtime="20220712 12:21:18.527"/>
</kw>
<kw name="Set Global Variable" library="BuiltIn">
<arg>${response}</arg>
<doc>Makes a variable available globally in all tests and suites.</doc>
<msg timestamp="20220712 12:21:18.527" level="INFO">${response} = &lt;Response [401]&gt;</msg>
<status status="PASS" starttime="20220712 12:21:18.527" endtime="20220712 12:21:18.527"/>
</kw>
<kw name="Log To Console" library="BuiltIn">
<arg>Response: ${response.content}</arg>
<doc>Logs the given message to the console.</doc>
<status status="PASS" starttime="20220712 12:21:18.527" endtime="20220712 12:21:18.527"/>
</kw>
<status status="PASS" starttime="20220712 12:21:18.525" endtime="20220712 12:21:18.528"/>
</kw>
<kw name="Validar Status Code &quot;401&quot;" library="common" sourcename="Validar Status Code &quot;${statuscode}&quot;">
<kw name="Should Be True" library="BuiltIn">
<arg>${response.status_code} == ${statuscode}</arg>
<doc>Fails if the given condition is not true.</doc>
<status status="PASS" starttime="20220712 12:21:18.528" endtime="20220712 12:21:18.528"/>
</kw>
<status status="PASS" starttime="20220712 12:21:18.528" endtime="20220712 12:21:18.528"/>
</kw>
<kw name="Validar Se &quot;message&quot; Contem &quot;Token de acesso ausente, inválido, expirado ou usuário do token não existe mais&quot;" library="common" sourcename="Validar Se &quot;${chave}&quot; Contem &quot;${texto}&quot;">
<kw name="Should Contain" library="BuiltIn">
<arg>${response.json()["${chave}"]}</arg>
<arg>${texto}</arg>
<doc>Fails if ``container`` does not contain ``item`` one or more times.</doc>
<status status="PASS" starttime="20220712 12:21:18.529" endtime="20220712 12:21:18.529"/>
</kw>
<status status="PASS" starttime="20220712 12:21:18.529" endtime="20220712 12:21:18.529"/>
</kw>
<tag>DELETE</tag>
<tag>DELETE_cancelar_token_invalido</tag>
<status status="PASS" starttime="20220712 12:21:18.495" endtime="20220712 12:21:18.529"/>
</test>
<doc>Arquivo de Testes para o endpoint /carrinhos</doc>
<status status="PASS" starttime="20220712 12:21:17.693" endtime="20220712 12:21:18.530"/>
</suite>
<statistics>
<total>
<stat pass="17" fail="0" skip="0">All Tests</stat>
</total>
<tag>
<stat pass="6" fail="0" skip="0">DELETE</stat>
<stat pass="1" fail="0" skip="0">DELETE_cancelar_compra</stat>
<stat pass="1" fail="0" skip="0">DELETE_cancelar_sem_carrinho</stat>
<stat pass="1" fail="0" skip="0">DELETE_cancelar_token_invalido</stat>
<stat pass="1" fail="0" skip="0">DELETE_concluir_compra</stat>
<stat pass="1" fail="0" skip="0">DELETE_excluir_sem_carrinho</stat>
<stat pass="1" fail="0" skip="0">DELETE_token_invalido</stat>
<stat pass="3" fail="0" skip="0">GET</stat>
<stat pass="1" fail="0" skip="0">GET_carrinho_id</stat>
<stat pass="1" fail="0" skip="0">GET_carrinho_id_invalido</stat>
<stat pass="1" fail="0" skip="0">GET_carrinhos</stat>
<stat pass="8" fail="0" skip="0">POST</stat>
<stat pass="1" fail="0" skip="0">POST_carrinho_dinamico</stat>
<stat pass="1" fail="0" skip="0">POST_carrinho_produto_insuficiente</stat>
<stat pass="1" fail="0" skip="0">POST_carrinho_produto_invalido</stat>
<stat pass="1" fail="0" skip="0">POST_carrinho_quantidade_zero</stat>
<stat pass="1" fail="0" skip="0">POST_carrinho_sem_id</stat>
<stat pass="1" fail="0" skip="0">POST_carrinho_token_invalido</stat>
<stat pass="1" fail="0" skip="0">POST_dois_carrinhos</stat>
<stat pass="1" fail="0" skip="0">POST_produto_repetido</stat>
</tag>
<suite>
<stat pass="17" fail="0" skip="0" id="s1" name="Carrinhos Tests">Carrinhos Tests</stat>
</suite>
</statistics>
<errors>
</errors>
</robot>
