<?xml version="1.0" encoding="UTF-8"?>
<robot generator="Robot 5.0.1 (Python 3.10.5 on win32)" generated="20220711 15:02:10.368" rpa="false" schemaversion="3">
<suite id="s1" name="Carrinhos Tests" source="D:\Coisas\Estudos\Compass\Robot_framework\tests\carrinhos_tests.robot">
<kw name="Criar Sessao" library="common" type="SETUP">
<kw name="Create Session" library="RequestsLibrary">
<arg>serverest</arg>
<arg>${BASE_URL}</arg>
<doc>Create Session: create a HTTP session to a server</doc>
<msg timestamp="20220711 15:02:10.684" level="INFO">Creating Session using : alias=serverest, url=http://localhost:3000, headers={},                     cookies={}, auth=None, timeout=None, proxies=None, verify=False,                     debug=0 </msg>
<status status="PASS" starttime="20220711 15:02:10.684" endtime="20220711 15:02:10.684"/>
</kw>
<status status="PASS" starttime="20220711 15:02:10.683" endtime="20220711 15:02:10.684"/>
</kw>
<test id="s1-t1" name="Cenário: GET Todos Carrinhos 200" line="12">
<kw name="GET Endpoint /carrinhos" library="carrinhos_keywords">
<kw name="GET On Session" library="RequestsLibrary">
<var>${response}</var>
<arg>serverest</arg>
<arg>/carrinhos</arg>
<doc>Sends a GET request on a previously created HTTP Session.</doc>
<msg timestamp="20220711 15:02:10.696" level="INFO">GET Request : url=http://localhost:3000/carrinhos 
 path_url=/carrinhos 
 headers={'User-Agent': 'python-requests/2.28.0', 'Accept-Encoding': 'gzip, deflate', 'Accept': '*/*', 'Connection': 'keep-alive'} 
 body=None 
 </msg>
<msg timestamp="20220711 15:02:10.696" level="INFO">GET Response : url=http://localhost:3000/carrinhos 
 status=200, reason=OK 
 headers={'Access-Control-Allow-Origin': '*', 'x-dns-prefetch-control': 'off', 'x-frame-options': 'SAMEORIGIN', 'strict-transport-security': 'max-age=15552000; includeSubDomains', 'x-download-options': 'noopen', 'x-content-type-options': 'nosniff', 'x-xss-protection': '1; mode=block', 'x-moesif-transaction-id': 'd92ac34b-f377-4248-bb15-55575ab26b68', 'Content-Type': 'application/json; charset=utf-8', 'Content-Length': '230792', 'Date': 'Mon, 11 Jul 2022 18:02:10 GMT', 'Connection': 'keep-alive', 'Keep-Alive': 'timeout=5'} 
 body={
    "quantidade": 376,
    "carrinhos": [
        {
            "produtos": [
                {
                    "idProduto": "uQc7QoArxsa0MdTL",
                    "quantidade": 3,
                    "precoUnitario": 1258
                }
            ],
            "precoTotal": 3774,
            "quantidadeTotal": 3,
            "idUsuario": "vXLQtRZlndcY8L34",
            "_id": "00xXRtr9Qb3Zmyqf"
        },
        {
            "produtos": [
                {
                    "idProduto": "KirizzSwhUSZEj13",
                    "quantidade": 3,
                    "precoUnitario": 636
                },
                {
                    "idProduto": "MxmZL2GylSGVXJxu",
                    "quantidade": 3,
                    "precoUnitario": 703
                }
            ],
            "precoTotal": 4017,
            "quantidadeTotal": 6,
            "idUsuario": "U70dsttsrmxKiBdm",
            "_id": "05baeZuOq9yuiEyE"
        },
        {
            "produtos": [
                {
                    "idProduto": "mNekKQjwnTxplJgh",
                    "quantidade": 4,
                    "precoUnitario": 163
                },
                {
                    "idProduto": "BsyW0U1KcVHvyTRh",
                    "quantidade": 3,
                    "precoUnitario": 364
                },
                {
                    "idProduto": "pNBTpVlys02f3cp7",
                    "quantidade": 4,
                    "precoUnitario": 485
                },
                {
                    "idProduto": "mLD5a7IaHTUDUPWv",
                    "quantidade": 2,
                    "precoUnitario": 984
                }
            ],
            "precoTotal": 5652,
            "quantidadeTotal": 13,
            "idUsuario": "br76qt0x9xysXJ1p",
            "_id": "0DPycZnDP6x9r3oL"
        },
        {
            "produtos": [
                {
                    "idProduto": "MfW1Qoc2Sku78DnC",
                    "quantidade": 4,
                    "precoUnitario": 1441
                }
            ],
            "precoTotal": 5764,
            "quantidadeTotal": 4,
            "idUsuario": "2x3DJp5LqSAjF1XH",
            "_id": "0FoS1b85AM7UJ5jI"
        },
        {
            "produtos": [
                {
                    "idProduto": "Gz46AdnCSWlIWAQ6",
                    "quantidade": 9,
                    "precoUnitario": 536
                },
                {
                    "idProduto": "5rjiR19GnVPyHuoC",
                    "quantidade": 7,
                    "precoUnitario": 725
                }
            ],
            "precoTotal": 9899,
            "quantidadeTotal": 16,
            "idUsuario": "VdJPj5kakjOqMLdn",
            "_id": "0WgBK5VS1gr38bR5"
        },
        {
            "produtos": [
                {
                    "idProduto": "1OFx9bLLTkhgiYJa",
                    "quantidade": 5,
                    "precoUnitario": 939
                },
                {
                    "idProduto": "5IB7bIL7NQw1cS7l",
                    "quantidade": 1,
                    "precoUnitario": 1376
                },
                {
                    "idProduto": "AbPxTfheokX9IIWa",
                    "quantidade": 2,
                    "precoUnitario": 887
                }
            ],
            "precoTotal": 7845,
            "quantidadeTotal": 8,
            "idUsuario": "ZgIlCBf00tEqkDKI",
            "_id": "0YDjo63aXx6rDdv4"
        },
        {
            "produtos": [
                {
                    "idProduto": "WILstFLQsH1nuU7O",
                    "quantidade": 2,
                    "precoUnitario": 949
                },
                {
                    "idProduto": "f1mcj7mZmTxjz9Me",
                    "quantidade": 2,
                    "precoUnitario": 863
                },
                {
                    "idProduto": "tjWtJEzT0p8ynwuw",
                    "quantidade": 2,
                    "precoUnitario": 517
                },
                {
                    "idProduto": "SrowirK92XSyhUlZ",
                    "quantidade": 3,
                    "precoUnitario": 754
                }
            ],
            "precoTotal": 6920,
            "quantidadeTotal": 9,
            "idUsuario": "udCsJeNLwSZhzOqt",
            "_id": "0iENIcYKk43tGaDC"
        },
        {
            "produtos": [
                {
                    "idProduto": "gfhK0P5QF9rdrIvu",
                    "quantidade": 3,
                    "precoUnitario": 451
                }
            ],
            "precoTotal": 1353,
            "quantidadeTotal": 3,
            "idUsuario": "bRNdqdhNrDDhLzzS",
            "_id": "1Ol3D1EQ9KbvMPyu"
        },
        {
            "produtos": [
                {
                    "idProduto": "1U92qjJqh8DXtVqO",
                    "quantidade": 2,
                    "precoUnitario": 829
                },
                {
                    "idProduto": "wpMPszCg9CvgWYQF",
                    "quantidade": 4,
                    "precoUnitario": 171
                },
                {
                    "idProduto": "5k84swcPG3u8ehXO",
                    "quantidade": 2,
                    "precoUnitario": 358
                },
                {
                    "idProduto": "fXM2aKf9meU893Ka",
                    "quantidade": 4,
                    "precoUnitario": 69
                }
            ],
            "precoTotal": 3334,
            "quantidadeTotal": 12,
            "idUsuario": "suyT7lEcOp8w8IA9",
            "_id": "1mJB8geFgvcVnLqn"
        },
        {
            "produtos": [
                {
                    "idProduto": "zyO5vCTpEnhLZm9S",
                    "quantidade": 3,
                    "precoUnitario": 898
                },
                {
                    "idProduto": "DnJnBpk6wjPzl7RI",
                    "quantidade": 4,
                    "precoUnitario": 811
                },
                {
                    "idProduto": "C67U2Jyu58VKnaQq",
                    "quantidade": 4,
                    "precoUnitario": 484
                },
                {
                    "idProduto": "iaN9fbqTPzGAUtAR",
                    "quantidade": 3,
                    "precoUnitario": 36
                }
            ],
            "precoTotal": 7982,
            "quantidadeTotal": 14,
            "idUsuario": "qzHErQ3U8kDmGsxz",
            "_id": "1uVWMgm5xccz9ltg"
        },
        {
            "produtos": [
                {
                    "idProduto": "XmyZ4BtcUjZJapHm",
                    "quantidade": 2,
                    "precoUnitario": 1026
                },
                {
                    "idProduto": "I3pu0Twdi1al8ZlJ",
                    "quantidade": 3,
                    "precoUnitario": 916
                },
                {
                    "idProduto": "3Zig7B3sCICcVmwT",
                    "quantidade": 4,
                    "precoUnitario": 973
                }
            ],
            "precoTotal": 8692,
            "quantidadeTotal": 9,
            "idUsuario": "VftT9KC86fLWPSwE",
            "_id": "1yTYNOPI4Z8ygp9V"
        },
        {
            "produtos": [
                {
                    "idProduto": "uBKCzXR5e4DTeyVZ",
                    "quantidade": 2,
                    "precoUnitario": 155
                }
            ],
            "precoTotal": 310,
            "quantidadeTotal": 2,
            "idUsuario": "bhPHArhAcdni8SEQ",
            "_id": "203J1qiZ0mb1xUwJ"
        },
        {
            "produtos": [
                {
                    "idProduto": "igKBnET30mNwMnOc",
                    "quantidade": 11,
                    "precoUnitario": 278
                }
            ],
            "precoTotal": 3058,
            "quantidadeTotal": 11,
            "idUsuario": "NsMOrz4zVrhV88tT",
            "_id": "20ZttOEAfU480E0T"
        },
        {
            "produtos": [
                {
                    "idProduto": "LcpLEvZswtqDf72W",
                    "quantidade": 4,
                    "precoUnitario": 473
                },
                {
                    "idProduto": "zEIsLlg47llHoJwR",
                    "quantidade": 2,
                    "precoUnitario": 169
                },
                {
                    "idProduto": "6GwHdWPlhvpUOaVe",
                    "quantidade": 3,
                    "precoUnitario": 668
                },
                {
                    "idProduto": "SanqzJrRiIQJfXe5",
                    "quantidade": 2,
                    "precoUnitario": 698
                }
            ],
            "precoTotal": 5630,
            "quantidadeTotal": 11,
            "idUsuario": "kJQGtEhgUTpbYxr1",
            "_id": "2CVVWZXiBRaqpXLU"
        },
        {
            "produtos": [
                {
                    "idProduto": "6twVLbGVkos8QOHt",
                    "quantidade": 4,
                    "precoUnitario": 683
                }
            ],
            "precoTotal": 2732,
            "quantidadeTotal": 4,
            "idUsuario": "0hT1cyVzYZbtdRdS",
            "_id": "2U1JfFO5KsYwuJII"
        },
        {
            "produtos": [
                {
                    "idProduto": "nvLCaiylj4ldXLKS",
                    "quantidade": 3,
                    "precoUnitario": 676
                },
                {
                    "idProduto": "sf6zhbUEXq5SRqcN",
                    "quantidade": 4,
                    "precoUnitario": 536
                },
                {
                    "idProduto": "l1DVTQ9FIYu5ixMJ",
                    "quantidade": 4,
                    "precoUnitario": 98
                },
                {
                    "idProduto": "19sbmTUSGGugOiIe",
                    "quantidade": 3,
                    "precoUnitario": 1121
                }
            ],
            "precoTotal": 79... (set the log level to DEBUG or TRACE to see the full content) 
 </msg>
<msg timestamp="20220711 15:02:10.696" level="INFO">${response} = &lt;Response [200]&gt;</msg>
<status status="PASS" starttime="20220711 15:02:10.685" endtime="20220711 15:02:10.696"/>
</kw>
<kw name="Set Global Variable" library="BuiltIn">
<arg>${response}</arg>
<doc>Makes a variable available globally in all tests and suites.</doc>
<msg timestamp="20220711 15:02:10.697" level="INFO">${response} = &lt;Response [200]&gt;</msg>
<status status="PASS" starttime="20220711 15:02:10.696" endtime="20220711 15:02:10.697"/>
</kw>
<kw name="Log To Console" library="BuiltIn">
<arg>Response: ${response.content}</arg>
<doc>Logs the given message to the console.</doc>
<status status="PASS" starttime="20220711 15:02:10.697" endtime="20220711 15:02:10.723"/>
</kw>
<status status="PASS" starttime="20220711 15:02:10.685" endtime="20220711 15:02:10.723"/>
</kw>
<kw name="Validar Status Code &quot;200&quot;" library="common" sourcename="Validar Status Code &quot;${statuscode}&quot;">
<kw name="Should Be True" library="BuiltIn">
<arg>${response.status_code} == ${statuscode}</arg>
<doc>Fails if the given condition is not true.</doc>
<status status="PASS" starttime="20220711 15:02:10.724" endtime="20220711 15:02:10.724"/>
</kw>
<status status="PASS" starttime="20220711 15:02:10.723" endtime="20220711 15:02:10.724"/>
</kw>
<tag>GET</tag>
<tag>GET_carrinhos</tag>
<status status="PASS" starttime="20220711 15:02:10.684" endtime="20220711 15:02:10.724"/>
</test>
<test id="s1-t2" name="Cenário: GET Carrinho por ID 200" line="17">
<kw name="Coletar ID Carrinho Aleatorio" library="carrinhos_keywords">
<kw name="GET On Session" library="RequestsLibrary">
<var>${response}</var>
<arg>serverest</arg>
<arg>/carrinhos</arg>
<doc>Sends a GET request on a previously created HTTP Session.</doc>
<msg timestamp="20220711 15:02:10.731" level="INFO">GET Request : url=http://localhost:3000/carrinhos 
 path_url=/carrinhos 
 headers={'User-Agent': 'python-requests/2.28.0', 'Accept-Encoding': 'gzip, deflate', 'Accept': '*/*', 'Connection': 'keep-alive'} 
 body=None 
 </msg>
<msg timestamp="20220711 15:02:10.731" level="INFO">GET Response : url=http://localhost:3000/carrinhos 
 status=200, reason=OK 
 headers={'Access-Control-Allow-Origin': '*', 'x-dns-prefetch-control': 'off', 'x-frame-options': 'SAMEORIGIN', 'strict-transport-security': 'max-age=15552000; includeSubDomains', 'x-download-options': 'noopen', 'x-content-type-options': 'nosniff', 'x-xss-protection': '1; mode=block', 'x-moesif-transaction-id': '791add6d-b598-4e27-ac3e-6b3c70af98eb', 'Content-Type': 'application/json; charset=utf-8', 'Content-Length': '230792', 'Date': 'Mon, 11 Jul 2022 18:02:10 GMT', 'Connection': 'keep-alive', 'Keep-Alive': 'timeout=5'} 
 body={
    "quantidade": 376,
    "carrinhos": [
        {
            "produtos": [
                {
                    "idProduto": "uQc7QoArxsa0MdTL",
                    "quantidade": 3,
                    "precoUnitario": 1258
                }
            ],
            "precoTotal": 3774,
            "quantidadeTotal": 3,
            "idUsuario": "vXLQtRZlndcY8L34",
            "_id": "00xXRtr9Qb3Zmyqf"
        },
        {
            "produtos": [
                {
                    "idProduto": "KirizzSwhUSZEj13",
                    "quantidade": 3,
                    "precoUnitario": 636
                },
                {
                    "idProduto": "MxmZL2GylSGVXJxu",
                    "quantidade": 3,
                    "precoUnitario": 703
                }
            ],
            "precoTotal": 4017,
            "quantidadeTotal": 6,
            "idUsuario": "U70dsttsrmxKiBdm",
            "_id": "05baeZuOq9yuiEyE"
        },
        {
            "produtos": [
                {
                    "idProduto": "mNekKQjwnTxplJgh",
                    "quantidade": 4,
                    "precoUnitario": 163
                },
                {
                    "idProduto": "BsyW0U1KcVHvyTRh",
                    "quantidade": 3,
                    "precoUnitario": 364
                },
                {
                    "idProduto": "pNBTpVlys02f3cp7",
                    "quantidade": 4,
                    "precoUnitario": 485
                },
                {
                    "idProduto": "mLD5a7IaHTUDUPWv",
                    "quantidade": 2,
                    "precoUnitario": 984
                }
            ],
            "precoTotal": 5652,
            "quantidadeTotal": 13,
            "idUsuario": "br76qt0x9xysXJ1p",
            "_id": "0DPycZnDP6x9r3oL"
        },
        {
            "produtos": [
                {
                    "idProduto": "MfW1Qoc2Sku78DnC",
                    "quantidade": 4,
                    "precoUnitario": 1441
                }
            ],
            "precoTotal": 5764,
            "quantidadeTotal": 4,
            "idUsuario": "2x3DJp5LqSAjF1XH",
            "_id": "0FoS1b85AM7UJ5jI"
        },
        {
            "produtos": [
                {
                    "idProduto": "Gz46AdnCSWlIWAQ6",
                    "quantidade": 9,
                    "precoUnitario": 536
                },
                {
                    "idProduto": "5rjiR19GnVPyHuoC",
                    "quantidade": 7,
                    "precoUnitario": 725
                }
            ],
            "precoTotal": 9899,
            "quantidadeTotal": 16,
            "idUsuario": "VdJPj5kakjOqMLdn",
            "_id": "0WgBK5VS1gr38bR5"
        },
        {
            "produtos": [
                {
                    "idProduto": "1OFx9bLLTkhgiYJa",
                    "quantidade": 5,
                    "precoUnitario": 939
                },
                {
                    "idProduto": "5IB7bIL7NQw1cS7l",
                    "quantidade": 1,
                    "precoUnitario": 1376
                },
                {
                    "idProduto": "AbPxTfheokX9IIWa",
                    "quantidade": 2,
                    "precoUnitario": 887
                }
            ],
            "precoTotal": 7845,
            "quantidadeTotal": 8,
            "idUsuario": "ZgIlCBf00tEqkDKI",
            "_id": "0YDjo63aXx6rDdv4"
        },
        {
            "produtos": [
                {
                    "idProduto": "WILstFLQsH1nuU7O",
                    "quantidade": 2,
                    "precoUnitario": 949
                },
                {
                    "idProduto": "f1mcj7mZmTxjz9Me",
                    "quantidade": 2,
                    "precoUnitario": 863
                },
                {
                    "idProduto": "tjWtJEzT0p8ynwuw",
                    "quantidade": 2,
                    "precoUnitario": 517
                },
                {
                    "idProduto": "SrowirK92XSyhUlZ",
                    "quantidade": 3,
                    "precoUnitario": 754
                }
            ],
            "precoTotal": 6920,
            "quantidadeTotal": 9,
            "idUsuario": "udCsJeNLwSZhzOqt",
            "_id": "0iENIcYKk43tGaDC"
        },
        {
            "produtos": [
                {
                    "idProduto": "gfhK0P5QF9rdrIvu",
                    "quantidade": 3,
                    "precoUnitario": 451
                }
            ],
            "precoTotal": 1353,
            "quantidadeTotal": 3,
            "idUsuario": "bRNdqdhNrDDhLzzS",
            "_id": "1Ol3D1EQ9KbvMPyu"
        },
        {
            "produtos": [
                {
                    "idProduto": "1U92qjJqh8DXtVqO",
                    "quantidade": 2,
                    "precoUnitario": 829
                },
                {
                    "idProduto": "wpMPszCg9CvgWYQF",
                    "quantidade": 4,
                    "precoUnitario": 171
                },
                {
                    "idProduto": "5k84swcPG3u8ehXO",
                    "quantidade": 2,
                    "precoUnitario": 358
                },
                {
                    "idProduto": "fXM2aKf9meU893Ka",
                    "quantidade": 4,
                    "precoUnitario": 69
                }
            ],
            "precoTotal": 3334,
            "quantidadeTotal": 12,
            "idUsuario": "suyT7lEcOp8w8IA9",
            "_id": "1mJB8geFgvcVnLqn"
        },
        {
            "produtos": [
                {
                    "idProduto": "zyO5vCTpEnhLZm9S",
                    "quantidade": 3,
                    "precoUnitario": 898
                },
                {
                    "idProduto": "DnJnBpk6wjPzl7RI",
                    "quantidade": 4,
                    "precoUnitario": 811
                },
                {
                    "idProduto": "C67U2Jyu58VKnaQq",
                    "quantidade": 4,
                    "precoUnitario": 484
                },
                {
                    "idProduto": "iaN9fbqTPzGAUtAR",
                    "quantidade": 3,
                    "precoUnitario": 36
                }
            ],
            "precoTotal": 7982,
            "quantidadeTotal": 14,
            "idUsuario": "qzHErQ3U8kDmGsxz",
            "_id": "1uVWMgm5xccz9ltg"
        },
        {
            "produtos": [
                {
                    "idProduto": "XmyZ4BtcUjZJapHm",
                    "quantidade": 2,
                    "precoUnitario": 1026
                },
                {
                    "idProduto": "I3pu0Twdi1al8ZlJ",
                    "quantidade": 3,
                    "precoUnitario": 916
                },
                {
                    "idProduto": "3Zig7B3sCICcVmwT",
                    "quantidade": 4,
                    "precoUnitario": 973
                }
            ],
            "precoTotal": 8692,
            "quantidadeTotal": 9,
            "idUsuario": "VftT9KC86fLWPSwE",
            "_id": "1yTYNOPI4Z8ygp9V"
        },
        {
            "produtos": [
                {
                    "idProduto": "uBKCzXR5e4DTeyVZ",
                    "quantidade": 2,
                    "precoUnitario": 155
                }
            ],
            "precoTotal": 310,
            "quantidadeTotal": 2,
            "idUsuario": "bhPHArhAcdni8SEQ",
            "_id": "203J1qiZ0mb1xUwJ"
        },
        {
            "produtos": [
                {
                    "idProduto": "igKBnET30mNwMnOc",
                    "quantidade": 11,
                    "precoUnitario": 278
                }
            ],
            "precoTotal": 3058,
            "quantidadeTotal": 11,
            "idUsuario": "NsMOrz4zVrhV88tT",
            "_id": "20ZttOEAfU480E0T"
        },
        {
            "produtos": [
                {
                    "idProduto": "LcpLEvZswtqDf72W",
                    "quantidade": 4,
                    "precoUnitario": 473
                },
                {
                    "idProduto": "zEIsLlg47llHoJwR",
                    "quantidade": 2,
                    "precoUnitario": 169
                },
                {
                    "idProduto": "6GwHdWPlhvpUOaVe",
                    "quantidade": 3,
                    "precoUnitario": 668
                },
                {
                    "idProduto": "SanqzJrRiIQJfXe5",
                    "quantidade": 2,
                    "precoUnitario": 698
                }
            ],
            "precoTotal": 5630,
            "quantidadeTotal": 11,
            "idUsuario": "kJQGtEhgUTpbYxr1",
            "_id": "2CVVWZXiBRaqpXLU"
        },
        {
            "produtos": [
                {
                    "idProduto": "6twVLbGVkos8QOHt",
                    "quantidade": 4,
                    "precoUnitario": 683
                }
            ],
            "precoTotal": 2732,
            "quantidadeTotal": 4,
            "idUsuario": "0hT1cyVzYZbtdRdS",
            "_id": "2U1JfFO5KsYwuJII"
        },
        {
            "produtos": [
                {
                    "idProduto": "nvLCaiylj4ldXLKS",
                    "quantidade": 3,
                    "precoUnitario": 676
                },
                {
                    "idProduto": "sf6zhbUEXq5SRqcN",
                    "quantidade": 4,
                    "precoUnitario": 536
                },
                {
                    "idProduto": "l1DVTQ9FIYu5ixMJ",
                    "quantidade": 4,
                    "precoUnitario": 98
                },
                {
                    "idProduto": "19sbmTUSGGugOiIe",
                    "quantidade": 3,
                    "precoUnitario": 1121
                }
            ],
            "precoTotal": 79... (set the log level to DEBUG or TRACE to see the full content) 
 </msg>
<msg timestamp="20220711 15:02:10.731" level="INFO">${response} = &lt;Response [200]&gt;</msg>
<status status="PASS" starttime="20220711 15:02:10.725" endtime="20220711 15:02:10.731"/>
</kw>
<kw name="Evaluate" library="BuiltIn">
<var>${numbers}</var>
<arg>random.sample(range(0, ${response.json()["quantidade"]}),1)</arg>
<arg>random</arg>
<doc>Evaluates the given expression in Python and returns the result.</doc>
<msg timestamp="20220711 15:02:10.733" level="INFO">${numbers} = [96]</msg>
<status status="PASS" starttime="20220711 15:02:10.732" endtime="20220711 15:02:10.733"/>
</kw>
<kw name="Set Variable" library="BuiltIn">
<var>${id_carrinho}</var>
<arg>${response.json()["carrinhos"][${numbers}[0]]["_id"]}</arg>
<doc>Returns the given values which can then be assigned to a variables.</doc>
<msg timestamp="20220711 15:02:10.734" level="INFO">${id_carrinho} = IYeIP0Skwl6oMphF</msg>
<status status="PASS" starttime="20220711 15:02:10.733" endtime="20220711 15:02:10.734"/>
</kw>
<kw name="Set Global Variable" library="BuiltIn">
<arg>${id_carrinho}</arg>
<doc>Makes a variable available globally in all tests and suites.</doc>
<msg timestamp="20220711 15:02:10.734" level="INFO">${id_carrinho} = IYeIP0Skwl6oMphF</msg>
<status status="PASS" starttime="20220711 15:02:10.734" endtime="20220711 15:02:10.734"/>
</kw>
<status status="PASS" starttime="20220711 15:02:10.725" endtime="20220711 15:02:10.734"/>
</kw>
<kw name="GET Endpoint /carrinhos por ID" library="carrinhos_keywords">
<kw name="GET On Session" library="RequestsLibrary">
<var>${response}</var>
<arg>serverest</arg>
<arg>/carrinhos/${id_carrinho}</arg>
<arg>expected_status=any</arg>
<doc>Sends a GET request on a previously created HTTP Session.</doc>
<msg timestamp="20220711 15:02:10.736" level="INFO">GET Request : url=http://localhost:3000/carrinhos/IYeIP0Skwl6oMphF 
 path_url=/carrinhos/IYeIP0Skwl6oMphF 
 headers={'User-Agent': 'python-requests/2.28.0', 'Accept-Encoding': 'gzip, deflate', 'Accept': '*/*', 'Connection': 'keep-alive'} 
 body=None 
 </msg>
<msg timestamp="20220711 15:02:10.736" level="INFO">GET Response : url=http://localhost:3000/carrinhos/IYeIP0Skwl6oMphF 
 status=200, reason=OK 
 headers={'Access-Control-Allow-Origin': '*', 'x-dns-prefetch-control': 'off', 'x-frame-options': 'SAMEORIGIN', 'strict-transport-security': 'max-age=15552000; includeSubDomains', 'x-download-options': 'noopen', 'x-content-type-options': 'nosniff', 'x-xss-protection': '1; mode=block', 'x-moesif-transaction-id': 'd67dafb8-c206-4407-81e4-e20561d31574', 'Content-Type': 'application/json; charset=utf-8', 'Content-Length': '528', 'Date': 'Mon, 11 Jul 2022 18:02:10 GMT', 'Connection': 'keep-alive', 'Keep-Alive': 'timeout=5'} 
 body={
    "produtos": [
        {
            "idProduto": "2ugyKOJE4PpsBJ2z",
            "quantidade": 3,
            "precoUnitario": 411
        },
        {
            "idProduto": "KOKxTrEriawgoVjP",
            "quantidade": 2,
            "precoUnitario": 981
        },
        {
            "idProduto": "fAGZSkwWaDyn7Prr",
            "quantidade": 4,
            "precoUnitario": 865
        }
    ],
    "precoTotal": 6655,
    "quantidadeTotal": 9,
    "idUsuario": "W8s983lRYbAk0HcJ",
    "_id": "IYeIP0Skwl6oMphF"
} 
 </msg>
<msg timestamp="20220711 15:02:10.736" level="INFO">${response} = &lt;Response [200]&gt;</msg>
<status status="PASS" starttime="20220711 15:02:10.735" endtime="20220711 15:02:10.736"/>
</kw>
<kw name="Set Global Variable" library="BuiltIn">
<arg>${response}</arg>
<doc>Makes a variable available globally in all tests and suites.</doc>
<msg timestamp="20220711 15:02:10.736" level="INFO">${response} = &lt;Response [200]&gt;</msg>
<status status="PASS" starttime="20220711 15:02:10.736" endtime="20220711 15:02:10.736"/>
</kw>
<kw name="Log To Console" library="BuiltIn">
<arg>Response: ${response.content}</arg>
<doc>Logs the given message to the console.</doc>
<status status="PASS" starttime="20220711 15:02:10.737" endtime="20220711 15:02:10.737"/>
</kw>
<status status="PASS" starttime="20220711 15:02:10.734" endtime="20220711 15:02:10.737"/>
</kw>
<kw name="Validar Status Code &quot;200&quot;" library="common" sourcename="Validar Status Code &quot;${statuscode}&quot;">
<kw name="Should Be True" library="BuiltIn">
<arg>${response.status_code} == ${statuscode}</arg>
<doc>Fails if the given condition is not true.</doc>
<status status="PASS" starttime="20220711 15:02:10.737" endtime="20220711 15:02:10.738"/>
</kw>
<status status="PASS" starttime="20220711 15:02:10.737" endtime="20220711 15:02:10.738"/>
</kw>
<tag>GET</tag>
<tag>GET_carrinho_id</tag>
<status status="PASS" starttime="20220711 15:02:10.725" endtime="20220711 15:02:10.738"/>
</test>
<test id="s1-t3" name="Cenário: GET Não Encontrar Carrinho Por ID 400" line="23">
<kw name="Definir Id Carrinho &quot;2cn9r8y29cn&quot;" library="carrinhos_keywords" sourcename="Definir Id Carrinho &quot;${id_carrinho}&quot;">
<kw name="Set Global Variable" library="BuiltIn">
<arg>${id_carrinho}</arg>
<doc>Makes a variable available globally in all tests and suites.</doc>
<msg timestamp="20220711 15:02:10.739" level="INFO">${id_carrinho} = 2cn9r8y29cn</msg>
<status status="PASS" starttime="20220711 15:02:10.739" endtime="20220711 15:02:10.739"/>
</kw>
<status status="PASS" starttime="20220711 15:02:10.739" endtime="20220711 15:02:10.739"/>
</kw>
<kw name="GET Endpoint /carrinhos por ID" library="carrinhos_keywords">
<kw name="GET On Session" library="RequestsLibrary">
<var>${response}</var>
<arg>serverest</arg>
<arg>/carrinhos/${id_carrinho}</arg>
<arg>expected_status=any</arg>
<doc>Sends a GET request on a previously created HTTP Session.</doc>
<msg timestamp="20220711 15:02:10.741" level="INFO">GET Request : url=http://localhost:3000/carrinhos/2cn9r8y29cn 
 path_url=/carrinhos/2cn9r8y29cn 
 headers={'User-Agent': 'python-requests/2.28.0', 'Accept-Encoding': 'gzip, deflate', 'Accept': '*/*', 'Connection': 'keep-alive'} 
 body=None 
 </msg>
<msg timestamp="20220711 15:02:10.741" level="INFO">GET Response : url=http://localhost:3000/carrinhos/2cn9r8y29cn 
 status=400, reason=Bad Request 
 headers={'Access-Control-Allow-Origin': '*', 'x-dns-prefetch-control': 'off', 'x-frame-options': 'SAMEORIGIN', 'strict-transport-security': 'max-age=15552000; includeSubDomains', 'x-download-options': 'noopen', 'x-content-type-options': 'nosniff', 'x-xss-protection': '1; mode=block', 'x-moesif-transaction-id': '39b58d15-25a1-4faa-9366-dcb0a6ab9db9', 'Content-Type': 'application/json; charset=utf-8', 'Content-Length': '45', 'Date': 'Mon, 11 Jul 2022 18:02:10 GMT', 'Connection': 'keep-alive', 'Keep-Alive': 'timeout=5'} 
 body={
    "message": "Carrinho não encontrado"
} 
 </msg>
<msg timestamp="20220711 15:02:10.741" level="INFO">${response} = &lt;Response [400]&gt;</msg>
<status status="PASS" starttime="20220711 15:02:10.739" endtime="20220711 15:02:10.741"/>
</kw>
<kw name="Set Global Variable" library="BuiltIn">
<arg>${response}</arg>
<doc>Makes a variable available globally in all tests and suites.</doc>
<msg timestamp="20220711 15:02:10.741" level="INFO">${response} = &lt;Response [400]&gt;</msg>
<status status="PASS" starttime="20220711 15:02:10.741" endtime="20220711 15:02:10.741"/>
</kw>
<kw name="Log To Console" library="BuiltIn">
<arg>Response: ${response.content}</arg>
<doc>Logs the given message to the console.</doc>
<status status="PASS" starttime="20220711 15:02:10.741" endtime="20220711 15:02:10.742"/>
</kw>
<status status="PASS" starttime="20220711 15:02:10.739" endtime="20220711 15:02:10.742"/>
</kw>
<kw name="Validar Status Code &quot;400&quot;" library="common" sourcename="Validar Status Code &quot;${statuscode}&quot;">
<kw name="Should Be True" library="BuiltIn">
<arg>${response.status_code} == ${statuscode}</arg>
<doc>Fails if the given condition is not true.</doc>
<status status="PASS" starttime="20220711 15:02:10.742" endtime="20220711 15:02:10.743"/>
</kw>
<status status="PASS" starttime="20220711 15:02:10.742" endtime="20220711 15:02:10.743"/>
</kw>
<kw name="Validar Se &quot;message&quot; Contem &quot;Carrinho não encontrado&quot;" library="common" sourcename="Validar Se &quot;${chave}&quot; Contem &quot;${texto}&quot;">
<kw name="Should Contain" library="BuiltIn">
<arg>${response.json()["${chave}"]}</arg>
<arg>${texto}</arg>
<doc>Fails if ``container`` does not contain ``item`` one or more times.</doc>
<status status="PASS" starttime="20220711 15:02:10.743" endtime="20220711 15:02:10.744"/>
</kw>
<status status="PASS" starttime="20220711 15:02:10.743" endtime="20220711 15:02:10.744"/>
</kw>
<tag>GET</tag>
<tag>GET_carrinho_id_invalido</tag>
<status status="PASS" starttime="20220711 15:02:10.738" endtime="20220711 15:02:10.744"/>
</test>
<test id="s1-t4" name="Cenário: POST Cadastrar Carrinho Dinamico 200" line="31">
<kw name="Fazer Login e Armazenar Token Adm &quot;true&quot;" library="common" sourcename="Fazer Login e Armazenar Token Adm &quot;${boolean}&quot;">
<kw name="Criar Dados para Usuario Válido" library="dynamics">
<kw name="Name" library="FakerLibrary">
<var>${nome}</var>
<doc>:example 'John Doe'</doc>
<msg timestamp="20220711 15:02:10.746" level="INFO">${nome} = Kendra Jackson</msg>
<status status="PASS" starttime="20220711 15:02:10.745" endtime="20220711 15:02:10.746"/>
</kw>
<kw name="Email" library="FakerLibrary">
<var>${email}</var>
<msg timestamp="20220711 15:02:10.746" level="INFO">${email} = landerson@example.org</msg>
<status status="PASS" starttime="20220711 15:02:10.746" endtime="20220711 15:02:10.746"/>
</kw>
<kw name="Random Int" library="FakerLibrary">
<var>${num}</var>
<arg>min=0</arg>
<arg>max=1000</arg>
<doc>Generate a random integer between two integers ``min`` and ``max`` inclusive
while observing the provided ``step`` value.</doc>
<msg timestamp="20220711 15:02:10.746" level="INFO">${num} = 818</msg>
<status status="PASS" starttime="20220711 15:02:10.746" endtime="20220711 15:02:10.746"/>
</kw>
<kw name="Catenate" library="BuiltIn">
<var>${email}</var>
<arg>SEPARATOR=</arg>
<arg>${num}</arg>
<arg>${email}</arg>
<doc>Catenates the given items together and returns the resulted string.</doc>
<msg timestamp="20220711 15:02:10.746" level="INFO">${email} = 818landerson@example.org</msg>
<status status="PASS" starttime="20220711 15:02:10.746" endtime="20220711 15:02:10.746"/>
</kw>
<kw name="Password" library="FakerLibrary">
<var>${senha}</var>
<arg>length=5</arg>
<arg>special_chars=False</arg>
<arg>digits=True</arg>
<arg>upper_case=True</arg>
<arg>lower_case=True</arg>
<doc>Generate a random password of the specified ``length``.</doc>
<msg timestamp="20220711 15:02:10.747" level="INFO">${senha} = 3aNUi</msg>
<status status="PASS" starttime="20220711 15:02:10.746" endtime="20220711 15:02:10.747"/>
</kw>
<kw name="Set Global Variable" library="BuiltIn">
<arg>${senha}</arg>
<doc>Makes a variable available globally in all tests and suites.</doc>
<msg timestamp="20220711 15:02:10.747" level="INFO">${senha} = 3aNUi</msg>
<status status="PASS" starttime="20220711 15:02:10.747" endtime="20220711 15:02:10.747"/>
</kw>
<kw name="Set Global Variable" library="BuiltIn">
<arg>${email}</arg>
<doc>Makes a variable available globally in all tests and suites.</doc>
<msg timestamp="20220711 15:02:10.747" level="INFO">${email} = 818landerson@example.org</msg>
<status status="PASS" starttime="20220711 15:02:10.747" endtime="20220711 15:02:10.747"/>
</kw>
<kw name="Create Dictionary" library="BuiltIn">
<var>${payload}</var>
<arg>nome=${nome}</arg>
<arg>email=${email}</arg>
<arg>password=${senha}</arg>
<arg>administrador=true</arg>
<doc>Creates and returns a dictionary based on the given ``items``.</doc>
<msg timestamp="20220711 15:02:10.747" level="INFO">${payload} = {'nome': 'Kendra Jackson', 'email': '818landerson@example.org', 'password': '3aNUi', 'administrador': 'true'}</msg>
<status status="PASS" starttime="20220711 15:02:10.747" endtime="20220711 15:02:10.747"/>
</kw>
<kw name="Log To Console" library="BuiltIn">
<arg>${payload}</arg>
<doc>Logs the given message to the console.</doc>
<status status="PASS" starttime="20220711 15:02:10.747" endtime="20220711 15:02:10.748"/>
</kw>
<kw name="Set Global Variable" library="BuiltIn">
<arg>${payload}</arg>
<doc>Makes a variable available globally in all tests and suites.</doc>
<msg timestamp="20220711 15:02:10.748" level="INFO">${payload} = {'nome': 'Kendra Jackson', 'email': '818landerson@example.org', 'password': '3aNUi', 'administrador': 'true'}</msg>
<status status="PASS" starttime="20220711 15:02:10.748" endtime="20220711 15:02:10.748"/>
</kw>
<status status="PASS" starttime="20220711 15:02:10.745" endtime="20220711 15:02:10.748"/>
</kw>
<kw name="Set To Dictionary" library="Collections">
<arg>${payload}</arg>
<arg>administrador=${boolean}</arg>
<doc>Adds the given ``key_value_pairs`` and ``items`` to the ``dictionary``.</doc>
<status status="PASS" starttime="20220711 15:02:10.748" endtime="20220711 15:02:10.748"/>
</kw>
<kw name="POST Endpoint /usuarios" library="usuarios_keywords">
<kw name="POST On Session" library="RequestsLibrary">
<var>${response}</var>
<arg>serverest</arg>
<arg>/usuarios</arg>
<arg>data=&amp;{payload}</arg>
<arg>expected_status=any</arg>
<doc>Sends a POST request on a previously created HTTP Session.</doc>
<msg timestamp="20220711 15:02:10.758" level="INFO">POST Request : url=http://localhost:3000/usuarios 
 path_url=/usuarios 
 headers={'User-Agent': 'python-requests/2.28.0', 'Accept-Encoding': 'gzip, deflate', 'Accept': '*/*', 'Connection': 'keep-alive', 'Content-Length': '86', 'Content-Type': 'application/x-www-form-urlencoded'} 
 body=nome=Kendra+Jackson&amp;email=818landerson%40example.org&amp;password=3aNUi&amp;administrador=true 
 </msg>
<msg timestamp="20220711 15:02:10.758" level="INFO">POST Response : url=http://localhost:3000/usuarios 
 status=201, reason=Created 
 headers={'Access-Control-Allow-Origin': '*', 'x-dns-prefetch-control': 'off', 'x-frame-options': 'SAMEORIGIN', 'strict-transport-security': 'max-age=15552000; includeSubDomains', 'x-download-options': 'noopen', 'x-content-type-options': 'nosniff', 'x-xss-protection': '1; mode=block', 'x-moesif-transaction-id': 'aa65bc46-3f0a-43e2-b68a-8db76cb40d2c', 'Content-Type': 'application/json; charset=utf-8', 'Content-Length': '82', 'Date': 'Mon, 11 Jul 2022 18:02:10 GMT', 'Connection': 'keep-alive', 'Keep-Alive': 'timeout=5'} 
 body={
    "message": "Cadastro realizado com sucesso",
    "_id": "RJCCyTYV0hUM3MCE"
} 
 </msg>
<msg timestamp="20220711 15:02:10.758" level="INFO">${response} = &lt;Response [201]&gt;</msg>
<status status="PASS" starttime="20220711 15:02:10.748" endtime="20220711 15:02:10.758"/>
</kw>
<kw name="Log To Console" library="BuiltIn">
<arg>Response: ${response.content}</arg>
<doc>Logs the given message to the console.</doc>
<status status="PASS" starttime="20220711 15:02:10.759" endtime="20220711 15:02:10.759"/>
</kw>
<kw name="Set Global Variable" library="BuiltIn">
<arg>${response}</arg>
<doc>Makes a variable available globally in all tests and suites.</doc>
<msg timestamp="20220711 15:02:10.760" level="INFO">${response} = &lt;Response [201]&gt;</msg>
<status status="PASS" starttime="20220711 15:02:10.759" endtime="20220711 15:02:10.760"/>
</kw>
<status status="PASS" starttime="20220711 15:02:10.748" endtime="20220711 15:02:10.760"/>
</kw>
<kw name="Coletar ID Usuario" library="usuarios_keywords">
<kw name="Set Variable" library="BuiltIn">
<var>${id_usuario}</var>
<arg>${response.json()["_id"]}</arg>
<doc>Returns the given values which can then be assigned to a variables.</doc>
<msg timestamp="20220711 15:02:10.760" level="INFO">${id_usuario} = RJCCyTYV0hUM3MCE</msg>
<status status="PASS" starttime="20220711 15:02:10.760" endtime="20220711 15:02:10.760"/>
</kw>
<kw name="Set Global Variable" library="BuiltIn">
<arg>${id_usuario}</arg>
<doc>Makes a variable available globally in all tests and suites.</doc>
<msg timestamp="20220711 15:02:10.760" level="INFO">${id_usuario} = RJCCyTYV0hUM3MCE</msg>
<status status="PASS" starttime="20220711 15:02:10.760" endtime="20220711 15:02:10.760"/>
</kw>
<status status="PASS" starttime="20220711 15:02:10.760" endtime="20220711 15:02:10.761"/>
</kw>
<kw name="Create Dictionary" library="BuiltIn">
<var>${payload}</var>
<arg>email=${email}</arg>
<arg>password=${senha}</arg>
<doc>Creates and returns a dictionary based on the given ``items``.</doc>
<msg timestamp="20220711 15:02:10.761" level="INFO">${payload} = {'email': '818landerson@example.org', 'password': '3aNUi'}</msg>
<status status="PASS" starttime="20220711 15:02:10.761" endtime="20220711 15:02:10.761"/>
</kw>
<kw name="Set Global Variable" library="BuiltIn">
<arg>${payload}</arg>
<doc>Makes a variable available globally in all tests and suites.</doc>
<msg timestamp="20220711 15:02:10.761" level="INFO">${payload} = {'email': '818landerson@example.org', 'password': '3aNUi'}</msg>
<status status="PASS" starttime="20220711 15:02:10.761" endtime="20220711 15:02:10.761"/>
</kw>
<kw name="POST Endpoint /login Dinamico" library="login_keywords">
<kw name="POST On Session" library="RequestsLibrary">
<var>${response}</var>
<arg>serverest</arg>
<arg>/login</arg>
<arg>data=&amp;{payload}</arg>
<arg>expected_status=any</arg>
<doc>Sends a POST request on a previously created HTTP Session.</doc>
<msg timestamp="20220711 15:02:10.776" level="INFO">POST Request : url=http://localhost:3000/login 
 path_url=/login 
 headers={'User-Agent': 'python-requests/2.28.0', 'Accept-Encoding': 'gzip, deflate', 'Accept': '*/*', 'Connection': 'keep-alive', 'Content-Length': '47', 'Content-Type': 'application/x-www-form-urlencoded'} 
 body=email=818landerson%40example.org&amp;password=3aNUi 
 </msg>
<msg timestamp="20220711 15:02:10.777" level="INFO">POST Response : url=http://localhost:3000/login 
 status=200, reason=OK 
 headers={'Access-Control-Allow-Origin': '*', 'x-dns-prefetch-control': 'off', 'x-frame-options': 'SAMEORIGIN', 'strict-transport-security': 'max-age=15552000; includeSubDomains', 'x-download-options': 'noopen', 'x-content-type-options': 'nosniff', 'x-xss-protection': '1; mode=block', 'x-moesif-transaction-id': '4f32e63f-9c40-4057-b294-46fd3d286695', 'Content-Type': 'application/json; charset=utf-8', 'Content-Length': '280', 'Date': 'Mon, 11 Jul 2022 18:02:10 GMT', 'Connection': 'keep-alive', 'Keep-Alive': 'timeout=5'} 
 body={
    "message": "Login realizado com sucesso",
    "authorization": "Bearer eyJhbGciOiJIUzI1NiIsInR5cCI6IkpXVCJ9.eyJlbWFpbCI6IjgxOGxhbmRlcnNvbkBleGFtcGxlLm9yZyIsInBhc3N3b3JkIjoiM2FOVWkiLCJpYXQiOjE2NTc1NjI1MzAsImV4cCI6MTY1NzU2MzEzMH0.WVOus2MVbT4dRwP7wS8UAlTzvaM8us6aB9JgKpPQbrU"
} 
 </msg>
<msg timestamp="20220711 15:02:10.777" level="INFO">${response} = &lt;Response [200]&gt;</msg>
<status status="PASS" starttime="20220711 15:02:10.761" endtime="20220711 15:02:10.777"/>
</kw>
<kw name="Log To Console" library="BuiltIn">
<arg>Response: ${response.content}</arg>
<doc>Logs the given message to the console.</doc>
<status status="PASS" starttime="20220711 15:02:10.777" endtime="20220711 15:02:10.777"/>
</kw>
<kw name="Set Global Variable" library="BuiltIn">
<arg>${response}</arg>
<doc>Makes a variable available globally in all tests and suites.</doc>
<msg timestamp="20220711 15:02:10.778" level="INFO">${response} = &lt;Response [200]&gt;</msg>
<status status="PASS" starttime="20220711 15:02:10.777" endtime="20220711 15:02:10.778"/>
</kw>
<status status="PASS" starttime="20220711 15:02:10.761" endtime="20220711 15:02:10.778"/>
</kw>
<kw name="Set Variable" library="BuiltIn">
<var>${token_auth}</var>
<arg>${response.json()["authorization"]}</arg>
<doc>Returns the given values which can then be assigned to a variables.</doc>
<msg timestamp="20220711 15:02:10.778" level="INFO">${token_auth} = Bearer eyJhbGciOiJIUzI1NiIsInR5cCI6IkpXVCJ9.eyJlbWFpbCI6IjgxOGxhbmRlcnNvbkBleGFtcGxlLm9yZyIsInBhc3N3b3JkIjoiM2FOVWkiLCJpYXQiOjE2NTc1NjI1MzAsImV4cCI6MTY1NzU2MzEzMH0.WVOus2MVbT4dRwP7wS8UAlTzvaM8us6aB9Jg...</msg>
<status status="PASS" starttime="20220711 15:02:10.778" endtime="20220711 15:02:10.778"/>
</kw>
<kw name="Set Global Variable" library="BuiltIn">
<arg>${token_auth}</arg>
<doc>Makes a variable available globally in all tests and suites.</doc>
<msg timestamp="20220711 15:02:10.778" level="INFO">${token_auth} = Bearer eyJhbGciOiJIUzI1NiIsInR5cCI6IkpXVCJ9.eyJlbWFpbCI6IjgxOGxhbmRlcnNvbkBleGFtcGxlLm9yZyIsInBhc3N3b3JkIjoiM2FOVWkiLCJpYXQiOjE2NTc1NjI1MzAsImV4cCI6MTY1NzU2MzEzMH0.WVOus2MVbT4dRwP7wS8UAlTzvaM8us6aB9Jg...</msg>
<status status="PASS" starttime="20220711 15:02:10.778" endtime="20220711 15:02:10.778"/>
</kw>
<status status="PASS" starttime="20220711 15:02:10.745" endtime="20220711 15:02:10.778"/>
</kw>
<kw name="Criar Carrinho Dinamico Valido" library="dynamics">
<kw name="Evaluate" library="BuiltIn">
<var>${quant_produtos}</var>
<arg>random.sample(range(1, 5),1)</arg>
<arg>random</arg>
<doc>Evaluates the given expression in Python and returns the result.</doc>
<msg timestamp="20220711 15:02:10.779" level="INFO">${quant_produtos} = [1]</msg>
<status status="PASS" starttime="20220711 15:02:10.779" endtime="20220711 15:02:10.779"/>
</kw>
<kw name="Create List" library="BuiltIn">
<var>@{lista}</var>
<doc>Returns a list containing given items.</doc>
<msg timestamp="20220711 15:02:10.779" level="INFO">@{lista} = [ ]</msg>
<status status="PASS" starttime="20220711 15:02:10.779" endtime="20220711 15:02:10.779"/>
</kw>
<for flavor="IN RANGE">
<var>${C}</var>
<value>${quant_produtos[0]}</value>
<iter>
<var name="${C}">0</var>
<kw name="GET On Session" library="RequestsLibrary">
<var>${response}</var>
<arg>serverest</arg>
<arg>/produtos</arg>
<doc>Sends a GET request on a previously created HTTP Session.</doc>
<msg timestamp="20220711 15:02:10.823" level="INFO">GET Request : url=http://localhost:3000/produtos 
 path_url=/produtos 
 headers={'User-Agent': 'python-requests/2.28.0', 'Accept-Encoding': 'gzip, deflate', 'Accept': '*/*', 'Connection': 'keep-alive'} 
 body=None 
 </msg>
<msg timestamp="20220711 15:02:10.823" level="INFO">GET Response : url=http://localhost:3000/produtos 
 status=200, reason=OK 
 headers={'Access-Control-Allow-Origin': '*', 'x-dns-prefetch-control': 'off', 'x-frame-options': 'SAMEORIGIN', 'strict-transport-security': 'max-age=15552000; includeSubDomains', 'x-download-options': 'noopen', 'x-content-type-options': 'nosniff', 'x-xss-protection': '1; mode=block', 'x-moesif-transaction-id': 'edd44fe0-0c1a-4aea-9ea9-46c9e9cde235', 'Content-Type': 'application/json; charset=utf-8', 'Content-Length': '3469623', 'Date': 'Mon, 11 Jul 2022 18:02:10 GMT', 'Connection': 'keep-alive', 'Keep-Alive': 'timeout=5'} 
 body={
    "quantidade": 14971,
    "produtos": [
        {
            "nome": "Consumer meet ability.",
            "preco": 1015,
            "descricao": "Today just old knowledge practice she television.",
            "quantidade": 3059,
            "_id": "005X4RSZHb68Evzt"
        },
        {
            "nome": "Gun hope opportunity.",
            "preco": 655,
            "descricao": "Yourself sister painting ago.",
            "quantidade": 4066,
            "_id": "00JgOldHnOiRZLP9"
        },
        {
            "nome": "Southern space firm.",
            "preco": 193,
            "descricao": "Officer goal interesting Democrat professional floor yet.",
            "quantidade": 3222,
            "_id": "01fR8uxAKGqBmXSw"
        },
        {
            "nome": "Point field age open.",
            "preco": 619,
            "descricao": "Loss buy include build. Reach film force discover.",
            "quantidade": 4692,
            "_id": "01g26wNFqx0FFLaj"
        },
        {
            "nome": "Pretty wrong fine what.",
            "preco": 783,
            "descricao": "More main husband. Federal talk oil election.",
            "quantidade": 4423,
            "_id": "02C1qUjWzBEhBQln"
        },
        {
            "nome": "Apply trial within.",
            "preco": 103,
            "descricao": "Recent someone medical force near son road.",
            "quantidade": 2742,
            "_id": "02O0EzL6HAs5dJ5p"
        },
        {
            "nome": "Give look heavy this.",
            "preco": 369,
            "descricao": "Risk moment long per care economic establish.",
            "quantidade": 3503,
            "_id": "02b1xnZHt36rc2S8"
        },
        {
            "nome": "Single executive spring.",
            "preco": 445,
            "descricao": "Paper occur represent economy plant.",
            "quantidade": 2584,
            "_id": "02tttdqZSc8cfhiI"
        },
        {
            "nome": "Pretty during drug.",
            "preco": 1222,
            "descricao": "Article hold give their lead summer walk.",
            "quantidade": 0,
            "_id": "0348G6IpV5024M6q"
        },
        {
            "nome": "Us lay real senior.",
            "preco": 1287,
            "descricao": "Card age rate easy student high.",
            "quantidade": 2716,
            "_id": "03TVmLlVnCIPt5OF"
        },
        {
            "nome": "Prevent do seek.",
            "preco": 1090,
            "descricao": "Bit message positive style. Building poor daughter.",
            "quantidade": 2667,
            "_id": "03el0c4vrBmFdprj"
        },
        {
            "nome": "Start course style.",
            "preco": 1208,
            "descricao": "Fine appear easy police rest water.",
            "quantidade": 4891,
            "_id": "03q7LVmvzMjFtUy6"
        },
        {
            "nome": "Might one trip.",
            "preco": 879,
            "descricao": "Here like house second happen heart.",
            "quantidade": 2916,
            "_id": "04P7l7X5Tjn1ctxV"
        },
        {
            "nome": "Low land decade short.",
            "preco": 860,
            "descricao": "Reality though role main. Everything popular report color.",
            "quantidade": 3617,
            "_id": "04uB9DIWq0ZMFlCN"
        },
        {
            "nome": "American house put.",
            "preco": 449,
            "descricao": "Take realize protect town baby vote few.",
            "quantidade": 3350,
            "_id": "04yeLfAnEgD5QnW1"
        },
        {
            "nome": "Meeting right within.",
            "preco": 258,
            "descricao": "Government minute owner station attack.",
            "quantidade": 4863,
            "_id": "055tK5ELAL0c9hlH"
        },
        {
            "nome": "Push economic produce.",
            "preco": 139,
            "descricao": "Discussion style degree range front find those.",
            "quantidade": 2923,
            "_id": "05BrsvFmaz31Cc9J"
        },
        {
            "nome": "Themselves goal chance.",
            "preco": 768,
            "descricao": "Tax thought believe realize recently maintain.",
            "quantidade": 4595,
            "_id": "05G9sN9AegK9AV0K"
        },
        {
            "nome": "Room argue name system.",
            "preco": 1407,
            "descricao": "Pm oil change treat option toward.",
            "quantidade": 2257,
            "_id": "05iU3MrfCwkXin4r"
        },
        {
            "nome": "Top theory someone.",
            "preco": 435,
            "descricao": "True ground nearly early these.",
            "quantidade": 3416,
            "_id": "06FB0N5NCUTL9KhO"
        },
        {
            "nome": "Across music why.",
            "preco": 809,
            "descricao": "Especially six peace on. When majority and almost.",
            "quantidade": 2940,
            "_id": "06IvfzYOPOaATFUV"
        },
        {
            "nome": "Issue him test floor.",
            "preco": 25,
            "descricao": "Pick four address yeah.",
            "quantidade": 4173,
            "_id": "06fy4bGvJW6ZG6JK"
        },
        {
            "nome": "Religious explain firm.",
            "preco": 1058,
            "descricao": "Wait miss control allow simply. Few between young onto.",
            "quantidade": 4000,
            "_id": "0762DJpDDd8a3sCZ"
        },
        {
            "nome": "Late of another.",
            "preco": 1459,
            "descricao": "Professional day produce.",
            "quantidade": 2765,
            "_id": "07UKjldJQun5uqr7"
        },
        {
            "nome": "Environment close road.",
            "preco": 569,
            "descricao": "Budget spend purpose effort local.",
            "quantidade": 2686,
            "_id": "07l20YBbEDJflair"
        },
        {
            "nome": "Card west peace dark.",
            "preco": 1169,
            "descricao": "Painting stand about. Magazine century who.",
            "quantidade": 3922,
            "_id": "07ovUBJTllqCXccz"
        },
        {
            "nome": "Full might individual.",
            "preco": 1174,
            "descricao": "Drop around choose country.",
            "quantidade": 4057,
            "_id": "08eJoNrcbkiewi1C"
        },
        {
            "nome": "Discussion may truth.",
            "preco": 202,
            "descricao": "Expert head over serious pressure imagine.",
            "quantidade": 3159,
            "_id": "08thI3UiEmI3i5Ds"
        },
        {
            "nome": "Must home data culture.",
            "preco": 1062,
            "descricao": "Collection standard democratic without look dog.",
            "quantidade": 4631,
            "_id": "09Tl54t1WD4QPO2b"
        },
        {
            "nome": "Apply someone fly kind.",
            "preco": 1269,
            "descricao": "Believe social point. Attorney life eat assume.",
            "quantidade": 2792,
            "_id": "09j6RznB6rW7Qrut"
        },
        {
            "nome": "Name use dark rule.",
            "preco": 1120,
            "descricao": "Decision popular appear. Push buy call those woman.",
            "quantidade": 4025,
            "_id": "0A33Igqm5ChsCiSy"
        },
        {
            "nome": "Deal doctor image keep.",
            "preco": 1185,
            "descricao": "Never movie nor line in investment.",
            "quantidade": 4490,
            "_id": "0AmZnxxAEeITCLH4"
        },
        {
            "nome": "Claim find watch land.",
            "preco": 1242,
            "descricao": "Minute final without left million.",
            "quantidade": 2462,
            "_id": "0AqEO2vc7bVShhnx"
        },
        {
            "nome": "Fill six first game.",
            "preco": 891,
            "descricao": "Color stay lead national interview water feel.",
            "quantidade": 3540,
            "_id": "0AqfM2g6vG4POPdo"
        },
        {
            "nome": "Own assume field.",
            "preco": 806,
            "descricao": "Then time true six tax truth. Analysis ready at rate.",
            "quantidade": 2130,
            "_id": "0BjXrtoLa7eENeSI"
        },
        {
            "nome": "Sign thing only.",
            "preco": 1206,
            "descricao": "Send term government course travel easy.",
            "quantidade": 2243,
            "_id": "0C6fwFzuBG3IyL9C"
        },
        {
            "nome": "Sing truth social bank.",
            "preco": 1260,
            "descricao": "Management think upon himself color or send.",
            "quantidade": 3294,
            "_id": "0C9t39GkxIAdoTf9"
        },
        {
            "nome": "Own whether admit past.",
            "preco": 260,
            "descricao": "Big remember dark science course paper.",
            "quantidade": 2487,
            "_id": "0CNWD2sT2vvEVJNE"
        },
        {
            "nome": "Network stand idea.",
            "preco": 159,
            "descricao": "Note single when defense me indeed professional pattern.",
            "quantidade": 4296,
            "_id": "0DHnRkG8lWz6O4qm"
        },
        {
            "nome": "Yard child student less.",
            "preco": 188,
            "descricao": "Use among so be.",
            "quantidade": 3747,
            "_id": "0DmLopZcgCwTsD4g"
        },
        {
            "nome": "Help suddenly speech.",
            "preco": 89,
            "descricao": "Catch service simply reflect thing newspaper reach.",
            "quantidade": 2435,
            "_id": "0DxtMy8uVNmHWYn0"
        },
        {
            "nome": "It source old.",
            "preco": 1146,
            "descricao": "Last spend speak news. If station before.",
            "quantidade": 2868,
            "_id": "0EJMdeQ5mCcI5Isl"
        },
        {
            "nome": "Gun issue value little.",
            "preco": 820,
            "descricao": "Herself true source television bank series.",
            "quantidade": 3305,
            ... (set the log level to DEBUG or TRACE to see the full content) 
 </msg>
<msg timestamp="20220711 15:02:10.824" level="INFO">${response} = &lt;Response [200]&gt;</msg>
<status status="PASS" starttime="20220711 15:02:10.780" endtime="20220711 15:02:10.824"/>
</kw>
<kw name="Evaluate" library="BuiltIn">
<var>${numbers}</var>
<arg>random.sample(range(0, ${response.json()["quantidade"]}),1)</arg>
<arg>random</arg>
<doc>Evaluates the given expression in Python and returns the result.</doc>
<msg timestamp="20220711 15:02:10.837" level="INFO">${numbers} = [12730]</msg>
<status status="PASS" starttime="20220711 15:02:10.824" endtime="20220711 15:02:10.837"/>
</kw>
<kw name="Set Variable" library="BuiltIn">
<var>${id}</var>
<arg>${response.json()["produtos"][${numbers}[0]]["_id"]}</arg>
<doc>Returns the given values which can then be assigned to a variables.</doc>
<msg timestamp="20220711 15:02:10.848" level="INFO">${id} = qshlnG9KaK9Y9Qn8</msg>
<status status="PASS" starttime="20220711 15:02:10.837" endtime="20220711 15:02:10.848"/>
</kw>
<kw name="Random Int" library="FakerLibrary">
<var>${quantidade}</var>
<arg>min=2</arg>
<arg>max=4</arg>
<doc>Generate a random integer between two integers ``min`` and ``max`` inclusive
while observing the provided ``step`` value.</doc>
<msg timestamp="20220711 15:02:10.849" level="INFO">${quantidade} = 3</msg>
<status status="PASS" starttime="20220711 15:02:10.848" endtime="20220711 15:02:10.849"/>
</kw>
<kw name="Create Dictionary" library="BuiltIn">
<var>${pedido}</var>
<arg>idProduto=${id}</arg>
<arg>quantidade=${quantidade}</arg>
<doc>Creates and returns a dictionary based on the given ``items``.</doc>
<msg timestamp="20220711 15:02:10.849" level="INFO">${pedido} = {'idProduto': 'qshlnG9KaK9Y9Qn8', 'quantidade': 3}</msg>
<status status="PASS" starttime="20220711 15:02:10.849" endtime="20220711 15:02:10.849"/>
</kw>
<kw name="Append To List" library="Collections">
<arg>${lista}</arg>
<arg>${pedido}</arg>
<doc>Adds ``values`` to the end of ``list``.</doc>
<status status="PASS" starttime="20220711 15:02:10.849" endtime="20220711 15:02:10.849"/>
</kw>
<status status="PASS" starttime="20220711 15:02:10.780" endtime="20220711 15:02:10.849"/>
</iter>
<status status="PASS" starttime="20220711 15:02:10.779" endtime="20220711 15:02:10.849"/>
</for>
<kw name="Create Dictionary" library="BuiltIn">
<var>${payload}</var>
<arg>produtos=${lista}</arg>
<doc>Creates and returns a dictionary based on the given ``items``.</doc>
<msg timestamp="20220711 15:02:10.849" level="INFO">${payload} = {'produtos': [{'idProduto': 'qshlnG9KaK9Y9Qn8', 'quantidade': 3}]}</msg>
<status status="PASS" starttime="20220711 15:02:10.849" endtime="20220711 15:02:10.849"/>
</kw>
<kw name="Set Global Variable" library="BuiltIn">
<arg>${payload}</arg>
<doc>Makes a variable available globally in all tests and suites.</doc>
<msg timestamp="20220711 15:02:10.850" level="INFO">${payload} = {'produtos': [{'idProduto': 'qshlnG9KaK9Y9Qn8', 'quantidade': 3}]}</msg>
<status status="PASS" starttime="20220711 15:02:10.849" endtime="20220711 15:02:10.850"/>
</kw>
<status status="PASS" starttime="20220711 15:02:10.779" endtime="20220711 15:02:10.850"/>
</kw>
<kw name="POST Endpoint /carrinhos" library="carrinhos_keywords">
<kw name="Create Dictionary" library="BuiltIn">
<var>&amp;{header}</var>
<arg>Authorization=${token_auth}</arg>
<doc>Creates and returns a dictionary based on the given ``items``.</doc>
<msg timestamp="20220711 15:02:10.850" level="INFO">&amp;{header} = { Authorization=Bearer eyJhbGciOiJIUzI1NiIsInR5cCI6IkpXVCJ9.eyJlbWFpbCI6IjgxOGxhbmRlcnNvbkBleGFtcGxlLm9yZyIsInBhc3N3b3JkIjoiM2FOVWkiLCJpYXQiOjE2NTc1NjI1MzAsImV4cCI6MTY1NzU2MzEzMH0.WVOus2MVbT4dRwP7wS8U...</msg>
<status status="PASS" starttime="20220711 15:02:10.850" endtime="20220711 15:02:10.850"/>
</kw>
<kw name="Set To Dictionary" library="Collections">
<arg>${header}</arg>
<arg>Content-Type=application/json</arg>
<doc>Adds the given ``key_value_pairs`` and ``items`` to the ``dictionary``.</doc>
<status status="PASS" starttime="20220711 15:02:10.850" endtime="20220711 15:02:10.850"/>
</kw>
<kw name="Evaluate" library="BuiltIn">
<var>${payload}</var>
<arg>json.dumps(${payload})</arg>
<arg>json</arg>
<doc>Evaluates the given expression in Python and returns the result.</doc>
<msg timestamp="20220711 15:02:10.851" level="INFO">${payload} = {"produtos": [{"idProduto": "qshlnG9KaK9Y9Qn8", "quantidade": 3}]}</msg>
<status status="PASS" starttime="20220711 15:02:10.851" endtime="20220711 15:02:10.851"/>
</kw>
<kw name="Log To Console" library="BuiltIn">
<arg>${payload}</arg>
<doc>Logs the given message to the console.</doc>
<status status="PASS" starttime="20220711 15:02:10.851" endtime="20220711 15:02:10.851"/>
</kw>
<kw name="POST On Session" library="RequestsLibrary">
<var>${response}</var>
<arg>serverest</arg>
<arg>/carrinhos</arg>
<arg>data=${payload}</arg>
<arg>headers=${header}</arg>
<arg>expected_status=any</arg>
<doc>Sends a POST request on a previously created HTTP Session.</doc>
<msg timestamp="20220711 15:02:10.865" level="INFO">POST Request : url=http://localhost:3000/carrinhos 
 path_url=/carrinhos 
 headers={'User-Agent': 'python-requests/2.28.0', 'Accept-Encoding': 'gzip, deflate', 'Accept': '*/*', 'Connection': 'keep-alive', 'Authorization': 'Bearer eyJhbGciOiJIUzI1NiIsInR5cCI6IkpXVCJ9.eyJlbWFpbCI6IjgxOGxhbmRlcnNvbkBleGFtcGxlLm9yZyIsInBhc3N3b3JkIjoiM2FOVWkiLCJpYXQiOjE2NTc1NjI1MzAsImV4cCI6MTY1NzU2MzEzMH0.WVOus2MVbT4dRwP7wS8UAlTzvaM8us6aB9JgKpPQbrU', 'Content-Type': 'application/json', 'Content-Length': '66'} 
 body={"produtos": [{"idProduto": "qshlnG9KaK9Y9Qn8", "quantidade": 3}]} 
 </msg>
<msg timestamp="20220711 15:02:10.865" level="INFO">POST Response : url=http://localhost:3000/carrinhos 
 status=201, reason=Created 
 headers={'Access-Control-Allow-Origin': '*', 'x-dns-prefetch-control': 'off', 'x-frame-options': 'SAMEORIGIN', 'strict-transport-security': 'max-age=15552000; includeSubDomains', 'x-download-options': 'noopen', 'x-content-type-options': 'nosniff', 'x-xss-protection': '1; mode=block', 'x-moesif-transaction-id': '15258327-d004-4717-ae6b-f0ed9fb110b4', 'Content-Type': 'application/json; charset=utf-8', 'Content-Length': '82', 'Date': 'Mon, 11 Jul 2022 18:02:10 GMT', 'Connection': 'keep-alive', 'Keep-Alive': 'timeout=5'} 
 body={
    "message": "Cadastro realizado com sucesso",
    "_id": "jutdgRS0rZiFmVfo"
} 
 </msg>
<msg timestamp="20220711 15:02:10.866" level="INFO">${response} = &lt;Response [201]&gt;</msg>
<status status="PASS" starttime="20220711 15:02:10.851" endtime="20220711 15:02:10.866"/>
</kw>
<kw name="Log To Console" library="BuiltIn">
<arg>Response: ${response.content}</arg>
<doc>Logs the given message to the console.</doc>
<status status="PASS" starttime="20220711 15:02:10.866" endtime="20220711 15:02:10.866"/>
</kw>
<kw name="Set Global Variable" library="BuiltIn">
<arg>${response}</arg>
<doc>Makes a variable available globally in all tests and suites.</doc>
<msg timestamp="20220711 15:02:10.866" level="INFO">${response} = &lt;Response [201]&gt;</msg>
<status status="PASS" starttime="20220711 15:02:10.866" endtime="20220711 15:02:10.866"/>
</kw>
<status status="PASS" starttime="20220711 15:02:10.850" endtime="20220711 15:02:10.866"/>
</kw>
<kw name="Validar Status Code &quot;201&quot;" library="common" sourcename="Validar Status Code &quot;${statuscode}&quot;">
<kw name="Should Be True" library="BuiltIn">
<arg>${response.status_code} == ${statuscode}</arg>
<doc>Fails if the given condition is not true.</doc>
<status status="PASS" starttime="20220711 15:02:10.867" endtime="20220711 15:02:10.867"/>
</kw>
<status status="PASS" starttime="20220711 15:02:10.867" endtime="20220711 15:02:10.867"/>
</kw>
<kw name="Validar Se &quot;message&quot; Contem &quot;Cadastro realizado com sucesso&quot;" library="common" sourcename="Validar Se &quot;${chave}&quot; Contem &quot;${texto}&quot;">
<kw name="Should Contain" library="BuiltIn">
<arg>${response.json()["${chave}"]}</arg>
<arg>${texto}</arg>
<doc>Fails if ``container`` does not contain ``item`` one or more times.</doc>
<status status="PASS" starttime="20220711 15:02:10.868" endtime="20220711 15:02:10.868"/>
</kw>
<status status="PASS" starttime="20220711 15:02:10.868" endtime="20220711 15:02:10.868"/>
</kw>
<tag>POST</tag>
<tag>POST_carrinho_dinamico</tag>
<status status="PASS" starttime="20220711 15:02:10.745" endtime="20220711 15:02:10.869"/>
</test>
<test id="s1-t5" name="Cenário: POST Carrinho Com Produtos Repetidos 400" line="39">
<kw name="Fazer Login e Armazenar Token Adm &quot;true&quot;" library="common" sourcename="Fazer Login e Armazenar Token Adm &quot;${boolean}&quot;">
<kw name="Criar Dados para Usuario Válido" library="dynamics">
<kw name="Name" library="FakerLibrary">
<var>${nome}</var>
<doc>:example 'John Doe'</doc>
<msg timestamp="20220711 15:02:10.870" level="INFO">${nome} = Stephen Evans</msg>
<status status="PASS" starttime="20220711 15:02:10.869" endtime="20220711 15:02:10.870"/>
</kw>
<kw name="Email" library="FakerLibrary">
<var>${email}</var>
<msg timestamp="20220711 15:02:10.870" level="INFO">${email} = jennifercrawford@example.com</msg>
<status status="PASS" starttime="20220711 15:02:10.870" endtime="20220711 15:02:10.870"/>
</kw>
<kw name="Random Int" library="FakerLibrary">
<var>${num}</var>
<arg>min=0</arg>
<arg>max=1000</arg>
<doc>Generate a random integer between two integers ``min`` and ``max`` inclusive
while observing the provided ``step`` value.</doc>
<msg timestamp="20220711 15:02:10.870" level="INFO">${num} = 641</msg>
<status status="PASS" starttime="20220711 15:02:10.870" endtime="20220711 15:02:10.870"/>
</kw>
<kw name="Catenate" library="BuiltIn">
<var>${email}</var>
<arg>SEPARATOR=</arg>
<arg>${num}</arg>
<arg>${email}</arg>
<doc>Catenates the given items together and returns the resulted string.</doc>
<msg timestamp="20220711 15:02:10.870" level="INFO">${email} = 641jennifercrawford@example.com</msg>
<status status="PASS" starttime="20220711 15:02:10.870" endtime="20220711 15:02:10.870"/>
</kw>
<kw name="Password" library="FakerLibrary">
<var>${senha}</var>
<arg>length=5</arg>
<arg>special_chars=False</arg>
<arg>digits=True</arg>
<arg>upper_case=True</arg>
<arg>lower_case=True</arg>
<doc>Generate a random password of the specified ``length``.</doc>
<msg timestamp="20220711 15:02:10.871" level="INFO">${senha} = 1LSPk</msg>
<status status="PASS" starttime="20220711 15:02:10.870" endtime="20220711 15:02:10.871"/>
</kw>
<kw name="Set Global Variable" library="BuiltIn">
<arg>${senha}</arg>
<doc>Makes a variable available globally in all tests and suites.</doc>
<msg timestamp="20220711 15:02:10.871" level="INFO">${senha} = 1LSPk</msg>
<status status="PASS" starttime="20220711 15:02:10.871" endtime="20220711 15:02:10.871"/>
</kw>
<kw name="Set Global Variable" library="BuiltIn">
<arg>${email}</arg>
<doc>Makes a variable available globally in all tests and suites.</doc>
<msg timestamp="20220711 15:02:10.871" level="INFO">${email} = 641jennifercrawford@example.com</msg>
<status status="PASS" starttime="20220711 15:02:10.871" endtime="20220711 15:02:10.871"/>
</kw>
<kw name="Create Dictionary" library="BuiltIn">
<var>${payload}</var>
<arg>nome=${nome}</arg>
<arg>email=${email}</arg>
<arg>password=${senha}</arg>
<arg>administrador=true</arg>
<doc>Creates and returns a dictionary based on the given ``items``.</doc>
<msg timestamp="20220711 15:02:10.871" level="INFO">${payload} = {'nome': 'Stephen Evans', 'email': '641jennifercrawford@example.com', 'password': '1LSPk', 'administrador': 'true'}</msg>
<status status="PASS" starttime="20220711 15:02:10.871" endtime="20220711 15:02:10.871"/>
</kw>
<kw name="Log To Console" library="BuiltIn">
<arg>${payload}</arg>
<doc>Logs the given message to the console.</doc>
<status status="PASS" starttime="20220711 15:02:10.872" endtime="20220711 15:02:10.872"/>
</kw>
<kw name="Set Global Variable" library="BuiltIn">
<arg>${payload}</arg>
<doc>Makes a variable available globally in all tests and suites.</doc>
<msg timestamp="20220711 15:02:10.872" level="INFO">${payload} = {'nome': 'Stephen Evans', 'email': '641jennifercrawford@example.com', 'password': '1LSPk', 'administrador': 'true'}</msg>
<status status="PASS" starttime="20220711 15:02:10.872" endtime="20220711 15:02:10.872"/>
</kw>
<status status="PASS" starttime="20220711 15:02:10.869" endtime="20220711 15:02:10.872"/>
</kw>
<kw name="Set To Dictionary" library="Collections">
<arg>${payload}</arg>
<arg>administrador=${boolean}</arg>
<doc>Adds the given ``key_value_pairs`` and ``items`` to the ``dictionary``.</doc>
<status status="PASS" starttime="20220711 15:02:10.872" endtime="20220711 15:02:10.872"/>
</kw>
<kw name="POST Endpoint /usuarios" library="usuarios_keywords">
<kw name="POST On Session" library="RequestsLibrary">
<var>${response}</var>
<arg>serverest</arg>
<arg>/usuarios</arg>
<arg>data=&amp;{payload}</arg>
<arg>expected_status=any</arg>
<doc>Sends a POST request on a previously created HTTP Session.</doc>
<msg timestamp="20220711 15:02:10.881" level="INFO">POST Request : url=http://localhost:3000/usuarios 
 path_url=/usuarios 
 headers={'User-Agent': 'python-requests/2.28.0', 'Accept-Encoding': 'gzip, deflate', 'Accept': '*/*', 'Connection': 'keep-alive', 'Content-Length': '92', 'Content-Type': 'application/x-www-form-urlencoded'} 
 body=nome=Stephen+Evans&amp;email=641jennifercrawford%40example.com&amp;password=1LSPk&amp;administrador=true 
 </msg>
<msg timestamp="20220711 15:02:10.881" level="INFO">POST Response : url=http://localhost:3000/usuarios 
 status=201, reason=Created 
 headers={'Access-Control-Allow-Origin': '*', 'x-dns-prefetch-control': 'off', 'x-frame-options': 'SAMEORIGIN', 'strict-transport-security': 'max-age=15552000; includeSubDomains', 'x-download-options': 'noopen', 'x-content-type-options': 'nosniff', 'x-xss-protection': '1; mode=block', 'x-moesif-transaction-id': '7c4fbcac-9747-4973-87f7-78f23d8d92e1', 'Content-Type': 'application/json; charset=utf-8', 'Content-Length': '82', 'Date': 'Mon, 11 Jul 2022 18:02:10 GMT', 'Connection': 'keep-alive', 'Keep-Alive': 'timeout=5'} 
 body={
    "message": "Cadastro realizado com sucesso",
    "_id": "wAdUdUuP9nQOfiQO"
} 
 </msg>
<msg timestamp="20220711 15:02:10.881" level="INFO">${response} = &lt;Response [201]&gt;</msg>
<status status="PASS" starttime="20220711 15:02:10.872" endtime="20220711 15:02:10.881"/>
</kw>
<kw name="Log To Console" library="BuiltIn">
<arg>Response: ${response.content}</arg>
<doc>Logs the given message to the console.</doc>
<status status="PASS" starttime="20220711 15:02:10.881" endtime="20220711 15:02:10.882"/>
</kw>
<kw name="Set Global Variable" library="BuiltIn">
<arg>${response}</arg>
<doc>Makes a variable available globally in all tests and suites.</doc>
<msg timestamp="20220711 15:02:10.882" level="INFO">${response} = &lt;Response [201]&gt;</msg>
<status status="PASS" starttime="20220711 15:02:10.882" endtime="20220711 15:02:10.882"/>
</kw>
<status status="PASS" starttime="20220711 15:02:10.872" endtime="20220711 15:02:10.882"/>
</kw>
<kw name="Coletar ID Usuario" library="usuarios_keywords">
<kw name="Set Variable" library="BuiltIn">
<var>${id_usuario}</var>
<arg>${response.json()["_id"]}</arg>
<doc>Returns the given values which can then be assigned to a variables.</doc>
<msg timestamp="20220711 15:02:10.882" level="INFO">${id_usuario} = wAdUdUuP9nQOfiQO</msg>
<status status="PASS" starttime="20220711 15:02:10.882" endtime="20220711 15:02:10.882"/>
</kw>
<kw name="Set Global Variable" library="BuiltIn">
<arg>${id_usuario}</arg>
<doc>Makes a variable available globally in all tests and suites.</doc>
<msg timestamp="20220711 15:02:10.883" level="INFO">${id_usuario} = wAdUdUuP9nQOfiQO</msg>
<status status="PASS" starttime="20220711 15:02:10.882" endtime="20220711 15:02:10.883"/>
</kw>
<status status="PASS" starttime="20220711 15:02:10.882" endtime="20220711 15:02:10.883"/>
</kw>
<kw name="Create Dictionary" library="BuiltIn">
<var>${payload}</var>
<arg>email=${email}</arg>
<arg>password=${senha}</arg>
<doc>Creates and returns a dictionary based on the given ``items``.</doc>
<msg timestamp="20220711 15:02:10.883" level="INFO">${payload} = {'email': '641jennifercrawford@example.com', 'password': '1LSPk'}</msg>
<status status="PASS" starttime="20220711 15:02:10.883" endtime="20220711 15:02:10.883"/>
</kw>
<kw name="Set Global Variable" library="BuiltIn">
<arg>${payload}</arg>
<doc>Makes a variable available globally in all tests and suites.</doc>
<msg timestamp="20220711 15:02:10.883" level="INFO">${payload} = {'email': '641jennifercrawford@example.com', 'password': '1LSPk'}</msg>
<status status="PASS" starttime="20220711 15:02:10.883" endtime="20220711 15:02:10.883"/>
</kw>
<kw name="POST Endpoint /login Dinamico" library="login_keywords">
<kw name="POST On Session" library="RequestsLibrary">
<var>${response}</var>
<arg>serverest</arg>
<arg>/login</arg>
<arg>data=&amp;{payload}</arg>
<arg>expected_status=any</arg>
<doc>Sends a POST request on a previously created HTTP Session.</doc>
<msg timestamp="20220711 15:02:10.894" level="INFO">POST Request : url=http://localhost:3000/login 
 path_url=/login 
 headers={'User-Agent': 'python-requests/2.28.0', 'Accept-Encoding': 'gzip, deflate', 'Accept': '*/*', 'Connection': 'keep-alive', 'Content-Length': '54', 'Content-Type': 'application/x-www-form-urlencoded'} 
 body=email=641jennifercrawford%40example.com&amp;password=1LSPk 
 </msg>
<msg timestamp="20220711 15:02:10.894" level="INFO">POST Response : url=http://localhost:3000/login 
 status=200, reason=OK 
 headers={'Access-Control-Allow-Origin': '*', 'x-dns-prefetch-control': 'off', 'x-frame-options': 'SAMEORIGIN', 'strict-transport-security': 'max-age=15552000; includeSubDomains', 'x-download-options': 'noopen', 'x-content-type-options': 'nosniff', 'x-xss-protection': '1; mode=block', 'x-moesif-transaction-id': '18c28b02-4661-45d3-9b7c-ac62994fd1e0', 'Content-Type': 'application/json; charset=utf-8', 'Content-Length': '289', 'Date': 'Mon, 11 Jul 2022 18:02:10 GMT', 'Connection': 'keep-alive', 'Keep-Alive': 'timeout=5'} 
 body={
    "message": "Login realizado com sucesso",
    "authorization": "Bearer eyJhbGciOiJIUzI1NiIsInR5cCI6IkpXVCJ9.eyJlbWFpbCI6IjY0MWplbm5pZmVyY3Jhd2ZvcmRAZXhhbXBsZS5jb20iLCJwYXNzd29yZCI6IjFMU1BrIiwiaWF0IjoxNjU3NTYyNTMwLCJleHAiOjE2NTc1NjMxMzB9.wArsFlHe6c7ydu75vt1U2XfYKNuz-JlrTRATWAI0zAQ"
} 
 </msg>
<msg timestamp="20220711 15:02:10.894" level="INFO">${response} = &lt;Response [200]&gt;</msg>
<status status="PASS" starttime="20220711 15:02:10.883" endtime="20220711 15:02:10.894"/>
</kw>
<kw name="Log To Console" library="BuiltIn">
<arg>Response: ${response.content}</arg>
<doc>Logs the given message to the console.</doc>
<status status="PASS" starttime="20220711 15:02:10.894" endtime="20220711 15:02:10.895"/>
</kw>
<kw name="Set Global Variable" library="BuiltIn">
<arg>${response}</arg>
<doc>Makes a variable available globally in all tests and suites.</doc>
<msg timestamp="20220711 15:02:10.895" level="INFO">${response} = &lt;Response [200]&gt;</msg>
<status status="PASS" starttime="20220711 15:02:10.895" endtime="20220711 15:02:10.895"/>
</kw>
<status status="PASS" starttime="20220711 15:02:10.883" endtime="20220711 15:02:10.895"/>
</kw>
<kw name="Set Variable" library="BuiltIn">
<var>${token_auth}</var>
<arg>${response.json()["authorization"]}</arg>
<doc>Returns the given values which can then be assigned to a variables.</doc>
<msg timestamp="20220711 15:02:10.895" level="INFO">${token_auth} = Bearer eyJhbGciOiJIUzI1NiIsInR5cCI6IkpXVCJ9.eyJlbWFpbCI6IjY0MWplbm5pZmVyY3Jhd2ZvcmRAZXhhbXBsZS5jb20iLCJwYXNzd29yZCI6IjFMU1BrIiwiaWF0IjoxNjU3NTYyNTMwLCJleHAiOjE2NTc1NjMxMzB9.wArsFlHe6c7ydu75vt1U2XfYKNu...</msg>
<status status="PASS" starttime="20220711 15:02:10.895" endtime="20220711 15:02:10.895"/>
</kw>
<kw name="Set Global Variable" library="BuiltIn">
<arg>${token_auth}</arg>
<doc>Makes a variable available globally in all tests and suites.</doc>
<msg timestamp="20220711 15:02:10.896" level="INFO">${token_auth} = Bearer eyJhbGciOiJIUzI1NiIsInR5cCI6IkpXVCJ9.eyJlbWFpbCI6IjY0MWplbm5pZmVyY3Jhd2ZvcmRAZXhhbXBsZS5jb20iLCJwYXNzd29yZCI6IjFMU1BrIiwiaWF0IjoxNjU3NTYyNTMwLCJleHAiOjE2NTc1NjMxMzB9.wArsFlHe6c7ydu75vt1U2XfYKNu...</msg>
<status status="PASS" starttime="20220711 15:02:10.895" endtime="20220711 15:02:10.896"/>
</kw>
<status status="PASS" starttime="20220711 15:02:10.869" endtime="20220711 15:02:10.896"/>
</kw>
<kw name="Criar Carrinho Estatico &quot;carrinho_repetido&quot;" library="carrinhos_keywords" sourcename="Criar Carrinho Estatico &quot;${carrinho}&quot;">
<kw name="Importar Json Estatico" library="common">
<var>${json}</var>
<arg>json_carrinhos.json</arg>
<kw name="Get File" library="OperatingSystem">
<var>${arquivo}</var>
<arg>${EXECDIR}/support/fixtures/statics/${nome_arquivo}</arg>
<doc>Returns the contents of a specified file.</doc>
<msg timestamp="20220711 15:02:10.896" level="INFO" html="true">Getting file '&lt;a href="file://D:\Coisas\Estudos\Compass\Robot_framework\support\fixtures\statics\json_carrinhos.json"&gt;D:\Coisas\Estudos\Compass\Robot_framework\support\fixtures\statics\json_carrinhos.json&lt;/a&gt;'.</msg>
<msg timestamp="20220711 15:02:10.896" level="INFO">${arquivo} = {
  "carrinho_repetido":
  {
    "produtos": [
      {
        "idProduto": "0SdsdIXHzPKE5n3K",
        "quantidade": 5
      },
      {
        "idProduto": "0SdsdIXHzPKE5n3K",
        "quantidade": ...</msg>
<status status="PASS" starttime="20220711 15:02:10.896" endtime="20220711 15:02:10.896"/>
</kw>
<kw name="Evaluate" library="BuiltIn">
<var>${data}</var>
<arg>json.loads('''${arquivo}''')</arg>
<arg>json</arg>
<doc>Evaluates the given expression in Python and returns the result.</doc>
<msg timestamp="20220711 15:02:10.897" level="INFO">${data} = {'carrinho_repetido': {'produtos': [{'idProduto': '0SdsdIXHzPKE5n3K', 'quantidade': 5}, {'idProduto': '0SdsdIXHzPKE5n3K', 'quantidade': 1}, {'idProduto': 'AbPxTfheokX9IIWa', 'quantidade': 2}]}, 'carri...</msg>
<status status="PASS" starttime="20220711 15:02:10.896" endtime="20220711 15:02:10.897"/>
</kw>
[...]
            "preco": 1407,
            "descricao": "Pm oil change treat option toward.",
            "quantidade": 2257,
            "_id": "05iU3MrfCwkXin4r"
        },
        {
            "nome": "Top theory someone.",
            "preco": 435,
            "descricao": "True ground nearly early these.",
            "quantidade": 3416,
            "_id": "06FB0N5NCUTL9KhO"
        },
        {
            "nome": "Across music why.",
            "preco": 809,
            "descricao": "Especially six peace on. When majority and almost.",
            "quantidade": 2940,
            "_id": "06IvfzYOPOaATFUV"
        },
        {
            "nome": "Issue him test floor.",
            "preco": 25,
            "descricao": "Pick four address yeah.",
            "quantidade": 4173,
            "_id": "06fy4bGvJW6ZG6JK"
        },
        {
            "nome": "Religious explain firm.",
            "preco": 1058,
            "descricao": "Wait miss control allow simply. Few between young onto.",
            "quantidade": 4000,
            "_id": "0762DJpDDd8a3sCZ"
        },
        {
            "nome": "Late of another.",
            "preco": 1459,
            "descricao": "Professional day produce.",
            "quantidade": 2765,
            "_id": "07UKjldJQun5uqr7"
        },
        {
            "nome": "Environment close road.",
            "preco": 569,
            "descricao": "Budget spend purpose effort local.",
            "quantidade": 2686,
            "_id": "07l20YBbEDJflair"
        },
        {
            "nome": "Card west peace dark.",
            "preco": 1169,
            "descricao": "Painting stand about. Magazine century who.",
            "quantidade": 3922,
            "_id": "07ovUBJTllqCXccz"
        },
        {
            "nome": "Full might individual.",
            "preco": 1174,
            "descricao": "Drop around choose country.",
            "quantidade": 4057,
            "_id": "08eJoNrcbkiewi1C"
        },
        {
            "nome": "Discussion may truth.",
            "preco": 202,
            "descricao": "Expert head over serious pressure imagine.",
            "quantidade": 3159,
            "_id": "08thI3UiEmI3i5Ds"
        },
        {
            "nome": "Must home data culture.",
            "preco": 1062,
            "descricao": "Collection standard democratic without look dog.",
            "quantidade": 4631,
            "_id": "09Tl54t1WD4QPO2b"
        },
        {
            "nome": "Apply someone fly kind.",
            "preco": 1269,
            "descricao": "Believe social point. Attorney life eat assume.",
            "quantidade": 2792,
            "_id": "09j6RznB6rW7Qrut"
        },
        {
            "nome": "Name use dark rule.",
            "preco": 1120,
            "descricao": "Decision popular appear. Push buy call those woman.",
            "quantidade": 4025,
            "_id": "0A33Igqm5ChsCiSy"
        },
        {
            "nome": "Deal doctor image keep.",
            "preco": 1185,
            "descricao": "Never movie nor line in investment.",
            "quantidade": 4490,
            "_id": "0AmZnxxAEeITCLH4"
        },
        {
            "nome": "Claim find watch land.",
            "preco": 1242,
            "descricao": "Minute final without left million.",
            "quantidade": 2462,
            "_id": "0AqEO2vc7bVShhnx"
        },
        {
            "nome": "Fill six first game.",
            "preco": 891,
            "descricao": "Color stay lead national interview water feel.",
            "quantidade": 3540,
            "_id": "0AqfM2g6vG4POPdo"
        },
        {
            "nome": "Own assume field.",
            "preco": 806,
            "descricao": "Then time true six tax truth. Analysis ready at rate.",
            "quantidade": 2130,
            "_id": "0BjXrtoLa7eENeSI"
        },
        {
            "nome": "Sign thing only.",
            "preco": 1206,
            "descricao": "Send term government course travel easy.",
            "quantidade": 2243,
            "_id": "0C6fwFzuBG3IyL9C"
        },
        {
            "nome": "Sing truth social bank.",
            "preco": 1260,
            "descricao": "Management think upon himself color or send.",
            "quantidade": 3294,
            "_id": "0C9t39GkxIAdoTf9"
        },
        {
            "nome": "Own whether admit past.",
            "preco": 260,
            "descricao": "Big remember dark science course paper.",
            "quantidade": 2487,
            "_id": "0CNWD2sT2vvEVJNE"
        },
        {
            "nome": "Network stand idea.",
            "preco": 159,
            "descricao": "Note single when defense me indeed professional pattern.",
            "quantidade": 4296,
            "_id": "0DHnRkG8lWz6O4qm"
        },
        {
            "nome": "Yard child student less.",
            "preco": 188,
            "descricao": "Use among so be.",
            "quantidade": 3747,
            "_id": "0DmLopZcgCwTsD4g"
        },
        {
            "nome": "Help suddenly speech.",
            "preco": 89,
            "descricao": "Catch service simply reflect thing newspaper reach.",
            "quantidade": 2435,
            "_id": "0DxtMy8uVNmHWYn0"
        },
        {
            "nome": "It source old.",
            "preco": 1146,
            "descricao": "Last spend speak news. If station before.",
            "quantidade": 2868,
            "_id": "0EJMdeQ5mCcI5Isl"
        },
        {
            "nome": "Gun issue value little.",
            "preco": 820,
            "descricao": "Herself true source television bank series.",
            "quantidade": 3305,
            ... (set the log level to DEBUG or TRACE to see the full content) 
 </msg>
<msg timestamp="20220711 15:02:12.542" level="INFO">${response} = &lt;Response [200]&gt;</msg>
<status status="PASS" starttime="20220711 15:02:12.502" endtime="20220711 15:02:12.542"/>
</kw>
<kw name="Evaluate" library="BuiltIn">
<var>${numbers}</var>
<arg>random.sample(range(0, ${response.json()["quantidade"]}),1)</arg>
<arg>random</arg>
<doc>Evaluates the given expression in Python and returns the result.</doc>
<msg timestamp="20220711 15:02:12.553" level="INFO">${numbers} = [8100]</msg>
<status status="PASS" starttime="20220711 15:02:12.542" endtime="20220711 15:02:12.553"/>
</kw>
<kw name="Set Variable" library="BuiltIn">
<var>${id}</var>
<arg>${response.json()["produtos"][${numbers}[0]]["_id"]}</arg>
<doc>Returns the given values which can then be assigned to a variables.</doc>
<msg timestamp="20220711 15:02:12.563" level="INFO">${id} = XfZ201DDgeIvyGRh</msg>
<status status="PASS" starttime="20220711 15:02:12.553" endtime="20220711 15:02:12.563"/>
</kw>
<kw name="Random Int" library="FakerLibrary">
<var>${quantidade}</var>
<arg>min=2</arg>
<arg>max=4</arg>
<doc>Generate a random integer between two integers ``min`` and ``max`` inclusive
while observing the provided ``step`` value.</doc>
<msg timestamp="20220711 15:02:12.564" level="INFO">${quantidade} = 4</msg>
<status status="PASS" starttime="20220711 15:02:12.564" endtime="20220711 15:02:12.564"/>
</kw>
<kw name="Create Dictionary" library="BuiltIn">
<var>${pedido}</var>
<arg>idProduto=${id}</arg>
<arg>quantidade=${quantidade}</arg>
<doc>Creates and returns a dictionary based on the given ``items``.</doc>
<msg timestamp="20220711 15:02:12.564" level="INFO">${pedido} = {'idProduto': 'XfZ201DDgeIvyGRh', 'quantidade': 4}</msg>
<status status="PASS" starttime="20220711 15:02:12.564" endtime="20220711 15:02:12.564"/>
</kw>
<kw name="Append To List" library="Collections">
<arg>${lista}</arg>
<arg>${pedido}</arg>
<doc>Adds ``values`` to the end of ``list``.</doc>
<status status="PASS" starttime="20220711 15:02:12.564" endtime="20220711 15:02:12.564"/>
</kw>
<status status="PASS" starttime="20220711 15:02:12.502" endtime="20220711 15:02:12.564"/>
</iter>
<status status="PASS" starttime="20220711 15:02:12.307" endtime="20220711 15:02:12.564"/>
</for>
<kw name="Create Dictionary" library="BuiltIn">
<var>${payload}</var>
<arg>produtos=${lista}</arg>
<doc>Creates and returns a dictionary based on the given ``items``.</doc>
<msg timestamp="20220711 15:02:12.564" level="INFO">${payload} = {'produtos': [{'idProduto': '724SzElrMZbYueeE', 'quantidade': 3}, {'idProduto': 'IrpWKYvHKzILLPAA', 'quantidade': 2}, {'idProduto': '5wNFcUxl1q77dQj2', 'quantidade': 3}, {'idProduto': 'XfZ201DDgeIvyGR...</msg>
<status status="PASS" starttime="20220711 15:02:12.564" endtime="20220711 15:02:12.564"/>
</kw>
<kw name="Set Global Variable" library="BuiltIn">
<arg>${payload}</arg>
<doc>Makes a variable available globally in all tests and suites.</doc>
<msg timestamp="20220711 15:02:12.565" level="INFO">${payload} = {'produtos': [{'idProduto': '724SzElrMZbYueeE', 'quantidade': 3}, {'idProduto': 'IrpWKYvHKzILLPAA', 'quantidade': 2}, {'idProduto': '5wNFcUxl1q77dQj2', 'quantidade': 3}, {'idProduto': 'XfZ201DDgeIvyGR...</msg>
<status status="PASS" starttime="20220711 15:02:12.564" endtime="20220711 15:02:12.565"/>
</kw>
<status status="PASS" starttime="20220711 15:02:12.307" endtime="20220711 15:02:12.565"/>
</kw>
<kw name="POST Endpoint /carrinhos" library="carrinhos_keywords">
<kw name="Create Dictionary" library="BuiltIn">
<var>&amp;{header}</var>
<arg>Authorization=${token_auth}</arg>
<doc>Creates and returns a dictionary based on the given ``items``.</doc>
<msg timestamp="20220711 15:02:12.565" level="INFO">&amp;{header} = { Authorization=Bearer eyJhbGciOiJIUzI1NiIsInR5cCI6IkpXVCJ9.eyJlbWFpbCI6Ijc0N2Vkd2FyZDA4QGV4YW1wbGUuY29tIiwicGFzc3dvcmQiOiJYNEI2aSIsImlhdCI6MTY1NzU2MjUzMiwiZXhwIjoxNjU3NTYzMTMyfQ.PnAFFcezjYQB3P0Myd2JY...</msg>
<status status="PASS" starttime="20220711 15:02:12.565" endtime="20220711 15:02:12.565"/>
</kw>
<kw name="Set To Dictionary" library="Collections">
<arg>${header}</arg>
<arg>Content-Type=application/json</arg>
<doc>Adds the given ``key_value_pairs`` and ``items`` to the ``dictionary``.</doc>
<status status="PASS" starttime="20220711 15:02:12.565" endtime="20220711 15:02:12.566"/>
</kw>
<kw name="Evaluate" library="BuiltIn">
<var>${payload}</var>
<arg>json.dumps(${payload})</arg>
<arg>json</arg>
<doc>Evaluates the given expression in Python and returns the result.</doc>
<msg timestamp="20220711 15:02:12.566" level="INFO">${payload} = {"produtos": [{"idProduto": "724SzElrMZbYueeE", "quantidade": 3}, {"idProduto": "IrpWKYvHKzILLPAA", "quantidade": 2}, {"idProduto": "5wNFcUxl1q77dQj2", "quantidade": 3}, {"idProduto": "XfZ201DDgeIvyGR...</msg>
<status status="PASS" starttime="20220711 15:02:12.566" endtime="20220711 15:02:12.566"/>
</kw>
<kw name="Log To Console" library="BuiltIn">
<arg>${payload}</arg>
<doc>Logs the given message to the console.</doc>
<status status="PASS" starttime="20220711 15:02:12.566" endtime="20220711 15:02:12.566"/>
</kw>
<kw name="POST On Session" library="RequestsLibrary">
<var>${response}</var>
<arg>serverest</arg>
<arg>/carrinhos</arg>
<arg>data=${payload}</arg>
<arg>headers=${header}</arg>
<arg>expected_status=any</arg>
<doc>Sends a POST request on a previously created HTTP Session.</doc>
<msg timestamp="20220711 15:02:12.584" level="INFO">POST Request : url=http://localhost:3000/carrinhos 
 path_url=/carrinhos 
 headers={'User-Agent': 'python-requests/2.28.0', 'Accept-Encoding': 'gzip, deflate', 'Accept': '*/*', 'Connection': 'keep-alive', 'Authorization': 'Bearer eyJhbGciOiJIUzI1NiIsInR5cCI6IkpXVCJ9.eyJlbWFpbCI6Ijc0N2Vkd2FyZDA4QGV4YW1wbGUuY29tIiwicGFzc3dvcmQiOiJYNEI2aSIsImlhdCI6MTY1NzU2MjUzMiwiZXhwIjoxNjU3NTYzMTMyfQ.PnAFFcezjYQB3P0Myd2JY_TwEd9a7-_jz4fud0r8mkQ', 'Content-Type': 'application/json', 'Content-Length': '222'} 
 body={"produtos": [{"idProduto": "724SzElrMZbYueeE", "quantidade": 3}, {"idProduto": "IrpWKYvHKzILLPAA", "quantidade": 2}, {"idProduto": "5wNFcUxl1q77dQj2", "quantidade": 3}, {"idProduto": "XfZ201DDgeIvyGRh", "quantidade": 4}]} 
 </msg>
<msg timestamp="20220711 15:02:12.584" level="INFO">POST Response : url=http://localhost:3000/carrinhos 
 status=201, reason=Created 
 headers={'Access-Control-Allow-Origin': '*', 'x-dns-prefetch-control': 'off', 'x-frame-options': 'SAMEORIGIN', 'strict-transport-security': 'max-age=15552000; includeSubDomains', 'x-download-options': 'noopen', 'x-content-type-options': 'nosniff', 'x-xss-protection': '1; mode=block', 'x-moesif-transaction-id': '94d7621c-ed15-4b75-9fc8-f89d9c7b8efb', 'Content-Type': 'application/json; charset=utf-8', 'Content-Length': '82', 'Date': 'Mon, 11 Jul 2022 18:02:12 GMT', 'Connection': 'keep-alive', 'Keep-Alive': 'timeout=5'} 
 body={
    "message": "Cadastro realizado com sucesso",
    "_id": "CBWAdUJtdIzjqa8t"
} 
 </msg>
<msg timestamp="20220711 15:02:12.584" level="INFO">${response} = &lt;Response [201]&gt;</msg>
<status status="PASS" starttime="20220711 15:02:12.566" endtime="20220711 15:02:12.584"/>
</kw>
<kw name="Log To Console" library="BuiltIn">
<arg>Response: ${response.content}</arg>
<doc>Logs the given message to the console.</doc>
<status status="PASS" starttime="20220711 15:02:12.584" endtime="20220711 15:02:12.585"/>
</kw>
<kw name="Set Global Variable" library="BuiltIn">
<arg>${response}</arg>
<doc>Makes a variable available globally in all tests and suites.</doc>
<msg timestamp="20220711 15:02:12.585" level="INFO">${response} = &lt;Response [201]&gt;</msg>
<status status="PASS" starttime="20220711 15:02:12.585" endtime="20220711 15:02:12.585"/>
</kw>
<status status="PASS" starttime="20220711 15:02:12.565" endtime="20220711 15:02:12.585"/>
</kw>
<kw name="Definir Token Invalido &quot;2c03r2nvt02hhhfwo&quot;" library="common" sourcename="Definir Token Invalido &quot;${token_auth}&quot;">
<kw name="Set Global Variable" library="BuiltIn">
<arg>${token_auth}</arg>
<doc>Makes a variable available globally in all tests and suites.</doc>
<msg timestamp="20220711 15:02:12.586" level="INFO">${token_auth} = 2c03r2nvt02hhhfwo</msg>
<status status="PASS" starttime="20220711 15:02:12.586" endtime="20220711 15:02:12.586"/>
</kw>
<kw name="Log To Console" library="BuiltIn">
<arg>Token Inválido: ${token_auth}</arg>
<doc>Logs the given message to the console.</doc>
<status status="PASS" starttime="20220711 15:02:12.586" endtime="20220711 15:02:12.587"/>
</kw>
<status status="PASS" starttime="20220711 15:02:12.586" endtime="20220711 15:02:12.587"/>
</kw>
<kw name="DELETE Endpoint /carrinhos Cancelar Compra" library="carrinhos_keywords">
<kw name="Create Dictionary" library="BuiltIn">
<var>&amp;{header}</var>
<arg>Authorization=${token_auth}</arg>
<doc>Creates and returns a dictionary based on the given ``items``.</doc>
<msg timestamp="20220711 15:02:12.587" level="INFO">&amp;{header} = { Authorization=2c03r2nvt02hhhfwo }</msg>
<status status="PASS" starttime="20220711 15:02:12.587" endtime="20220711 15:02:12.587"/>
</kw>
<kw name="DELETE On Session" library="RequestsLibrary">
<var>${response}</var>
<arg>serverest</arg>
<arg>/carrinhos/cancelar-compra</arg>
<arg>headers=${header}</arg>
<arg>expected_status=any</arg>
<doc>Sends a DELETE request on a previously created HTTP Session.</doc>
<msg timestamp="20220711 15:02:12.588" level="INFO">DELETE Request : url=http://localhost:3000/carrinhos/cancelar-compra 
 path_url=/carrinhos/cancelar-compra 
 headers={'User-Agent': 'python-requests/2.28.0', 'Accept-Encoding': 'gzip, deflate', 'Accept': '*/*', 'Connection': 'keep-alive', 'Authorization': '2c03r2nvt02hhhfwo', 'Content-Length': '0'} 
 body=None 
 </msg>
<msg timestamp="20220711 15:02:12.588" level="INFO">DELETE Response : url=http://localhost:3000/carrinhos/cancelar-compra 
 status=401, reason=Unauthorized 
 headers={'Access-Control-Allow-Origin': '*', 'x-dns-prefetch-control': 'off', 'x-frame-options': 'SAMEORIGIN', 'strict-transport-security': 'max-age=15552000; includeSubDomains', 'x-download-options': 'noopen', 'x-content-type-options': 'nosniff', 'x-xss-protection': '1; mode=block', 'x-moesif-transaction-id': '66b17497-2796-4943-be6f-eef1a27e1a50', 'Content-Type': 'application/json; charset=utf-8', 'Content-Length': '103', 'Date': 'Mon, 11 Jul 2022 18:02:12 GMT', 'Connection': 'keep-alive', 'Keep-Alive': 'timeout=5'} 
 body={
    "message": "Token de acesso ausente, inválido, expirado ou usuário do token não existe mais"
} 
 </msg>
<msg timestamp="20220711 15:02:12.589" level="INFO">${response} = &lt;Response [401]&gt;</msg>
<status status="PASS" starttime="20220711 15:02:12.587" endtime="20220711 15:02:12.589"/>
</kw>
<kw name="Set Global Variable" library="BuiltIn">
<arg>${response}</arg>
<doc>Makes a variable available globally in all tests and suites.</doc>
<msg timestamp="20220711 15:02:12.589" level="INFO">${response} = &lt;Response [401]&gt;</msg>
<status status="PASS" starttime="20220711 15:02:12.589" endtime="20220711 15:02:12.589"/>
</kw>
<kw name="Log To Console" library="BuiltIn">
<arg>Response: ${response.content}</arg>
<doc>Logs the given message to the console.</doc>
<status status="PASS" starttime="20220711 15:02:12.589" endtime="20220711 15:02:12.589"/>
</kw>
<status status="PASS" starttime="20220711 15:02:12.587" endtime="20220711 15:02:12.589"/>
</kw>
<kw name="Validar Status Code &quot;401&quot;" library="common" sourcename="Validar Status Code &quot;${statuscode}&quot;">
<kw name="Should Be True" library="BuiltIn">
<arg>${response.status_code} == ${statuscode}</arg>
<doc>Fails if the given condition is not true.</doc>
<status status="PASS" starttime="20220711 15:02:12.590" endtime="20220711 15:02:12.590"/>
</kw>
<status status="PASS" starttime="20220711 15:02:12.589" endtime="20220711 15:02:12.590"/>
</kw>
<kw name="Validar Se &quot;message&quot; Contem &quot;Token de acesso ausente, inválido, expirado ou usuário do token não existe mais&quot;" library="common" sourcename="Validar Se &quot;${chave}&quot; Contem &quot;${texto}&quot;">
<kw name="Should Contain" library="BuiltIn">
<arg>${response.json()["${chave}"]}</arg>
<arg>${texto}</arg>
<doc>Fails if ``container`` does not contain ``item`` one or more times.</doc>
<status status="PASS" starttime="20220711 15:02:12.590" endtime="20220711 15:02:12.591"/>
</kw>
<status status="PASS" starttime="20220711 15:02:12.590" endtime="20220711 15:02:12.591"/>
</kw>
<tag>DELETE</tag>
<tag>DELETE_cancelar_token_invalido</tag>
<status status="PASS" starttime="20220711 15:02:12.281" endtime="20220711 15:02:12.591"/>
</test>
<doc>Arquivo de Testes para o endpoint /carrinhos</doc>
<status status="PASS" starttime="20220711 15:02:10.369" endtime="20220711 15:02:12.592"/>
</suite>
<statistics>
<total>
<stat pass="17" fail="0" skip="0">All Tests</stat>
</total>
<tag>
<stat pass="6" fail="0" skip="0">DELETE</stat>
<stat pass="1" fail="0" skip="0">DELETE_cancelar_compra</stat>
<stat pass="1" fail="0" skip="0">DELETE_cancelar_sem_carrinho</stat>
<stat pass="1" fail="0" skip="0">DELETE_cancelar_token_invalido</stat>
<stat pass="1" fail="0" skip="0">DELETE_concluir_compra</stat>
<stat pass="1" fail="0" skip="0">DELETE_excluir_sem_carrinho</stat>
<stat pass="1" fail="0" skip="0">DELETE_token_invalido</stat>
<stat pass="3" fail="0" skip="0">GET</stat>
<stat pass="1" fail="0" skip="0">GET_carrinho_id</stat>
<stat pass="1" fail="0" skip="0">GET_carrinho_id_invalido</stat>
<stat pass="1" fail="0" skip="0">GET_carrinhos</stat>
<stat pass="8" fail="0" skip="0">POST</stat>
<stat pass="1" fail="0" skip="0">POST_carrinho_dinamico</stat>
<stat pass="1" fail="0" skip="0">POST_carrinho_produto_insuficiente</stat>
<stat pass="1" fail="0" skip="0">POST_carrinho_produto_invalido</stat>
<stat pass="1" fail="0" skip="0">POST_carrinho_quantidade_zero</stat>
<stat pass="1" fail="0" skip="0">POST_carrinho_sem_id</stat>
<stat pass="1" fail="0" skip="0">POST_carrinho_token_invalido</stat>
<stat pass="1" fail="0" skip="0">POST_dois_carrinhos</stat>
<stat pass="1" fail="0" skip="0">POST_produto_repetido</stat>
</tag>
<suite>
<stat pass="17" fail="0" skip="0" id="s1" name="Carrinhos Tests">Carrinhos Tests</stat>
</suite>
</statistics>
<errors>
</errors>
</robot>
