<?xml version="1.0" encoding="UTF-8"?>
<robot generator="Robot 5.0.1 (Python 3.10.5 on win32)" generated="20220706 17:19:02.883" rpa="false" schemaversion="3">
<suite id="s1" name="Usuarios Tests" source="D:\Coisas\Estudos\Compass\Robot_framework\tests\usuarios_tests.robot">
<kw name="Criar Sessao" library="common" type="SETUP">
<kw name="Create Session" library="RequestsLibrary">
<arg>serverest</arg>
<arg>${BASE_URL}</arg>
<doc>Create Session: create a HTTP session to a server</doc>
<msg timestamp="20220706 17:19:03.203" level="INFO">Creating Session using : alias=serverest, url=http://localhost:3000, headers={},                     cookies={}, auth=None, timeout=None, proxies=None, verify=False,                     debug=0 </msg>
<status status="PASS" starttime="20220706 17:19:03.203" endtime="20220706 17:19:03.204"/>
</kw>
<status status="PASS" starttime="20220706 17:19:03.203" endtime="20220706 17:19:03.204"/>
</kw>
<test id="s1-t1" name="Cenário: GET Todos os Usuarios 200" line="12">
<kw name="GET Endpoint /usuarios" library="usuarios_keywords">
<kw name="GET On Session" library="RequestsLibrary">
<var>${response}</var>
<arg>serverest</arg>
<arg>/usuarios</arg>
<doc>Sends a GET request on a previously created HTTP Session.</doc>
<msg timestamp="20220706 17:19:03.211" level="INFO">GET Request : url=http://localhost:3000/usuarios 
 path_url=/usuarios 
 headers={'User-Agent': 'python-requests/2.28.0', 'Accept-Encoding': 'gzip, deflate', 'Accept': '*/*', 'Connection': 'keep-alive'} 
 body=None 
 </msg>
<msg timestamp="20220706 17:19:03.211" level="INFO">GET Response : url=http://localhost:3000/usuarios 
 status=200, reason=OK 
 headers={'Access-Control-Allow-Origin': '*', 'x-dns-prefetch-control': 'off', 'x-frame-options': 'SAMEORIGIN', 'strict-transport-security': 'max-age=15552000; includeSubDomains', 'x-download-options': 'noopen', 'x-content-type-options': 'nosniff', 'x-xss-protection': '1; mode=block', 'x-moesif-transaction-id': '06bf9ad6-c288-45df-9560-4533d9e01a1f', 'Content-Type': 'application/json; charset=utf-8', 'Content-Length': '12055', 'Date': 'Wed, 06 Jul 2022 20:19:03 GMT', 'Connection': 'keep-alive', 'Keep-Alive': 'timeout=5'} 
 body={
    "quantidade": 57,
    "usuarios": [
        {
            "nome": "Fulano da Silva",
            "email": "fulano@qa.com",
            "password": "teste",
            "administrador": "true",
            "_id": "0uxuPY0cbmQhpEz1"
        },
        {
            "nome": "Garrett Hoffman",
            "email": "heathernavarro@example.com",
            "password": "teste",
            "administrador": "true",
            "_id": "1YrNUFg67NujFkVr"
        },
        {
            "nome": "Bryan Aguilar",
            "email": "conleylori@example.org",
            "password": "&amp;9UPr",
            "administrador": "false",
            "_id": "1huYkTw4pgrTDcTJ"
        },
        {
            "nome": "Patricia Soto",
            "email": "vleon@example.net",
            "password": "teste",
            "administrador": "true",
            "_id": "34eyYGCPDeNwRVDH"
        },
        {
            "nome": "Meghan Orr",
            "email": "nkirk@example.org",
            "password": "teste",
            "administrador": "true",
            "_id": "3MvOuzoe5HcVvtZx"
        },
        {
            "nome": "Edwin Whitney",
            "email": "dmorales@example.net",
            "password": "teste",
            "administrador": "true",
            "_id": "3hiiroduALppqme6"
        },
        {
            "nome": "Jared Davis",
            "email": "david14@example.com",
            "password": "$1Bnn",
            "administrador": "true",
            "_id": "3oMwhgFYVzS2Tnai"
        },
        {
            "nome": "Ashley Garcia",
            "email": "tsanchez@example.net",
            "password": "teste",
            "administrador": "true",
            "_id": "4yVtXcE9HAuM81XK"
        },
        {
            "nome": "Patrick Krause",
            "email": "hgreen@example.org",
            "password": "teste",
            "administrador": "true",
            "_id": "6Viv3szSTs2E414T"
        },
        {
            "nome": "Fred Silva",
            "email": "rmills@example.com",
            "password": "teste",
            "administrador": "true",
            "_id": "6uTlIEDTY4tPG2NY"
        },
        {
            "nome": "Lisa Washington",
            "email": "ryan46@example.net",
            "password": "teste",
            "administrador": "true",
            "_id": "9ac1FG3y6V0zAxJe"
        },
        {
            "nome": "Davi luis",
            "email": "daviluis3@qa.com.br",
            "password": "teste123",
            "administrador": "true",
            "_id": "C8AvqUuxdkRE4l7K"
        },
        {
            "nome": "Jacob Turner",
            "email": "linda22@example.org",
            "password": "teste",
            "administrador": "true",
            "_id": "Dfb0wpiOiYE3OFiE"
        },
        {
            "nome": "Mary Patton",
            "email": "william71@example.net",
            "password": "teste",
            "administrador": "true",
            "_id": "EbFcSTgftrJy1uba"
        },
        {
            "nome": "William Stokes",
            "email": "smithkara@example.org",
            "password": "&amp;0WmY",
            "administrador": "true",
            "_id": "FrJGBoSo7Wn0Lpdu"
        },
        {
            "nome": "James Hernandez",
            "email": "jonesbrenda@example.com",
            "password": "(3Ibm",
            "administrador": "true",
            "_id": "GwfZ75MYS8RuIoNe"
        },
        {
            "nome": "Kelly Walker",
            "email": "gordondennis@example.com",
            "password": "teste",
            "administrador": "true",
            "_id": "IZwqoy15uk1nRURw"
        },
        {
            "nome": "Deborah Smith",
            "email": "wsimpson@example.net",
            "password": "+84St",
            "administrador": "true",
            "_id": "JAIfQc9Y7jdd1VOj"
        },
        {
            "nome": "Neymaru",
            "email": "fulano@qa.com.br",
            "password": "+2Ce8",
            "administrador": "true",
            "_id": "JJAwZmD0BGmmOavI"
        },
        {
            "nome": "Cazé",
            "email": "timothy39@example.net",
            "password": "+1AiH",
            "administrador": "true",
            "_id": "LBNTveEpMboFxKLp"
        },
        {
            "nome": "Sophia",
            "email": "Sophia_@qa.com",
            "password": "teste",
            "administrador": "false",
            "_id": "MypbABXqyjIiWamv"
        },
        {
            "nome": "William Carey",
            "email": "smithlisa@example.com",
            "password": "d^4Xm",
            "administrador": "true",
            "_id": "OdJ5yswAKeDh0RvI"
        },
        {
            "nome": "Bryan Larson",
            "email": "agilbert@example.org",
            "password": "$F3Tz",
            "administrador": "true",
            "_id": "PPw4iR5jZnVlE8UD"
        },
        {
            "nome": "Randall Meza",
            "email": "wwilliams@example.com",
            "password": "teste",
            "administrador": "false",
            "_id": "Qib9oETBywJ1LWNS"
        },
        {
            "nome": "Cody Adams",
            "email": "tbaker@example.net",
            "password": "teste",
            "administrador": "true",
            "_id": "RPUBl1zNkQBwYilz"
        },
        {
            "nome": "Brett Lewis",
            "email": "hamptondarryl@example.com",
            "password": "teste",
            "administrador": "true",
            "_id": "RfCSZupicTZLyPHv"
        },
        {
            "nome": "Jennifer Williams",
            "email": "probinson@example.org",
            "password": "*3Yfl",
            "administrador": "true",
            "_id": "TI7ypbgonQUp5Ki9"
        },
        {
            "nome": "John Gregory",
            "email": "zsmith@example.net",
            "password": "teste",
            "administrador": "true",
            "_id": "TqmKjbcOPAxIk2TX"
        },
        {
            "nome": "Nicholas Singleton",
            "email": "gilmorelisa@example.org",
            "password": "teste",
            "administrador": "true",
            "_id": "Tz7VCr34EdGeTrMl"
        },
        {
            "nome": "Ryan Nelson",
            "email": "armstrongrita@example.org",
            "password": "teste",
            "administrador": "true",
            "_id": "ViliyyDZ5Wb5DUqI"
        },
        {
            "nome": "Charles Miles",
            "email": "julie74@example.net",
            "password": "teste",
            "administrador": "true",
            "_id": "YQaC6QQN3u5EkHiJ"
        },
        {
            "nome": "Wendy Ponce",
            "email": "xelliott@example.com",
            "password": "!F6Dm",
            "administrador": "true",
            "_id": "Z3ONAABtVcA6CUKX"
        },
        {
            "nome": "Ronaldinho Gaucho",
            "email": "ronaldinh9@qa.com.br",
            "password": "teste123",
            "administrador": "true",
            "_id": "ZBvcyIXYSEKQq9f9"
        },
        {
            "nome": "Jesus Butler",
            "email": "roysmith@example.com",
            "password": ")5B9u",
            "administrador": "true",
            "_id": "aI3a0u0wTf9S82Rt"
        },
        {
            "nome": "Danielle Frank",
            "email": "bryan90@example.org",
            "password": "%9Ija",
            "administrador": "true",
            "_id": "cH9igOkRlSKajqik"
        },
        {
            "nome": "Miss Michelle Villarreal",
            "email": "margaretkelly@example.com",
            "password": "N*0Ae",
            "administrador": "true",
            "_id": "d15FCfFp3a6ssvFn"
        },
        {
            "nome": "Joseph Ryan",
            "email": "roger38@example.org",
            "password": "$3NlS",
            "administrador": "true",
            "_id": "dKX9A9YWjknh6GBX"
        },
        {
            "nome": "Brittany Lara",
            "email": "stevensstephanie@example.com",
            "password": "teste",
            "administrador": "true",
            "_id": "fLnW3WziOY4hT6y4"
        },
        {
            "nome": "Kristen Holder",
            "email": "jlee@example.com",
            "password": "#5JoO",
            "administrador": "true",
            "_id": "hDSbtXkhlLtTcEgF"
        },
        {
            "nome": "James Davis",
            "email": "sdaniel@example.net",
            "password": "teste",
            "administrador": "true",
            "_id": "hUz4jiSuQYWUy1GS"
        },
        {
            "nome": "Robert Collins",
            "email": "walshryan@example.net",
            "password": "teste",
            "administrador": "true",
            "_id": "lvfhDVcRgVBVBEfz"
        },
        {
            "nome": "Richard Gomes",
            "email": "richard_@qa.com",
            "password": "teste123",
            "administrador": "true",
            "_id": "m42DKtadITK7v6Kb"
        },
        {
            "nome": "Sophia Light",
            "email": "Sophia123@qa.com.br",
            "password": "(e1Ww",
            "administrador": "false",
            "_id": "mIHZzFvClk19pLM7"
        },
        {
            "nome": "Chris Aguirre",
            "email": "joycehill@example.com",
            "password": "teste",
            "administrador": "false",
            "_id": "nefiiMwOLD3kT24D"
        },
        {
            "nome": "Kenneth Smith",
            "email": "toddjones@example.com",
            "password": "+0Pll",
            "administrador": "true",
            "_id": "oCwRwCVrDfLFbt7M"
        },
        {
            "nome": "Amy Rivera",
            "email": "james22@example.org",
            "password": "teste",
            "administrador": "true",
            "_id": "qWR0ri4oJCzJeTCo"
        },
        {
            "nome": "Frank Castillo",
            "email": "jenniferacosta@example.net",
            "password": "teste",
            "administrador": "true",
            "_id": "qylyHe0C2NcnPESA"
        },
        {
            "nome": "Rulque Grand... (set the log level to DEBUG or TRACE to see the full content) 
 </msg>
<msg timestamp="20220706 17:19:03.211" level="INFO">${response} = &lt;Response [200]&gt;</msg>
<status status="PASS" starttime="20220706 17:19:03.204" endtime="20220706 17:19:03.211"/>
</kw>
<kw name="Set Global Variable" library="BuiltIn">
<arg>${response}</arg>
<doc>Makes a variable available globally in all tests and suites.</doc>
<msg timestamp="20220706 17:19:03.212" level="INFO">${response} = &lt;Response [200]&gt;</msg>
<status status="PASS" starttime="20220706 17:19:03.212" endtime="20220706 17:19:03.212"/>
</kw>
<kw name="Log To Console" library="BuiltIn">
<arg>Response: ${response.content}</arg>
<doc>Logs the given message to the console.</doc>
<status status="PASS" starttime="20220706 17:19:03.212" endtime="20220706 17:19:03.214"/>
</kw>
<kw name="Log To Console" library="BuiltIn">
<arg>Quantidade: ${response.json()["quantidade"]}</arg>
<doc>Logs the given message to the console.</doc>
<status status="PASS" starttime="20220706 17:19:03.214" endtime="20220706 17:19:03.215"/>
</kw>
<status status="PASS" starttime="20220706 17:19:03.204" endtime="20220706 17:19:03.215"/>
</kw>
<kw name="Validar Status Code &quot;200&quot;" library="common" sourcename="Validar Status Code &quot;${statuscode}&quot;">
<kw name="Should Be True" library="BuiltIn">
<arg>${response.status_code} == ${statuscode}</arg>
<doc>Fails if the given condition is not true.</doc>
<status status="PASS" starttime="20220706 17:19:03.216" endtime="20220706 17:19:03.216"/>
</kw>
<status status="PASS" starttime="20220706 17:19:03.216" endtime="20220706 17:19:03.216"/>
</kw>
<tag>GET</tag>
<tag>GET_usuarios</tag>
<status status="PASS" starttime="20220706 17:19:03.204" endtime="20220706 17:19:03.217"/>
</test>
<test id="s1-t2" name="Cenário: GET Usuarios Por ID 200" line="17">
<kw name="Coletar ID Usuario Aleatorio" library="usuarios_keywords">
<kw name="GET On Session" library="RequestsLibrary">
<var>${response}</var>
<arg>serverest</arg>
<arg>/usuarios</arg>
<doc>Sends a GET request on a previously created HTTP Session.</doc>
<msg timestamp="20220706 17:19:03.225" level="INFO">GET Request : url=http://localhost:3000/usuarios 
 path_url=/usuarios 
 headers={'User-Agent': 'python-requests/2.28.0', 'Accept-Encoding': 'gzip, deflate', 'Accept': '*/*', 'Connection': 'keep-alive'} 
 body=None 
 </msg>
<msg timestamp="20220706 17:19:03.225" level="INFO">GET Response : url=http://localhost:3000/usuarios 
 status=200, reason=OK 
 headers={'Access-Control-Allow-Origin': '*', 'x-dns-prefetch-control': 'off', 'x-frame-options': 'SAMEORIGIN', 'strict-transport-security': 'max-age=15552000; includeSubDomains', 'x-download-options': 'noopen', 'x-content-type-options': 'nosniff', 'x-xss-protection': '1; mode=block', 'x-moesif-transaction-id': 'e091c20f-d600-4929-af30-048ec919c59a', 'Content-Type': 'application/json; charset=utf-8', 'Content-Length': '12055', 'Date': 'Wed, 06 Jul 2022 20:19:03 GMT', 'Connection': 'keep-alive', 'Keep-Alive': 'timeout=5'} 
 body={
    "quantidade": 57,
    "usuarios": [
        {
            "nome": "Fulano da Silva",
            "email": "fulano@qa.com",
            "password": "teste",
            "administrador": "true",
            "_id": "0uxuPY0cbmQhpEz1"
        },
        {
            "nome": "Garrett Hoffman",
            "email": "heathernavarro@example.com",
            "password": "teste",
            "administrador": "true",
            "_id": "1YrNUFg67NujFkVr"
        },
        {
            "nome": "Bryan Aguilar",
            "email": "conleylori@example.org",
            "password": "&amp;9UPr",
            "administrador": "false",
            "_id": "1huYkTw4pgrTDcTJ"
        },
        {
            "nome": "Patricia Soto",
            "email": "vleon@example.net",
            "password": "teste",
            "administrador": "true",
            "_id": "34eyYGCPDeNwRVDH"
        },
        {
            "nome": "Meghan Orr",
            "email": "nkirk@example.org",
            "password": "teste",
            "administrador": "true",
            "_id": "3MvOuzoe5HcVvtZx"
        },
        {
            "nome": "Edwin Whitney",
            "email": "dmorales@example.net",
            "password": "teste",
            "administrador": "true",
            "_id": "3hiiroduALppqme6"
        },
        {
            "nome": "Jared Davis",
            "email": "david14@example.com",
            "password": "$1Bnn",
            "administrador": "true",
            "_id": "3oMwhgFYVzS2Tnai"
        },
        {
            "nome": "Ashley Garcia",
            "email": "tsanchez@example.net",
            "password": "teste",
            "administrador": "true",
            "_id": "4yVtXcE9HAuM81XK"
        },
        {
            "nome": "Patrick Krause",
            "email": "hgreen@example.org",
            "password": "teste",
            "administrador": "true",
            "_id": "6Viv3szSTs2E414T"
        },
        {
            "nome": "Fred Silva",
            "email": "rmills@example.com",
            "password": "teste",
            "administrador": "true",
            "_id": "6uTlIEDTY4tPG2NY"
        },
        {
            "nome": "Lisa Washington",
            "email": "ryan46@example.net",
            "password": "teste",
            "administrador": "true",
            "_id": "9ac1FG3y6V0zAxJe"
        },
        {
            "nome": "Davi luis",
            "email": "daviluis3@qa.com.br",
            "password": "teste123",
            "administrador": "true",
            "_id": "C8AvqUuxdkRE4l7K"
        },
        {
            "nome": "Jacob Turner",
            "email": "linda22@example.org",
            "password": "teste",
            "administrador": "true",
            "_id": "Dfb0wpiOiYE3OFiE"
        },
        {
            "nome": "Mary Patton",
            "email": "william71@example.net",
            "password": "teste",
            "administrador": "true",
            "_id": "EbFcSTgftrJy1uba"
        },
        {
            "nome": "William Stokes",
            "email": "smithkara@example.org",
            "password": "&amp;0WmY",
            "administrador": "true",
            "_id": "FrJGBoSo7Wn0Lpdu"
        },
        {
            "nome": "James Hernandez",
            "email": "jonesbrenda@example.com",
            "password": "(3Ibm",
            "administrador": "true",
            "_id": "GwfZ75MYS8RuIoNe"
        },
        {
            "nome": "Kelly Walker",
            "email": "gordondennis@example.com",
            "password": "teste",
            "administrador": "true",
            "_id": "IZwqoy15uk1nRURw"
        },
        {
            "nome": "Deborah Smith",
            "email": "wsimpson@example.net",
            "password": "+84St",
            "administrador": "true",
            "_id": "JAIfQc9Y7jdd1VOj"
        },
        {
            "nome": "Neymaru",
            "email": "fulano@qa.com.br",
            "password": "+2Ce8",
            "administrador": "true",
            "_id": "JJAwZmD0BGmmOavI"
        },
        {
            "nome": "Cazé",
            "email": "timothy39@example.net",
            "password": "+1AiH",
            "administrador": "true",
            "_id": "LBNTveEpMboFxKLp"
        },
        {
            "nome": "Sophia",
            "email": "Sophia_@qa.com",
            "password": "teste",
            "administrador": "false",
            "_id": "MypbABXqyjIiWamv"
        },
        {
            "nome": "William Carey",
            "email": "smithlisa@example.com",
            "password": "d^4Xm",
            "administrador": "true",
            "_id": "OdJ5yswAKeDh0RvI"
        },
        {
            "nome": "Bryan Larson",
            "email": "agilbert@example.org",
            "password": "$F3Tz",
            "administrador": "true",
            "_id": "PPw4iR5jZnVlE8UD"
        },
        {
            "nome": "Randall Meza",
            "email": "wwilliams@example.com",
            "password": "teste",
            "administrador": "false",
            "_id": "Qib9oETBywJ1LWNS"
        },
        {
            "nome": "Cody Adams",
            "email": "tbaker@example.net",
            "password": "teste",
            "administrador": "true",
            "_id": "RPUBl1zNkQBwYilz"
        },
        {
            "nome": "Brett Lewis",
            "email": "hamptondarryl@example.com",
            "password": "teste",
            "administrador": "true",
            "_id": "RfCSZupicTZLyPHv"
        },
        {
            "nome": "Jennifer Williams",
            "email": "probinson@example.org",
            "password": "*3Yfl",
            "administrador": "true",
            "_id": "TI7ypbgonQUp5Ki9"
        },
        {
            "nome": "John Gregory",
            "email": "zsmith@example.net",
            "password": "teste",
            "administrador": "true",
            "_id": "TqmKjbcOPAxIk2TX"
        },
        {
            "nome": "Nicholas Singleton",
            "email": "gilmorelisa@example.org",
            "password": "teste",
            "administrador": "true",
            "_id": "Tz7VCr34EdGeTrMl"
        },
        {
            "nome": "Ryan Nelson",
            "email": "armstrongrita@example.org",
            "password": "teste",
            "administrador": "true",
            "_id": "ViliyyDZ5Wb5DUqI"
        },
        {
            "nome": "Charles Miles",
            "email": "julie74@example.net",
            "password": "teste",
            "administrador": "true",
            "_id": "YQaC6QQN3u5EkHiJ"
        },
        {
            "nome": "Wendy Ponce",
            "email": "xelliott@example.com",
            "password": "!F6Dm",
            "administrador": "true",
            "_id": "Z3ONAABtVcA6CUKX"
        },
        {
            "nome": "Ronaldinho Gaucho",
            "email": "ronaldinh9@qa.com.br",
            "password": "teste123",
            "administrador": "true",
            "_id": "ZBvcyIXYSEKQq9f9"
        },
        {
            "nome": "Jesus Butler",
            "email": "roysmith@example.com",
            "password": ")5B9u",
            "administrador": "true",
            "_id": "aI3a0u0wTf9S82Rt"
        },
        {
            "nome": "Danielle Frank",
            "email": "bryan90@example.org",
            "password": "%9Ija",
            "administrador": "true",
            "_id": "cH9igOkRlSKajqik"
        },
        {
            "nome": "Miss Michelle Villarreal",
            "email": "margaretkelly@example.com",
            "password": "N*0Ae",
            "administrador": "true",
            "_id": "d15FCfFp3a6ssvFn"
        },
        {
            "nome": "Joseph Ryan",
            "email": "roger38@example.org",
            "password": "$3NlS",
            "administrador": "true",
            "_id": "dKX9A9YWjknh6GBX"
        },
        {
            "nome": "Brittany Lara",
            "email": "stevensstephanie@example.com",
            "password": "teste",
            "administrador": "true",
            "_id": "fLnW3WziOY4hT6y4"
        },
        {
            "nome": "Kristen Holder",
            "email": "jlee@example.com",
            "password": "#5JoO",
            "administrador": "true",
            "_id": "hDSbtXkhlLtTcEgF"
        },
        {
            "nome": "James Davis",
            "email": "sdaniel@example.net",
            "password": "teste",
            "administrador": "true",
            "_id": "hUz4jiSuQYWUy1GS"
        },
        {
            "nome": "Robert Collins",
            "email": "walshryan@example.net",
            "password": "teste",
            "administrador": "true",
            "_id": "lvfhDVcRgVBVBEfz"
        },
        {
            "nome": "Richard Gomes",
            "email": "richard_@qa.com",
            "password": "teste123",
            "administrador": "true",
            "_id": "m42DKtadITK7v6Kb"
        },
        {
            "nome": "Sophia Light",
            "email": "Sophia123@qa.com.br",
            "password": "(e1Ww",
            "administrador": "false",
            "_id": "mIHZzFvClk19pLM7"
        },
        {
            "nome": "Chris Aguirre",
            "email": "joycehill@example.com",
            "password": "teste",
            "administrador": "false",
            "_id": "nefiiMwOLD3kT24D"
        },
        {
            "nome": "Kenneth Smith",
            "email": "toddjones@example.com",
            "password": "+0Pll",
            "administrador": "true",
            "_id": "oCwRwCVrDfLFbt7M"
        },
        {
            "nome": "Amy Rivera",
            "email": "james22@example.org",
            "password": "teste",
            "administrador": "true",
            "_id": "qWR0ri4oJCzJeTCo"
        },
        {
            "nome": "Frank Castillo",
            "email": "jenniferacosta@example.net",
            "password": "teste",
            "administrador": "true",
            "_id": "qylyHe0C2NcnPESA"
        },
        {
            "nome": "Rulque Grand... (set the log level to DEBUG or TRACE to see the full content) 
 </msg>
<msg timestamp="20220706 17:19:03.226" level="INFO">${response} = &lt;Response [200]&gt;</msg>
<status status="PASS" starttime="20220706 17:19:03.217" endtime="20220706 17:19:03.226"/>
</kw>
<kw name="Evaluate" library="BuiltIn">
<var>${numbers}</var>
<arg>random.sample(range(1, ${response.json()["quantidade"]}),1)</arg>
<arg>random</arg>
<doc>Evaluates the given expression in Python and returns the result.</doc>
<msg timestamp="20220706 17:19:03.226" level="INFO">${numbers} = [51]</msg>
<status status="PASS" starttime="20220706 17:19:03.226" endtime="20220706 17:19:03.226"/>
</kw>
<kw name="Set Variable" library="BuiltIn">
<var>${id_usuario}</var>
<arg>${response.json()["usuarios"][${numbers}[0]]["_id"]}</arg>
<doc>Returns the given values which can then be assigned to a variables.</doc>
<msg timestamp="20220706 17:19:03.227" level="INFO">${id_usuario} = wvC7ddjYWUch2neV</msg>
<status status="PASS" starttime="20220706 17:19:03.226" endtime="20220706 17:19:03.227"/>
</kw>
<kw name="Set Global Variable" library="BuiltIn">
<arg>${id_usuario}</arg>
<doc>Makes a variable available globally in all tests and suites.</doc>
<msg timestamp="20220706 17:19:03.227" level="INFO">${id_usuario} = wvC7ddjYWUch2neV</msg>
<status status="PASS" starttime="20220706 17:19:03.227" endtime="20220706 17:19:03.227"/>
</kw>
<kw name="Log To Console" library="BuiltIn">
<arg>${id_usuario}</arg>
<doc>Logs the given message to the console.</doc>
<status status="PASS" starttime="20220706 17:19:03.227" endtime="20220706 17:19:03.227"/>
</kw>
<status status="PASS" starttime="20220706 17:19:03.217" endtime="20220706 17:19:03.227"/>
</kw>
<kw name="GET Endpoint /usuarios por ID" library="usuarios_keywords">
<kw name="GET On Session" library="RequestsLibrary">
<var>${response}</var>
<arg>serverest</arg>
<arg>/usuarios/${id_usuario}</arg>
<arg>expected_status=any</arg>
<doc>Sends a GET request on a previously created HTTP Session.</doc>
<msg timestamp="20220706 17:19:03.229" level="INFO">GET Request : url=http://localhost:3000/usuarios/wvC7ddjYWUch2neV 
 path_url=/usuarios/wvC7ddjYWUch2neV 
 headers={'User-Agent': 'python-requests/2.28.0', 'Accept-Encoding': 'gzip, deflate', 'Accept': '*/*', 'Connection': 'keep-alive'} 
 body=None 
 </msg>
<msg timestamp="20220706 17:19:03.229" level="INFO">GET Response : url=http://localhost:3000/usuarios/wvC7ddjYWUch2neV 
 status=200, reason=OK 
 headers={'Access-Control-Allow-Origin': '*', 'x-dns-prefetch-control': 'off', 'x-frame-options': 'SAMEORIGIN', 'strict-transport-security': 'max-age=15552000; includeSubDomains', 'x-download-options': 'noopen', 'x-content-type-options': 'nosniff', 'x-xss-protection': '1; mode=block', 'x-moesif-transaction-id': '1d51727f-4184-4504-a166-e128b86eca3e', 'Content-Type': 'application/json; charset=utf-8', 'Content-Length': '151', 'Date': 'Wed, 06 Jul 2022 20:19:03 GMT', 'Connection': 'keep-alive', 'Keep-Alive': 'timeout=5'} 
 body={
    "nome": "Matthew Grant",
    "email": "npage@example.net",
    "password": "j_6Nf",
    "administrador": "false",
    "_id": "wvC7ddjYWUch2neV"
} 
 </msg>
<msg timestamp="20220706 17:19:03.229" level="INFO">${response} = &lt;Response [200]&gt;</msg>
<status status="PASS" starttime="20220706 17:19:03.227" endtime="20220706 17:19:03.229"/>
</kw>
<kw name="Set Global Variable" library="BuiltIn">
<arg>${response}</arg>
<doc>Makes a variable available globally in all tests and suites.</doc>
<msg timestamp="20220706 17:19:03.229" level="INFO">${response} = &lt;Response [200]&gt;</msg>
<status status="PASS" starttime="20220706 17:19:03.229" endtime="20220706 17:19:03.229"/>
</kw>
<kw name="Log To Console" library="BuiltIn">
<arg>Response: ${response.content}</arg>
<doc>Logs the given message to the console.</doc>
<status status="PASS" starttime="20220706 17:19:03.230" endtime="20220706 17:19:03.230"/>
</kw>
<status status="PASS" starttime="20220706 17:19:03.227" endtime="20220706 17:19:03.230"/>
</kw>
<kw name="Validar Status Code &quot;200&quot;" library="common" sourcename="Validar Status Code &quot;${statuscode}&quot;">
<kw name="Should Be True" library="BuiltIn">
<arg>${response.status_code} == ${statuscode}</arg>
<doc>Fails if the given condition is not true.</doc>
<status status="PASS" starttime="20220706 17:19:03.230" endtime="20220706 17:19:03.231"/>
</kw>
<status status="PASS" starttime="20220706 17:19:03.230" endtime="20220706 17:19:03.231"/>
</kw>
<tag>GET</tag>
<tag>GET_usuario_id</tag>
<status status="PASS" starttime="20220706 17:19:03.217" endtime="20220706 17:19:03.231"/>
</test>
<test id="s1-t3" name="Cenário: GET Não Encontrar ID 400" line="23">
<kw name="Definir ID Usuario &quot;nc2r23yn7crt&quot;&quot;" library="usuarios_keywords" sourcename="Definir ID Usuario &quot;${id_usuario}&quot;">
<kw name="Set Global Variable" library="BuiltIn">
<arg>${id_usuario}</arg>
<doc>Makes a variable available globally in all tests and suites.</doc>
<msg timestamp="20220706 17:19:03.232" level="INFO">${id_usuario} = nc2r23yn7crt"</msg>
<status status="PASS" starttime="20220706 17:19:03.232" endtime="20220706 17:19:03.232"/>
</kw>
<status status="PASS" starttime="20220706 17:19:03.232" endtime="20220706 17:19:03.232"/>
</kw>
<kw name="GET Endpoint /usuarios por ID" library="usuarios_keywords">
<kw name="GET On Session" library="RequestsLibrary">
<var>${response}</var>
<arg>serverest</arg>
<arg>/usuarios/${id_usuario}</arg>
<arg>expected_status=any</arg>
<doc>Sends a GET request on a previously created HTTP Session.</doc>
<msg timestamp="20220706 17:19:03.234" level="INFO">GET Request : url=http://localhost:3000/usuarios/nc2r23yn7crt%22 
 path_url=/usuarios/nc2r23yn7crt%22 
 headers={'User-Agent': 'python-requests/2.28.0', 'Accept-Encoding': 'gzip, deflate', 'Accept': '*/*', 'Connection': 'keep-alive'} 
 body=None 
 </msg>
<msg timestamp="20220706 17:19:03.234" level="INFO">GET Response : url=http://localhost:3000/usuarios/nc2r23yn7crt%22 
 status=400, reason=Bad Request 
 headers={'Access-Control-Allow-Origin': '*', 'x-dns-prefetch-control': 'off', 'x-frame-options': 'SAMEORIGIN', 'strict-transport-security': 'max-age=15552000; includeSubDomains', 'x-download-options': 'noopen', 'x-content-type-options': 'nosniff', 'x-xss-protection': '1; mode=block', 'x-moesif-transaction-id': 'cca83f64-f193-488a-882c-4a73946add9e', 'Content-Type': 'application/json; charset=utf-8', 'Content-Length': '45', 'Date': 'Wed, 06 Jul 2022 20:19:03 GMT', 'Connection': 'keep-alive', 'Keep-Alive': 'timeout=5'} 
 body={
    "message": "Usuário não encontrado"
} 
 </msg>
<msg timestamp="20220706 17:19:03.234" level="INFO">${response} = &lt;Response [400]&gt;</msg>
<status status="PASS" starttime="20220706 17:19:03.232" endtime="20220706 17:19:03.234"/>
</kw>
<kw name="Set Global Variable" library="BuiltIn">
<arg>${response}</arg>
<doc>Makes a variable available globally in all tests and suites.</doc>
<msg timestamp="20220706 17:19:03.234" level="INFO">${response} = &lt;Response [400]&gt;</msg>
<status status="PASS" starttime="20220706 17:19:03.234" endtime="20220706 17:19:03.234"/>
</kw>
<kw name="Log To Console" library="BuiltIn">
<arg>Response: ${response.content}</arg>
<doc>Logs the given message to the console.</doc>
<status status="PASS" starttime="20220706 17:19:03.234" endtime="20220706 17:19:03.235"/>
</kw>
<status status="PASS" starttime="20220706 17:19:03.232" endtime="20220706 17:19:03.235"/>
</kw>
<kw name="Validar Status Code &quot;400&quot;" library="common" sourcename="Validar Status Code &quot;${statuscode}&quot;">
<kw name="Should Be True" library="BuiltIn">
<arg>${response.status_code} == ${statuscode}</arg>
<doc>Fails if the given condition is not true.</doc>
<status status="PASS" starttime="20220706 17:19:03.235" endtime="20220706 17:19:03.235"/>
</kw>
<status status="PASS" starttime="20220706 17:19:03.235" endtime="20220706 17:19:03.235"/>
</kw>
<kw name="Validar Se &quot;message&quot; Contem &quot;Usuário não encontrado&quot;" library="common" sourcename="Validar Se &quot;${chave}&quot; Contem &quot;${texto}&quot;">
<kw name="Should Contain" library="BuiltIn">
<arg>${response.json()["${chave}"]}</arg>
<arg>${texto}</arg>
<doc>Fails if ``container`` does not contain ``item`` one or more times.</doc>
<status status="PASS" starttime="20220706 17:19:03.236" endtime="20220706 17:19:03.236"/>
</kw>
<status status="PASS" starttime="20220706 17:19:03.236" endtime="20220706 17:19:03.236"/>
</kw>
<tag>GET</tag>
<tag>GET_usuario_id_invalido</tag>
<status status="PASS" starttime="20220706 17:19:03.231" endtime="20220706 17:19:03.236"/>
</test>
<test id="s1-t4" name="Cenário: POST Cadastrar Usuario Dinâmico 201" line="31">
<kw name="Criar Dados para Usuario Válido" library="dynamics">
<kw name="Name" library="FakerLibrary">
<var>${nome}</var>
<doc>:example 'John Doe'</doc>
<msg timestamp="20220706 17:19:03.237" level="INFO">${nome} = Eric Kim</msg>
<status status="PASS" starttime="20220706 17:19:03.237" endtime="20220706 17:19:03.237"/>
</kw>
<kw name="Email" library="FakerLibrary">
<var>${email}</var>
<msg timestamp="20220706 17:19:03.237" level="INFO">${email} = rachel38@example.com</msg>
<status status="PASS" starttime="20220706 17:19:03.237" endtime="20220706 17:19:03.238"/>
</kw>
<kw name="Password" library="FakerLibrary">
<var>${senha}</var>
<arg>length=5</arg>
<arg>special_chars=True</arg>
<arg>digits=True</arg>
<arg>upper_case=True</arg>
<arg>lower_case=True</arg>
<doc>Generate a random password of the specified ``length``.</doc>
<msg timestamp="20220706 17:19:03.238" level="INFO">${senha} = )M4Qg</msg>
<status status="PASS" starttime="20220706 17:19:03.238" endtime="20220706 17:19:03.238"/>
</kw>
<kw name="Create Dictionary" library="BuiltIn">
<var>${payload}</var>
<arg>nome=${nome}</arg>
<arg>email=${email}</arg>
<arg>password=${senha}</arg>
<arg>administrador=true</arg>
<doc>Creates and returns a dictionary based on the given ``items``.</doc>
<msg timestamp="20220706 17:19:03.238" level="INFO">${payload} = {'nome': 'Eric Kim', 'email': 'rachel38@example.com', 'password': ')M4Qg', 'administrador': 'true'}</msg>
<status status="PASS" starttime="20220706 17:19:03.238" endtime="20220706 17:19:03.238"/>
</kw>
<kw name="Log To Console" library="BuiltIn">
<arg>${payload}</arg>
<doc>Logs the given message to the console.</doc>
<status status="PASS" starttime="20220706 17:19:03.238" endtime="20220706 17:19:03.238"/>
</kw>
<kw name="Set Global Variable" library="BuiltIn">
<arg>${payload}</arg>
<doc>Makes a variable available globally in all tests and suites.</doc>
<msg timestamp="20220706 17:19:03.239" level="INFO">${payload} = {'nome': 'Eric Kim', 'email': 'rachel38@example.com', 'password': ')M4Qg', 'administrador': 'true'}</msg>
<status status="PASS" starttime="20220706 17:19:03.238" endtime="20220706 17:19:03.239"/>
</kw>
<status status="PASS" starttime="20220706 17:19:03.237" endtime="20220706 17:19:03.239"/>
</kw>
<kw name="POST Endpoint /usuarios" library="usuarios_keywords">
<kw name="POST On Session" library="RequestsLibrary">
<var>${response}</var>
<arg>serverest</arg>
<arg>/usuarios</arg>
<arg>data=&amp;{payload}</arg>
<arg>expected_status=any</arg>
<doc>Sends a POST request on a previously created HTTP Session.</doc>
<msg timestamp="20220706 17:19:03.242" level="INFO">POST Request : url=http://localhost:3000/usuarios 
 path_url=/usuarios 
 headers={'User-Agent': 'python-requests/2.28.0', 'Accept-Encoding': 'gzip, deflate', 'Accept': '*/*', 'Connection': 'keep-alive', 'Content-Length': '78', 'Content-Type': 'application/x-www-form-urlencoded'} 
 body=nome=Eric+Kim&amp;email=rachel38%40example.com&amp;password=%29M4Qg&amp;administrador=true 
 </msg>
<msg timestamp="20220706 17:19:03.242" level="INFO">POST Response : url=http://localhost:3000/usuarios 
 status=201, reason=Created 
 headers={'Access-Control-Allow-Origin': '*', 'x-dns-prefetch-control': 'off', 'x-frame-options': 'SAMEORIGIN', 'strict-transport-security': 'max-age=15552000; includeSubDomains', 'x-download-options': 'noopen', 'x-content-type-options': 'nosniff', 'x-xss-protection': '1; mode=block', 'x-moesif-transaction-id': 'fe4e0ff4-bc62-4581-b45e-141074d5d53f', 'Content-Type': 'application/json; charset=utf-8', 'Content-Length': '82', 'Date': 'Wed, 06 Jul 2022 20:19:03 GMT', 'Connection': 'keep-alive', 'Keep-Alive': 'timeout=5'} 
 body={
    "message": "Cadastro realizado com sucesso",
    "_id": "tLaabSgUPQu3PPNy"
} 
 </msg>
<msg timestamp="20220706 17:19:03.242" level="INFO">${response} = &lt;Response [201]&gt;</msg>
<status status="PASS" starttime="20220706 17:19:03.239" endtime="20220706 17:19:03.242"/>
</kw>
<kw name="Log To Console" library="BuiltIn">
<arg>Response: ${response.content}</arg>
<doc>Logs the given message to the console.</doc>
<status status="PASS" starttime="20220706 17:19:03.242" endtime="20220706 17:19:03.242"/>
</kw>
<kw name="Set Global Variable" library="BuiltIn">
<arg>${response}</arg>
<doc>Makes a variable available globally in all tests and suites.</doc>
<msg timestamp="20220706 17:19:03.242" level="INFO">${response} = &lt;Response [201]&gt;</msg>
<status status="PASS" starttime="20220706 17:19:03.242" endtime="20220706 17:19:03.242"/>
</kw>
<status status="PASS" starttime="20220706 17:19:03.239" endtime="20220706 17:19:03.242"/>
</kw>
<kw name="Validar Status Code &quot;201&quot;" library="common" sourcename="Validar Status Code &quot;${statuscode}&quot;">
<kw name="Should Be True" library="BuiltIn">
<arg>${response.status_code} == ${statuscode}</arg>
<doc>Fails if the given condition is not true.</doc>
<status status="PASS" starttime="20220706 17:19:03.243" endtime="20220706 17:19:03.243"/>
</kw>
<status status="PASS" starttime="20220706 17:19:03.243" endtime="20220706 17:19:03.243"/>
</kw>
<kw name="Validar Se &quot;message&quot; Contem &quot;Cadastro realizado com sucesso&quot;" library="common" sourcename="Validar Se &quot;${chave}&quot; Contem &quot;${texto}&quot;">
<kw name="Should Contain" library="BuiltIn">
<arg>${response.json()["${chave}"]}</arg>
<arg>${texto}</arg>
<doc>Fails if ``container`` does not contain ``item`` one or more times.</doc>
<status status="PASS" starttime="20220706 17:19:03.244" endtime="20220706 17:19:03.244"/>
</kw>
<status status="PASS" starttime="20220706 17:19:03.243" endtime="20220706 17:19:03.244"/>
</kw>
<kw name="Validar Alguma Resposta Vazia &quot;_id&quot;" library="common" sourcename="Validar Alguma Resposta Vazia &quot;${espaco}&quot;">
<kw name="Should Not Be Empty" library="BuiltIn">
<arg>${response.json()["${espaco}"]}</arg>
<doc>Verifies that the given item is not empty.</doc>
<msg timestamp="20220706 17:19:03.245" level="INFO">Length is 16</msg>
<status status="PASS" starttime="20220706 17:19:03.244" endtime="20220706 17:19:03.245"/>
</kw>
<status status="PASS" starttime="20220706 17:19:03.244" endtime="20220706 17:19:03.245"/>
</kw>
<tag>POST</tag>
<tag>POST_cadastrar_dinamico</tag>
<status status="PASS" starttime="20220706 17:19:03.237" endtime="20220706 17:19:03.245"/>
</test>
<test id="s1-t5" name="Cenário: POST Criar Usuário de De Massa Estatica 201" line="39">
<kw name="Pegar Dados Usuarios Estatico &quot;user_valido&quot;" library="usuarios_keywords" sourcename="Pegar Dados Usuarios Estatico &quot;${user}&quot;">
<kw name="Importar Json Estatico" library="common">
<var>${json}</var>
<arg>json_usuario.json</arg>
<kw name="Get File" library="OperatingSystem">
<var>${arquivo}</var>
<arg>${EXECDIR}/support/fixtures/statics/${nome_arquivo}</arg>
<doc>Returns the contents of a specified file.</doc>
<msg timestamp="20220706 17:19:03.246" level="INFO" html="true">Getting file '&lt;a href="file://D:\Coisas\Estudos\Compass\Robot_framework\support\fixtures\statics\json_usuario.json"&gt;D:\Coisas\Estudos\Compass\Robot_framework\support\fixtures\statics\json_usuario.json&lt;/a&gt;'.</msg>
<msg timestamp="20220706 17:19:03.247" level="INFO">${arquivo} = {
    "user_valido":{
        "nome": "Alberto Junior",
        "email": "betinho3@qa.com",
        "password": "teste123",
        "administrador": "true"
    },
    "user_invalido":{
        "nome":...</msg>
<status status="PASS" starttime="20220706 17:19:03.246" endtime="20220706 17:19:03.247"/>
</kw>
<kw name="Evaluate" library="BuiltIn">
<var>${data}</var>
<arg>json.loads('''${arquivo}''')</arg>
<arg>json</arg>
<doc>Evaluates the given expression in Python and returns the result.</doc>
<msg timestamp="20220706 17:19:03.247" level="INFO">${data} = {'user_valido': {'nome': 'Alberto Junior', 'email': 'betinho3@qa.com', 'password': 'teste123', 'administrador': 'true'}, 'user_invalido': {'nome': 'Roberto Pente', 'email': 'ribhif.com.br', 'password'...</msg>
<status status="PASS" starttime="20220706 17:19:03.247" endtime="20220706 17:19:03.247"/>
</kw>
<msg timestamp="20220706 17:19:03.247" level="INFO">${json} = {'user_valido': {'nome': 'Alberto Junior', 'email': 'betinho3@qa.com', 'password': 'teste123', 'administrador': 'true'}, 'user_invalido': {'nome': 'Roberto Pente', 'email': 'ribhif.com.br', 'password'...</msg>
<status status="PASS" starttime="20220706 17:19:03.246" endtime="20220706 17:19:03.247"/>
</kw>
<kw name="Set Variable" library="BuiltIn">
<var>${payload}</var>
<arg>${json["${user}"]}</arg>
<doc>Returns the given values which can then be assigned to a variables.</doc>
<msg timestamp="20220706 17:19:03.247" level="INFO">${payload} = {'nome': 'Alberto Junior', 'email': 'betinho3@qa.com', 'password': 'teste123', 'administrador': 'true'}</msg>
<status status="PASS" starttime="20220706 17:19:03.247" endtime="20220706 17:19:03.247"/>
</kw>
<kw name="Log To Console" library="BuiltIn">
<arg>${payload}</arg>
<doc>Logs the given message to the console.</doc>
<status status="PASS" starttime="20220706 17:19:03.248" endtime="20220706 17:19:03.248"/>
</kw>
<kw name="Set Global Variable" library="BuiltIn">
<arg>${payload}</arg>
<doc>Makes a variable available globally in all tests and suites.</doc>
<msg timestamp="20220706 17:19:03.248" level="INFO">${payload} = {'nome': 'Alberto Junior', 'email': 'betinho3@qa.com', 'password': 'teste123', 'administrador': 'true'}</msg>
<status status="PASS" starttime="20220706 17:19:03.248" endtime="20220706 17:19:03.248"/>
</kw>
<status status="PASS" starttime="20220706 17:19:03.246" endtime="20220706 17:19:03.248"/>
</kw>
<kw name="POST Endpoint /usuarios" library="usuarios_keywords">
<kw name="POST On Session" library="RequestsLibrary">
<var>${response}</var>
<arg>serverest</arg>
<arg>/usuarios</arg>
<arg>data=&amp;{payload}</arg>
<arg>expected_status=any</arg>
<doc>Sends a POST request on a previously created HTTP Session.</doc>
<msg timestamp="20220706 17:19:03.250" level="INFO">POST Request : url=http://localhost:3000/usuarios 
 path_url=/usuarios 
 headers={'User-Agent': 'python-requests/2.28.0', 'Accept-Encoding': 'gzip, deflate', 'Accept': '*/*', 'Connection': 'keep-alive', 'Content-Length': '80', 'Content-Type': 'application/x-www-form-urlencoded'} 
 body=nome=Alberto+Junior&amp;email=betinho3%40qa.com&amp;password=teste123&amp;administrador=true 
 </msg>
<msg timestamp="20220706 17:19:03.250" level="INFO">POST Response : url=http://localhost:3000/usuarios 
 status=201, reason=Created 
 headers={'Access-Control-Allow-Origin': '*', 'x-dns-prefetch-control': 'off', 'x-frame-options': 'SAMEORIGIN', 'strict-transport-security': 'max-age=15552000; includeSubDomains', 'x-download-options': 'noopen', 'x-content-type-options': 'nosniff', 'x-xss-protection': '1; mode=block', 'x-moesif-transaction-id': '8eb61895-653e-46cb-a978-4f6b31d362dc', 'Content-Type': 'application/json; charset=utf-8', 'Content-Length': '82', 'Date': 'Wed, 06 Jul 2022 20:19:03 GMT', 'Connection': 'keep-alive', 'Keep-Alive': 'timeout=5'} 
 body={
    "message": "Cadastro realizado com sucesso",
    "_id": "hCGhQqDoo9Si3mDN"
} 
 </msg>
<msg timestamp="20220706 17:19:03.250" level="INFO">${response} = &lt;Response [201]&gt;</msg>
<status status="PASS" starttime="20220706 17:19:03.248" endtime="20220706 17:19:03.250"/>
</kw>
<kw name="Log To Console" library="BuiltIn">
<arg>Response: ${response.content}</arg>
<doc>Logs the given message to the console.</doc>
<status status="PASS" starttime="20220706 17:19:03.250" endtime="20220706 17:19:03.251"/>
</kw>
<kw name="Set Global Variable" library="BuiltIn">
<arg>${response}</arg>
<doc>Makes a variable available globally in all tests and suites.</doc>
<msg timestamp="20220706 17:19:03.251" level="INFO">${response} = &lt;Response [201]&gt;</msg>
<status status="PASS" starttime="20220706 17:19:03.251" endtime="20220706 17:19:03.251"/>
</kw>
<status status="PASS" starttime="20220706 17:19:03.248" endtime="20220706 17:19:03.251"/>
</kw>
<kw name="Validar Alguma Resposta Vazia &quot;_id&quot;" library="common" sourcename="Validar Alguma Resposta Vazia &quot;${espaco}&quot;">
<kw name="Should Not Be Empty" library="BuiltIn">
<arg>${response.json()["${espaco}"]}</arg>
<doc>Verifies that the given item is not empty.</doc>
<msg timestamp="20220706 17:19:03.251" level="INFO">Length is 16</msg>
<status status="PASS" starttime="20220706 17:19:03.251" endtime="20220706 17:19:03.251"/>
</kw>
<status status="PASS" starttime="20220706 17:19:03.251" endtime="20220706 17:19:03.252"/>
</kw>
<kw name="Coletar ID Usuario" library="usuarios_keywords">
<kw name="Set Variable" library="BuiltIn">
<var>${id_usuario}</var>
<arg>${response.json()["_id"]}</arg>
<doc>Returns the given values which can then be assigned to a variables.</doc>
<msg timestamp="20220706 17:19:03.252" level="INFO">${id_usuario} = hCGhQqDoo9Si3mDN</msg>
<status status="PASS" starttime="20220706 17:19:03.252" endtime="20220706 17:19:03.252"/>
</kw>
<kw name="Set Global Variable" library="BuiltIn">
<arg>${id_usuario}</arg>
<doc>Makes a variable available globally in all tests and suites.</doc>
<msg timestamp="20220706 17:19:03.252" level="INFO">${id_usuario} = hCGhQqDoo9Si3mDN</msg>
<status status="PASS" starttime="20220706 17:19:03.252" endtime="20220706 17:19:03.252"/>
</kw>
<status status="PASS" starttime="20220706 17:19:03.252" endtime="20220706 17:19:03.252"/>
</kw>
<kw name="Validar Status Code &quot;201&quot;" library="common" sourcename="Validar Status Code &quot;${statuscode}&quot;">
<kw name="Should Be True" library="BuiltIn">
<arg>${response.status_code} == ${statuscode}</arg>
<doc>Fails if the given condition is not true.</doc>
<status status="PASS" starttime="20220706 17:19:03.253" endtime="20220706 17:19:03.253"/>
</kw>
<status status="PASS" starttime="20220706 17:19:03.253" endtime="20220706 17:19:03.253"/>
</kw>
<kw name="Validar Se &quot;message&quot; Contem &quot;Cadastro realizado com sucesso&quot;" library="common" sourcename="Validar Se &quot;${chave}&quot; Contem &quot;${texto}&quot;">
<kw name="Should Contain" library="BuiltIn">
<arg>${response.json()["${chave}"]}</arg>
<arg>${texto}</arg>
<doc>Fails if ``container`` does not contain ``item`` one or more times.</doc>
<status status="PASS" starttime="20220706 17:19:03.254" endtime="20220706 17:19:03.254"/>
</kw>
<status status="PASS" starttime="20220706 17:19:03.253" endtime="20220706 17:19:03.254"/>
</kw>
<kw name="DELETE Endpoint /usuarios" library="usuarios_keywords">
<kw name="DELETE On Session" library="RequestsLibrary">
<var>${response}</var>
<arg>serverest</arg>
<arg>/usuarios/${id_usuario}</arg>
<arg>expected_status=any</arg>
<doc>Sends a DELETE request on a previously created HTTP Session.</doc>
<msg timestamp="20220706 17:19:03.256" level="INFO">DELETE Request : url=http://localhost:3000/usuarios/hCGhQqDoo9Si3mDN 
 path_url=/usuarios/hCGhQqDoo9Si3mDN 
 headers={'User-Agent': 'python-requests/2.28.0', 'Accept-Encoding': 'gzip, deflate', 'Accept': '*/*', 'Connection': 'keep-alive', 'Content-Length': '0'} 
 body=None 
 </msg>
<msg timestamp="20220706 17:19:03.256" level="INFO">DELETE Response : url=http://localhost:3000/usuarios/hCGhQqDoo9Si3mDN 
 status=200, reason=OK 
 headers={'Access-Control-Allow-Origin': '*', 'x-dns-prefetch-control': 'off', 'x-frame-options': 'SAMEORIGIN', 'strict-transport-security': 'max-age=15552000; includeSubDomains', 'x-download-options': 'noopen', 'x-content-type-options': 'nosniff', 'x-xss-protection': '1; mode=block', 'x-moesif-transaction-id': '9a79f4dd-5e8e-4f54-bab8-89b11458b0aa', 'Content-Type': 'application/json; charset=utf-8', 'Content-Length': '51', 'Date': 'Wed, 06 Jul 2022 20:19:03 GMT', 'Connection': 'keep-alive', 'Keep-Alive': 'timeout=5'} 
 body={
    "message": "Registro excluído com sucesso"
} 
 </msg>
<msg timestamp="20220706 17:19:03.256" level="INFO">${response} = &lt;Response [200]&gt;</msg>
<status status="PASS" starttime="20220706 17:19:03.254" endtime="20220706 17:19:03.256"/>
</kw>
<kw name="Log To Console" library="BuiltIn">
<arg>Response: ${response.content}</arg>
<doc>Logs the given message to the console.</doc>
<status status="PASS" starttime="20220706 17:19:03.256" endtime="20220706 17:19:03.257"/>
</kw>
<kw name="Set Global Variable" library="BuiltIn">
<arg>${response}</arg>
<doc>Makes a variable available globally in all tests and suites.</doc>
<msg timestamp="20220706 17:19:03.257" level="INFO">${response} = &lt;Response [200]&gt;</msg>
<status status="PASS" starttime="20220706 17:19:03.257" endtime="20220706 17:19:03.257"/>
</kw>
<status status="PASS" starttime="20220706 17:19:03.254" endtime="20220706 17:19:03.257"/>
</kw>
<tag>POST</tag>
<tag>POST_criar_estatico</tag>
<status status="PASS" starttime="20220706 17:19:03.246" endtime="20220706 17:19:03.257"/>
</test>
<test id="s1-t6" name="Cenário: POST Criar Usuario Já Existente 400" line="49">
<kw name="Pegar Dados Usuarios Estatico &quot;user_email_usado&quot;" library="usuarios_keywords" sourcename="Pegar Dados Usuarios Estatico &quot;${user}&quot;">
<kw name="Importar Json Estatico" library="common">
<var>${json}</var>
<arg>json_usuario.json</arg>
<kw name="Get File" library="OperatingSystem">
<var>${arquivo}</var>
<arg>${EXECDIR}/support/fixtures/statics/${nome_arquivo}</arg>
<doc>Returns the contents of a specified file.</doc>
<msg timestamp="20220706 17:19:03.258" level="INFO" html="true">Getting file '&lt;a href="file://D:\Coisas\Estudos\Compass\Robot_framework\support\fixtures\statics\json_usuario.json"&gt;D:\Coisas\Estudos\Compass\Robot_framework\support\fixtures\statics\json_usuario.json&lt;/a&gt;'.</msg>
<msg timestamp="20220706 17:19:03.258" level="INFO">${arquivo} = {
    "user_valido":{
        "nome": "Alberto Junior",
        "email": "betinho3@qa.com",
        "password": "teste123",
        "administrador": "true"
    },
    "user_invalido":{
        "nome":...</msg>
<status status="PASS" starttime="20220706 17:19:03.258" endtime="20220706 17:19:03.258"/>
</kw>
<kw name="Evaluate" library="BuiltIn">
<var>${data}</var>
<arg>json.loads('''${arquivo}''')</arg>
<arg>json</arg>
<doc>Evaluates the given expression in Python and returns the result.</doc>
<msg timestamp="20220706 17:19:03.259" level="INFO">${data} = {'user_valido': {'nome': 'Alberto Junior', 'email': 'betinho3@qa.com', 'password': 'teste123', 'administrador': 'true'}, 'user_invalido': {'nome': 'Roberto Pente', 'email': 'ribhif.com.br', 'password'...</msg>
<status status="PASS" starttime="20220706 17:19:03.258" endtime="20220706 17:19:03.259"/>
</kw>
<msg timestamp="20220706 17:19:03.259" level="INFO">${json} = {'user_valido': {'nome': 'Alberto Junior', 'email': 'betinho3@qa.com', 'password': 'teste123', 'administrador': 'true'}, 'user_invalido': {'nome': 'Roberto Pente', 'email': 'ribhif.com.br', 'password'...</msg>
<status status="PASS" starttime="20220706 17:19:03.258" endtime="20220706 17:19:03.259"/>
</kw>
<kw name="Set Variable" library="BuiltIn">
<var>${payload}</var>
<arg>${json["${user}"]}</arg>
<doc>Returns the given values which can then be assigned to a variables.</doc>
<msg timestamp="20220706 17:19:03.259" level="INFO">${payload} = {'nome': 'Neymar Jr', 'email': 'fulano@qa.com.br', 'password': 'teste', 'administrador': 'true'}</msg>
<status status="PASS" starttime="20220706 17:19:03.259" endtime="20220706 17:19:03.259"/>
</kw>
<kw name="Log To Console" library="BuiltIn">
<arg>${payload}</arg>
<doc>Logs the given message to the console.</doc>
<status status="PASS" starttime="20220706 17:19:03.259" endtime="20220706 17:19:03.260"/>
</kw>
<kw name="Set Global Variable" library="BuiltIn">
<arg>${payload}</arg>
<doc>Makes a variable available globally in all tests and suites.</doc>
<msg timestamp="20220706 17:19:03.260" level="INFO">${payload} = {'nome': 'Neymar Jr', 'email': 'fulano@qa.com.br', 'password': 'teste', 'administrador': 'true'}</msg>
<status status="PASS" starttime="20220706 17:19:03.260" endtime="20220706 17:19:03.260"/>
</kw>
<status status="PASS" starttime="20220706 17:19:03.258" endtime="20220706 17:19:03.260"/>
</kw>
<kw name="POST Endpoint /usuarios" library="usuarios_keywords">
<kw name="POST On Session" library="RequestsLibrary">
<var>${response}</var>
<arg>serverest</arg>
<arg>/usuarios</arg>
<arg>data=&amp;{payload}</arg>
<arg>expected_status=any</arg>
<doc>Sends a POST request on a previously created HTTP Session.</doc>
<msg timestamp="20220706 17:19:03.262" level="INFO">POST Request : url=http://localhost:3000/usuarios 
 path_url=/usuarios 
 headers={'User-Agent': 'python-requests/2.28.0', 'Accept-Encoding': 'gzip, deflate', 'Accept': '*/*', 'Connection': 'keep-alive', 'Content-Length': '73', 'Content-Type': 'application/x-www-form-urlencoded'} 
 body=nome=Neymar+Jr&amp;email=fulano%40qa.com.br&amp;password=teste&amp;administrador=true 
 </msg>
<msg timestamp="20220706 17:19:03.262" level="INFO">POST Response : url=http://localhost:3000/usuarios 
 status=400, reason=Bad Request 
 headers={'Access-Control-Allow-Origin': '*', 'x-dns-prefetch-control': 'off', 'x-frame-options': 'SAMEORIGIN', 'strict-transport-security': 'max-age=15552000; includeSubDomains', 'x-download-options': 'noopen', 'x-content-type-options': 'nosniff', 'x-xss-protection': '1; mode=block', 'x-moesif-transaction-id': 'c0eee3e6-80bf-4eb1-8096-8b5023bc638e', 'Content-Type': 'application/json; charset=utf-8', 'Content-Length': '53', 'Date': 'Wed, 06 Jul 2022 20:19:03 GMT', 'Connection': 'keep-alive', 'Keep-Alive': 'timeout=5'} 
 body={
    "message": "Este email já está sendo usado"
} 
 </msg>
<msg timestamp="20220706 17:19:03.262" level="INFO">${response} = &lt;Response [400]&gt;</msg>
<status status="PASS" starttime="20220706 17:19:03.261" endtime="20220706 17:19:03.262"/>
</kw>
<kw name="Log To Console" library="BuiltIn">
<arg>Response: ${response.content}</arg>
<doc>Logs the given message to the console.</doc>
<status status="PASS" starttime="20220706 17:19:03.262" endtime="20220706 17:19:03.263"/>
</kw>
<kw name="Set Global Variable" library="BuiltIn">
<arg>${response}</arg>
<doc>Makes a variable available globally in all tests and suites.</doc>
<msg timestamp="20220706 17:19:03.263" level="INFO">${response} = &lt;Response [400]&gt;</msg>
<status status="PASS" starttime="20220706 17:19:03.263" endtime="20220706 17:19:03.263"/>
</kw>
<status status="PASS" starttime="20220706 17:19:03.260" endtime="20220706 17:19:03.263"/>
</kw>
<kw name="Validar Status Code &quot;400&quot;" library="common" sourcename="Validar Status Code &quot;${statuscode}&quot;">
<kw name="Should Be True" library="BuiltIn">
<arg>${response.status_code} == ${statuscode}</arg>
<doc>Fails if the given condition is not true.</doc>
<status status="PASS" starttime="20220706 17:19:03.263" endtime="20220706 17:19:03.264"/>
</kw>
<status status="PASS" starttime="20220706 17:19:03.263" endtime="20220706 17:19:03.264"/>
</kw>
<kw name="Validar Se &quot;message&quot; Contem &quot;Este email já está sendo usado&quot;" library="common" sourcename="Validar Se &quot;${chave}&quot; Contem &quot;${texto}&quot;">
<kw name="Should Contain" library="BuiltIn">
<arg>${response.json()["${chave}"]}</arg>
<arg>${texto}</arg>
<doc>Fails if ``container`` does not contain ``item`` one or more times.</doc>
<status status="PASS" starttime="20220706 17:19:03.264" endtime="20220706 17:19:03.265"/>
</kw>
<status status="PASS" starttime="20220706 17:19:03.264" endtime="20220706 17:19:03.265"/>
</kw>
<tag>POST</tag>
<tag>POST_usuario_email_usado</tag>
<status status="PASS" starttime="20220706 17:19:03.257" endtime="20220706 17:19:03.265"/>
</test>
<test id="s1-t7" name="Cenário: POST Criar Usuario Com Dados Inválidos 400" line="56">
<kw name="Pegar Dados Usuarios Estatico &quot;user_invalido&quot;" library="usuarios_keywords" sourcename="Pegar Dados Usuarios Estatico &quot;${user}&quot;">
<kw name="Importar Json Estatico" library="common">
<var>${json}</var>
<arg>json_usuario.json</arg>
<kw name="Get File" library="OperatingSystem">
<var>${arquivo}</var>
<arg>${EXECDIR}/support/fixtures/statics/${nome_arquivo}</arg>
<doc>Returns the contents of a specified file.</doc>
<msg timestamp="20220706 17:19:03.266" level="INFO" html="true">Getting file '&lt;a href="file://D:\Coisas\Estudos\Compass\Robot_framework\support\fixtures\statics\json_usuario.json"&gt;D:\Coisas\Estudos\Compass\Robot_framework\support\fixtures\statics\json_usuario.json&lt;/a&gt;'.</msg>
<msg timestamp="20220706 17:19:03.266" level="INFO">${arquivo} = {
    "user_valido":{
        "nome": "Alberto Junior",
        "email": "betinho3@qa.com",
        "password": "teste123",
        "administrador": "true"
    },
    "user_invalido":{
        "nome":...</msg>
<status status="PASS" starttime="20220706 17:19:03.266" endtime="20220706 17:19:03.266"/>
</kw>
<kw name="Evaluate" library="BuiltIn">
<var>${data}</var>
<arg>json.loads('''${arquivo}''')</arg>
<arg>json</arg>
<doc>Evaluates the given expression in Python and returns the result.</doc>
<msg timestamp="20220706 17:19:03.266" level="INFO">${data} = {'user_valido': {'nome': 'Alberto Junior', 'email': 'betinho3@qa.com', 'password': 'teste123', 'administrador': 'true'}, 'user_invalido': {'nome': 'Roberto Pente', 'email': 'ribhif.com.br', 'password'...</msg>
<status status="PASS" starttime="20220706 17:19:03.266" endtime="20220706 17:19:03.266"/>
</kw>
<msg timestamp="20220706 17:19:03.266" level="INFO">${json} = {'user_valido': {'nome': 'Alberto Junior', 'email': 'betinho3@qa.com', 'password': 'teste123', 'administrador': 'true'}, 'user_invalido': {'nome': 'Roberto Pente', 'email': 'ribhif.com.br', 'password'...</msg>
<status status="PASS" starttime="20220706 17:19:03.265" endtime="20220706 17:19:03.266"/>
</kw>
<kw name="Set Variable" library="BuiltIn">
<var>${payload}</var>
<arg>${json["${user}"]}</arg>
<doc>Returns the given values which can then be assigned to a variables.</doc>
<msg timestamp="20220706 17:19:03.267" level="INFO">${payload} = {'nome': 'Roberto Pente', 'email': 'ribhif.com.br', 'password': '12234', 'administrador': 'true'}</msg>
<status status="PASS" starttime="20220706 17:19:03.266" endtime="20220706 17:19:03.267"/>
</kw>
<kw name="Log To Console" library="BuiltIn">
<arg>${payload}</arg>
<doc>Logs the given message to the console.</doc>
<status status="PASS" starttime="20220706 17:19:03.267" endtime="20220706 17:19:03.267"/>
</kw>
<kw name="Set Global Variable" library="BuiltIn">
<arg>${payload}</arg>
<doc>Makes a variable available globally in all tests and suites.</doc>
<msg timestamp="20220706 17:19:03.267" level="INFO">${payload} = {'nome': 'Roberto Pente', 'email': 'ribhif.com.br', 'password': '12234', 'administrador': 'true'}</msg>
<status status="PASS" starttime="20220706 17:19:03.267" endtime="20220706 17:19:03.267"/>
</kw>
<status status="PASS" starttime="20220706 17:19:03.265" endtime="20220706 17:19:03.267"/>
</kw>
<kw name="POST Endpoint /usuarios" library="usuarios_keywords">
<kw name="POST On Session" library="RequestsLibrary">
<var>${response}</var>
<arg>serverest</arg>
<arg>/usuarios</arg>
<arg>data=&amp;{payload}</arg>
<arg>expected_status=any</arg>
<doc>Sends a POST request on a previously created HTTP Session.</doc>
<msg timestamp="20220706 17:19:03.269" level="INFO">POST Request : url=http://localhost:3000/usuarios 
 path_url=/usuarios 
 headers={'User-Agent': 'python-requests/2.28.0', 'Accept-Encoding': 'gzip, deflate', 'Accept': '*/*', 'Connection': 'keep-alive', 'Content-Length': '72', 'Content-Type': 'application/x-www-form-urlencoded'} 
 body=nome=Roberto+Pente&amp;email=ribhif.com.br&amp;password=12234&amp;administrador=true 
 </msg>
<msg timestamp="20220706 17:19:03.269" level="INFO">POST Response : url=http://localhost:3000/usuarios 
 status=400, reason=Bad Request 
 headers={'Access-Control-Allow-Origin': '*', 'x-dns-prefetch-control': 'off', 'x-frame-options': 'SAMEORIGIN', 'strict-transport-security': 'max-age=15552000; includeSubDomains', 'x-download-options': 'noopen', 'x-content-type-options': 'nosniff', 'x-xss-protection': '1; mode=block', 'x-moesif-transaction-id': '7297635a-1d2f-4906-b5af-d1f9bc28b176', 'Content-Type': 'application/json; charset=utf-8', 'Content-Length': '50', 'Date': 'Wed, 06 Jul 2022 20:19:03 GMT', 'Connection': 'keep-alive', 'Keep-Alive': 'timeout=5'} 
 body={
    "email": "email deve ser um email válido"
} 
 </msg>
<msg timestamp="20220706 17:19:03.269" level="INFO">${response} = &lt;Response [400]&gt;</msg>
<status status="PASS" starttime="20220706 17:19:03.267" endtime="20220706 17:19:03.269"/>
</kw>
<kw name="Log To Console" library="BuiltIn">
<arg>Response: ${response.content}</arg>
<doc>Logs the given message to the console.</doc>
<status status="PASS" starttime="20220706 17:19:03.270" endtime="20220706 17:19:03.270"/>
</kw>
<kw name="Set Global Variable" library="BuiltIn">
<arg>${response}</arg>
<doc>Makes a variable available globally in all tests and suites.</doc>
<msg timestamp="20220706 17:19:03.270" level="INFO">${response} = &lt;Response [400]&gt;</msg>
<status status="PASS" starttime="20220706 17:19:03.270" endtime="20220706 17:19:03.270"/>
</kw>
<status status="PASS" starttime="20220706 17:19:03.267" endtime="20220706 17:19:03.270"/>
</kw>
<kw name="Validar Status Code &quot;400&quot;" library="common" sourcename="Validar Status Code &quot;${statuscode}&quot;">
<kw name="Should Be True" library="BuiltIn">
<arg>${response.status_code} == ${statuscode}</arg>
<doc>Fails if the given condition is not true.</doc>
<status status="PASS" starttime="20220706 17:19:03.270" endtime="20220706 17:19:03.271"/>
</kw>
<status status="PASS" starttime="20220706 17:19:03.270" endtime="20220706 17:19:03.271"/>
</kw>
<kw name="Validar Se &quot;email&quot; Contem &quot;email deve ser um email válido&quot;" library="common" sourcename="Validar Se &quot;${chave}&quot; Contem &quot;${texto}&quot;">
<kw name="Should Contain" library="BuiltIn">
<arg>${response.json()["${chave}"]}</arg>
<arg>${texto}</arg>
<doc>Fails if ``container`` does not contain ``item`` one or more times.</doc>
<status status="PASS" starttime="20220706 17:19:03.271" endtime="20220706 17:19:03.272"/>
</kw>
<status status="PASS" starttime="20220706 17:19:03.271" endtime="20220706 17:19:03.272"/>
</kw>
<tag>POST</tag>
<tag>POST_usuario_invalido</tag>
<status status="PASS" starttime="20220706 17:19:03.265" endtime="20220706 17:19:03.272"/>
</test>
<test id="s1-t8" name="Cenário: POST Criar Usuario Sem Nome 400" line="63">
<kw name="Pegar Dados Usuarios Estatico &quot;user_sem_nome&quot;" library="usuarios_keywords" sourcename="Pegar Dados Usuarios Estatico &quot;${user}&quot;">
<kw name="Importar Json Estatico" library="common">
<var>${json}</var>
<arg>json_usuario.json</arg>
<kw name="Get File" library="OperatingSystem">
<var>${arquivo}</var>
<arg>${EXECDIR}/support/fixtures/statics/${nome_arquivo}</arg>
<doc>Returns the contents of a specified file.</doc>
<msg timestamp="20220706 17:19:03.273" level="INFO" html="true">Getting file '&lt;a href="file://D:\Coisas\Estudos\Compass\Robot_framework\support\fixtures\statics\json_usuario.json"&gt;D:\Coisas\Estudos\Compass\Robot_framework\support\fixtures\statics\json_usuario.json&lt;/a&gt;'.</msg>
<msg timestamp="20220706 17:19:03.273" level="INFO">${arquivo} = {
    "user_valido":{
        "nome": "Alberto Junior",
        "email": "betinho3@qa.com",
        "password": "teste123",
        "administrador": "true"
    },
    "user_invalido":{
        "nome":...</msg>
<status status="PASS" starttime="20220706 17:19:03.273" endtime="20220706 17:19:03.273"/>
</kw>
<kw name="Evaluate" library="BuiltIn">
<var>${data}</var>
<arg>json.loads('''${arquivo}''')</arg>
<arg>json</arg>
<doc>Evaluates the given expression in Python and returns the result.</doc>
<msg timestamp="20220706 17:19:03.273" level="INFO">${data} = {'user_valido': {'nome': 'Alberto Junior', 'email': 'betinho3@qa.com', 'password': 'teste123', 'administrador': 'true'}, 'user_invalido': {'nome': 'Roberto Pente', 'email': 'ribhif.com.br', 'password'...</msg>
<status status="PASS" starttime="20220706 17:19:03.273" endtime="20220706 17:19:03.273"/>
</kw>
<msg timestamp="20220706 17:19:03.274" level="INFO">${json} = {'user_valido': {'nome': 'Alberto Junior', 'email': 'betinho3@qa.com', 'password': 'teste123', 'administrador': 'true'}, 'user_invalido': {'nome': 'Roberto Pente', 'email': 'ribhif.com.br', 'password'...</msg>
<status status="PASS" starttime="20220706 17:19:03.273" endtime="20220706 17:19:03.274"/>
</kw>
<kw name="Set Variable" library="BuiltIn">
<var>${payload}</var>
<arg>${json["${user}"]}</arg>
<doc>Returns the given values which can then be assigned to a variables.</doc>
<msg timestamp="20220706 17:19:03.274" level="INFO">${payload} = {'nome': '', 'email': 'lorena123@qa.com', 'password': 'teste', 'administrador': 'true'}</msg>
<status status="PASS" starttime="20220706 17:19:03.274" endtime="20220706 17:19:03.274"/>
</kw>
<kw name="Log To Console" library="BuiltIn">
<arg>${payload}</arg>
<doc>Logs the given message to the console.</doc>
<status status="PASS" starttime="20220706 17:19:03.274" endtime="20220706 17:19:03.274"/>
</kw>
<kw name="Set Global Variable" library="BuiltIn">
<arg>${payload}</arg>
<doc>Makes a variable available globally in all tests and suites.</doc>
<msg timestamp="20220706 17:19:03.274" level="INFO">${payload} = {'nome': '', 'email': 'lorena123@qa.com', 'password': 'teste', 'administrador': 'true'}</msg>
<status status="PASS" starttime="20220706 17:19:03.274" endtime="20220706 17:19:03.274"/>
</kw>
<status status="PASS" starttime="20220706 17:19:03.272" endtime="20220706 17:19:03.274"/>
</kw>
<kw name="POST Endpoint /usuarios" library="usuarios_keywords">
<kw name="POST On Session" library="RequestsLibrary">
<var>${response}</var>
<arg>serverest</arg>
<arg>/usuarios</arg>
<arg>data=&amp;{payload}</arg>
<arg>expected_status=any</arg>
<doc>Sends a POST request on a previously created HTTP Session.</doc>
<msg timestamp="20220706 17:19:03.276" level="INFO">POST Request : url=http://localhost:3000/usuarios 
 path_url=/usuarios 
 headers={'User-Agent': 'python-requests/2.28.0', 'Accept-Encoding': 'gzip, deflate', 'Accept': '*/*', 'Connection': 'keep-alive', 'Content-Length': '64', 'Content-Type': 'application/x-www-form-urlencoded'} 
 body=nome=&amp;email=lorena123%40qa.com&amp;password=teste&amp;administrador=true 
 </msg>
<msg timestamp="20220706 17:19:03.276" level="INFO">POST Response : url=http://localhost:3000/usuarios 
 status=400, reason=Bad Request 
 headers={'Access-Control-Allow-Origin': '*', 'x-dns-prefetch-control': 'off', 'x-frame-options': 'SAMEORIGIN', 'strict-transport-security': 'max-age=15552000; includeSubDomains', 'x-download-options': 'noopen', 'x-content-type-options': 'nosniff', 'x-xss-protection': '1; mode=block', 'x-moesif-transaction-id': '52389e0d-c6df-4413-8134-9a7e56d2ca9e', 'Content-Type': 'application/json; charset=utf-8', 'Content-Length': '48', 'Date': 'Wed, 06 Jul 2022 20:19:03 GMT', 'Connection': 'keep-alive', 'Keep-Alive': 'timeout=5'} 
 body={
    "nome": "nome não pode ficar em branco"
} 
 </msg>
<msg timestamp="20220706 17:19:03.276" level="INFO">${response} = &lt;Response [400]&gt;</msg>
<status status="PASS" starttime="20220706 17:19:03.275" endtime="20220706 17:19:03.276"/>
</kw>
<kw name="Log To Console" library="BuiltIn">
<arg>Response: ${response.content}</arg>
<doc>Logs the given message to the console.</doc>
<status status="PASS" starttime="20220706 17:19:03.276" endtime="20220706 17:19:03.277"/>
</kw>
<kw name="Set Global Variable" library="BuiltIn">
<arg>${response}</arg>
<doc>Makes a variable available globally in all tests and suites.</doc>
<msg timestamp="20220706 17:19:03.277" level="INFO">${response} = &lt;Response [400]&gt;</msg>
<status status="PASS" starttime="20220706 17:19:03.277" endtime="20220706 17:19:03.277"/>
</kw>
<status status="PASS" starttime="20220706 17:19:03.275" endtime="20220706 17:19:03.277"/>
</kw>
<kw name="Validar Status Code &quot;400&quot;" library="common" sourcename="Validar Status Code &quot;${statuscode}&quot;">
<kw name="Should Be True" library="BuiltIn">
<arg>${response.status_code} == ${statuscode}</arg>
<doc>Fails if the given condition is not true.</doc>
<status status="PASS" starttime="20220706 17:19:03.277" endtime="20220706 17:19:03.278"/>
</kw>
<status status="PASS" starttime="20220706 17:19:03.277" endtime="20220706 17:19:03.278"/>
</kw>
<kw name="Validar Se &quot;nome&quot; Contem &quot;nome não pode ficar em branco&quot;" library="common" sourcename="Validar Se &quot;${chave}&quot; Contem &quot;${texto}&quot;">
<kw name="Should Contain" library="BuiltIn">
<arg>${response.json()["${chave}"]}</arg>
<arg>${texto}</arg>
<doc>Fails if ``container`` does not contain ``item`` one or more times.</doc>
<status status="PASS" starttime="20220706 17:19:03.278" endtime="20220706 17:19:03.278"/>
</kw>
<status status="PASS" starttime="20220706 17:19:03.278" endtime="20220706 17:19:03.278"/>
</kw>
<tag>POST</tag>
<tag>POST_usuario_sem_nome</tag>
<status status="PASS" starttime="20220706 17:19:03.272" endtime="20220706 17:19:03.279"/>
</test>
<test id="s1-t9" name="Cenário: POST Criar Usuario Sem Email 400" line="70">
<kw name="Pegar Dados Usuarios Estatico &quot;user_sem_email&quot;" library="usuarios_keywords" sourcename="Pegar Dados Usuarios Estatico &quot;${user}&quot;">
<kw name="Importar Json Estatico" library="common">
<var>${json}</var>
<arg>json_usuario.json</arg>
<kw name="Get File" library="OperatingSystem">
<var>${arquivo}</var>
<arg>${EXECDIR}/support/fixtures/statics/${nome_arquivo}</arg>
<doc>Returns the contents of a specified file.</doc>
<msg timestamp="20220706 17:19:03.280" level="INFO" html="true">Getting file '&lt;a href="file://D:\Coisas\Estudos\Compass\Robot_framework\support\fixtures\statics\json_usuario.json"&gt;D:\Coisas\Estudos\Compass\Robot_framework\support\fixtures\statics\json_usuario.json&lt;/a&gt;'.</msg>
<msg timestamp="20220706 17:19:03.280" level="INFO">${arquivo} = {
    "user_valido":{
        "nome": "Alberto Junior",
        "email": "betinho3@qa.com",
        "password": "teste123",
        "administrador": "true"
    },
    "user_invalido":{
        "nome":...</msg>
<status status="PASS" starttime="20220706 17:19:03.279" endtime="20220706 17:19:03.280"/>
</kw>
<kw name="Evaluate" library="BuiltIn">
<var>${data}</var>
<arg>json.loads('''${arquivo}''')</arg>
<arg>json</arg>
<doc>Evaluates the given expression in Python and returns the result.</doc>
<msg timestamp="20220706 17:19:03.280" level="INFO">${data} = {'user_valido': {'nome': 'Alberto Junior', 'email': 'betinho3@qa.com', 'password': 'teste123', 'administrador': 'true'}, 'user_invalido': {'nome': 'Roberto Pente', 'email': 'ribhif.com.br', 'password'...</msg>
<status status="PASS" starttime="20220706 17:19:03.280" endtime="20220706 17:19:03.280"/>
</kw>
<msg timestamp="20220706 17:19:03.280" level="INFO">${json} = {'user_valido': {'nome': 'Alberto Junior', 'email': 'betinho3@qa.com', 'password': 'teste123', 'administrador': 'true'}, 'user_invalido': {'nome': 'Roberto Pente', 'email': 'ribhif.com.br', 'password'...</msg>
<status status="PASS" starttime="20220706 17:19:03.279" endtime="20220706 17:19:03.280"/>
</kw>
<kw name="Set Variable" library="BuiltIn">
<var>${payload}</var>
<arg>${json["${user}"]}</arg>
<doc>Returns the given values which can then be assigned to a variables.</doc>
<msg timestamp="20220706 17:19:03.280" level="INFO">${payload} = {'nome': 'Coutinho', 'email': '', 'password': 'couto123', 'administrador': 'true'}</msg>
<status status="PASS" starttime="20220706 17:19:03.280" endtime="20220706 17:19:03.281"/>
</kw>
<kw name="Log To Console" library="BuiltIn">
<arg>${payload}</arg>
<doc>Logs the given message to the console.</doc>
<status status="PASS" starttime="20220706 17:19:03.281" endtime="20220706 17:19:03.281"/>
</kw>
<kw name="Set Global Variable" library="BuiltIn">
<arg>${payload}</arg>
<doc>Makes a variable available globally in all tests and suites.</doc>
<msg timestamp="20220706 17:19:03.281" level="INFO">${payload} = {'nome': 'Coutinho', 'email': '', 'password': 'couto123', 'administrador': 'true'}</msg>
<status status="PASS" starttime="20220706 17:19:03.281" endtime="20220706 17:19:03.281"/>
</kw>
<status status="PASS" starttime="20220706 17:19:03.279" endtime="20220706 17:19:03.281"/>
</kw>
<kw name="POST Endpoint /usuarios" library="usuarios_keywords">
<kw name="POST On Session" library="RequestsLibrary">
<var>${response}</var>
<arg>serverest</arg>
<arg>/usuarios</arg>
<arg>data=&amp;{payload}</arg>
<arg>expected_status=any</arg>
<doc>Sends a POST request on a previously created HTTP Session.</doc>
<msg timestamp="20220706 17:19:03.283" level="INFO">POST Request : url=http://localhost:3000/usuarios 
 path_url=/usuarios 
 headers={'User-Agent': 'python-requests/2.28.0', 'Accept-Encoding': 'gzip, deflate', 'Accept': '*/*', 'Connection': 'keep-alive', 'Content-Length': '57', 'Content-Type': 'application/x-www-form-urlencoded'} 
 body=nome=Coutinho&amp;email=&amp;password=couto123&amp;administrador=true 
 </msg>
<msg timestamp="20220706 17:19:03.283" level="INFO">POST Response : url=http://localhost:3000/usuarios 
 status=400, reason=Bad Request 
 headers={'Access-Control-Allow-Origin': '*', 'x-dns-prefetch-control': 'off', 'x-frame-options': 'SAMEORIGIN', 'strict-transport-security': 'max-age=15552000; includeSubDomains', 'x-download-options': 'noopen', 'x-content-type-options': 'nosniff', 'x-xss-protection': '1; mode=block', 'x-moesif-transaction-id': '662fe26a-8bf4-4a8d-92ec-1b6d65f29671', 'Content-Type': 'application/json; charset=utf-8', 'Content-Length': '50', 'Date': 'Wed, 06 Jul 2022 20:19:03 GMT', 'Connection': 'keep-alive', 'Keep-Alive': 'timeout=5'} 
 body={
    "email": "email não pode ficar em branco"
} 
 </msg>
<msg timestamp="20220706 17:19:03.283" level="INFO">${response} = &lt;Response [400]&gt;</msg>
<status status="PASS" starttime="20220706 17:19:03.281" endtime="20220706 17:19:03.283"/>
</kw>
<kw name="Log To Console" library="BuiltIn">
<arg>Response: ${response.content}</arg>
<doc>Logs the given message to the console.</doc>
<status status="PASS" starttime="20220706 17:19:03.283" endtime="20220706 17:19:03.283"/>
</kw>
<kw name="Set Global Variable" library="BuiltIn">
<arg>${response}</arg>
<doc>Makes a variable available globally in all tests and suites.</doc>
<msg timestamp="20220706 17:19:03.283" level="INFO">${response} = &lt;Response [400]&gt;</msg>
<status status="PASS" starttime="20220706 17:19:03.283" endtime="20220706 17:19:03.283"/>
</kw>
<status status="PASS" starttime="20220706 17:19:03.281" endtime="20220706 17:19:03.283"/>
</kw>
<kw name="Validar Status Code &quot;400&quot;" library="common" sourcename="Validar Status Code &quot;${statuscode}&quot;">
<kw name="Should Be True" library="BuiltIn">
<arg>${response.status_code} == ${statuscode}</arg>
<doc>Fails if the given condition is not true.</doc>
<status status="PASS" starttime="20220706 17:19:03.284" endtime="20220706 17:19:03.284"/>
</kw>
<status status="PASS" starttime="20220706 17:19:03.283" endtime="20220706 17:19:03.284"/>
</kw>
<kw name="Validar Se &quot;email&quot; Contem &quot;email não pode ficar em branco&quot;" library="common" sourcename="Validar Se &quot;${chave}&quot; Contem &quot;${texto}&quot;">
<kw name="Should Contain" library="BuiltIn">
<arg>${response.json()["${chave}"]}</arg>
<arg>${texto}</arg>
<doc>Fails if ``container`` does not contain ``item`` one or more times.</doc>
<status status="PASS" starttime="20220706 17:19:03.285" endtime="20220706 17:19:03.285"/>
</kw>
<status status="PASS" starttime="20220706 17:19:03.284" endtime="20220706 17:19:03.285"/>
</kw>
<tag>POST</tag>
<tag>POST_usuario_sem_email</tag>
<status status="PASS" starttime="20220706 17:19:03.279" endtime="20220706 17:19:03.285"/>
</test>
<test id="s1-t10" name="Cenário: POST Criar Usuario Sem Senha 400" line="77">
<kw name="Pegar Dados Usuarios Estatico &quot;user_sem_senha&quot;" library="usuarios_keywords" sourcename="Pegar Dados Usuarios Estatico &quot;${user}&quot;">
<kw name="Importar Json Estatico" library="common">
<var>${json}</var>
<arg>json_usuario.json</arg>
<kw name="Get File" library="OperatingSystem">
<var>${arquivo}</var>
<arg>${EXECDIR}/support/fixtures/statics/${nome_arquivo}</arg>
<doc>Returns the contents of a specified file.</doc>
<msg timestamp="20220706 17:19:03.286" level="INFO" html="true">Getting file '&lt;a href="file://D:\Coisas\Estudos\Compass\Robot_framework\support\fixtures\statics\json_usuario.json"&gt;D:\Coisas\Estudos\Compass\Robot_framework\support\fixtures\statics\json_usuario.json&lt;/a&gt;'.</msg>
<msg timestamp="20220706 17:19:03.286" level="INFO">${arquivo} = {
    "user_valido":{
        "nome": "Alberto Junior",
        "email": "betinho3@qa.com",
        "password": "teste123",
        "administrador": "true"
    },
    "user_invalido":{
        "nome":...</msg>
<status status="PASS" starttime="20220706 17:19:03.286" endtime="20220706 17:19:03.286"/>
</kw>
<kw name="Evaluate" library="BuiltIn">
<var>${data}</var>
<arg>json.loads('''${arquivo}''')</arg>
<arg>json</arg>
<doc>Evaluates the given expression in Python and returns the result.</doc>
<msg timestamp="20220706 17:19:03.287" level="INFO">${data} = {'user_valido': {'nome': 'Alberto Junior', 'email': 'betinho3@qa.com', 'password': 'teste123', 'administrador': 'true'}, 'user_invalido': {'nome': 'Roberto Pente', 'email': 'ribhif.com.br', 'password'...</msg>
<status status="PASS" starttime="20220706 17:19:03.286" endtime="20220706 17:19:03.287"/>
</kw>
<msg timestamp="20220706 17:19:03.287" level="INFO">${json} = {'user_valido': {'nome': 'Alberto Junior', 'email': 'betinho3@qa.com', 'password': 'teste123', 'administrador': 'true'}, 'user_invalido': {'nome': 'Roberto Pente', 'email': 'ribhif.com.br', 'password'...</msg>
<status status="PASS" starttime="20220706 17:19:03.286" endtime="20220706 17:19:03.287"/>
</kw>
<kw name="Set Variable" library="BuiltIn">
<var>${payload}</var>
<arg>${json["${user}"]}</arg>
[...]
            "_id": "IZwqoy15uk1nRURw"
        },
        {
            "nome": "Deborah Smith",
            "email": "wsimpson@example.net",
            "password": "+84St",
            "administrador": "true",
            "_id": "JAIfQc9Y7jdd1VOj"
        },
        {
            "nome": "Neymaru",
            "email": "fulano@qa.com.br",
            "password": "+2Ce8",
            "administrador": "true",
            "_id": "JJAwZmD0BGmmOavI"
        },
        {
            "nome": "Cazé",
            "email": "timothy39@example.net",
            "password": "+1AiH",
            "administrador": "false",
            "_id": "LBNTveEpMboFxKLp"
        },
        {
            "nome": "Sophia",
            "email": "Sophia_@qa.com",
            "password": "teste",
            "administrador": "false",
            "_id": "MypbABXqyjIiWamv"
        },
        {
            "nome": "William Carey",
            "email": "smithlisa@example.com",
            "password": "d^4Xm",
            "administrador": "true",
            "_id": "OdJ5yswAKeDh0RvI"
        },
        {
            "nome": "Bryan Larson",
            "email": "agilbert@example.org",
            "password": "$F3Tz",
            "administrador": "true",
            "_id": "PPw4iR5jZnVlE8UD"
        },
        {
            "nome": "Elizabeth Romero",
            "email": "leblanccassie@example.net",
            "password": "(*4Ud",
            "administrador": "true",
            "_id": "Qib9oETBywJ1LWNS"
        },
        {
            "nome": "Cody Adams",
            "email": "tbaker@example.net",
            "password": "teste",
            "administrador": "true",
            "_id": "RPUBl1zNkQBwYilz"
        },
        {
            "nome": "Brett Lewis",
            "email": "hamptondarryl@example.com",
            "password": "teste",
            "administrador": "true",
            "_id": "RfCSZupicTZLyPHv"
        },
        {
            "nome": "Jennifer Williams",
            "email": "probinson@example.org",
            "password": "*3Yfl",
            "administrador": "true",
            "_id": "TI7ypbgonQUp5Ki9"
        },
        {
            "nome": "John Gregory",
            "email": "zsmith@example.net",
            "password": "teste",
            "administrador": "true",
            "_id": "TqmKjbcOPAxIk2TX"
        },
        {
            "nome": "Nicholas Singleton",
            "email": "gilmorelisa@example.org",
            "password": "teste",
            "administrador": "true",
            "_id": "Tz7VCr34EdGeTrMl"
        },
        {
            "nome": "Ryan Nelson",
            "email": "armstrongrita@example.org",
            "password": "teste",
            "administrador": "true",
            "_id": "ViliyyDZ5Wb5DUqI"
        },
        {
            "nome": "Charles Miles",
            "email": "julie74@example.net",
            "password": "teste",
            "administrador": "true",
            "_id": "YQaC6QQN3u5EkHiJ"
        },
        {
            "nome": "Wendy Ponce",
            "email": "xelliott@example.com",
            "password": "!F6Dm",
            "administrador": "true",
            "_id": "Z3ONAABtVcA6CUKX"
        },
        {
            "nome": "Yvette Young",
            "email": "ronaldinh9@qa.com.br",
            "password": "teste123",
            "administrador": "true",
            "_id": "ZBvcyIXYSEKQq9f9"
        },
        {
            "nome": "Jesus Butler",
            "email": "roysmith@example.com",
            "password": ")5B9u",
            "administrador": "true",
            "_id": "aI3a0u0wTf9S82Rt"
        },
        {
            "nome": "Danielle Frank",
            "email": "bryan90@example.org",
            "password": "%9Ija",
            "administrador": "true",
            "_id": "cH9igOkRlSKajqik"
        },
        {
            "nome": "Miss Michelle Villarreal",
            "email": "margaretkelly@example.com",
            "password": "N*0Ae",
            "administrador": "true",
            "_id": "d15FCfFp3a6ssvFn"
        },
        {
            "nome": "Joseph Ryan",
            "email": "roger38@example.org",
            "password": "$3NlS",
            "administrador": "true",
            "_id": "dKX9A9YWjknh6GBX"
        },
        {
            "nome": "Brittany Lara",
            "email": "stevensstephanie@example.com",
            "password": "teste",
            "administrador": "true",
            "_id": "fLnW3WziOY4hT6y4"
        },
        {
            "nome": "Kristen Holder",
            "email": "jlee@example.com",
            "password": "#5JoO",
            "administrador": "true",
            "_id": "hDSbtXkhlLtTcEgF"
        },
        {
            "nome": "James Davis",
            "email": "sdaniel@example.net",
            "password": "teste",
            "administrador": "true",
            "_id": "hUz4jiSuQYWUy1GS"
        },
        {
            "nome": "Robert Collins",
            "email": "walshryan@example.net",
            "password": "teste",
            "administrador": "true",
            "_id": "lvfhDVcRgVBVBEfz"
        },
        {
            "nome": "Richard Gomes",
            "email": "richard_@qa.com",
            "password": "teste123",
            "administrador": "true",
            "_id": "m42DKtadITK7v6Kb"
        },
        {
            "nome": "Sophia Light",
            "email": "Sophia123@qa.com.br",
            "password": "(e1Ww",
            "administrador": "false",
            "_id": "mIHZzFvClk19pLM7"
        },
        {
            "nome": "Chris Aguirre",
            "email": "omaldonado@example.net",
            "password": "teste",
            "administrador": "false",
            "_id": "nefiiMwOLD3kT24D"
        },
        {
            "nome": "Kenneth Smith",
            "email": "toddjones@example.com",
            "password": "+0Pll",
            "administrador": "true",
            "_id": "oCwRwCVrDfLFbt7M"
        },
        {
            "nome": "Amy Rivera",
            "email": "james22@example.org",
            "password": "teste",
            "administrador": "true",
            "_id": "qWR0ri4oJCzJeTCo"
        },
        {
            "nome": "Frank Castillo",... (set the log level to DEBUG or TRACE to see the full content) 
 </msg>
<msg timestamp="20220706 17:19:03.464" level="INFO">${response} = &lt;Response [200]&gt;</msg>
<status status="PASS" starttime="20220706 17:19:03.462" endtime="20220706 17:19:03.464"/>
</kw>
<kw name="Evaluate" library="BuiltIn">
<var>${numbers}</var>
<arg>random.sample(range(1, ${response.json()["quantidade"]}),1)</arg>
<arg>random</arg>
<doc>Evaluates the given expression in Python and returns the result.</doc>
<msg timestamp="20220706 17:19:03.465" level="INFO">${numbers} = [57]</msg>
<status status="PASS" starttime="20220706 17:19:03.464" endtime="20220706 17:19:03.465"/>
</kw>
<kw name="Set Variable" library="BuiltIn">
<var>${id_usuario}</var>
<arg>${response.json()["usuarios"][${numbers}[0]]["_id"]}</arg>
<doc>Returns the given values which can then be assigned to a variables.</doc>
<msg timestamp="20220706 17:19:03.465" level="INFO">${id_usuario} = zCoOc8eAQNnpB5Es</msg>
<status status="PASS" starttime="20220706 17:19:03.465" endtime="20220706 17:19:03.465"/>
</kw>
<kw name="Set Global Variable" library="BuiltIn">
<arg>${id_usuario}</arg>
<doc>Makes a variable available globally in all tests and suites.</doc>
<msg timestamp="20220706 17:19:03.465" level="INFO">${id_usuario} = zCoOc8eAQNnpB5Es</msg>
<status status="PASS" starttime="20220706 17:19:03.465" endtime="20220706 17:19:03.465"/>
</kw>
<kw name="Log To Console" library="BuiltIn">
<arg>${id_usuario}</arg>
<doc>Logs the given message to the console.</doc>
<status status="PASS" starttime="20220706 17:19:03.465" endtime="20220706 17:19:03.465"/>
</kw>
<status status="PASS" starttime="20220706 17:19:03.462" endtime="20220706 17:19:03.465"/>
</kw>
<kw name="GET Endpoint /usuarios por ID" library="usuarios_keywords">
<kw name="GET On Session" library="RequestsLibrary">
<var>${response}</var>
<arg>serverest</arg>
<arg>/usuarios/${id_usuario}</arg>
<arg>expected_status=any</arg>
<doc>Sends a GET request on a previously created HTTP Session.</doc>
<msg timestamp="20220706 17:19:03.467" level="INFO">GET Request : url=http://localhost:3000/usuarios/zCoOc8eAQNnpB5Es 
 path_url=/usuarios/zCoOc8eAQNnpB5Es 
 headers={'User-Agent': 'python-requests/2.28.0', 'Accept-Encoding': 'gzip, deflate', 'Accept': '*/*', 'Connection': 'keep-alive'} 
 body=None 
 </msg>
<msg timestamp="20220706 17:19:03.467" level="INFO">GET Response : url=http://localhost:3000/usuarios/zCoOc8eAQNnpB5Es 
 status=200, reason=OK 
 headers={'Access-Control-Allow-Origin': '*', 'x-dns-prefetch-control': 'off', 'x-frame-options': 'SAMEORIGIN', 'strict-transport-security': 'max-age=15552000; includeSubDomains', 'x-download-options': 'noopen', 'x-content-type-options': 'nosniff', 'x-xss-protection': '1; mode=block', 'x-moesif-transaction-id': 'b2635d29-754e-4f29-9a24-69b5acceecf6', 'Content-Type': 'application/json; charset=utf-8', 'Content-Length': '151', 'Date': 'Wed, 06 Jul 2022 20:19:03 GMT', 'Connection': 'keep-alive', 'Keep-Alive': 'timeout=5'} 
 body={
    "nome": "Carl Wallace",
    "email": "iharvey@example.org",
    "password": "teste",
    "administrador": "true",
    "_id": "zCoOc8eAQNnpB5Es"
} 
 </msg>
<msg timestamp="20220706 17:19:03.467" level="INFO">${response} = &lt;Response [200]&gt;</msg>
<status status="PASS" starttime="20220706 17:19:03.466" endtime="20220706 17:19:03.467"/>
</kw>
<kw name="Set Global Variable" library="BuiltIn">
<arg>${response}</arg>
<doc>Makes a variable available globally in all tests and suites.</doc>
<msg timestamp="20220706 17:19:03.467" level="INFO">${response} = &lt;Response [200]&gt;</msg>
<status status="PASS" starttime="20220706 17:19:03.467" endtime="20220706 17:19:03.467"/>
</kw>
<kw name="Log To Console" library="BuiltIn">
<arg>Response: ${response.content}</arg>
<doc>Logs the given message to the console.</doc>
<status status="PASS" starttime="20220706 17:19:03.467" endtime="20220706 17:19:03.468"/>
</kw>
<status status="PASS" starttime="20220706 17:19:03.466" endtime="20220706 17:19:03.468"/>
</kw>
<kw name="DELETE Endpoint /usuarios" library="usuarios_keywords">
<kw name="DELETE On Session" library="RequestsLibrary">
<var>${response}</var>
<arg>serverest</arg>
<arg>/usuarios/${id_usuario}</arg>
<arg>expected_status=any</arg>
<doc>Sends a DELETE request on a previously created HTTP Session.</doc>
<msg timestamp="20220706 17:19:03.470" level="INFO">DELETE Request : url=http://localhost:3000/usuarios/zCoOc8eAQNnpB5Es 
 path_url=/usuarios/zCoOc8eAQNnpB5Es 
 headers={'User-Agent': 'python-requests/2.28.0', 'Accept-Encoding': 'gzip, deflate', 'Accept': '*/*', 'Connection': 'keep-alive', 'Content-Length': '0'} 
 body=None 
 </msg>
<msg timestamp="20220706 17:19:03.470" level="INFO">DELETE Response : url=http://localhost:3000/usuarios/zCoOc8eAQNnpB5Es 
 status=200, reason=OK 
 headers={'Access-Control-Allow-Origin': '*', 'x-dns-prefetch-control': 'off', 'x-frame-options': 'SAMEORIGIN', 'strict-transport-security': 'max-age=15552000; includeSubDomains', 'x-download-options': 'noopen', 'x-content-type-options': 'nosniff', 'x-xss-protection': '1; mode=block', 'x-moesif-transaction-id': 'adf7c627-c3af-4ee1-b9c3-440ba9a8e5de', 'Content-Type': 'application/json; charset=utf-8', 'Content-Length': '51', 'Date': 'Wed, 06 Jul 2022 20:19:03 GMT', 'Connection': 'keep-alive', 'Keep-Alive': 'timeout=5'} 
 body={
    "message": "Registro excluído com sucesso"
} 
 </msg>
<msg timestamp="20220706 17:19:03.470" level="INFO">${response} = &lt;Response [200]&gt;</msg>
<status status="PASS" starttime="20220706 17:19:03.468" endtime="20220706 17:19:03.470"/>
</kw>
<kw name="Log To Console" library="BuiltIn">
<arg>Response: ${response.content}</arg>
<doc>Logs the given message to the console.</doc>
<status status="PASS" starttime="20220706 17:19:03.470" endtime="20220706 17:19:03.470"/>
</kw>
<kw name="Set Global Variable" library="BuiltIn">
<arg>${response}</arg>
<doc>Makes a variable available globally in all tests and suites.</doc>
<msg timestamp="20220706 17:19:03.471" level="INFO">${response} = &lt;Response [200]&gt;</msg>
<status status="PASS" starttime="20220706 17:19:03.470" endtime="20220706 17:19:03.471"/>
</kw>
<status status="PASS" starttime="20220706 17:19:03.468" endtime="20220706 17:19:03.471"/>
</kw>
<kw name="Validar Status Code &quot;200&quot;" library="common" sourcename="Validar Status Code &quot;${statuscode}&quot;">
<kw name="Should Be True" library="BuiltIn">
<arg>${response.status_code} == ${statuscode}</arg>
<doc>Fails if the given condition is not true.</doc>
<status status="PASS" starttime="20220706 17:19:03.471" endtime="20220706 17:19:03.472"/>
</kw>
<status status="PASS" starttime="20220706 17:19:03.471" endtime="20220706 17:19:03.472"/>
</kw>
<kw name="Validar Se &quot;message&quot; Contem &quot;Registro excluído com sucesso&quot;" library="common" sourcename="Validar Se &quot;${chave}&quot; Contem &quot;${texto}&quot;">
<kw name="Should Contain" library="BuiltIn">
<arg>${response.json()["${chave}"]}</arg>
<arg>${texto}</arg>
<doc>Fails if ``container`` does not contain ``item`` one or more times.</doc>
<status status="PASS" starttime="20220706 17:19:03.472" endtime="20220706 17:19:03.472"/>
</kw>
<status status="PASS" starttime="20220706 17:19:03.472" endtime="20220706 17:19:03.472"/>
</kw>
<tag>DELETE</tag>
<tag>DELETE_usuario</tag>
<status status="PASS" starttime="20220706 17:19:03.462" endtime="20220706 17:19:03.472"/>
</test>
<test id="s1-t26" name="Cenário: DELETE Não Encontrar Usuario 200" line="211">
<kw name="Definir ID Usuario &quot;IDinvalido&quot;" library="usuarios_keywords" sourcename="Definir ID Usuario &quot;${id_usuario}&quot;">
<kw name="Set Global Variable" library="BuiltIn">
<arg>${id_usuario}</arg>
<doc>Makes a variable available globally in all tests and suites.</doc>
<msg timestamp="20220706 17:19:03.473" level="INFO">${id_usuario} = IDinvalido</msg>
<status status="PASS" starttime="20220706 17:19:03.473" endtime="20220706 17:19:03.473"/>
</kw>
<status status="PASS" starttime="20220706 17:19:03.473" endtime="20220706 17:19:03.473"/>
</kw>
<kw name="DELETE Endpoint /usuarios" library="usuarios_keywords">
<kw name="DELETE On Session" library="RequestsLibrary">
<var>${response}</var>
<arg>serverest</arg>
<arg>/usuarios/${id_usuario}</arg>
<arg>expected_status=any</arg>
<doc>Sends a DELETE request on a previously created HTTP Session.</doc>
<msg timestamp="20220706 17:19:03.475" level="INFO">DELETE Request : url=http://localhost:3000/usuarios/IDinvalido 
 path_url=/usuarios/IDinvalido 
 headers={'User-Agent': 'python-requests/2.28.0', 'Accept-Encoding': 'gzip, deflate', 'Accept': '*/*', 'Connection': 'keep-alive', 'Content-Length': '0'} 
 body=None 
 </msg>
<msg timestamp="20220706 17:19:03.475" level="INFO">DELETE Response : url=http://localhost:3000/usuarios/IDinvalido 
 status=200, reason=OK 
 headers={'Access-Control-Allow-Origin': '*', 'x-dns-prefetch-control': 'off', 'x-frame-options': 'SAMEORIGIN', 'strict-transport-security': 'max-age=15552000; includeSubDomains', 'x-download-options': 'noopen', 'x-content-type-options': 'nosniff', 'x-xss-protection': '1; mode=block', 'x-moesif-transaction-id': '71c8360b-b209-4e23-88f4-db6f780daf2d', 'Content-Type': 'application/json; charset=utf-8', 'Content-Length': '46', 'Date': 'Wed, 06 Jul 2022 20:19:03 GMT', 'Connection': 'keep-alive', 'Keep-Alive': 'timeout=5'} 
 body={
    "message": "Nenhum registro excluído"
} 
 </msg>
<msg timestamp="20220706 17:19:03.475" level="INFO">${response} = &lt;Response [200]&gt;</msg>
<status status="PASS" starttime="20220706 17:19:03.474" endtime="20220706 17:19:03.475"/>
</kw>
<kw name="Log To Console" library="BuiltIn">
<arg>Response: ${response.content}</arg>
<doc>Logs the given message to the console.</doc>
<status status="PASS" starttime="20220706 17:19:03.475" endtime="20220706 17:19:03.476"/>
</kw>
<kw name="Set Global Variable" library="BuiltIn">
<arg>${response}</arg>
<doc>Makes a variable available globally in all tests and suites.</doc>
<msg timestamp="20220706 17:19:03.476" level="INFO">${response} = &lt;Response [200]&gt;</msg>
<status status="PASS" starttime="20220706 17:19:03.476" endtime="20220706 17:19:03.476"/>
</kw>
<status status="PASS" starttime="20220706 17:19:03.474" endtime="20220706 17:19:03.476"/>
</kw>
<kw name="Validar Status Code &quot;200&quot;" library="common" sourcename="Validar Status Code &quot;${statuscode}&quot;">
<kw name="Should Be True" library="BuiltIn">
<arg>${response.status_code} == ${statuscode}</arg>
<doc>Fails if the given condition is not true.</doc>
<status status="PASS" starttime="20220706 17:19:03.476" endtime="20220706 17:19:03.477"/>
</kw>
<status status="PASS" starttime="20220706 17:19:03.476" endtime="20220706 17:19:03.477"/>
</kw>
<kw name="Validar Se &quot;message&quot; Contem &quot;Nenhum registro excluído&quot;" library="common" sourcename="Validar Se &quot;${chave}&quot; Contem &quot;${texto}&quot;">
<kw name="Should Contain" library="BuiltIn">
<arg>${response.json()["${chave}"]}</arg>
<arg>${texto}</arg>
<doc>Fails if ``container`` does not contain ``item`` one or more times.</doc>
<status status="PASS" starttime="20220706 17:19:03.478" endtime="20220706 17:19:03.478"/>
</kw>
<status status="PASS" starttime="20220706 17:19:03.478" endtime="20220706 17:19:03.478"/>
</kw>
<tag>DELETE</tag>
<tag>DELETE_id_invalido</tag>
<status status="PASS" starttime="20220706 17:19:03.473" endtime="20220706 17:19:03.478"/>
</test>
<test id="s1-t27" name="Cenário: DELETE Usuario Com Carrinho 400" line="218">
<status status="FAIL" starttime="20220706 17:19:03.479" endtime="20220706 17:19:03.479">Test contains no keywords.</status>
</test>
<doc>Arquivo de Testes para o endpoint /usuarios</doc>
<status status="FAIL" starttime="20220706 17:19:02.884" endtime="20220706 17:19:03.479"/>
</suite>
<statistics>
<total>
<stat pass="26" fail="1" skip="0">All Tests</stat>
</total>
<tag>
<stat pass="2" fail="0" skip="0">DELETE</stat>
<stat pass="1" fail="0" skip="0">DELETE_id_invalido</stat>
<stat pass="1" fail="0" skip="0">DELETE_usuario</stat>
<stat pass="3" fail="0" skip="0">GET</stat>
<stat pass="1" fail="0" skip="0">GET_usuario_id</stat>
<stat pass="1" fail="0" skip="0">GET_usuario_id_invalido</stat>
<stat pass="1" fail="0" skip="0">GET_usuarios</stat>
<stat pass="8" fail="0" skip="0">POST</stat>
<stat pass="1" fail="0" skip="0">POST_cadastrar_dinamico</stat>
<stat pass="1" fail="0" skip="0">POST_criar_estatico</stat>
<stat pass="1" fail="0" skip="0">POST_usuario_adm_invalido</stat>
<stat pass="1" fail="0" skip="0">POST_usuario_email_usado</stat>
<stat pass="1" fail="0" skip="0">POST_usuario_invalido</stat>
<stat pass="1" fail="0" skip="0">POST_usuario_sem_email</stat>
<stat pass="1" fail="0" skip="0">POST_usuario_sem_nome</stat>
<stat pass="1" fail="0" skip="0">POST_usuario_sem_senha</stat>
<stat pass="11" fail="0" skip="0">PUT</stat>
<stat pass="1" fail="0" skip="0">PUT_adm_invalido</stat>
<stat pass="1" fail="0" skip="0">PUT_atualizar_adm_false</stat>
<stat pass="1" fail="0" skip="0">PUT_atualizar_adm_true</stat>
<stat pass="1" fail="0" skip="0">PUT_atualizar_email</stat>
<stat pass="1" fail="0" skip="0">PUT_atualizar_nome</stat>
<stat pass="1" fail="0" skip="0">PUT_atualizar_senha</stat>
<stat pass="1" fail="0" skip="0">PUT_criar_usuario</stat>
<stat pass="1" fail="0" skip="0">PUT_dados_invalidos PUT</stat>
<stat pass="1" fail="0" skip="0">PUT_editar_todos_dados</stat>
<stat pass="1" fail="0" skip="0">PUT_email_usado PUT</stat>
<stat pass="1" fail="0" skip="0">PUT_sem_email</stat>
<stat pass="1" fail="0" skip="0">PUT_sem_nome</stat>
<stat pass="1" fail="0" skip="0">PUT_sem_senha</stat>
</tag>
<suite>
<stat pass="26" fail="1" skip="0" id="s1" name="Usuarios Tests">Usuarios Tests</stat>
</suite>
</statistics>
<errors>
</errors>
</robot>
