<?xml version="1.0" encoding="UTF-8"?>
<robot generator="Robot 5.0.1 (Python 3.10.5 on win32)" generated="20220706 14:15:51.466" rpa="false" schemaversion="3">
<suite id="s1" name="Produtos Tests" source="D:\Coisas\Estudos\Compass\Robot_framework\tests\produtos_tests.robot">
<kw name="Criar Sessao" library="common" type="SETUP">
<kw name="Create Session" library="RequestsLibrary">
<arg>serverest</arg>
<arg>${BASE_URL}</arg>
<doc>Create Session: create a HTTP session to a server</doc>
<msg timestamp="20220706 14:15:51.774" level="INFO">Creating Session using : alias=serverest, url=http://localhost:3000, headers={},                     cookies={}, auth=None, timeout=None, proxies=None, verify=False,                     debug=0 </msg>
<status status="PASS" starttime="20220706 14:15:51.774" endtime="20220706 14:15:51.774"/>
</kw>
<status status="PASS" starttime="20220706 14:15:51.774" endtime="20220706 14:15:51.774"/>
</kw>
<test id="s1-t1" name="Cenário: GET Todos os Produtos 200" line="12">
<kw name="GET Endpoint /produtos" library="produtos_keywords">
<kw name="GET On Session" library="RequestsLibrary">
<var>${response}</var>
<arg>serverest</arg>
<arg>/produtos</arg>
<doc>Sends a GET request on a previously created HTTP Session.</doc>
<msg timestamp="20220706 14:15:51.780" level="INFO">GET Request : url=http://localhost:3000/produtos 
 path_url=/produtos 
 headers={'User-Agent': 'python-requests/2.28.0', 'Accept-Encoding': 'gzip, deflate', 'Accept': '*/*', 'Connection': 'keep-alive'} 
 body=None 
 </msg>
<msg timestamp="20220706 14:15:51.780" level="INFO">GET Response : url=http://localhost:3000/produtos 
 status=200, reason=OK 
 headers={'Access-Control-Allow-Origin': '*', 'x-dns-prefetch-control': 'off', 'x-frame-options': 'SAMEORIGIN', 'strict-transport-security': 'max-age=15552000; includeSubDomains', 'x-download-options': 'noopen', 'x-content-type-options': 'nosniff', 'x-xss-protection': '1; mode=block', 'x-moesif-transaction-id': '6d6ade7b-1f03-4927-96c2-246691674114', 'Content-Type': 'application/json; charset=utf-8', 'Content-Length': '24852', 'Date': 'Wed, 06 Jul 2022 17:15:51 GMT', 'Connection': 'keep-alive', 'Keep-Alive': 'timeout=5'} 
 body={
    "quantidade": 115,
    "produtos": [
        {
            "nome": "Magazine sound.",
            "preco": 403,
            "descricao": "Require you report. Give production must city.",
            "quantidade": 0,
            "_id": "0D79HwssDmuBQCSE"
        },
        {
            "nome": "Havit h2002d",
            "preco": 150,
            "descricao": "Headset",
            "quantidade": 55,
            "_id": "1B9DqRr8Mq5jwzrx"
        },
        {
            "nome": "sometimes",
            "preco": 395,
            "descricao": "Agreement reduce prepare matter fund.",
            "quantidade": 381,
            "_id": "24RBTgxxPtZT0hSZ"
        },
        {
            "nome": "Knowledge them.",
            "preco": 875,
            "descricao": "Middle activity reduce car realize Democrat those great.",
            "quantidade": 109,
            "_id": "2cIKX8x0dBjbt9Eh"
        },
        {
            "nome": "election",
            "preco": 1421,
            "descricao": "Door your green. Subject lawyer they finally.",
            "quantidade": 483,
            "_id": "2yGkkbESm7Ybd0Qg"
        },
        {
            "nome": "marriage",
            "preco": 1187,
            "descricao": "Appear town picture wall eye central.",
            "quantidade": 402,
            "_id": "4HRwrF3KS4G7F8dE"
        },
        {
            "nome": "Human why know.",
            "preco": 250,
            "descricao": "Table us down sport.",
            "quantidade": 0,
            "_id": "4QKhC2SD3nKX3MWI"
        },
        {
            "nome": "south",
            "preco": 1133,
            "descricao": "Must little cover arm pull necessary number skin.",
            "quantidade": 324,
            "_id": "4hPAz5dT6Lv0KFh9"
        },
        {
            "nome": "Specific.",
            "preco": 673,
            "descricao": "Candidate receive question play bar others.",
            "quantidade": 348,
            "_id": "5yIQnPhCWrZsWoPG"
        },
        {
            "nome": "RX 550",
            "preco": 638,
            "descricao": "Placa de video",
            "quantidade": 340,
            "_id": "6wBk53KzZx8OeFjm"
        },
        {
            "nome": "Realize result.",
            "preco": 833,
            "descricao": "Offer may radio future threat join sport.",
            "quantidade": 158,
            "_id": "7c52x33SBhE4ZfT8"
        },
        {
            "nome": "professional",
            "preco": 1359,
            "descricao": "Many quite so bag why from ground wind.",
            "quantidade": 29,
            "_id": "8aTzA2DN2Clfnkzx"
        },
        {
            "nome": "Whether dinner.",
            "preco": 1472,
            "descricao": "He market give represent.",
            "quantidade": 318,
            "_id": "A3i9iHcFVzzXjMK1"
        },
        {
            "nome": "Drug identify.",
            "preco": 200,
            "descricao": "Mouse gamer",
            "quantidade": 204,
            "_id": "BeeJh5lz3k6kSIzA"
        },
        {
            "nome": "Simple arrive.",
            "preco": 1238,
            "descricao": "Born put home exist itself boy detail. Ground laugh stuff.",
            "quantidade": 363,
            "_id": "CE8etO09D95CPFXO"
        },
        {
            "nome": "Real same or.",
            "preco": 949,
            "descricao": "Range everything shoulder draw unit. Couple various open.",
            "quantidade": 145,
            "_id": "CUTGeUqogMEBxLAm"
        },
        {
            "nome": "right",
            "preco": 971,
            "descricao": "Lay fall enough forward agree.",
            "quantidade": 86,
            "_id": "D4NM8uXvfhgnbapf"
        },
        {
            "nome": "Meet analysis.",
            "preco": 1122,
            "descricao": "Reflect laugh buy interesting purpose money.",
            "quantidade": 491,
            "_id": "DFDlshepoLpOd53e"
        },
        {
            "nome": "care",
            "preco": 1466,
            "descricao": "Camera behavior stay three party camera bag.",
            "quantidade": 211,
            "_id": "DPOK6D9AZYalBQzp"
        },
        {
            "nome": "time",
            "preco": 804,
            "descricao": "Area partner whatever gas represent wear today truth.",
            "quantidade": 419,
            "_id": "EcGwqDgOiKGKRUwz"
        },
        {
            "nome": "treat",
            "preco": 1426,
            "descricao": "Heavy student stop various these away. True director range.",
            "quantidade": 88,
            "_id": "F1eD4vBnGtitPNHG"
        },
        {
            "nome": "PM I their.",
            "preco": 736,
            "descricao": "Budget thus end break believe so more. Doctor off good.",
            "quantidade": 127,
            "_id": "Fnn2vXOqEUXZlLkz"
        },
        {
            "nome": "and",
            "preco": 685,
            "descricao": "Without task activity partner phone with real.",
            "quantidade": 477,
            "_id": "G5nvuuPGUTjs2x1c"
        },
        {
            "nome": "Because.",
            "preco": 362,
            "descricao": "Although law seem girl. Computer billion president do step.",
            "quantidade": 0,
            "_id": "HDaSuuL6TXExYXfM"
        },
        {
            "nome": "Her country.",
            "preco": 1129,
            "descricao": "Court couple star assume. Apply bar paper by could.",
            "quantidade": 281,
            "_id": "HSDdajAltbNqbmw0"
        },
        {
            "nome": "Maintain.",
            "preco": 575,
            "descricao": "Interesting pass any environment break admit.",
            "quantidade": 405,
            "_id": "HmXwTYBio1vYvGLg"
        },
        {
            "nome": "Develop.",
            "preco": 1412,
            "descricao": "Meet professional respond can next source foot.",
            "quantidade": 355,
            "_id": "ID8h3LZmeOV86LQl"
        },
        {
            "nome": "laugh",
            "preco": 196,
            "descricao": "Generation meeting about half teacher.",
            "quantidade": 474,
            "_id": "IIyjivZhignrK71G"
        },
        {
            "nome": "them",
            "preco": 1177,
            "descricao": "Game message international clear professor may large.",
            "quantidade": 247,
            "_id": "IQdvu8QgaHJp17AZ"
        },
        {
            "nome": "together",
            "preco": 1092,
            "descricao": "Receive heavy write yes turn center full stage.",
            "quantidade": 349,
            "_id": "JXhBLYKulSGUQyLU"
        },
        {
            "nome": "term",
            "preco": 240,
            "descricao": "Try use eat benefit. Read look cold across question.",
            "quantidade": 330,
            "_id": "JcuygouYdIpGq9Xt"
        },
        {
            "nome": "none",
            "preco": 815,
            "descricao": "Assume recognize anything chair only over.",
            "quantidade": 455,
            "_id": "Jiw6xVJLPSG7zWwx"
        },
        {
            "nome": "Plant involve.",
            "preco": 1317,
            "descricao": "TV",
            "quantidade": 363,
            "_id": "K6leHdftCeOJj8BJ"
        },
        {
            "nome": "Dog.",
            "preco": 399,
            "descricao": "Institution bank challenge team mother try gas garden.",
            "quantidade": 243,
            "_id": "KA1eAxgQ4Ru9Yqrz"
        },
        {
            "nome": "Other teach.",
            "preco": 199,
            "descricao": "Sister ground next defense later dream carry.",
            "quantidade": 0,
            "_id": "KVqCI82D6bG5enGR"
        },
        {
            "nome": "Water both.",
            "preco": 633,
            "descricao": "Us artist reflect agree left.",
            "quantidade": 107,
            "_id": "KidtQ1yytH2e2xZA"
        },
        {
            "nome": "eye",
            "preco": 671,
            "descricao": "Rest garden crime when. Student indeed surface charge.",
            "quantidade": 327,
            "_id": "LA9sUmDpI4LCQehP"
        },
        {
            "nome": "avoid",
            "preco": 940,
            "descricao": "Read bad hand perhaps capital especially.",
            "quantidade": 163,
            "_id": "M5duBb54GBLEopgP"
        },
        {
            "nome": "Theory.",
            "preco": 1244,
            "descricao": "Hair picture what too seat even.",
            "quantidade": 0,
            "_id": "MPwz7mLLw0Knz7j7"
        },
        {
            "nome": "Quite.",
            "preco": 32,
            "descricao": "Market serve great to note compare everything.",
            "quantidade": 168,
            "_id": "NfRXPDVVhHlNhjH2"
        },
        {
            "nome": "social",
            "preco": 1176,
            "descricao": "With training memory institution red floor memory or.",
            "quantidade": 121,
            "_id": "NhO7xNR7WpXwGrMs"
        },
        {
            "nome": "truth",
            "preco": 1076,
            "descricao": "Involve term could feel letter window.",
            "quantidade": 77,
            "_id": "NqX9a3y4Rykv0L3Z"
        },
        {
            "nome": "training",
            "preco": 1054,
            "descricao": "Care system win history.",
            "quantidade": 500,
            "_id": "OiIPUK5KkdDZU7hP"
        },
        {
            "nome": "her",
            "preco": 97,
            "descricao": "Feeling my left summer. Behavior find lot himself.",
            "quantidade": 6,
            "_id": "Pgxk1sRJRw9XJy0m"
        },
        {
            "nome": "reduce",
            "preco": 358,
            "descricao": "However wonder bank south blood owner.",
            "quantidade": 96,
            "_id": "PnvAzQFAXhTbUA9v"
        },
        {
            "nome": "firm",
            "preco": 592,
            "descricao": "American hospital music h... (set the log level to DEBUG or TRACE to see the full content) 
 </msg>
<msg timestamp="20220706 14:15:51.780" level="INFO">${response} = &lt;Response [200]&gt;</msg>
<status status="PASS" starttime="20220706 14:15:51.775" endtime="20220706 14:15:51.780"/>
</kw>
<kw name="Set Global Variable" library="BuiltIn">
<arg>${response}</arg>
<doc>Makes a variable available globally in all tests and suites.</doc>
<msg timestamp="20220706 14:15:51.780" level="INFO">${response} = &lt;Response [200]&gt;</msg>
<status status="PASS" starttime="20220706 14:15:51.780" endtime="20220706 14:15:51.780"/>
</kw>
<kw name="Log To Console" library="BuiltIn">
<arg>Response: ${response.content}</arg>
<doc>Logs the given message to the console.</doc>
<status status="PASS" starttime="20220706 14:15:51.781" endtime="20220706 14:15:51.785"/>
</kw>
<kw name="Log To Console" library="BuiltIn">
<arg>Quantidade: ${response.json()["quantidade"]}</arg>
<doc>Logs the given message to the console.</doc>
<status status="PASS" starttime="20220706 14:15:51.785" endtime="20220706 14:15:51.786"/>
</kw>
<status status="PASS" starttime="20220706 14:15:51.775" endtime="20220706 14:15:51.786"/>
</kw>
<kw name="Validar Status Code &quot;200&quot;" library="common" sourcename="Validar Status Code &quot;${statuscode}&quot;">
<kw name="Should Be True" library="BuiltIn">
<arg>${response.status_code} == ${statuscode}</arg>
<doc>Fails if the given condition is not true.</doc>
<status status="PASS" starttime="20220706 14:15:51.786" endtime="20220706 14:15:51.787"/>
</kw>
<status status="PASS" starttime="20220706 14:15:51.786" endtime="20220706 14:15:51.787"/>
</kw>
<tag>GET</tag>
<tag>GET_produtos</tag>
<status status="PASS" starttime="20220706 14:15:51.774" endtime="20220706 14:15:51.787"/>
</test>
<test id="s1-t2" name="Cenário: GET Produto Por ID 200" line="17">
<kw name="Coletar ID Produto Aleatorio" library="produtos_keywords">
<kw name="GET On Session" library="RequestsLibrary">
<var>${response}</var>
<arg>serverest</arg>
<arg>/produtos</arg>
<doc>Sends a GET request on a previously created HTTP Session.</doc>
<msg timestamp="20220706 14:15:51.789" level="INFO">GET Request : url=http://localhost:3000/produtos 
 path_url=/produtos 
 headers={'User-Agent': 'python-requests/2.28.0', 'Accept-Encoding': 'gzip, deflate', 'Accept': '*/*', 'Connection': 'keep-alive'} 
 body=None 
 </msg>
<msg timestamp="20220706 14:15:51.789" level="INFO">GET Response : url=http://localhost:3000/produtos 
 status=200, reason=OK 
 headers={'Access-Control-Allow-Origin': '*', 'x-dns-prefetch-control': 'off', 'x-frame-options': 'SAMEORIGIN', 'strict-transport-security': 'max-age=15552000; includeSubDomains', 'x-download-options': 'noopen', 'x-content-type-options': 'nosniff', 'x-xss-protection': '1; mode=block', 'x-moesif-transaction-id': 'fbed6ab5-c3b2-4572-a6f7-d617c23508de', 'Content-Type': 'application/json; charset=utf-8', 'Content-Length': '24852', 'Date': 'Wed, 06 Jul 2022 17:15:51 GMT', 'Connection': 'keep-alive', 'Keep-Alive': 'timeout=5'} 
 body={
    "quantidade": 115,
    "produtos": [
        {
            "nome": "Magazine sound.",
            "preco": 403,
            "descricao": "Require you report. Give production must city.",
            "quantidade": 0,
            "_id": "0D79HwssDmuBQCSE"
        },
        {
            "nome": "Havit h2002d",
            "preco": 150,
            "descricao": "Headset",
            "quantidade": 55,
            "_id": "1B9DqRr8Mq5jwzrx"
        },
        {
            "nome": "sometimes",
            "preco": 395,
            "descricao": "Agreement reduce prepare matter fund.",
            "quantidade": 381,
            "_id": "24RBTgxxPtZT0hSZ"
        },
        {
            "nome": "Knowledge them.",
            "preco": 875,
            "descricao": "Middle activity reduce car realize Democrat those great.",
            "quantidade": 109,
            "_id": "2cIKX8x0dBjbt9Eh"
        },
        {
            "nome": "election",
            "preco": 1421,
            "descricao": "Door your green. Subject lawyer they finally.",
            "quantidade": 483,
            "_id": "2yGkkbESm7Ybd0Qg"
        },
        {
            "nome": "marriage",
            "preco": 1187,
            "descricao": "Appear town picture wall eye central.",
            "quantidade": 402,
            "_id": "4HRwrF3KS4G7F8dE"
        },
        {
            "nome": "Human why know.",
            "preco": 250,
            "descricao": "Table us down sport.",
            "quantidade": 0,
            "_id": "4QKhC2SD3nKX3MWI"
        },
        {
            "nome": "south",
            "preco": 1133,
            "descricao": "Must little cover arm pull necessary number skin.",
            "quantidade": 324,
            "_id": "4hPAz5dT6Lv0KFh9"
        },
        {
            "nome": "Specific.",
            "preco": 673,
            "descricao": "Candidate receive question play bar others.",
            "quantidade": 348,
            "_id": "5yIQnPhCWrZsWoPG"
        },
        {
            "nome": "RX 550",
            "preco": 638,
            "descricao": "Placa de video",
            "quantidade": 340,
            "_id": "6wBk53KzZx8OeFjm"
        },
        {
            "nome": "Realize result.",
            "preco": 833,
            "descricao": "Offer may radio future threat join sport.",
            "quantidade": 158,
            "_id": "7c52x33SBhE4ZfT8"
        },
        {
            "nome": "professional",
            "preco": 1359,
            "descricao": "Many quite so bag why from ground wind.",
            "quantidade": 29,
            "_id": "8aTzA2DN2Clfnkzx"
        },
        {
            "nome": "Whether dinner.",
            "preco": 1472,
            "descricao": "He market give represent.",
            "quantidade": 318,
            "_id": "A3i9iHcFVzzXjMK1"
        },
        {
            "nome": "Drug identify.",
            "preco": 200,
            "descricao": "Mouse gamer",
            "quantidade": 204,
            "_id": "BeeJh5lz3k6kSIzA"
        },
        {
            "nome": "Simple arrive.",
            "preco": 1238,
            "descricao": "Born put home exist itself boy detail. Ground laugh stuff.",
            "quantidade": 363,
            "_id": "CE8etO09D95CPFXO"
        },
        {
            "nome": "Real same or.",
            "preco": 949,
            "descricao": "Range everything shoulder draw unit. Couple various open.",
            "quantidade": 145,
            "_id": "CUTGeUqogMEBxLAm"
        },
        {
            "nome": "right",
            "preco": 971,
            "descricao": "Lay fall enough forward agree.",
            "quantidade": 86,
            "_id": "D4NM8uXvfhgnbapf"
        },
        {
            "nome": "Meet analysis.",
            "preco": 1122,
            "descricao": "Reflect laugh buy interesting purpose money.",
            "quantidade": 491,
            "_id": "DFDlshepoLpOd53e"
        },
        {
            "nome": "care",
            "preco": 1466,
            "descricao": "Camera behavior stay three party camera bag.",
            "quantidade": 211,
            "_id": "DPOK6D9AZYalBQzp"
        },
        {
            "nome": "time",
            "preco": 804,
            "descricao": "Area partner whatever gas represent wear today truth.",
            "quantidade": 419,
            "_id": "EcGwqDgOiKGKRUwz"
        },
        {
            "nome": "treat",
            "preco": 1426,
            "descricao": "Heavy student stop various these away. True director range.",
            "quantidade": 88,
            "_id": "F1eD4vBnGtitPNHG"
        },
        {
            "nome": "PM I their.",
            "preco": 736,
            "descricao": "Budget thus end break believe so more. Doctor off good.",
            "quantidade": 127,
            "_id": "Fnn2vXOqEUXZlLkz"
        },
        {
            "nome": "and",
            "preco": 685,
            "descricao": "Without task activity partner phone with real.",
            "quantidade": 477,
            "_id": "G5nvuuPGUTjs2x1c"
        },
        {
            "nome": "Because.",
            "preco": 362,
            "descricao": "Although law seem girl. Computer billion president do step.",
            "quantidade": 0,
            "_id": "HDaSuuL6TXExYXfM"
        },
        {
            "nome": "Her country.",
            "preco": 1129,
            "descricao": "Court couple star assume. Apply bar paper by could.",
            "quantidade": 281,
            "_id": "HSDdajAltbNqbmw0"
        },
        {
            "nome": "Maintain.",
            "preco": 575,
            "descricao": "Interesting pass any environment break admit.",
            "quantidade": 405,
            "_id": "HmXwTYBio1vYvGLg"
        },
        {
            "nome": "Develop.",
            "preco": 1412,
            "descricao": "Meet professional respond can next source foot.",
            "quantidade": 355,
            "_id": "ID8h3LZmeOV86LQl"
        },
        {
            "nome": "laugh",
            "preco": 196,
            "descricao": "Generation meeting about half teacher.",
            "quantidade": 474,
            "_id": "IIyjivZhignrK71G"
        },
        {
            "nome": "them",
            "preco": 1177,
            "descricao": "Game message international clear professor may large.",
            "quantidade": 247,
            "_id": "IQdvu8QgaHJp17AZ"
        },
        {
            "nome": "together",
            "preco": 1092,
            "descricao": "Receive heavy write yes turn center full stage.",
            "quantidade": 349,
            "_id": "JXhBLYKulSGUQyLU"
        },
        {
            "nome": "term",
            "preco": 240,
            "descricao": "Try use eat benefit. Read look cold across question.",
            "quantidade": 330,
            "_id": "JcuygouYdIpGq9Xt"
        },
        {
            "nome": "none",
            "preco": 815,
            "descricao": "Assume recognize anything chair only over.",
            "quantidade": 455,
            "_id": "Jiw6xVJLPSG7zWwx"
        },
        {
            "nome": "Plant involve.",
            "preco": 1317,
            "descricao": "TV",
            "quantidade": 363,
            "_id": "K6leHdftCeOJj8BJ"
        },
        {
            "nome": "Dog.",
            "preco": 399,
            "descricao": "Institution bank challenge team mother try gas garden.",
            "quantidade": 243,
            "_id": "KA1eAxgQ4Ru9Yqrz"
        },
        {
            "nome": "Other teach.",
            "preco": 199,
            "descricao": "Sister ground next defense later dream carry.",
            "quantidade": 0,
            "_id": "KVqCI82D6bG5enGR"
        },
        {
            "nome": "Water both.",
            "preco": 633,
            "descricao": "Us artist reflect agree left.",
            "quantidade": 107,
            "_id": "KidtQ1yytH2e2xZA"
        },
        {
            "nome": "eye",
            "preco": 671,
            "descricao": "Rest garden crime when. Student indeed surface charge.",
            "quantidade": 327,
            "_id": "LA9sUmDpI4LCQehP"
        },
        {
            "nome": "avoid",
            "preco": 940,
            "descricao": "Read bad hand perhaps capital especially.",
            "quantidade": 163,
            "_id": "M5duBb54GBLEopgP"
        },
        {
            "nome": "Theory.",
            "preco": 1244,
            "descricao": "Hair picture what too seat even.",
            "quantidade": 0,
            "_id": "MPwz7mLLw0Knz7j7"
        },
        {
            "nome": "Quite.",
            "preco": 32,
            "descricao": "Market serve great to note compare everything.",
            "quantidade": 168,
            "_id": "NfRXPDVVhHlNhjH2"
        },
        {
            "nome": "social",
            "preco": 1176,
            "descricao": "With training memory institution red floor memory or.",
            "quantidade": 121,
            "_id": "NhO7xNR7WpXwGrMs"
        },
        {
            "nome": "truth",
            "preco": 1076,
            "descricao": "Involve term could feel letter window.",
            "quantidade": 77,
            "_id": "NqX9a3y4Rykv0L3Z"
        },
        {
            "nome": "training",
            "preco": 1054,
            "descricao": "Care system win history.",
            "quantidade": 500,
            "_id": "OiIPUK5KkdDZU7hP"
        },
        {
            "nome": "her",
            "preco": 97,
            "descricao": "Feeling my left summer. Behavior find lot himself.",
            "quantidade": 6,
            "_id": "Pgxk1sRJRw9XJy0m"
        },
        {
            "nome": "reduce",
            "preco": 358,
            "descricao": "However wonder bank south blood owner.",
            "quantidade": 96,
            "_id": "PnvAzQFAXhTbUA9v"
        },
        {
            "nome": "firm",
            "preco": 592,
            "descricao": "American hospital music h... (set the log level to DEBUG or TRACE to see the full content) 
 </msg>
<msg timestamp="20220706 14:15:51.789" level="INFO">${response} = &lt;Response [200]&gt;</msg>
<status status="PASS" starttime="20220706 14:15:51.788" endtime="20220706 14:15:51.789"/>
</kw>
<kw name="Evaluate" library="BuiltIn">
<var>${numbers}</var>
<arg>random.sample(range(1, ${response.json()["quantidade"]}),1)</arg>
<arg>random</arg>
<doc>Evaluates the given expression in Python and returns the result.</doc>
<msg timestamp="20220706 14:15:51.796" level="INFO">${numbers} = [113]</msg>
<status status="PASS" starttime="20220706 14:15:51.790" endtime="20220706 14:15:51.796"/>
</kw>
<kw name="Set Variable" library="BuiltIn">
<var>${id_produto}</var>
<arg>${response.json()["produtos"][${numbers}[0]]["_id"]}</arg>
<doc>Returns the given values which can then be assigned to a variables.</doc>
<msg timestamp="20220706 14:15:51.797" level="INFO">${id_produto} = zib3w4A2Mbt9S8Am</msg>
<status status="PASS" starttime="20220706 14:15:51.796" endtime="20220706 14:15:51.797"/>
</kw>
<kw name="Set Global Variable" library="BuiltIn">
<arg>${id_produto}</arg>
<doc>Makes a variable available globally in all tests and suites.</doc>
<msg timestamp="20220706 14:15:51.797" level="INFO">${id_produto} = zib3w4A2Mbt9S8Am</msg>
<status status="PASS" starttime="20220706 14:15:51.797" endtime="20220706 14:15:51.797"/>
</kw>
<status status="PASS" starttime="20220706 14:15:51.787" endtime="20220706 14:15:51.797"/>
</kw>
<kw name="GET Endpoint /produtos por ID" library="produtos_keywords">
<kw name="GET On Session" library="RequestsLibrary">
<var>${response}</var>
<arg>serverest</arg>
<arg>/produtos/${id_produto}</arg>
<arg>expected_status=any</arg>
<doc>Sends a GET request on a previously created HTTP Session.</doc>
<msg timestamp="20220706 14:15:51.799" level="INFO">GET Request : url=http://localhost:3000/produtos/zib3w4A2Mbt9S8Am 
 path_url=/produtos/zib3w4A2Mbt9S8Am 
 headers={'User-Agent': 'python-requests/2.28.0', 'Accept-Encoding': 'gzip, deflate', 'Accept': '*/*', 'Connection': 'keep-alive'} 
 body=None 
 </msg>
<msg timestamp="20220706 14:15:51.799" level="INFO">GET Response : url=http://localhost:3000/produtos/zib3w4A2Mbt9S8Am 
 status=200, reason=OK 
 headers={'Access-Control-Allow-Origin': '*', 'x-dns-prefetch-control': 'off', 'x-frame-options': 'SAMEORIGIN', 'strict-transport-security': 'max-age=15552000; includeSubDomains', 'x-download-options': 'noopen', 'x-content-type-options': 'nosniff', 'x-xss-protection': '1; mode=block', 'x-moesif-transaction-id': 'c812296c-f9f3-4291-ae51-3bb1004ec790', 'Content-Type': 'application/json; charset=utf-8', 'Content-Length': '154', 'Date': 'Wed, 06 Jul 2022 17:15:51 GMT', 'Connection': 'keep-alive', 'Keep-Alive': 'timeout=5'} 
 body={
    "nome": "Cover capital.",
    "preco": 886,
    "descricao": "One loss buy find fill result.",
    "quantidade": 92,
    "_id": "zib3w4A2Mbt9S8Am"
} 
 </msg>
<msg timestamp="20220706 14:15:51.799" level="INFO">${response} = &lt;Response [200]&gt;</msg>
<status status="PASS" starttime="20220706 14:15:51.797" endtime="20220706 14:15:51.799"/>
</kw>
<kw name="Set Global Variable" library="BuiltIn">
<arg>${response}</arg>
<doc>Makes a variable available globally in all tests and suites.</doc>
<msg timestamp="20220706 14:15:51.799" level="INFO">${response} = &lt;Response [200]&gt;</msg>
<status status="PASS" starttime="20220706 14:15:51.799" endtime="20220706 14:15:51.799"/>
</kw>
<kw name="Log To Console" library="BuiltIn">
<arg>Response: ${response.content}</arg>
<doc>Logs the given message to the console.</doc>
<status status="PASS" starttime="20220706 14:15:51.799" endtime="20220706 14:15:51.800"/>
</kw>
<status status="PASS" starttime="20220706 14:15:51.797" endtime="20220706 14:15:51.800"/>
</kw>
<kw name="Validar Status Code &quot;200&quot;" library="common" sourcename="Validar Status Code &quot;${statuscode}&quot;">
<kw name="Should Be True" library="BuiltIn">
<arg>${response.status_code} == ${statuscode}</arg>
<doc>Fails if the given condition is not true.</doc>
<status status="PASS" starttime="20220706 14:15:51.800" endtime="20220706 14:15:51.801"/>
</kw>
<status status="PASS" starttime="20220706 14:15:51.800" endtime="20220706 14:15:51.801"/>
</kw>
<tag>GET</tag>
<tag>GET_produto_id</tag>
<status status="PASS" starttime="20220706 14:15:51.787" endtime="20220706 14:15:51.801"/>
</test>
<test id="s1-t3" name="Cenário: GET Não Encontrar Produto Por ID 400" line="23">
<kw name="Definir ID Produto &quot;34cnrt91y234&quot;" library="produtos_keywords" sourcename="Definir ID Produto &quot;${id_produto}&quot;">
<kw name="Set Global Variable" library="BuiltIn">
<arg>${id_produto}</arg>
<doc>Makes a variable available globally in all tests and suites.</doc>
<msg timestamp="20220706 14:15:51.802" level="INFO">${id_produto} = 34cnrt91y234</msg>
<status status="PASS" starttime="20220706 14:15:51.802" endtime="20220706 14:15:51.802"/>
</kw>
<status status="PASS" starttime="20220706 14:15:51.801" endtime="20220706 14:15:51.802"/>
</kw>
<kw name="GET Endpoint /produtos por ID" library="produtos_keywords">
<kw name="GET On Session" library="RequestsLibrary">
<var>${response}</var>
<arg>serverest</arg>
<arg>/produtos/${id_produto}</arg>
<arg>expected_status=any</arg>
<doc>Sends a GET request on a previously created HTTP Session.</doc>
<msg timestamp="20220706 14:15:51.803" level="INFO">GET Request : url=http://localhost:3000/produtos/34cnrt91y234 
 path_url=/produtos/34cnrt91y234 
 headers={'User-Agent': 'python-requests/2.28.0', 'Accept-Encoding': 'gzip, deflate', 'Accept': '*/*', 'Connection': 'keep-alive'} 
 body=None 
 </msg>
<msg timestamp="20220706 14:15:51.803" level="INFO">GET Response : url=http://localhost:3000/produtos/34cnrt91y234 
 status=400, reason=Bad Request 
 headers={'Access-Control-Allow-Origin': '*', 'x-dns-prefetch-control': 'off', 'x-frame-options': 'SAMEORIGIN', 'strict-transport-security': 'max-age=15552000; includeSubDomains', 'x-download-options': 'noopen', 'x-content-type-options': 'nosniff', 'x-xss-protection': '1; mode=block', 'x-moesif-transaction-id': '87aa605c-f9fa-45c7-b04a-fc399db87dd5', 'Content-Type': 'application/json; charset=utf-8', 'Content-Length': '44', 'Date': 'Wed, 06 Jul 2022 17:15:51 GMT', 'Connection': 'keep-alive', 'Keep-Alive': 'timeout=5'} 
 body={
    "message": "Produto não encontrado"
} 
 </msg>
<msg timestamp="20220706 14:15:51.804" level="INFO">${response} = &lt;Response [400]&gt;</msg>
<status status="PASS" starttime="20220706 14:15:51.802" endtime="20220706 14:15:51.804"/>
</kw>
<kw name="Set Global Variable" library="BuiltIn">
<arg>${response}</arg>
<doc>Makes a variable available globally in all tests and suites.</doc>
<msg timestamp="20220706 14:15:51.804" level="INFO">${response} = &lt;Response [400]&gt;</msg>
<status status="PASS" starttime="20220706 14:15:51.804" endtime="20220706 14:15:51.804"/>
</kw>
<kw name="Log To Console" library="BuiltIn">
<arg>Response: ${response.content}</arg>
<doc>Logs the given message to the console.</doc>
<status status="PASS" starttime="20220706 14:15:51.804" endtime="20220706 14:15:51.804"/>
</kw>
<status status="PASS" starttime="20220706 14:15:51.802" endtime="20220706 14:15:51.804"/>
</kw>
<kw name="Validar Status Code &quot;400&quot;" library="common" sourcename="Validar Status Code &quot;${statuscode}&quot;">
<kw name="Should Be True" library="BuiltIn">
<arg>${response.status_code} == ${statuscode}</arg>
<doc>Fails if the given condition is not true.</doc>
<status status="PASS" starttime="20220706 14:15:51.804" endtime="20220706 14:15:51.805"/>
</kw>
<status status="PASS" starttime="20220706 14:15:51.804" endtime="20220706 14:15:51.805"/>
</kw>
<kw name="Validar Se &quot;message&quot; Contem &quot;Produto não encontrado&quot;" library="common" sourcename="Validar Se &quot;${chave}&quot; Contem &quot;${texto}&quot;">
<kw name="Should Contain" library="BuiltIn">
<arg>${response.json()["${chave}"]}</arg>
<arg>${texto}</arg>
<doc>Fails if ``container`` does not contain ``item`` one or more times.</doc>
<status status="PASS" starttime="20220706 14:15:51.805" endtime="20220706 14:15:51.806"/>
</kw>
<status status="PASS" starttime="20220706 14:15:51.805" endtime="20220706 14:15:51.806"/>
</kw>
<tag>GET</tag>
<tag>GET_produto_id_invalido</tag>
<status status="PASS" starttime="20220706 14:15:51.801" endtime="20220706 14:15:51.806"/>
</test>
<test id="s1-t4" name="Cenário: POST Cadastrar Produtos 201" line="31">
<kw name="Fazer Login e Armazenar Token" library="common">
<kw name="POST Endpoint /login &quot;user_valido&quot;" library="common" sourcename="POST Endpoint /login &quot;${user}&quot;">
<kw name="Importar Json Estatico" library="common">
<var>${json}</var>
<arg>json_login.json</arg>
<kw name="Get File" library="OperatingSystem">
<var>${arquivo}</var>
<arg>${EXECDIR}/support/fixtures/statics/${nome_arquivo}</arg>
<doc>Returns the contents of a specified file.</doc>
<msg timestamp="20220706 14:15:51.807" level="INFO" html="true">Getting file '&lt;a href="file://D:\Coisas\Estudos\Compass\Robot_framework\support\fixtures\statics\json_login.json"&gt;D:\Coisas\Estudos\Compass\Robot_framework\support\fixtures\statics\json_login.json&lt;/a&gt;'.</msg>
<msg timestamp="20220706 14:15:51.807" level="INFO">${arquivo} = {
    "user_valido":{
        "email":"fulano@qa.com",
        "password":"teste"
    },
    "user_invalido":{
        "email":"email_inexistente@qa.com",
        "password":"1234"
    },
    "user_se...</msg>
<status status="PASS" starttime="20220706 14:15:51.807" endtime="20220706 14:15:51.807"/>
</kw>
<kw name="Evaluate" library="BuiltIn">
<var>${data}</var>
<arg>json.loads('''${arquivo}''')</arg>
<arg>json</arg>
<doc>Evaluates the given expression in Python and returns the result.</doc>
<msg timestamp="20220706 14:15:51.808" level="INFO">${data} = {'user_valido': {'email': 'fulano@qa.com', 'password': 'teste'}, 'user_invalido': {'email': 'email_inexistente@qa.com', 'password': '1234'}, 'user_sem_senha': {'email': 'fulano@qa.com', 'password': ''...</msg>
<status status="PASS" starttime="20220706 14:15:51.807" endtime="20220706 14:15:51.808"/>
</kw>
<msg timestamp="20220706 14:15:51.808" level="INFO">${json} = {'user_valido': {'email': 'fulano@qa.com', 'password': 'teste'}, 'user_invalido': {'email': 'email_inexistente@qa.com', 'password': '1234'}, 'user_sem_senha': {'email': 'fulano@qa.com', 'password': ''...</msg>
<status status="PASS" starttime="20220706 14:15:51.807" endtime="20220706 14:15:51.808"/>
</kw>
<kw name="Set Variable" library="BuiltIn">
<var>${payload}</var>
<arg>${json["${user}"]}</arg>
<doc>Returns the given values which can then be assigned to a variables.</doc>
<msg timestamp="20220706 14:15:51.808" level="INFO">${payload} = {'email': 'fulano@qa.com', 'password': 'teste'}</msg>
<status status="PASS" starttime="20220706 14:15:51.808" endtime="20220706 14:15:51.808"/>
</kw>
<kw name="POST On Session" library="RequestsLibrary">
<var>${response}</var>
<arg>serverest</arg>
<arg>/login</arg>
<arg>data=&amp;{payload}</arg>
<arg>expected_status=any</arg>
<doc>Sends a POST request on a previously created HTTP Session.</doc>
<msg timestamp="20220706 14:15:51.810" level="INFO">POST Request : url=http://localhost:3000/login 
 path_url=/login 
 headers={'User-Agent': 'python-requests/2.28.0', 'Accept-Encoding': 'gzip, deflate', 'Accept': '*/*', 'Connection': 'keep-alive', 'Content-Length': '36', 'Content-Type': 'application/x-www-form-urlencoded'} 
 body=email=fulano%40qa.com&amp;password=teste 
 </msg>
<msg timestamp="20220706 14:15:51.810" level="INFO">POST Response : url=http://localhost:3000/login 
 status=200, reason=OK 
 headers={'Access-Control-Allow-Origin': '*', 'x-dns-prefetch-control': 'off', 'x-frame-options': 'SAMEORIGIN', 'strict-transport-security': 'max-age=15552000; includeSubDomains', 'x-download-options': 'noopen', 'x-content-type-options': 'nosniff', 'x-xss-protection': '1; mode=block', 'x-moesif-transaction-id': '1534121d-18e8-4692-aa23-40e888cd2a25', 'Content-Type': 'application/json; charset=utf-8', 'Content-Length': '265', 'Date': 'Wed, 06 Jul 2022 17:15:51 GMT', 'Connection': 'keep-alive', 'Keep-Alive': 'timeout=5'} 
 body={
    "message": "Login realizado com sucesso",
    "authorization": "Bearer eyJhbGciOiJIUzI1NiIsInR5cCI6IkpXVCJ9.eyJlbWFpbCI6ImZ1bGFub0BxYS5jb20iLCJwYXNzd29yZCI6InRlc3RlIiwiaWF0IjoxNjU3MTI3NzUxLCJleHAiOjE2NTcxMjgzNTF9.HwotKZ7Exn4NaCpF4xpt769z0M4Wt6FoLpCpBhnKK5A"
} 
 </msg>
<msg timestamp="20220706 14:15:51.810" level="INFO">${response} = &lt;Response [200]&gt;</msg>
<status status="PASS" starttime="20220706 14:15:51.808" endtime="20220706 14:15:51.810"/>
</kw>
<kw name="Log To Console" library="BuiltIn">
<arg>Response: ${response.content}</arg>
<doc>Logs the given message to the console.</doc>
<status status="PASS" starttime="20220706 14:15:51.810" endtime="20220706 14:15:51.810"/>
</kw>
<kw name="Set Global Variable" library="BuiltIn">
<arg>${response}</arg>
<doc>Makes a variable available globally in all tests and suites.</doc>
<msg timestamp="20220706 14:15:51.811" level="INFO">${response} = &lt;Response [200]&gt;</msg>
<status status="PASS" starttime="20220706 14:15:51.810" endtime="20220706 14:15:51.811"/>
</kw>
<status status="PASS" starttime="20220706 14:15:51.807" endtime="20220706 14:15:51.811"/>
</kw>
<kw name="Validar ter Logado" library="common">
<kw name="Should Be Equal" library="BuiltIn">
<arg>${response.json()["message"]}</arg>
<arg>Login realizado com sucesso</arg>
<doc>Fails if the given objects are unequal.</doc>
<status status="PASS" starttime="20220706 14:15:51.811" endtime="20220706 14:15:51.811"/>
</kw>
<kw name="Should Not Be Empty" library="BuiltIn">
<arg>${response.json()["authorization"]}</arg>
<doc>Verifies that the given item is not empty.</doc>
<msg timestamp="20220706 14:15:51.811" level="INFO">Length is 192</msg>
<status status="PASS" starttime="20220706 14:15:51.811" endtime="20220706 14:15:51.811"/>
</kw>
<status status="PASS" starttime="20220706 14:15:51.811" endtime="20220706 14:15:51.811"/>
</kw>
<kw name="Set Variable" library="BuiltIn">
<var>${token_auth}</var>
<arg>${response.json()["authorization"]}</arg>
<doc>Returns the given values which can then be assigned to a variables.</doc>
<msg timestamp="20220706 14:15:51.812" level="INFO">${token_auth} = Bearer eyJhbGciOiJIUzI1NiIsInR5cCI6IkpXVCJ9.eyJlbWFpbCI6ImZ1bGFub0BxYS5jb20iLCJwYXNzd29yZCI6InRlc3RlIiwiaWF0IjoxNjU3MTI3NzUxLCJleHAiOjE2NTcxMjgzNTF9.HwotKZ7Exn4NaCpF4xpt769z0M4Wt6FoLpCpBhnKK5A</msg>
<status status="PASS" starttime="20220706 14:15:51.812" endtime="20220706 14:15:51.812"/>
</kw>
<kw name="Set Global Variable" library="BuiltIn">
<arg>${token_auth}</arg>
<doc>Makes a variable available globally in all tests and suites.</doc>
<msg timestamp="20220706 14:15:51.812" level="INFO">${token_auth} = Bearer eyJhbGciOiJIUzI1NiIsInR5cCI6IkpXVCJ9.eyJlbWFpbCI6ImZ1bGFub0BxYS5jb20iLCJwYXNzd29yZCI6InRlc3RlIiwiaWF0IjoxNjU3MTI3NzUxLCJleHAiOjE2NTcxMjgzNTF9.HwotKZ7Exn4NaCpF4xpt769z0M4Wt6FoLpCpBhnKK5A</msg>
<status status="PASS" starttime="20220706 14:15:51.812" endtime="20220706 14:15:51.812"/>
</kw>
<status status="PASS" starttime="20220706 14:15:51.806" endtime="20220706 14:15:51.812"/>
</kw>
<kw name="Criar Dados para Produto Dinamico Válido" library="dynamics">
<kw name="Text" library="FakerLibrary">
<var>${nome}</var>
<arg>max_nb_chars=15</arg>
<doc>Generate a text string.</doc>
<msg timestamp="20220706 14:15:51.813" level="INFO">${nome} = Lay thought.</msg>
<status status="PASS" starttime="20220706 14:15:51.812" endtime="20220706 14:15:51.813"/>
</kw>
<kw name="Random Int" library="FakerLibrary">
<var>${preco}</var>
<arg>min=20</arg>
<arg>max=1500</arg>
<doc>Generate a random integer between two integers ``min`` and ``max`` inclusive
while observing the provided ``step`` value.</doc>
<msg timestamp="20220706 14:15:51.813" level="INFO">${preco} = 420</msg>
<status status="PASS" starttime="20220706 14:15:51.813" endtime="20220706 14:15:51.813"/>
</kw>
<kw name="Text" library="FakerLibrary">
<var>${descricao}</var>
<arg>max_nb_chars=60</arg>
<doc>Generate a text string.</doc>
<msg timestamp="20220706 14:15:51.813" level="INFO">${descricao} = According by southern else natural tax everybody.</msg>
<status status="PASS" starttime="20220706 14:15:51.813" endtime="20220706 14:15:51.813"/>
</kw>
<kw name="Random Int" library="FakerLibrary">
<var>${quantidade}</var>
<arg>min=2</arg>
<arg>max=500</arg>
<doc>Generate a random integer between two integers ``min`` and ``max`` inclusive
while observing the provided ``step`` value.</doc>
<msg timestamp="20220706 14:15:51.813" level="INFO">${quantidade} = 175</msg>
<status status="PASS" starttime="20220706 14:15:51.813" endtime="20220706 14:15:51.813"/>
</kw>
<kw name="Create Dictionary" library="BuiltIn">
<var>${payload}</var>
<arg>nome=${nome}</arg>
<arg>preco=${preco}</arg>
<arg>descricao=${descricao}</arg>
<arg>quantidade=${quantidade}</arg>
<doc>Creates and returns a dictionary based on the given ``items``.</doc>
<msg timestamp="20220706 14:15:51.814" level="INFO">${payload} = {'nome': 'Lay thought.', 'preco': 420, 'descricao': 'According by southern else natural tax everybody.', 'quantidade': 175}</msg>
<status status="PASS" starttime="20220706 14:15:51.813" endtime="20220706 14:15:51.814"/>
</kw>
<kw name="Set Global Variable" library="BuiltIn">
<arg>${payload}</arg>
<doc>Makes a variable available globally in all tests and suites.</doc>
<msg timestamp="20220706 14:15:51.814" level="INFO">${payload} = {'nome': 'Lay thought.', 'preco': 420, 'descricao': 'According by southern else natural tax everybody.', 'quantidade': 175}</msg>
<status status="PASS" starttime="20220706 14:15:51.814" endtime="20220706 14:15:51.814"/>
</kw>
<status status="PASS" starttime="20220706 14:15:51.812" endtime="20220706 14:15:51.814"/>
</kw>
<kw name="POST Endpoint /produtos" library="produtos_keywords">
<kw name="Create Dictionary" library="BuiltIn">
<var>&amp;{header}</var>
<arg>Authorization=${token_auth}</arg>
<doc>Creates and returns a dictionary based on the given ``items``.</doc>
<msg timestamp="20220706 14:15:51.815" level="INFO">&amp;{header} = { Authorization=Bearer eyJhbGciOiJIUzI1NiIsInR5cCI6IkpXVCJ9.eyJlbWFpbCI6ImZ1bGFub0BxYS5jb20iLCJwYXNzd29yZCI6InRlc3RlIiwiaWF0IjoxNjU3MTI3NzUxLCJleHAiOjE2NTcxMjgzNTF9.HwotKZ7Exn4NaCpF4xpt769z0M4Wt6FoLpC...</msg>
<status status="PASS" starttime="20220706 14:15:51.815" endtime="20220706 14:15:51.815"/>
</kw>
<kw name="POST On Session" library="RequestsLibrary">
<var>${response}</var>
<arg>serverest</arg>
<arg>/produtos</arg>
<arg>data=&amp;{payload}</arg>
<arg>headers=${header}</arg>
<arg>expected_status=any</arg>
<doc>Sends a POST request on a previously created HTTP Session.</doc>
<msg timestamp="20220706 14:15:51.817" level="INFO">POST Request : url=http://localhost:3000/produtos 
 path_url=/produtos 
 headers={'User-Agent': 'python-requests/2.28.0', 'Accept-Encoding': 'gzip, deflate', 'Accept': '*/*', 'Connection': 'keep-alive', 'Authorization': 'Bearer eyJhbGciOiJIUzI1NiIsInR5cCI6IkpXVCJ9.eyJlbWFpbCI6ImZ1bGFub0BxYS5jb20iLCJwYXNzd29yZCI6InRlc3RlIiwiaWF0IjoxNjU3MTI3NzUxLCJleHAiOjE2NTcxMjgzNTF9.HwotKZ7Exn4NaCpF4xpt769z0M4Wt6FoLpCpBhnKK5A', 'Content-Length': '102', 'Content-Type': 'application/x-www-form-urlencoded'} 
 body=nome=Lay+thought.&amp;preco=420&amp;descricao=According+by+southern+else+natural+tax+everybody.&amp;quantidade=175 
 </msg>
<msg timestamp="20220706 14:15:51.818" level="INFO">POST Response : url=http://localhost:3000/produtos 
 status=201, reason=Created 
 headers={'Access-Control-Allow-Origin': '*', 'x-dns-prefetch-control': 'off', 'x-frame-options': 'SAMEORIGIN', 'strict-transport-security': 'max-age=15552000; includeSubDomains', 'x-download-options': 'noopen', 'x-content-type-options': 'nosniff', 'x-xss-protection': '1; mode=block', 'x-moesif-transaction-id': 'c820e685-daf6-4337-b252-ce8c2d2aebbb', 'Content-Type': 'application/json; charset=utf-8', 'Content-Length': '82', 'Date': 'Wed, 06 Jul 2022 17:15:51 GMT', 'Connection': 'keep-alive', 'Keep-Alive': 'timeout=5'} 
 body={
    "message": "Cadastro realizado com sucesso",
    "_id": "BiRP5HkGqA84376b"
} 
 </msg>
<msg timestamp="20220706 14:15:51.818" level="INFO">${response} = &lt;Response [201]&gt;</msg>
<status status="PASS" starttime="20220706 14:15:51.815" endtime="20220706 14:15:51.818"/>
</kw>
<kw name="Log To Console" library="BuiltIn">
<arg>${payload}</arg>
<doc>Logs the given message to the console.</doc>
<status status="PASS" starttime="20220706 14:15:51.818" endtime="20220706 14:15:51.818"/>
</kw>
<kw name="Log To Console" library="BuiltIn">
<arg>Response: ${response.content}</arg>
<doc>Logs the given message to the console.</doc>
<status status="PASS" starttime="20220706 14:15:51.818" endtime="20220706 14:15:51.818"/>
</kw>
<kw name="Set Global Variable" library="BuiltIn">
<arg>${response}</arg>
<doc>Makes a variable available globally in all tests and suites.</doc>
<msg timestamp="20220706 14:15:51.819" level="INFO">${response} = &lt;Response [201]&gt;</msg>
<status status="PASS" starttime="20220706 14:15:51.818" endtime="20220706 14:15:51.819"/>
</kw>
<status status="PASS" starttime="20220706 14:15:51.815" endtime="20220706 14:15:51.819"/>
</kw>
<kw name="Validar Status Code &quot;201&quot;" library="common" sourcename="Validar Status Code &quot;${statuscode}&quot;">
<kw name="Should Be True" library="BuiltIn">
<arg>${response.status_code} == ${statuscode}</arg>
<doc>Fails if the given condition is not true.</doc>
<status status="PASS" starttime="20220706 14:15:51.819" endtime="20220706 14:15:51.819"/>
</kw>
<status status="PASS" starttime="20220706 14:15:51.819" endtime="20220706 14:15:51.820"/>
</kw>
<kw name="Validar Se &quot;message&quot; Contem &quot;Cadastro realizado com sucesso&quot;" library="common" sourcename="Validar Se &quot;${chave}&quot; Contem &quot;${texto}&quot;">
<kw name="Should Contain" library="BuiltIn">
<arg>${response.json()["${chave}"]}</arg>
<arg>${texto}</arg>
<doc>Fails if ``container`` does not contain ``item`` one or more times.</doc>
<status status="PASS" starttime="20220706 14:15:51.820" endtime="20220706 14:15:51.820"/>
</kw>
<status status="PASS" starttime="20220706 14:15:51.820" endtime="20220706 14:15:51.820"/>
</kw>
<kw name="Validar Alguma Resposta Vazia &quot;_id&quot;" library="common" sourcename="Validar Alguma Resposta Vazia &quot;${espaco}&quot;">
<kw name="Should Not Be Empty" library="BuiltIn">
<arg>${response.json()["${espaco}"]}</arg>
<doc>Verifies that the given item is not empty.</doc>
<msg timestamp="20220706 14:15:51.821" level="INFO">Length is 16</msg>
<status status="PASS" starttime="20220706 14:15:51.820" endtime="20220706 14:15:51.821"/>
</kw>
<status status="PASS" starttime="20220706 14:15:51.820" endtime="20220706 14:15:51.821"/>
</kw>
<tag>POST</tag>
<tag>POST_cadastrar_dinamico</tag>
<status status="PASS" starttime="20220706 14:15:51.806" endtime="20220706 14:15:51.821"/>
</test>
<test id="s1-t5" name="Cenário: POST Cadastrar Produto Já Existente 400" line="40">
<kw name="Fazer Login e Armazenar Token" library="common">
<kw name="POST Endpoint /login &quot;user_valido&quot;" library="common" sourcename="POST Endpoint /login &quot;${user}&quot;">
<kw name="Importar Json Estatico" library="common">
<var>${json}</var>
<arg>json_login.json</arg>
<kw name="Get File" library="OperatingSystem">
<var>${arquivo}</var>
<arg>${EXECDIR}/support/fixtures/statics/${nome_arquivo}</arg>
<doc>Returns the contents of a specified file.</doc>
<msg timestamp="20220706 14:15:51.822" level="INFO" html="true">Getting file '&lt;a href="file://D:\Coisas\Estudos\Compass\Robot_framework\support\fixtures\statics\json_login.json"&gt;D:\Coisas\Estudos\Compass\Robot_framework\support\fixtures\statics\json_login.json&lt;/a&gt;'.</msg>
<msg timestamp="20220706 14:15:51.822" level="INFO">${arquivo} = {
    "user_valido":{
        "email":"fulano@qa.com",
        "password":"teste"
    },
    "user_invalido":{
        "email":"email_inexistente@qa.com",
        "password":"1234"
    },
    "user_se...</msg>
<status status="PASS" starttime="20220706 14:15:51.822" endtime="20220706 14:15:51.822"/>
</kw>
<kw name="Evaluate" library="BuiltIn">
<var>${data}</var>
<arg>json.loads('''${arquivo}''')</arg>
<arg>json</arg>
<doc>Evaluates the given expression in Python and returns the result.</doc>
<msg timestamp="20220706 14:15:51.823" level="INFO">${data} = {'user_valido': {'email': 'fulano@qa.com', 'password': 'teste'}, 'user_invalido': {'email': 'email_inexistente@qa.com', 'password': '1234'}, 'user_sem_senha': {'email': 'fulano@qa.com', 'password': ''...</msg>
<status status="PASS" starttime="20220706 14:15:51.822" endtime="20220706 14:15:51.823"/>
</kw>
<msg timestamp="20220706 14:15:51.823" level="INFO">${json} = {'user_valido': {'email': 'fulano@qa.com', 'password': 'teste'}, 'user_invalido': {'email': 'email_inexistente@qa.com', 'password': '1234'}, 'user_sem_senha': {'email': 'fulano@qa.com', 'password': ''...</msg>
<status status="PASS" starttime="20220706 14:15:51.822" endtime="20220706 14:15:51.823"/>
</kw>
<kw name="Set Variable" library="BuiltIn">
<var>${payload}</var>
<arg>${json["${user}"]}</arg>
<doc>Returns the given values which can then be assigned to a variables.</doc>
<msg timestamp="20220706 14:15:51.823" level="INFO">${payload} = {'email': 'fulano@qa.com', 'password': 'teste'}</msg>
<status status="PASS" starttime="20220706 14:15:51.823" endtime="20220706 14:15:51.823"/>
</kw>
<kw name="POST On Session" library="RequestsLibrary">
<var>${response}</var>
<arg>serverest</arg>
<arg>/login</arg>
<arg>data=&amp;{payload}</arg>
<arg>expected_status=any</arg>
<doc>Sends a POST request on a previously created HTTP Session.</doc>
<msg timestamp="20220706 14:15:51.825" level="INFO">POST Request : url=http://localhost:3000/login 
 path_url=/login 
 headers={'User-Agent': 'python-requests/2.28.0', 'Accept-Encoding': 'gzip, deflate', 'Accept': '*/*', 'Connection': 'keep-alive', 'Content-Length': '36', 'Content-Type': 'application/x-www-form-urlencoded'} 
 body=email=fulano%40qa.com&amp;password=teste 
 </msg>
<msg timestamp="20220706 14:15:51.825" level="INFO">POST Response : url=http://localhost:3000/login 
 status=200, reason=OK 
 headers={'Access-Control-Allow-Origin': '*', 'x-dns-prefetch-control': 'off', 'x-frame-options': 'SAMEORIGIN', 'strict-transport-security': 'max-age=15552000; includeSubDomains', 'x-download-options': 'noopen', 'x-content-type-options': 'nosniff', 'x-xss-protection': '1; mode=block', 'x-moesif-transaction-id': '368e0581-d041-40bd-9b7d-1776c41f602e', 'Content-Type': 'application/json; charset=utf-8', 'Content-Length': '265', 'Date': 'Wed, 06 Jul 2022 17:15:51 GMT', 'Connection': 'keep-alive', 'Keep-Alive': 'timeout=5'} 
 body={
    "message": "Login realizado com sucesso",
    "authorization": "Bearer eyJhbGciOiJIUzI1NiIsInR5cCI6IkpXVCJ9.eyJlbWFpbCI6ImZ1bGFub0BxYS5jb20iLCJwYXNzd29yZCI6InRlc3RlIiwiaWF0IjoxNjU3MTI3NzUxLCJleHAiOjE2NTcxMjgzNTF9.HwotKZ7Exn4NaCpF4xpt769z0M4Wt6FoLpCpBhnKK5A"
} 
 </msg>
<msg timestamp="20220706 14:15:51.825" level="INFO">${response} = &lt;Response [200]&gt;</msg>
<status status="PASS" starttime="20220706 14:15:51.823" endtime="20220706 14:15:51.825"/>
</kw>
<kw name="Log To Console" library="BuiltIn">
<arg>Response: ${response.content}</arg>
<doc>Logs the given message to the console.</doc>
<status status="PASS" starttime="20220706 14:15:51.825" endtime="20220706 14:15:51.825"/>
</kw>
<kw name="Set Global Variable" library="BuiltIn">
<arg>${response}</arg>
<doc>Makes a variable available globally in all tests and suites.</doc>
<msg timestamp="20220706 14:15:51.825" level="INFO">${response} = &lt;Response [200]&gt;</msg>
<status status="PASS" starttime="20220706 14:15:51.825" endtime="20220706 14:15:51.825"/>
</kw>
<status status="PASS" starttime="20220706 14:15:51.822" endtime="20220706 14:15:51.825"/>
</kw>
<kw name="Validar ter Logado" library="common">
<kw name="Should Be Equal" library="BuiltIn">
<arg>${response.json()["message"]}</arg>
<arg>Login realizado com sucesso</arg>
<doc>Fails if the given objects are unequal.</doc>
<status status="PASS" starttime="20220706 14:15:51.826" endtime="20220706 14:15:51.826"/>
</kw>
<kw name="Should Not Be Empty" library="BuiltIn">
<arg>${response.json()["authorization"]}</arg>
<doc>Verifies that the given item is not empty.</doc>
<msg timestamp="20220706 14:15:51.826" level="INFO">Length is 192</msg>
<status status="PASS" starttime="20220706 14:15:51.826" endtime="20220706 14:15:51.826"/>
</kw>
<status status="PASS" starttime="20220706 14:15:51.825" endtime="20220706 14:15:51.826"/>
</kw>
<kw name="Set Variable" library="BuiltIn">
<var>${token_auth}</var>
<arg>${response.json()["authorization"]}</arg>
<doc>Returns the given values which can then be assigned to a variables.</doc>
<msg timestamp="20220706 14:15:51.827" level="INFO">${token_auth} = Bearer eyJhbGciOiJIUzI1NiIsInR5cCI6IkpXVCJ9.eyJlbWFpbCI6ImZ1bGFub0BxYS5jb20iLCJwYXNzd29yZCI6InRlc3RlIiwiaWF0IjoxNjU3MTI3NzUxLCJleHAiOjE2NTcxMjgzNTF9.HwotKZ7Exn4NaCpF4xpt769z0M4Wt6FoLpCpBhnKK5A</msg>
<status status="PASS" starttime="20220706 14:15:51.826" endtime="20220706 14:15:51.827"/>
</kw>
<kw name="Set Global Variable" library="BuiltIn">
<arg>${token_auth}</arg>
<doc>Makes a variable available globally in all tests and suites.</doc>
<msg timestamp="20220706 14:15:51.827" level="INFO">${token_auth} = Bearer eyJhbGciOiJIUzI1NiIsInR5cCI6IkpXVCJ9.eyJlbWFpbCI6ImZ1bGFub0BxYS5jb20iLCJwYXNzd29yZCI6InRlc3RlIiwiaWF0IjoxNjU3MTI3NzUxLCJleHAiOjE2NTcxMjgzNTF9.HwotKZ7Exn4NaCpF4xpt769z0M4Wt6FoLpCpBhnKK5A</msg>
<status status="PASS" starttime="20220706 14:15:51.827" endtime="20220706 14:15:51.827"/>
</kw>
<status status="PASS" starttime="20220706 14:15:51.822" endtime="20220706 14:15:51.827"/>
</kw>
<kw name="Pegar Dados Produtos Estatico &quot;produto_repetido&quot;" library="produtos_keywords" sourcename="Pegar Dados Produtos Estatico &quot;${produto}&quot;">
<kw name="Importar Json Estatico" library="common">
<var>${json}</var>
<arg>json_produtos.json</arg>
<kw name="Get File" library="OperatingSystem">
<var>${arquivo}</var>
<arg>${EXECDIR}/support/fixtures/statics/${nome_arquivo}</arg>
<doc>Returns the contents of a specified file.</doc>
<msg timestamp="20220706 14:15:51.828" level="INFO" html="true">Getting file '&lt;a href="file://D:\Coisas\Estudos\Compass\Robot_framework\support\fixtures\statics\json_produtos.json"&gt;D:\Coisas\Estudos\Compass\Robot_framework\support\fixtures\statics\json_produtos.json&lt;/a&gt;'.</msg>
<msg timestamp="20220706 14:15:51.828" level="INFO">${arquivo} = {
    "produto_repetido":{
        "nome": "Logitech MX Vertical",
        "preco": 200,
        "descricao": "Mouse gamer",
        "quantidade": 204
    },
    "produto_sem_nome":{
        "nome": "...</msg>
<status status="PASS" starttime="20220706 14:15:51.828" endtime="20220706 14:15:51.828"/>
</kw>
<kw name="Evaluate" library="BuiltIn">
<var>${data}</var>
<arg>json.loads('''${arquivo}''')</arg>
<arg>json</arg>
<doc>Evaluates the given expression in Python and returns the result.</doc>
<msg timestamp="20220706 14:15:51.828" level="INFO">${data} = {'produto_repetido': {'nome': 'Logitech MX Vertical', 'preco': 200, 'descricao': 'Mouse gamer', 'quantidade': 204}, 'produto_sem_nome': {'nome': '', 'preco': 470, 'descricao': 'Mouse', 'quantidade': 3...</msg>
<status status="PASS" starttime="20220706 14:15:51.828" endtime="20220706 14:15:51.828"/>
</kw>
<msg timestamp="20220706 14:15:51.828" level="INFO">${json} = {'produto_repetido': {'nome': 'Logitech MX Vertical', 'preco': 200, 'descricao': 'Mouse gamer', 'quantidade': 204}, 'produto_sem_nome': {'nome': '', 'preco': 470, 'descricao': 'Mouse', 'quantidade': 3...</msg>
<status status="PASS" starttime="20220706 14:15:51.827" endtime="20220706 14:15:51.828"/>
</kw>
<kw name="Set Variable" library="BuiltIn">
<var>${payload}</var>
<arg>${json["${produto}"]}</arg>
<doc>Returns the given values which can then be assigned to a variables.</doc>
<msg timestamp="20220706 14:15:51.829" level="INFO">${payload} = {'nome': 'Logitech MX Vertical', 'preco': 200, 'descricao': 'Mouse gamer', 'quantidade': 204}</msg>
<status status="PASS" starttime="20220706 14:15:51.828" endtime="20220706 14:15:51.829"/>
</kw>
<kw name="Log To Console" library="BuiltIn">
<arg>${payload}</arg>
<doc>Logs the given message to the console.</doc>
<status status="PASS" starttime="20220706 14:15:51.829" endtime="20220706 14:15:51.829"/>
</kw>
<kw name="Set Global Variable" library="BuiltIn">
<arg>${payload}</arg>
<doc>Makes a variable available globally in all tests and suites.</doc>
<msg timestamp="20220706 14:15:51.829" level="INFO">${payload} = {'nome': 'Logitech MX Vertical', 'preco': 200, 'descricao': 'Mouse gamer', 'quantidade': 204}</msg>
<status status="PASS" starttime="20220706 14:15:51.829" endtime="20220706 14:15:51.829"/>
</kw>
<status status="PASS" starttime="20220706 14:15:51.827" endtime="20220706 14:15:51.829"/>
</kw>
<kw name="POST Endpoint /produtos" library="produtos_keywords">
<kw name="Create Dictionary" library="BuiltIn">
<var>&amp;{header}</var>
<arg>Authorization=${token_auth}</arg>
<doc>Creates and returns a dictionary based on the given ``items``.</doc>
<msg timestamp="20220706 14:15:51.830" level="INFO">&amp;{header} = { Authorization=Bearer eyJhbGciOiJIUzI1NiIsInR5cCI6IkpXVCJ9.eyJlbWFpbCI6ImZ1bGFub0BxYS5jb20iLCJwYXNzd29yZCI6InRlc3RlIiwiaWF0IjoxNjU3MTI3NzUxLCJleHAiOjE2NTcxMjgzNTF9.HwotKZ7Exn4NaCpF4xpt769z0M4Wt6FoLpC...</msg>
<status status="PASS" starttime="20220706 14:15:51.830" endtime="20220706 14:15:51.830"/>
</kw>
<kw name="POST On Session" library="RequestsLibrary">
<var>${response}</var>
<arg>serverest</arg>
<arg>/produtos</arg>
<arg>data=&amp;{payload}</arg>
<arg>headers=${header}</arg>
<arg>expected_status=any</arg>
<doc>Sends a POST request on a previously created HTTP Session.</doc>
<msg timestamp="20220706 14:15:51.832" level="INFO">POST Request : url=http://localhost:3000/produtos 
 path_url=/produtos 
 headers={'User-Agent': 'python-requests/2.28.0', 'Accept-Encoding': 'gzip, deflate', 'Accept': '*/*', 'Connection': 'keep-alive', 'Authorization': 'Bearer eyJhbGciOiJIUzI1NiIsInR5cCI6IkpXVCJ9.eyJlbWFpbCI6ImZ1bGFub0BxYS5jb20iLCJwYXNzd29yZCI6InRlc3RlIiwiaWF0IjoxNjU3MTI3NzUxLCJleHAiOjE2NTcxMjgzNTF9.HwotKZ7Exn4NaCpF4xpt769z0M4Wt6FoLpCpBhnKK5A', 'Content-Length': '72', 'Content-Type': 'application/x-www-form-urlencoded'} 
 body=nome=Logitech+MX+Vertical&amp;preco=200&amp;descricao=Mouse+gamer&amp;quantidade=204 
 </msg>
<msg timestamp="20220706 14:15:51.832" level="INFO">POST Response : url=http://localhost:3000/produtos 
 status=400, reason=Bad Request 
 headers={'Access-Control-Allow-Origin': '*', 'x-dns-prefetch-control': 'off', 'x-frame-options': 'SAMEORIGIN', 'strict-transport-security': 'max-age=15552000; includeSubDomains', 'x-download-options': 'noopen', 'x-content-type-options': 'nosniff', 'x-xss-protection': '1; mode=block', 'x-moesif-transaction-id': 'a3ad7e73-293e-44fe-9a43-1d713516611b', 'Content-Type': 'application/json; charset=utf-8', 'Content-Length': '53', 'Date': 'Wed, 06 Jul 2022 17:15:51 GMT', 'Connection': 'keep-alive', 'Keep-Alive': 'timeout=5'} 
 body={
    "message": "Já existe produto com esse nome"
} 
 </msg>
<msg timestamp="20220706 14:15:51.832" level="INFO">${response} = &lt;Response [400]&gt;</msg>
<status status="PASS" starttime="20220706 14:15:51.830" endtime="20220706 14:15:51.832"/>
</kw>
<kw name="Log To Console" library="BuiltIn">
<arg>${payload}</arg>
<doc>Logs the given message to the console.</doc>
<status status="PASS" starttime="20220706 14:15:51.832" endtime="20220706 14:15:51.832"/>
</kw>
<kw name="Log To Console" library="BuiltIn">
<arg>Response: ${response.content}</arg>
<doc>Logs the given message to the console.</doc>
<status status="PASS" starttime="20220706 14:15:51.833" endtime="20220706 14:15:51.833"/>
</kw>
<kw name="Set Global Variable" library="BuiltIn">
<arg>${response}</arg>
<doc>Makes a variable available globally in all tests and suites.</doc>
<msg timestamp="20220706 14:15:51.833" level="INFO">${response} = &lt;Response [400]&gt;</msg>
<status status="PASS" starttime="20220706 14:15:51.833" endtime="20220706 14:15:51.833"/>
</kw>
<status status="PASS" starttime="20220706 14:15:51.830" endtime="20220706 14:15:51.833"/>
</kw>
<kw name="Validar Status Code &quot;400&quot;" library="common" sourcename="Validar Status Code &quot;${statuscode}&quot;">
<kw name="Should Be True" library="BuiltIn">
<arg>${response.status_code} == ${statuscode}</arg>
<doc>Fails if the given condition is not true.</doc>
<status status="PASS" starttime="20220706 14:15:51.833" endtime="20220706 14:15:51.834"/>
</kw>
<status status="PASS" starttime="20220706 14:15:51.833" endtime="20220706 14:15:51.834"/>
</kw>
<kw name="Validar Se &quot;message&quot; Contem &quot;Já existe produto com esse nome&quot;" library="common" sourcename="Validar Se &quot;${chave}&quot; Contem &quot;${texto}&quot;">
<kw name="Should Contain" library="BuiltIn">
<arg>${response.json()["${chave}"]}</arg>
<arg>${texto}</arg>
<doc>Fails if ``container`` does not contain ``item`` one or more times.</doc>
<status status="PASS" starttime="20220706 14:15:51.834" endtime="20220706 14:15:51.835"/>
</kw>
<status status="PASS" starttime="20220706 14:15:51.834" endtime="20220706 14:15:51.835"/>
</kw>
<tag>POST</tag>
<tag>POST_produto_ja_existente</tag>
<status status="PASS" starttime="20220706 14:15:51.821" endtime="20220706 14:15:51.835"/>
</test>
<test id="s1-t6" name="Cenário: POST Cadastrar Produto Com Token Inváilido 401" line="48">
<kw name="Criar Dados para Produto Dinamico Válido" library="dynamics">
<kw name="Text" library="FakerLibrary">
<var>${nome}</var>
<arg>max_nb_chars=15</arg>
<doc>Generate a text string.</doc>
<msg timestamp="20220706 14:15:51.836" level="INFO">${nome} = North option.</msg>
<status status="PASS" starttime="20220706 14:15:51.836" endtime="20220706 14:15:51.836"/>
</kw>
<kw name="Random Int" library="FakerLibrary">
<var>${preco}</var>
<arg>min=20</arg>
<arg>max=1500</arg>
<doc>Generate a random integer between two integers ``min`` and ``max`` inclusive
while observing the provided ``step`` value.</doc>
<msg timestamp="20220706 14:15:51.836" level="INFO">${preco} = 458</msg>
<status status="PASS" starttime="20220706 14:15:51.836" endtime="20220706 14:15:51.836"/>
</kw>
<kw name="Text" library="FakerLibrary">
<var>${descricao}</var>
<arg>max_nb_chars=60</arg>
<doc>Generate a text string.</doc>
<msg timestamp="20220706 14:15:51.836" level="INFO">${descricao} = Likely seven news economic instead bar account southern.</msg>
<status status="PASS" starttime="20220706 14:15:51.836" endtime="20220706 14:15:51.836"/>
</kw>
<kw name="Random Int" library="FakerLibrary">
<var>${quantidade}</var>
<arg>min=2</arg>
<arg>max=500</arg>
<doc>Generate a random integer between two integers ``min`` and ``max`` inclusive
while observing the provided ``step`` value.</doc>
<msg timestamp="20220706 14:15:51.836" level="INFO">${quantidade} = 161</msg>
<status status="PASS" starttime="20220706 14:15:51.836" endtime="20220706 14:15:51.836"/>
</kw>
<kw name="Create Dictionary" library="BuiltIn">
<var>${payload}</var>
<arg>nome=${nome}</arg>
<arg>preco=${preco}</arg>
<arg>descricao=${descricao}</arg>
<arg>quantidade=${quantidade}</arg>
<doc>Creates and returns a dictionary based on the given ``items``.</doc>
<msg timestamp="20220706 14:15:51.837" level="INFO">${payload} = {'nome': 'North option.', 'preco': 458, 'descricao': 'Likely seven news economic instead bar account southern.', 'quantidade': 161}</msg>
<status status="PASS" starttime="20220706 14:15:51.836" endtime="20220706 14:15:51.837"/>
</kw>
<kw name="Set Global Variable" library="BuiltIn">
<arg>${payload}</arg>
<doc>Makes a variable available globally in all tests and suites.</doc>
<msg timestamp="20220706 14:15:51.837" level="INFO">${payload} = {'nome': 'North option.', 'preco': 458, 'descricao': 'Likely seven news economic instead bar account southern.', 'quantidade': 161}</msg>
<status status="PASS" starttime="20220706 14:15:51.837" endtime="20220706 14:15:51.837"/>
</kw>
<status status="PASS" starttime="20220706 14:15:51.835" endtime="20220706 14:15:51.837"/>
</kw>
<kw name="Definir Token Invalido &quot;fhn23cn429n45c43tc&quot;" library="common" sourcename="Definir Token Invalido &quot;${token_auth}&quot;">
<kw name="Set Global Variable" library="BuiltIn">
<arg>${token_auth}</arg>
<doc>Makes a variable available globally in all tests and suites.</doc>
<msg timestamp="20220706 14:15:51.837" level="INFO">${token_auth} = fhn23cn429n45c43tc</msg>
<status status="PASS" starttime="20220706 14:15:51.837" endtime="20220706 14:15:51.837"/>
</kw>
<kw name="Log To Console" library="BuiltIn">
<arg>Token Inválido: ${token_auth}</arg>
<doc>Logs the given message to the console.</doc>
<status status="PASS" starttime="20220706 14:15:51.837" endtime="20220706 14:15:51.838"/>
</kw>
<status status="PASS" starttime="20220706 14:15:51.837" endtime="20220706 14:15:51.838"/>
</kw>
<kw name="POST Endpoint /produtos" library="produtos_keywords">
<kw name="Create Dictionary" library="BuiltIn">
<var>&amp;{header}</var>
<arg>Authorization=${token_auth}</arg>
<doc>Creates and returns a dictionary based on the given ``items``.</doc>
<msg timestamp="20220706 14:15:51.838" level="INFO">&amp;{header} = { Authorization=fhn23cn429n45c43tc }</msg>
<status status="PASS" starttime="20220706 14:15:51.838" endtime="20220706 14:15:51.838"/>
</kw>
<kw name="POST On Session" library="RequestsLibrary">
<var>${response}</var>
<arg>serverest</arg>
<arg>/produtos</arg>
<arg>data=&amp;{payload}</arg>
<arg>headers=${header}</arg>
<arg>expected_status=any</arg>
<doc>Sends a POST request on a previously created HTTP Session.</doc>
<msg timestamp="20220706 14:15:51.840" level="INFO">POST Request : url=http://localhost:3000/produtos 
 path_url=/produtos 
 headers={'User-Agent': 'python-requests/2.28.0', 'Accept-Encoding': 'gzip, deflate', 'Accept': '*/*', 'Connection': 'keep-alive', 'Authorization': 'fhn23cn429n45c43tc', 'Content-Length': '110', 'Content-Type': 'application/x-www-form-urlencoded'} 
 body=nome=North+option.&amp;preco=458&amp;descricao=Likely+seven+news+economic+instead+bar+account+southern.&amp;quantidade=161 
 </msg>
<msg timestamp="20220706 14:15:51.840" level="INFO">POST Response : url=http://localhost:3000/produtos 
 status=401, reason=Unauthorized 
 headers={'Access-Control-Allow-Origin': '*', 'x-dns-prefetch-control': 'off', 'x-frame-options': 'SAMEORIGIN', 'strict-transport-security': 'max-age=15552000; includeSubDomains', 'x-download-options': 'noopen', 'x-content-type-options': 'nosniff', 'x-xss-protection': '1; mode=block', 'x-moesif-transaction-id': 'bc2395ac-ac95-4332-8374-97190393cc46', 'Content-Type': 'application/json; charset=utf-8', 'Content-Length': '103', 'Date': 'Wed, 06 Jul 2022 17:15:51 GMT', 'Connection': 'keep-alive', 'Keep-Alive': 'timeout=5'} 
 body={
    "message": "Token de acesso ausente, inválido, expirado ou usuário do token não existe mais"
} 
 </msg>
<msg timestamp="20220706 14:15:51.840" level="INFO">${response} = &lt;Response [401]&gt;</msg>
<status status="PASS" starttime="20220706 14:15:51.838" endtime="20220706 14:15:51.840"/>
</kw>
<kw name="Log To Console" library="BuiltIn">
<arg>${payload}</arg>
<doc>Logs the given message to the console.</doc>
<status status="PASS" starttime="20220706 14:15:51.840" endtime="20220706 14:15:51.840"/>
</kw>
<kw name="Log To Console" library="BuiltIn">
<arg>Response: ${response.content}</arg>
<doc>Logs the given message to the console.</doc>
<status status="PASS" starttime="20220706 14:15:51.840" endtime="20220706 14:15:51.840"/>
</kw>
<kw name="Set Global Variable" library="BuiltIn">
<arg>${response}</arg>
<doc>Makes a variable available globally in all tests and suites.</doc>
<msg timestamp="20220706 14:15:51.841" level="INFO">${response} = &lt;Response [401]&gt;</msg>
<status status="PASS" starttime="20220706 14:15:51.840" endtime="20220706 14:15:51.841"/>
</kw>
<status status="PASS" starttime="20220706 14:15:51.838" endtime="20220706 14:15:51.841"/>
</kw>
<kw name="Validar Status Code &quot;401&quot;" library="common" sourcename="Validar Status Code &quot;${statuscode}&quot;">
<kw name="Should Be True" library="BuiltIn">
<arg>${response.status_code} == ${statuscode}</arg>
<doc>Fails if the given condition is not true.</doc>
<status status="PASS" starttime="20220706 14:15:51.841" endtime="20220706 14:15:51.842"/>
</kw>
<status status="PASS" starttime="20220706 14:15:51.841" endtime="20220706 14:15:51.842"/>
</kw>
<kw name="Validar Se &quot;message&quot; Contem &quot;Token de acesso ausente, inválido, expirado ou usuário do token não existe mais&quot;" library="common" sourcename="Validar Se &quot;${chave}&quot; Contem &quot;${texto}&quot;">
<kw name="Should Contain" library="BuiltIn">
<arg>${response.json()["${chave}"]}</arg>
<arg>${texto}</arg>
<doc>Fails if ``container`` does not contain ``item`` one or more times.</doc>
<status status="PASS" starttime="20220706 14:15:51.842" endtime="20220706 14:15:51.842"/>
</kw>
<status status="PASS" starttime="20220706 14:15:51.842" endtime="20220706 14:15:51.842"/>
</kw>
<tag>POST</tag>
<tag>POST_cadastrar_token_invalido</tag>
<status status="PASS" starttime="20220706 14:15:51.835" endtime="20220706 14:15:51.842"/>
</test>
<test id="s1-t7" name="Cenário: POST Cadastrar Produto Sem Adm 403" line="56">
<kw name="Fazer Login Sem Adm e Armazenar Token" library="common">
<kw name="POST Endpoint /login &quot;user_sem_adm&quot;" library="common" sourcename="POST Endpoint /login &quot;${user}&quot;">
<kw name="Importar Json Estatico" library="common">
<var>${json}</var>
<arg>json_login.json</arg>
<kw name="Get File" library="OperatingSystem">
<var>${arquivo}</var>
<arg>${EXECDIR}/support/fixtures/statics/${nome_arquivo}</arg>
<doc>Returns the contents of a specified file.</doc>
<msg timestamp="20220706 14:15:51.843" level="INFO" html="true">Getting file '&lt;a href="file://D:\Coisas\Estudos\Compass\Robot_framework\support\fixtures\statics\json_login.json"&gt;D:\Coisas\Estudos\Compass\Robot_framework\support\fixtures\statics\json_login.json&lt;/a&gt;'.</msg>
<msg timestamp="20220706 14:15:51.844" level="INFO">${arquivo} = {
    "user_valido":{
        "email":"fulano@qa.com",
        "password":"teste"
    },
    "user_invalido":{
        "email":"email_inexistente@qa.com",
        "password":"1234"
    },
    "user_se...</msg>
<status status="PASS" starttime="20220706 14:15:51.843" endtime="20220706 14:15:51.844"/>
</kw>
<kw name="Evaluate" library="BuiltIn">
<var>${data}</var>
<arg>json.loads('''${arquivo}''')</arg>
<arg>json</arg>
<doc>Evaluates the given expression in Python and returns the result.</doc>
<msg timestamp="20220706 14:15:51.844" level="INFO">${data} = {'user_valido': {'email': 'fulano@qa.com', 'password': 'teste'}, 'user_invalido': {'email': 'email_inexistente@qa.com', 'password': '1234'}, 'user_sem_senha': {'email': 'fulano@qa.com', 'password': ''...</msg>
<status status="PASS" starttime="20220706 14:15:51.844" endtime="20220706 14:15:51.844"/>
</kw>
<msg timestamp="20220706 14:15:51.844" level="INFO">${json} = {'user_valido': {'email': 'fulano@qa.com', 'password': 'teste'}, 'user_invalido': {'email': 'email_inexistente@qa.com', 'password': '1234'}, 'user_sem_senha': {'email': 'fulano@qa.com', 'password': ''...</msg>
<status status="PASS" starttime="20220706 14:15:51.843" endtime="20220706 14:15:51.844"/>
</kw>
<kw name="Set Variable" library="BuiltIn">
<var>${payload}</var>
<arg>${json["${user}"]}</arg>
<doc>Returns the given values which can then be assigned to a variables.</doc>
<msg timestamp="20220706 14:15:51.844" level="INFO">${payload} = {'email': 'Sophia_@qa.com', 'password': 'teste'}</msg>
<status status="PASS" starttime="20220706 14:15:51.844" endtime="20220706 14:15:51.844"/>
</kw>
<kw name="POST On Session" library="RequestsLibrary">
<var>${response}</var>
<arg>serverest</arg>
<arg>/login</arg>
<arg>data=&amp;{payload}</arg>
<arg>expected_status=any</arg>
<doc>Sends a POST request on a previously created HTTP Session.</doc>
<msg timestamp="20220706 14:15:51.846" level="INFO">POST Request : url=http://localhost:3000/login 
 path_url=/login 
 headers={'User-Agent': 'python-requests/2.28.0', 'Accept-Encoding': 'gzip, deflate', 'Accept': '*/*', 'Connection': 'keep-alive', 'Content-Length': '37', 'Content-Type': 'application/x-www-form-urlencoded'} 
 body=email=Sophia_%40qa.com&amp;password=teste 
 </msg>
<msg timestamp="20220706 14:15:51.846" level="INFO">POST Response : url=http://localhost:3000/login 
 status=200, reason=OK 
 headers={'Access-Control-Allow-Origin': '*', 'x-dns-prefetch-control': 'off', 'x-frame-options': 'SAMEORIGIN', 'strict-transport-security': 'max-age=15552000; includeSubDomains', 'x-download-options': 'noopen', 'x-content-type-options': 'nosniff', 'x-xss-protection': '1; mode=block', 'x-moesif-transaction-id': 'eb1f1bdf-51dc-4208-8ba6-0a817c81b23e', 'Content-Type': 'application/json; charset=utf-8', 'Content-Length': '267', 'Date': 'Wed, 06 Jul 2022 17:15:51 GMT', 'Connection': 'keep-alive', 'Keep-Alive': 'timeout=5'} 
 body={
    "message": "Login realizado com sucesso",
    "authorization": "Bearer eyJhbGciOiJIUzI1NiIsInR5cCI6IkpXVCJ9.eyJlbWFpbCI6IlNvcGhpYV9AcWEuY29tIiwicGFzc3dvcmQiOiJ0ZXN0ZSIsImlhdCI6MTY1NzEyNzc1MSwiZXhwIjoxNjU3MTI4MzUxfQ.kDazhlmPBTz-5IAbqoyxHdjD8RZZt_QzTyyuckrlTSc"
} 
 </msg>
<msg timestamp="20220706 14:15:51.846" level="INFO">${response} = &lt;Response [200]&gt;</msg>
<status status="PASS" starttime="20220706 14:15:51.845" endtime="20220706 14:15:51.846"/>
</kw>
<kw name="Log To Console" library="BuiltIn">
<arg>Response: ${response.content}</arg>
<doc>Logs the given message to the console.</doc>
<status status="PASS" starttime="20220706 14:15:51.846" endtime="20220706 14:15:51.847"/>
</kw>
<kw name="Set Global Variable" library="BuiltIn">
<arg>${response}</arg>
<doc>Makes a variable available globally in all tests and suites.</doc>
<msg timestamp="20220706 14:15:51.847" level="INFO">${response} = &lt;Response [200]&gt;</msg>
<status status="PASS" starttime="20220706 14:15:51.847" endtime="20220706 14:15:51.847"/>
</kw>
<status status="PASS" starttime="20220706 14:15:51.843" endtime="20220706 14:15:51.847"/>
</kw>
<kw name="Set Variable" library="BuiltIn">
<var>${token_auth}</var>
<arg>${response.json()["authorization"]}</arg>
<doc>Returns the given values which can then be assigned to a variables.</doc>
<msg timestamp="20220706 14:15:51.847" level="INFO">${token_auth} = Bearer eyJhbGciOiJIUzI1NiIsInR5cCI6IkpXVCJ9.eyJlbWFpbCI6IlNvcGhpYV9AcWEuY29tIiwicGFzc3dvcmQiOiJ0ZXN0ZSIsImlhdCI6MTY1NzEyNzc1MSwiZXhwIjoxNjU3MTI4MzUxfQ.kDazhlmPBTz-5IAbqoyxHdjD8RZZt_QzTyyuckrlTSc</msg>
<status status="PASS" starttime="20220706 14:15:51.847" endtime="20220706 14:15:51.847"/>
</kw>
<kw name="Set Global Variable" library="BuiltIn">
<arg>${token_auth}</arg>
<doc>Makes a variable available globally in all tests and suites.</doc>
<msg timestamp="20220706 14:15:51.847" level="INFO">${token_auth} = Bearer eyJhbGciOiJIUzI1NiIsInR5cCI6IkpXVCJ9.eyJlbWFpbCI6IlNvcGhpYV9AcWEuY29tIiwicGFzc3dvcmQiOiJ0ZXN0ZSIsImlhdCI6MTY1NzEyNzc1MSwiZXhwIjoxNjU3MTI4MzUxfQ.kDazhlmPBTz-5IAbqoyxHdjD8RZZt_QzTyyuckrlTSc</msg>
<status status="PASS" starttime="20220706 14:15:51.847" endtime="20220706 14:15:51.847"/>
</kw>
<status status="PASS" starttime="20220706 14:15:51.843" endtime="20220706 14:15:51.847"/>
</kw>
<kw name="Criar Dados para Produto Dinamico Válido" library="dynamics">
<kw name="Text" library="FakerLibrary">
<var>${nome}</var>
<arg>max_nb_chars=15</arg>
<doc>Generate a text string.</doc>
<msg timestamp="20220706 14:15:51.848" level="INFO">${nome} = All late few.</msg>
<status status="PASS" starttime="20220706 14:15:51.848" endtime="20220706 14:15:51.848"/>
</kw>
<kw name="Random Int" library="FakerLibrary">
<var>${preco}</var>
<arg>min=20</arg>
<arg>max=1500</arg>
<doc>Generate a random integer between two integers ``min`` and ``max`` inclusive
while observing the provided ``step`` value.</doc>
<msg timestamp="20220706 14:15:51.848" level="INFO">${preco} = 20</msg>
<status status="PASS" starttime="20220706 14:15:51.848" endtime="20220706 14:15:51.848"/>
</kw>
<kw name="Text" library="FakerLibrary">
<var>${descricao}</var>
<arg>max_nb_chars=60</arg>
<doc>Generate a text string.</doc>
<msg timestamp="20220706 14:15:51.848" level="INFO">${descricao} = Individual second pull third. Return feeling toward.</msg>
<status status="PASS" starttime="20220706 14:15:51.848" endtime="20220706 14:15:51.848"/>
</kw>
<kw name="Random Int" library="FakerLibrary">
<var>${quantidade}</var>
<arg>min=2</arg>
<arg>max=500</arg>
<doc>Generate a random integer between two integers ``min`` and ``max`` inclusive
while observing the provided ``step`` value.</doc>
<msg timestamp="20220706 14:15:51.848" level="INFO">${quantidade} = 459</msg>
<status status="PASS" starttime="20220706 14:15:51.848" endtime="20220706 14:15:51.848"/>
</kw>
<kw name="Create Dictionary" library="BuiltIn">
<var>${payload}</var>
<arg>nome=${nome}</arg>
<arg>preco=${preco}</arg>
<arg>descricao=${descricao}</arg>
<arg>quantidade=${quantidade}</arg>
<doc>Creates and returns a dictionary based on the given ``items``.</doc>
<msg timestamp="20220706 14:15:51.849" level="INFO">${payload} = {'nome': 'All late few.', 'preco': 20, 'descricao': 'Individual second pull third. Return feeling toward.', 'quantidade': 459}</msg>
<status status="PASS" starttime="20220706 14:15:51.849" endtime="20220706 14:15:51.849"/>
</kw>
<kw name="Set Global Variable" library="BuiltIn">
<arg>${payload}</arg>
<doc>Makes a variable available globally in all tests and suites.</doc>
<msg timestamp="20220706 14:15:51.849" level="INFO">${payload} = {'nome': 'All late few.', 'preco': 20, 'descricao': 'Individual second pull third. Return feeling toward.', 'quantidade': 459}</msg>
<status status="PASS" starttime="20220706 14:15:51.849" endtime="20220706 14:15:51.849"/>
</kw>
<status status="PASS" starttime="20220706 14:15:51.848" endtime="20220706 14:15:51.849"/>
</kw>
<kw name="POST Endpoint /produtos" library="produtos_keywords">
<kw name="Create Dictionary" library="BuiltIn">
<var>&amp;{header}</var>
<arg>Authorization=${token_auth}</arg>
<doc>Creates and returns a dictionary based on the given ``items``.</doc>
<msg timestamp="20220706 14:15:51.850" level="INFO">&amp;{header} = { Authorization=Bearer eyJhbGciOiJIUzI1NiIsInR5cCI6IkpXVCJ9.eyJlbWFpbCI6IlNvcGhpYV9AcWEuY29tIiwicGFzc3dvcmQiOiJ0ZXN0ZSIsImlhdCI6MTY1NzEyNzc1MSwiZXhwIjoxNjU3MTI4MzUxfQ.kDazhlmPBTz-5IAbqoyxHdjD8RZZt_QzT...</msg>
[...]
<status status="PASS" starttime="20220706 14:15:52.155" endtime="20220706 14:15:52.155"/>
</kw>
<status status="PASS" starttime="20220706 14:15:52.152" endtime="20220706 14:15:52.155"/>
</kw>
<kw name="Alterar Payload Nome Dinamico" library="produtos_keywords">
<kw name="GET On Session" library="RequestsLibrary">
<var>${response}</var>
<arg>serverest</arg>
<arg>/produtos/${id_produto}</arg>
<arg>expected_status=any</arg>
<doc>Sends a GET request on a previously created HTTP Session.</doc>
<msg timestamp="20220706 14:15:52.157" level="INFO">GET Request : url=http://localhost:3000/produtos/kFWUagTG3KygnR6Z 
 path_url=/produtos/kFWUagTG3KygnR6Z 
 headers={'User-Agent': 'python-requests/2.28.0', 'Accept-Encoding': 'gzip, deflate', 'Accept': '*/*', 'Connection': 'keep-alive'} 
 body=None 
 </msg>
<msg timestamp="20220706 14:15:52.157" level="INFO">GET Response : url=http://localhost:3000/produtos/kFWUagTG3KygnR6Z 
 status=200, reason=OK 
 headers={'Access-Control-Allow-Origin': '*', 'x-dns-prefetch-control': 'off', 'x-frame-options': 'SAMEORIGIN', 'strict-transport-security': 'max-age=15552000; includeSubDomains', 'x-download-options': 'noopen', 'x-content-type-options': 'nosniff', 'x-xss-protection': '1; mode=block', 'x-moesif-transaction-id': '47c1488d-7424-477a-bf71-56e2fca95cb1', 'Content-Type': 'application/json; charset=utf-8', 'Content-Length': '164', 'Date': 'Wed, 06 Jul 2022 17:15:52 GMT', 'Connection': 'keep-alive', 'Keep-Alive': 'timeout=5'} 
 body={
    "nome": "Social within.",
    "preco": 187,
    "descricao": "Drug event positive community language.",
    "quantidade": 158,
    "_id": "kFWUagTG3KygnR6Z"
} 
 </msg>
<msg timestamp="20220706 14:15:52.157" level="INFO">${response} = &lt;Response [200]&gt;</msg>
<status status="PASS" starttime="20220706 14:15:52.156" endtime="20220706 14:15:52.157"/>
</kw>
<kw name="Text" library="FakerLibrary">
<var>${nome}</var>
<arg>max_nb_chars=15</arg>
<doc>Generate a text string.</doc>
<msg timestamp="20220706 14:15:52.158" level="INFO">${nome} = Agency when.</msg>
<status status="PASS" starttime="20220706 14:15:52.157" endtime="20220706 14:15:52.158"/>
</kw>
<kw name="Create Dictionary" library="BuiltIn">
<var>${payload}</var>
<arg>nome=${nome}</arg>
<arg>preco=${response.json()["preco"]}</arg>
<arg>descricao=${response.json()["descricao"]}</arg>
<arg>quantidade=${response.json()["quantidade"]}</arg>
<doc>Creates and returns a dictionary based on the given ``items``.</doc>
<msg timestamp="20220706 14:15:52.159" level="INFO">${payload} = {'nome': 'Agency when.', 'preco': 187, 'descricao': 'Drug event positive community language.', 'quantidade': 158}</msg>
<status status="PASS" starttime="20220706 14:15:52.158" endtime="20220706 14:15:52.159"/>
</kw>
<kw name="Set Global Variable" library="BuiltIn">
<arg>${payload}</arg>
<doc>Makes a variable available globally in all tests and suites.</doc>
<msg timestamp="20220706 14:15:52.159" level="INFO">${payload} = {'nome': 'Agency when.', 'preco': 187, 'descricao': 'Drug event positive community language.', 'quantidade': 158}</msg>
<status status="PASS" starttime="20220706 14:15:52.159" endtime="20220706 14:15:52.159"/>
</kw>
<status status="PASS" starttime="20220706 14:15:52.156" endtime="20220706 14:15:52.159"/>
</kw>
<kw name="PUT Endpoint /produtos" library="produtos_keywords">
<kw name="GET On Session" library="RequestsLibrary">
<var>${response}</var>
<arg>serverest</arg>
<arg>/produtos/${id_produto}</arg>
<arg>expected_status=any</arg>
<doc>Sends a GET request on a previously created HTTP Session.</doc>
<msg timestamp="20220706 14:15:52.160" level="INFO">GET Request : url=http://localhost:3000/produtos/kFWUagTG3KygnR6Z 
 path_url=/produtos/kFWUagTG3KygnR6Z 
 headers={'User-Agent': 'python-requests/2.28.0', 'Accept-Encoding': 'gzip, deflate', 'Accept': '*/*', 'Connection': 'keep-alive'} 
 body=None 
 </msg>
<msg timestamp="20220706 14:15:52.160" level="INFO">GET Response : url=http://localhost:3000/produtos/kFWUagTG3KygnR6Z 
 status=200, reason=OK 
 headers={'Access-Control-Allow-Origin': '*', 'x-dns-prefetch-control': 'off', 'x-frame-options': 'SAMEORIGIN', 'strict-transport-security': 'max-age=15552000; includeSubDomains', 'x-download-options': 'noopen', 'x-content-type-options': 'nosniff', 'x-xss-protection': '1; mode=block', 'x-moesif-transaction-id': '93771c3f-a0d9-4a33-b959-bcf1beb01be2', 'Content-Type': 'application/json; charset=utf-8', 'Content-Length': '164', 'Date': 'Wed, 06 Jul 2022 17:15:52 GMT', 'Connection': 'keep-alive', 'Keep-Alive': 'timeout=5'} 
 body={
    "nome": "Social within.",
    "preco": 187,
    "descricao": "Drug event positive community language.",
    "quantidade": 158,
    "_id": "kFWUagTG3KygnR6Z"
} 
 </msg>
<msg timestamp="20220706 14:15:52.161" level="INFO">${response} = &lt;Response [200]&gt;</msg>
<status status="PASS" starttime="20220706 14:15:52.159" endtime="20220706 14:15:52.161"/>
</kw>
<kw name="Log To Console" library="BuiltIn">
<arg>Antigo Produto: ${response.content}</arg>
<doc>Logs the given message to the console.</doc>
<status status="PASS" starttime="20220706 14:15:52.161" endtime="20220706 14:15:52.161"/>
</kw>
<kw name="Create Dictionary" library="BuiltIn">
<var>&amp;{header}</var>
<arg>Authorization=${token_auth}</arg>
<doc>Creates and returns a dictionary based on the given ``items``.</doc>
<msg timestamp="20220706 14:15:52.161" level="INFO">&amp;{header} = { Authorization=Bearer eyJhbGciOiJIUzI1NiIsInR5cCI6IkpXVCJ9.eyJlbWFpbCI6ImZ1bGFub0BxYS5jb20iLCJwYXNzd29yZCI6InRlc3RlIiwiaWF0IjoxNjU3MTI3NzUyLCJleHAiOjE2NTcxMjgzNTJ9.3qiNWJipjBtyvKQVl0fRjvsgY0Ix010V0GQ...</msg>
<status status="PASS" starttime="20220706 14:15:52.161" endtime="20220706 14:15:52.161"/>
</kw>
<kw name="PUT On Session" library="RequestsLibrary">
<var>${response}</var>
<arg>serverest</arg>
<arg>/produtos/${id_produto}</arg>
<arg>data=&amp;{payload}</arg>
<arg>headers=${header}</arg>
<arg>expected_status=any</arg>
<doc>Sends a PUT request on a previously created HTTP Session.</doc>
<msg timestamp="20220706 14:15:52.163" level="INFO">PUT Request : url=http://localhost:3000/produtos/kFWUagTG3KygnR6Z 
 path_url=/produtos/kFWUagTG3KygnR6Z 
 headers={'User-Agent': 'python-requests/2.28.0', 'Accept-Encoding': 'gzip, deflate', 'Accept': '*/*', 'Connection': 'keep-alive', 'Authorization': 'Bearer eyJhbGciOiJIUzI1NiIsInR5cCI6IkpXVCJ9.eyJlbWFpbCI6ImZ1bGFub0BxYS5jb20iLCJwYXNzd29yZCI6InRlc3RlIiwiaWF0IjoxNjU3MTI3NzUyLCJleHAiOjE2NTcxMjgzNTJ9.3qiNWJipjBtyvKQVl0fRjvsgY0Ix010V0GQoVLf9A3g', 'Content-Length': '92', 'Content-Type': 'application/x-www-form-urlencoded'} 
 body=nome=Agency+when.&amp;preco=187&amp;descricao=Drug+event+positive+community+language.&amp;quantidade=158 
 </msg>
<msg timestamp="20220706 14:15:52.163" level="INFO">PUT Response : url=http://localhost:3000/produtos/kFWUagTG3KygnR6Z 
 status=200, reason=OK 
 headers={'Access-Control-Allow-Origin': '*', 'x-dns-prefetch-control': 'off', 'x-frame-options': 'SAMEORIGIN', 'strict-transport-security': 'max-age=15552000; includeSubDomains', 'x-download-options': 'noopen', 'x-content-type-options': 'nosniff', 'x-xss-protection': '1; mode=block', 'x-moesif-transaction-id': '60c04b21-b5ed-48a2-a0c6-e6d090b9d4b0', 'Content-Type': 'application/json; charset=utf-8', 'Content-Length': '50', 'Date': 'Wed, 06 Jul 2022 17:15:52 GMT', 'Connection': 'keep-alive', 'Keep-Alive': 'timeout=5'} 
 body={
    "message": "Registro alterado com sucesso"
} 
 </msg>
<msg timestamp="20220706 14:15:52.164" level="INFO">${response} = &lt;Response [200]&gt;</msg>
<status status="PASS" starttime="20220706 14:15:52.161" endtime="20220706 14:15:52.164"/>
</kw>
<kw name="Log To Console" library="BuiltIn">
<arg>Novo produto: ${payload}</arg>
<doc>Logs the given message to the console.</doc>
<status status="PASS" starttime="20220706 14:15:52.164" endtime="20220706 14:15:52.164"/>
</kw>
<kw name="Log To Console" library="BuiltIn">
<arg>Response: ${response.content}</arg>
<doc>Logs the given message to the console.</doc>
<status status="PASS" starttime="20220706 14:15:52.164" endtime="20220706 14:15:52.164"/>
</kw>
<kw name="Set Global Variable" library="BuiltIn">
<arg>${response}</arg>
<doc>Makes a variable available globally in all tests and suites.</doc>
<msg timestamp="20220706 14:15:52.164" level="INFO">${response} = &lt;Response [200]&gt;</msg>
<status status="PASS" starttime="20220706 14:15:52.164" endtime="20220706 14:15:52.165"/>
</kw>
<status status="PASS" starttime="20220706 14:15:52.159" endtime="20220706 14:15:52.165"/>
</kw>
<kw name="Validar Status Code &quot;200&quot;" library="common" sourcename="Validar Status Code &quot;${statuscode}&quot;">
<kw name="Should Be True" library="BuiltIn">
<arg>${response.status_code} == ${statuscode}</arg>
<doc>Fails if the given condition is not true.</doc>
<status status="PASS" starttime="20220706 14:15:52.165" endtime="20220706 14:15:52.165"/>
</kw>
<status status="PASS" starttime="20220706 14:15:52.165" endtime="20220706 14:15:52.165"/>
</kw>
<kw name="Validar Se &quot;message&quot; Contem &quot;Registro alterado com sucesso&quot;" library="common" sourcename="Validar Se &quot;${chave}&quot; Contem &quot;${texto}&quot;">
<kw name="Should Contain" library="BuiltIn">
<arg>${response.json()["${chave}"]}</arg>
<arg>${texto}</arg>
<doc>Fails if ``container`` does not contain ``item`` one or more times.</doc>
<status status="PASS" starttime="20220706 14:15:52.166" endtime="20220706 14:15:52.166"/>
</kw>
<status status="PASS" starttime="20220706 14:15:52.166" endtime="20220706 14:15:52.166"/>
</kw>
<tag>PUT</tag>
<tag>PUT_editar_sem_nome</tag>
<status status="PASS" starttime="20220706 14:15:52.146" endtime="20220706 14:15:52.166"/>
</test>
<test id="s1-t26" name="Cenário: DELETE Excluir produto 200" line="225">
<kw name="Fazer Login e Armazenar Token" library="common">
<kw name="POST Endpoint /login &quot;user_valido&quot;" library="common" sourcename="POST Endpoint /login &quot;${user}&quot;">
<kw name="Importar Json Estatico" library="common">
<var>${json}</var>
<arg>json_login.json</arg>
<kw name="Get File" library="OperatingSystem">
<var>${arquivo}</var>
<arg>${EXECDIR}/support/fixtures/statics/${nome_arquivo}</arg>
<doc>Returns the contents of a specified file.</doc>
<msg timestamp="20220706 14:15:52.167" level="INFO" html="true">Getting file '&lt;a href="file://D:\Coisas\Estudos\Compass\Robot_framework\support\fixtures\statics\json_login.json"&gt;D:\Coisas\Estudos\Compass\Robot_framework\support\fixtures\statics\json_login.json&lt;/a&gt;'.</msg>
<msg timestamp="20220706 14:15:52.167" level="INFO">${arquivo} = {
    "user_valido":{
        "email":"fulano@qa.com",
        "password":"teste"
    },
    "user_invalido":{
        "email":"email_inexistente@qa.com",
        "password":"1234"
    },
    "user_se...</msg>
<status status="PASS" starttime="20220706 14:15:52.167" endtime="20220706 14:15:52.167"/>
</kw>
<kw name="Evaluate" library="BuiltIn">
<var>${data}</var>
<arg>json.loads('''${arquivo}''')</arg>
<arg>json</arg>
<doc>Evaluates the given expression in Python and returns the result.</doc>
<msg timestamp="20220706 14:15:52.168" level="INFO">${data} = {'user_valido': {'email': 'fulano@qa.com', 'password': 'teste'}, 'user_invalido': {'email': 'email_inexistente@qa.com', 'password': '1234'}, 'user_sem_senha': {'email': 'fulano@qa.com', 'password': ''...</msg>
<status status="PASS" starttime="20220706 14:15:52.168" endtime="20220706 14:15:52.168"/>
</kw>
<msg timestamp="20220706 14:15:52.168" level="INFO">${json} = {'user_valido': {'email': 'fulano@qa.com', 'password': 'teste'}, 'user_invalido': {'email': 'email_inexistente@qa.com', 'password': '1234'}, 'user_sem_senha': {'email': 'fulano@qa.com', 'password': ''...</msg>
<status status="PASS" starttime="20220706 14:15:52.167" endtime="20220706 14:15:52.168"/>
</kw>
<kw name="Set Variable" library="BuiltIn">
<var>${payload}</var>
<arg>${json["${user}"]}</arg>
<doc>Returns the given values which can then be assigned to a variables.</doc>
<msg timestamp="20220706 14:15:52.168" level="INFO">${payload} = {'email': 'fulano@qa.com', 'password': 'teste'}</msg>
<status status="PASS" starttime="20220706 14:15:52.168" endtime="20220706 14:15:52.168"/>
</kw>
<kw name="POST On Session" library="RequestsLibrary">
<var>${response}</var>
<arg>serverest</arg>
<arg>/login</arg>
<arg>data=&amp;{payload}</arg>
<arg>expected_status=any</arg>
<doc>Sends a POST request on a previously created HTTP Session.</doc>
<msg timestamp="20220706 14:15:52.170" level="INFO">POST Request : url=http://localhost:3000/login 
 path_url=/login 
 headers={'User-Agent': 'python-requests/2.28.0', 'Accept-Encoding': 'gzip, deflate', 'Accept': '*/*', 'Connection': 'keep-alive', 'Content-Length': '36', 'Content-Type': 'application/x-www-form-urlencoded'} 
 body=email=fulano%40qa.com&amp;password=teste 
 </msg>
<msg timestamp="20220706 14:15:52.170" level="INFO">POST Response : url=http://localhost:3000/login 
 status=200, reason=OK 
 headers={'Access-Control-Allow-Origin': '*', 'x-dns-prefetch-control': 'off', 'x-frame-options': 'SAMEORIGIN', 'strict-transport-security': 'max-age=15552000; includeSubDomains', 'x-download-options': 'noopen', 'x-content-type-options': 'nosniff', 'x-xss-protection': '1; mode=block', 'x-moesif-transaction-id': 'f298ece8-bf94-4a1d-b49a-6bf7660a3e4c', 'Content-Type': 'application/json; charset=utf-8', 'Content-Length': '265', 'Date': 'Wed, 06 Jul 2022 17:15:52 GMT', 'Connection': 'keep-alive', 'Keep-Alive': 'timeout=5'} 
 body={
    "message": "Login realizado com sucesso",
    "authorization": "Bearer eyJhbGciOiJIUzI1NiIsInR5cCI6IkpXVCJ9.eyJlbWFpbCI6ImZ1bGFub0BxYS5jb20iLCJwYXNzd29yZCI6InRlc3RlIiwiaWF0IjoxNjU3MTI3NzUyLCJleHAiOjE2NTcxMjgzNTJ9.3qiNWJipjBtyvKQVl0fRjvsgY0Ix010V0GQoVLf9A3g"
} 
 </msg>
<msg timestamp="20220706 14:15:52.170" level="INFO">${response} = &lt;Response [200]&gt;</msg>
<status status="PASS" starttime="20220706 14:15:52.168" endtime="20220706 14:15:52.170"/>
</kw>
<kw name="Log To Console" library="BuiltIn">
<arg>Response: ${response.content}</arg>
<doc>Logs the given message to the console.</doc>
<status status="PASS" starttime="20220706 14:15:52.170" endtime="20220706 14:15:52.170"/>
</kw>
<kw name="Set Global Variable" library="BuiltIn">
<arg>${response}</arg>
<doc>Makes a variable available globally in all tests and suites.</doc>
<msg timestamp="20220706 14:15:52.170" level="INFO">${response} = &lt;Response [200]&gt;</msg>
<status status="PASS" starttime="20220706 14:15:52.170" endtime="20220706 14:15:52.170"/>
</kw>
<status status="PASS" starttime="20220706 14:15:52.167" endtime="20220706 14:15:52.171"/>
</kw>
<kw name="Validar ter Logado" library="common">
<kw name="Should Be Equal" library="BuiltIn">
<arg>${response.json()["message"]}</arg>
<arg>Login realizado com sucesso</arg>
<doc>Fails if the given objects are unequal.</doc>
<status status="PASS" starttime="20220706 14:15:52.171" endtime="20220706 14:15:52.171"/>
</kw>
<kw name="Should Not Be Empty" library="BuiltIn">
<arg>${response.json()["authorization"]}</arg>
<doc>Verifies that the given item is not empty.</doc>
<msg timestamp="20220706 14:15:52.171" level="INFO">Length is 192</msg>
<status status="PASS" starttime="20220706 14:15:52.171" endtime="20220706 14:15:52.171"/>
</kw>
<status status="PASS" starttime="20220706 14:15:52.171" endtime="20220706 14:15:52.171"/>
</kw>
<kw name="Set Variable" library="BuiltIn">
<var>${token_auth}</var>
<arg>${response.json()["authorization"]}</arg>
<doc>Returns the given values which can then be assigned to a variables.</doc>
<msg timestamp="20220706 14:15:52.172" level="INFO">${token_auth} = Bearer eyJhbGciOiJIUzI1NiIsInR5cCI6IkpXVCJ9.eyJlbWFpbCI6ImZ1bGFub0BxYS5jb20iLCJwYXNzd29yZCI6InRlc3RlIiwiaWF0IjoxNjU3MTI3NzUyLCJleHAiOjE2NTcxMjgzNTJ9.3qiNWJipjBtyvKQVl0fRjvsgY0Ix010V0GQoVLf9A3g</msg>
<status status="PASS" starttime="20220706 14:15:52.172" endtime="20220706 14:15:52.172"/>
</kw>
<kw name="Set Global Variable" library="BuiltIn">
<arg>${token_auth}</arg>
<doc>Makes a variable available globally in all tests and suites.</doc>
<msg timestamp="20220706 14:15:52.172" level="INFO">${token_auth} = Bearer eyJhbGciOiJIUzI1NiIsInR5cCI6IkpXVCJ9.eyJlbWFpbCI6ImZ1bGFub0BxYS5jb20iLCJwYXNzd29yZCI6InRlc3RlIiwiaWF0IjoxNjU3MTI3NzUyLCJleHAiOjE2NTcxMjgzNTJ9.3qiNWJipjBtyvKQVl0fRjvsgY0Ix010V0GQoVLf9A3g</msg>
<status status="PASS" starttime="20220706 14:15:52.172" endtime="20220706 14:15:52.172"/>
</kw>
<status status="PASS" starttime="20220706 14:15:52.167" endtime="20220706 14:15:52.172"/>
</kw>
<kw name="DELETE Endpoint /produtos com id &quot;BrpEdApkF8tV0QEo&quot;">
<msg timestamp="20220706 14:15:52.175" level="FAIL">No keyword with name 'DELETE Endpoint /produtos com id "BrpEdApkF8tV0QEo"' found. Did you try using keyword 'RequestsLibrary.DELETE' or 'produtos_keywords.DELETE Endpoint /produtos' and forgot to use enough whitespace between keyword and arguments?</msg>
<status status="FAIL" starttime="20220706 14:15:52.175" endtime="20220706 14:15:52.175"/>
</kw>
<kw name="Validar Status Code &quot;200&quot;" library="common" sourcename="Validar Status Code &quot;${statuscode}&quot;">
<status status="NOT RUN" starttime="20220706 14:15:52.175" endtime="20220706 14:15:52.175"/>
</kw>
<tag>DELETE_produto</tag>
<status status="FAIL" starttime="20220706 14:15:52.167" endtime="20220706 14:15:52.175">No keyword with name 'DELETE Endpoint /produtos com id "BrpEdApkF8tV0QEo"' found. Did you try using keyword 'RequestsLibrary.DELETE' or 'produtos_keywords.DELETE Endpoint /produtos' and forgot to use enough whitespace between keyword and arguments?</status>
</test>
<doc>Arquivo de Testes para o endpoint /produtos</doc>
<status status="FAIL" starttime="20220706 14:15:51.467" endtime="20220706 14:15:52.176"/>
</suite>
<statistics>
<total>
<stat pass="24" fail="2" skip="0">All Tests</stat>
</total>
<tag>
<stat pass="0" fail="1" skip="0">DELETE_produto</stat>
<stat pass="3" fail="0" skip="0">GET</stat>
<stat pass="1" fail="0" skip="0">GET_produto_id</stat>
<stat pass="1" fail="0" skip="0">GET_produto_id_invalido</stat>
<stat pass="1" fail="0" skip="0">GET_produtos</stat>
<stat pass="12" fail="0" skip="0">POST</stat>
<stat pass="1" fail="0" skip="0">POST_cadastrar_dinamico</stat>
<stat pass="1" fail="0" skip="0">POST_cadastrar_preco_invalido</stat>
<stat pass="1" fail="0" skip="0">POST_cadastrar_preco_negativo</stat>
<stat pass="1" fail="0" skip="0">POST_cadastrar_preco_zero</stat>
<stat pass="1" fail="0" skip="0">POST_cadastrar_quantidade_invalida</stat>
<stat pass="1" fail="0" skip="0">POST_cadastrar_quantidade_negativa</stat>
<stat pass="1" fail="0" skip="0">POST_cadastrar_quantidade_zero</stat>
<stat pass="1" fail="0" skip="0">POST_cadastrar_sem_adm</stat>
<stat pass="1" fail="0" skip="0">POST_cadastrar_sem_descricao</stat>
<stat pass="1" fail="0" skip="0">POST_cadastrar_sem_nome</stat>
<stat pass="1" fail="0" skip="0">POST_cadastrar_token_invalido</stat>
<stat pass="1" fail="0" skip="0">POST_produto_ja_existente</stat>
<stat pass="9" fail="1" skip="0">PUT</stat>
<stat pass="1" fail="0" skip="0">PUT_cadastrar_produto</stat>
<stat pass="1" fail="0" skip="0">PUT_editar_descricao</stat>
<stat pass="1" fail="0" skip="0">PUT_editar_nome</stat>
<stat pass="1" fail="0" skip="0">PUT_editar_preco</stat>
<stat pass="1" fail="0" skip="0">PUT_editar_quantidade</stat>
<stat pass="1" fail="0" skip="0">PUT_editar_sem_adm</stat>
<stat pass="1" fail="0" skip="0">PUT_editar_sem_nome</stat>
<stat pass="1" fail="0" skip="0">PUT_editar_token_invalido</stat>
<stat pass="1" fail="0" skip="0">PUT_nome_ja_usado</stat>
<stat pass="0" fail="1" skip="0">PUT_produto</stat>
</tag>
<suite>
<stat pass="24" fail="2" skip="0" id="s1" name="Produtos Tests">Produtos Tests</stat>
</suite>
</statistics>
<errors>
<msg timestamp="20220706 14:15:52.146" level="WARN">Multiple tests with name 'Cenário: PUT Editar Nome 200' executed in suite 'Produtos Tests'.</msg>
</errors>
</robot>
